Fold 0
{'activation': 'ReLU',
 'atom_messages': False,
 'batch_size': 50,
 'bias': False,
 'checkpoint_dir': None,
 'checkpoint_path': None,
 'checkpoint_paths': None,
 'config_path': None,
 'crossval_index_dir': None,
 'crossval_index_file': None,
 'cuda': True,
 'data_path': 'dataset/splitted_csv_files_mpnn_models/nuclear_speckles_tr.csv',
 'dataset_type': 'classification',
 'depth': 3,
 'dropout': 0.0,
 'ensemble_size': 1,
 'epochs': 50,
 'features_generator': None,
 'features_only': False,
 'features_path': None,
 'features_scaling': True,
 'ffn_hidden_size': 300,
 'ffn_num_layers': 2,
 'final_lr': 0.0001,
 'folds_file': None,
 'gpu': None,
 'hidden_size': 300,
 'init_lr': 0.0001,
 'log_frequency': 10,
 'max_data_size': None,
 'max_lr': 0.001,
 'metric': 'cohen_k',
 'minimize_score': False,
 'multiclass_num_classes': 3,
 'no_cache': False,
 'num_folds': 1,
 'num_lrs': 1,
 'quiet': False,
 'save_dir': 'saved_models/nuclear_speckles/fold_0',
 'save_smiles_splits': False,
 'seed': 0,
 'separate_test_features_path': None,
 'separate_test_path': 'dataset/splitted_csv_files_mpnn_models/nuclear_speckles_te.csv',
 'separate_val_features_path': None,
 'separate_val_path': 'dataset/splitted_csv_files_mpnn_models/nuclear_speckles_va.csv',
 'show_individual_scores': False,
 'split_sizes': [0.8, 0.1, 0.1],
 'split_type': 'random',
 'test': False,
 'test_fold_index': None,
 'undirected': False,
 'use_compound_names': False,
 'use_input_features': None,
 'val_fold_index': None,
 'warmup_epochs': 2.0}
Loading data
Number of tasks = 1
Splitting data with seed 0
Class sizes
Label 0: 97.18%, 1: 2.82%
Total size = 157,623 | train size = 157,623 | val size = 33,668 | test size = 33,758
Building model 0
MoleculeModel(
  (sigmoid): Sigmoid()
  (encoder): MPN(
    (encoder): MPNEncoder(
      (dropout_layer): Dropout(p=0.0, inplace=False)
      (act_func): ReLU()
      (W_i): Linear(in_features=147, out_features=300, bias=False)
      (W_h): Linear(in_features=300, out_features=300, bias=False)
      (W_o): Linear(in_features=433, out_features=300, bias=True)
    )
  )
  (ffn): Sequential(
    (0): Dropout(p=0.0, inplace=False)
    (1): Linear(in_features=300, out_features=300, bias=True)
    (2): ReLU()
    (3): Dropout(p=0.0, inplace=False)
    (4): Linear(in_features=300, out_features=1, bias=True)
  )
)
Number of parameters = 354,901
Moving model to cuda
Epoch 0
Loss = 8.0534e-03, PNorm = 33.9324, GNorm = 0.9937, lr_0 = 1.0157e-04
Loss = 2.3845e-03, PNorm = 33.9388, GNorm = 0.4779, lr_0 = 1.0300e-04
Loss = 2.0470e-03, PNorm = 33.9429, GNorm = 0.2015, lr_0 = 1.0443e-04
Loss = 2.4960e-03, PNorm = 33.9435, GNorm = 0.1859, lr_0 = 1.0585e-04
Loss = 2.5063e-03, PNorm = 33.9417, GNorm = 0.3468, lr_0 = 1.0728e-04
Loss = 3.1526e-03, PNorm = 33.9403, GNorm = 0.4616, lr_0 = 1.0871e-04
Loss = 2.8048e-03, PNorm = 33.9401, GNorm = 0.5560, lr_0 = 1.1014e-04
Loss = 2.5567e-03, PNorm = 33.9421, GNorm = 0.2082, lr_0 = 1.1156e-04
Loss = 1.7921e-03, PNorm = 33.9440, GNorm = 0.3346, lr_0 = 1.1299e-04
Loss = 3.4709e-03, PNorm = 33.9439, GNorm = 0.0764, lr_0 = 1.1442e-04
Loss = 2.4242e-03, PNorm = 33.9447, GNorm = 0.2209, lr_0 = 1.1585e-04
Loss = 2.4737e-03, PNorm = 33.9464, GNorm = 0.4657, lr_0 = 1.1727e-04
Loss = 2.3822e-03, PNorm = 33.9495, GNorm = 0.0789, lr_0 = 1.1870e-04
Loss = 1.8943e-03, PNorm = 33.9511, GNorm = 0.0514, lr_0 = 1.2013e-04
Loss = 2.5922e-03, PNorm = 33.9512, GNorm = 0.1533, lr_0 = 1.2156e-04
Loss = 2.4197e-03, PNorm = 33.9529, GNorm = 0.2755, lr_0 = 1.2299e-04
Loss = 2.9347e-03, PNorm = 33.9534, GNorm = 0.3567, lr_0 = 1.2441e-04
Loss = 2.5700e-03, PNorm = 33.9552, GNorm = 0.2696, lr_0 = 1.2584e-04
Loss = 3.0141e-03, PNorm = 33.9578, GNorm = 0.2039, lr_0 = 1.2727e-04
Loss = 1.9341e-03, PNorm = 33.9607, GNorm = 0.1325, lr_0 = 1.2870e-04
Loss = 3.0411e-03, PNorm = 33.9602, GNorm = 0.2442, lr_0 = 1.3012e-04
Loss = 2.0216e-03, PNorm = 33.9607, GNorm = 0.1762, lr_0 = 1.3155e-04
Loss = 2.1611e-03, PNorm = 33.9638, GNorm = 0.1071, lr_0 = 1.3298e-04
Loss = 2.2634e-03, PNorm = 33.9652, GNorm = 0.3488, lr_0 = 1.3441e-04
Loss = 2.4282e-03, PNorm = 33.9675, GNorm = 0.3648, lr_0 = 1.3583e-04
Loss = 3.0942e-03, PNorm = 33.9689, GNorm = 0.3010, lr_0 = 1.3726e-04
Loss = 2.1917e-03, PNorm = 33.9771, GNorm = 0.0474, lr_0 = 1.3869e-04
Loss = 2.9578e-03, PNorm = 33.9768, GNorm = 0.4101, lr_0 = 1.4012e-04
Loss = 2.2157e-03, PNorm = 33.9806, GNorm = 0.1858, lr_0 = 1.4155e-04
Loss = 3.0566e-03, PNorm = 33.9838, GNorm = 0.7812, lr_0 = 1.4297e-04
Loss = 2.4662e-03, PNorm = 33.9860, GNorm = 0.4468, lr_0 = 1.4440e-04
Loss = 1.9192e-03, PNorm = 33.9893, GNorm = 0.2532, lr_0 = 1.4583e-04
Loss = 2.5895e-03, PNorm = 33.9879, GNorm = 0.4027, lr_0 = 1.4726e-04
Loss = 2.0370e-03, PNorm = 33.9922, GNorm = 0.2942, lr_0 = 1.4868e-04
Loss = 2.0017e-03, PNorm = 33.9957, GNorm = 0.0729, lr_0 = 1.5011e-04
Loss = 1.6262e-03, PNorm = 33.9978, GNorm = 0.1079, lr_0 = 1.5154e-04
Loss = 2.2903e-03, PNorm = 33.9979, GNorm = 0.1573, lr_0 = 1.5297e-04
Loss = 1.9453e-03, PNorm = 33.9969, GNorm = 0.1982, lr_0 = 1.5439e-04
Loss = 3.0458e-03, PNorm = 33.9944, GNorm = 0.1133, lr_0 = 1.5582e-04
Loss = 1.7382e-03, PNorm = 33.9996, GNorm = 0.1459, lr_0 = 1.5725e-04
Loss = 3.8431e-03, PNorm = 34.0018, GNorm = 0.4834, lr_0 = 1.5868e-04
Loss = 1.7278e-03, PNorm = 34.0063, GNorm = 0.1886, lr_0 = 1.6010e-04
Loss = 2.8792e-03, PNorm = 34.0106, GNorm = 0.3638, lr_0 = 1.6153e-04
Loss = 1.4211e-03, PNorm = 34.0163, GNorm = 0.2558, lr_0 = 1.6296e-04
Loss = 2.0045e-03, PNorm = 34.0194, GNorm = 0.1567, lr_0 = 1.6439e-04
Loss = 2.0054e-03, PNorm = 34.0157, GNorm = 0.1501, lr_0 = 1.6582e-04
Loss = 2.0817e-03, PNorm = 34.0195, GNorm = 0.3338, lr_0 = 1.6724e-04
Loss = 2.6413e-03, PNorm = 34.0189, GNorm = 0.5122, lr_0 = 1.6867e-04
Loss = 2.5709e-03, PNorm = 34.0234, GNorm = 0.1938, lr_0 = 1.7010e-04
Loss = 2.1483e-03, PNorm = 34.0262, GNorm = 0.2944, lr_0 = 1.7153e-04
Loss = 1.5385e-03, PNorm = 34.0329, GNorm = 0.4094, lr_0 = 1.7295e-04
Loss = 2.3869e-03, PNorm = 34.0306, GNorm = 0.1261, lr_0 = 1.7438e-04
Loss = 3.0839e-03, PNorm = 34.0287, GNorm = 0.5428, lr_0 = 1.7581e-04
Loss = 2.6941e-03, PNorm = 34.0336, GNorm = 0.1191, lr_0 = 1.7724e-04
Loss = 2.0267e-03, PNorm = 34.0406, GNorm = 0.2536, lr_0 = 1.7866e-04
Loss = 1.9361e-03, PNorm = 34.0466, GNorm = 0.6304, lr_0 = 1.8009e-04
Loss = 2.6182e-03, PNorm = 34.0425, GNorm = 0.2145, lr_0 = 1.8152e-04
Loss = 2.6907e-03, PNorm = 34.0488, GNorm = 0.3602, lr_0 = 1.8295e-04
Loss = 2.6380e-03, PNorm = 34.0513, GNorm = 0.4934, lr_0 = 1.8438e-04
Loss = 2.0084e-03, PNorm = 34.0589, GNorm = 0.3238, lr_0 = 1.8580e-04
Loss = 3.4849e-03, PNorm = 34.0588, GNorm = 0.1464, lr_0 = 1.8723e-04
Loss = 2.3962e-03, PNorm = 34.0673, GNorm = 0.2421, lr_0 = 1.8866e-04
Loss = 3.1418e-03, PNorm = 34.0687, GNorm = 0.2862, lr_0 = 1.9009e-04
Loss = 2.2182e-03, PNorm = 34.0740, GNorm = 0.4000, lr_0 = 1.9151e-04
Loss = 2.1097e-03, PNorm = 34.0829, GNorm = 0.4911, lr_0 = 1.9294e-04
Loss = 1.6936e-03, PNorm = 34.0871, GNorm = 0.7368, lr_0 = 1.9437e-04
Loss = 2.9579e-03, PNorm = 34.0812, GNorm = 0.1690, lr_0 = 1.9580e-04
Loss = 2.6242e-03, PNorm = 34.0921, GNorm = 0.1685, lr_0 = 1.9722e-04
Loss = 1.6656e-03, PNorm = 34.1028, GNorm = 0.2122, lr_0 = 1.9865e-04
Loss = 4.0167e-03, PNorm = 34.0919, GNorm = 0.1030, lr_0 = 2.0008e-04
Loss = 2.3089e-03, PNorm = 34.0962, GNorm = 0.2263, lr_0 = 2.0151e-04
Loss = 2.8431e-03, PNorm = 34.1027, GNorm = 0.1075, lr_0 = 2.0293e-04
Loss = 1.7094e-03, PNorm = 34.1086, GNorm = 0.3525, lr_0 = 2.0436e-04
Loss = 2.5579e-03, PNorm = 34.1094, GNorm = 0.2184, lr_0 = 2.0579e-04
Loss = 2.3153e-03, PNorm = 34.1118, GNorm = 0.1222, lr_0 = 2.0722e-04
Loss = 2.0896e-03, PNorm = 34.1183, GNorm = 0.2295, lr_0 = 2.0865e-04
Loss = 2.4078e-03, PNorm = 34.1257, GNorm = 0.2765, lr_0 = 2.1007e-04
Loss = 2.6682e-03, PNorm = 34.1342, GNorm = 0.4883, lr_0 = 2.1150e-04
Loss = 2.5162e-03, PNorm = 34.1348, GNorm = 0.3997, lr_0 = 2.1293e-04
Loss = 2.6835e-03, PNorm = 34.1341, GNorm = 0.4257, lr_0 = 2.1436e-04
Loss = 2.8804e-03, PNorm = 34.1401, GNorm = 0.0920, lr_0 = 2.1578e-04
Loss = 2.6075e-03, PNorm = 34.1433, GNorm = 0.1627, lr_0 = 2.1721e-04
Loss = 2.5283e-03, PNorm = 34.1490, GNorm = 0.0832, lr_0 = 2.1864e-04
Loss = 2.4505e-03, PNorm = 34.1562, GNorm = 0.4167, lr_0 = 2.2007e-04
Loss = 1.8369e-03, PNorm = 34.1644, GNorm = 0.1088, lr_0 = 2.2149e-04
Loss = 2.7092e-03, PNorm = 34.1677, GNorm = 0.0939, lr_0 = 2.2292e-04
Loss = 3.1523e-03, PNorm = 34.1722, GNorm = 0.6051, lr_0 = 2.2435e-04
Loss = 1.8607e-03, PNorm = 34.1963, GNorm = 0.4657, lr_0 = 2.2578e-04
Loss = 1.8461e-03, PNorm = 34.1964, GNorm = 0.3468, lr_0 = 2.2720e-04
Loss = 2.3535e-03, PNorm = 34.1949, GNorm = 0.1130, lr_0 = 2.2863e-04
Loss = 2.3497e-03, PNorm = 34.2075, GNorm = 0.6400, lr_0 = 2.3006e-04
Loss = 2.5394e-03, PNorm = 34.1995, GNorm = 0.1811, lr_0 = 2.3149e-04
Loss = 2.9754e-03, PNorm = 34.2008, GNorm = 0.4134, lr_0 = 2.3292e-04
Loss = 3.1171e-03, PNorm = 34.2082, GNorm = 0.1550, lr_0 = 2.3434e-04
Loss = 1.9254e-03, PNorm = 34.2211, GNorm = 0.2638, lr_0 = 2.3577e-04
Loss = 2.1346e-03, PNorm = 34.2304, GNorm = 0.4483, lr_0 = 2.3720e-04
Loss = 3.6882e-03, PNorm = 34.2273, GNorm = 0.2556, lr_0 = 2.3863e-04
Loss = 2.8293e-03, PNorm = 34.2441, GNorm = 0.2776, lr_0 = 2.4005e-04
Loss = 2.3525e-03, PNorm = 34.2628, GNorm = 0.0800, lr_0 = 2.4148e-04
Loss = 2.3546e-03, PNorm = 34.2692, GNorm = 0.5240, lr_0 = 2.4291e-04
Loss = 3.2100e-03, PNorm = 34.2628, GNorm = 0.4009, lr_0 = 2.4434e-04
Loss = 2.7628e-03, PNorm = 34.2801, GNorm = 0.1395, lr_0 = 2.4576e-04
Loss = 1.4984e-03, PNorm = 34.2904, GNorm = 0.1577, lr_0 = 2.4719e-04
Loss = 1.1599e-03, PNorm = 34.2966, GNorm = 0.1123, lr_0 = 2.4862e-04
Loss = 2.7146e-03, PNorm = 34.2933, GNorm = 0.1390, lr_0 = 2.5005e-04
Loss = 2.0566e-03, PNorm = 34.3068, GNorm = 0.2267, lr_0 = 2.5148e-04
Loss = 2.9205e-03, PNorm = 34.3173, GNorm = 0.1206, lr_0 = 2.5290e-04
Loss = 2.7905e-03, PNorm = 34.3203, GNorm = 0.1153, lr_0 = 2.5433e-04
Loss = 2.5439e-03, PNorm = 34.3331, GNorm = 0.1044, lr_0 = 2.5576e-04
Loss = 2.6211e-03, PNorm = 34.3413, GNorm = 0.1912, lr_0 = 2.5719e-04
Loss = 2.1241e-03, PNorm = 34.3456, GNorm = 0.3777, lr_0 = 2.5861e-04
Loss = 1.8205e-03, PNorm = 34.3476, GNorm = 0.2425, lr_0 = 2.6004e-04
Loss = 2.2476e-03, PNorm = 34.3469, GNorm = 0.2533, lr_0 = 2.6147e-04
Loss = 2.7158e-03, PNorm = 34.3526, GNorm = 0.1826, lr_0 = 2.6290e-04
Loss = 2.7911e-03, PNorm = 34.3641, GNorm = 0.1040, lr_0 = 2.6432e-04
Loss = 2.7514e-03, PNorm = 34.3740, GNorm = 0.4728, lr_0 = 2.6575e-04
Loss = 2.3581e-03, PNorm = 34.3871, GNorm = 0.2734, lr_0 = 2.6718e-04
Loss = 2.5559e-03, PNorm = 34.4008, GNorm = 0.2849, lr_0 = 2.6861e-04
Loss = 2.4472e-03, PNorm = 34.4169, GNorm = 0.7660, lr_0 = 2.7003e-04
Loss = 1.9842e-03, PNorm = 34.4292, GNorm = 0.1068, lr_0 = 2.7146e-04
Loss = 2.2751e-03, PNorm = 34.4292, GNorm = 0.3818, lr_0 = 2.7289e-04
Loss = 2.2189e-03, PNorm = 34.4329, GNorm = 0.2145, lr_0 = 2.7432e-04
Loss = 2.0223e-03, PNorm = 34.4377, GNorm = 0.0864, lr_0 = 2.7575e-04
Loss = 2.5468e-03, PNorm = 34.4398, GNorm = 0.2459, lr_0 = 2.7717e-04
Loss = 2.4294e-03, PNorm = 34.4575, GNorm = 0.6196, lr_0 = 2.7860e-04
Loss = 2.5706e-03, PNorm = 34.4510, GNorm = 0.3663, lr_0 = 2.8003e-04
Loss = 2.2609e-03, PNorm = 34.4652, GNorm = 0.1211, lr_0 = 2.8146e-04
Loss = 2.6530e-03, PNorm = 34.4781, GNorm = 0.8528, lr_0 = 2.8288e-04
Loss = 2.7087e-03, PNorm = 34.4776, GNorm = 0.3609, lr_0 = 2.8431e-04
Loss = 1.9462e-03, PNorm = 34.5008, GNorm = 0.4171, lr_0 = 2.8574e-04
Loss = 3.4799e-03, PNorm = 34.4884, GNorm = 0.4164, lr_0 = 2.8717e-04
Loss = 2.1540e-03, PNorm = 34.5128, GNorm = 0.2934, lr_0 = 2.8859e-04
Loss = 2.8541e-03, PNorm = 34.5275, GNorm = 0.1997, lr_0 = 2.9002e-04
Loss = 2.1042e-03, PNorm = 34.5382, GNorm = 0.1631, lr_0 = 2.9145e-04
Loss = 1.8877e-03, PNorm = 34.5580, GNorm = 0.3821, lr_0 = 2.9288e-04
Loss = 1.8884e-03, PNorm = 34.5593, GNorm = 0.3456, lr_0 = 2.9431e-04
Loss = 2.2769e-03, PNorm = 34.5661, GNorm = 0.2496, lr_0 = 2.9573e-04
Loss = 3.1674e-03, PNorm = 34.5606, GNorm = 0.1142, lr_0 = 2.9716e-04
Loss = 3.0265e-03, PNorm = 34.5641, GNorm = 0.3560, lr_0 = 2.9859e-04
Loss = 2.5996e-03, PNorm = 34.5829, GNorm = 0.2830, lr_0 = 3.0002e-04
Loss = 2.5271e-03, PNorm = 34.5969, GNorm = 0.1685, lr_0 = 3.0144e-04
Loss = 2.3332e-03, PNorm = 34.6052, GNorm = 0.3213, lr_0 = 3.0287e-04
Loss = 2.4208e-03, PNorm = 34.6127, GNorm = 0.2228, lr_0 = 3.0430e-04
Loss = 2.2666e-03, PNorm = 34.6223, GNorm = 0.0921, lr_0 = 3.0573e-04
Loss = 1.6832e-03, PNorm = 34.6374, GNorm = 0.2288, lr_0 = 3.0715e-04
Loss = 1.8925e-03, PNorm = 34.6421, GNorm = 0.2871, lr_0 = 3.0858e-04
Loss = 2.1438e-03, PNorm = 34.6447, GNorm = 0.2511, lr_0 = 3.1001e-04
Loss = 2.0252e-03, PNorm = 34.6608, GNorm = 0.4853, lr_0 = 3.1144e-04
Loss = 1.7496e-03, PNorm = 34.6654, GNorm = 0.1032, lr_0 = 3.1286e-04
Loss = 2.5697e-03, PNorm = 34.6801, GNorm = 0.1709, lr_0 = 3.1429e-04
Loss = 2.9173e-03, PNorm = 34.6821, GNorm = 0.3127, lr_0 = 3.1572e-04
Loss = 2.5572e-03, PNorm = 34.7068, GNorm = 0.5013, lr_0 = 3.1715e-04
Loss = 2.2158e-03, PNorm = 34.7072, GNorm = 0.0788, lr_0 = 3.1858e-04
Loss = 2.4196e-03, PNorm = 34.7119, GNorm = 0.1081, lr_0 = 3.2000e-04
Loss = 2.5411e-03, PNorm = 34.7207, GNorm = 0.1068, lr_0 = 3.2143e-04
Loss = 1.9912e-03, PNorm = 34.7343, GNorm = 0.0647, lr_0 = 3.2286e-04
Loss = 1.8145e-03, PNorm = 34.7472, GNorm = 0.2231, lr_0 = 3.2429e-04
Loss = 2.3067e-03, PNorm = 34.7556, GNorm = 0.1182, lr_0 = 3.2571e-04
Loss = 3.3915e-03, PNorm = 34.7532, GNorm = 0.3506, lr_0 = 3.2714e-04
Loss = 1.9405e-03, PNorm = 34.7859, GNorm = 0.2109, lr_0 = 3.2857e-04
Loss = 2.4886e-03, PNorm = 34.7979, GNorm = 0.1397, lr_0 = 3.3000e-04
Loss = 1.7705e-03, PNorm = 34.8246, GNorm = 0.2064, lr_0 = 3.3142e-04
Loss = 2.7922e-03, PNorm = 34.8287, GNorm = 0.1141, lr_0 = 3.3285e-04
Loss = 2.9880e-03, PNorm = 34.8342, GNorm = 0.2299, lr_0 = 3.3428e-04
Loss = 1.9574e-03, PNorm = 34.8714, GNorm = 0.5791, lr_0 = 3.3571e-04
Loss = 3.0245e-03, PNorm = 34.8674, GNorm = 0.3517, lr_0 = 3.3714e-04
Loss = 2.0362e-03, PNorm = 34.8893, GNorm = 0.2815, lr_0 = 3.3856e-04
Loss = 2.7997e-03, PNorm = 34.9005, GNorm = 0.1343, lr_0 = 3.3999e-04
Loss = 2.3913e-03, PNorm = 34.9044, GNorm = 0.3409, lr_0 = 3.4142e-04
Loss = 2.2891e-03, PNorm = 34.9298, GNorm = 0.0681, lr_0 = 3.4285e-04
Loss = 1.7981e-03, PNorm = 34.9547, GNorm = 0.0901, lr_0 = 3.4427e-04
Loss = 2.3558e-03, PNorm = 34.9695, GNorm = 0.1396, lr_0 = 3.4570e-04
Loss = 2.8962e-03, PNorm = 34.9708, GNorm = 0.4021, lr_0 = 3.4713e-04
Loss = 2.9158e-03, PNorm = 34.9924, GNorm = 0.1879, lr_0 = 3.4856e-04
Loss = 2.5824e-03, PNorm = 35.0075, GNorm = 0.3541, lr_0 = 3.4998e-04
Loss = 2.6759e-03, PNorm = 35.0070, GNorm = 0.0910, lr_0 = 3.5141e-04
Loss = 2.0612e-03, PNorm = 35.0302, GNorm = 0.0646, lr_0 = 3.5284e-04
Loss = 3.0213e-03, PNorm = 35.0372, GNorm = 0.2371, lr_0 = 3.5427e-04
Loss = 2.2320e-03, PNorm = 35.0648, GNorm = 0.1049, lr_0 = 3.5569e-04
Loss = 2.2602e-03, PNorm = 35.0677, GNorm = 0.2182, lr_0 = 3.5712e-04
Loss = 2.6549e-03, PNorm = 35.0531, GNorm = 0.2810, lr_0 = 3.5855e-04
Loss = 1.9775e-03, PNorm = 35.0707, GNorm = 0.1265, lr_0 = 3.5998e-04
Loss = 2.5726e-03, PNorm = 35.0663, GNorm = 0.1434, lr_0 = 3.6141e-04
Loss = 2.5219e-03, PNorm = 35.0787, GNorm = 0.1415, lr_0 = 3.6283e-04
Loss = 2.4575e-03, PNorm = 35.1106, GNorm = 0.1158, lr_0 = 3.6426e-04
Loss = 2.5828e-03, PNorm = 35.1391, GNorm = 0.1682, lr_0 = 3.6569e-04
Loss = 2.3901e-03, PNorm = 35.1735, GNorm = 0.2806, lr_0 = 3.6712e-04
Loss = 3.6517e-03, PNorm = 35.1725, GNorm = 0.2861, lr_0 = 3.6854e-04
Loss = 1.8419e-03, PNorm = 35.2194, GNorm = 0.1761, lr_0 = 3.6997e-04
Loss = 3.1491e-03, PNorm = 35.2130, GNorm = 0.3384, lr_0 = 3.7140e-04
Loss = 2.1307e-03, PNorm = 35.2442, GNorm = 0.1383, lr_0 = 3.7283e-04
Loss = 1.7789e-03, PNorm = 35.2707, GNorm = 0.1196, lr_0 = 3.7425e-04
Loss = 3.1711e-03, PNorm = 35.2571, GNorm = 0.2111, lr_0 = 3.7568e-04
Loss = 2.4346e-03, PNorm = 35.2736, GNorm = 0.1650, lr_0 = 3.7711e-04
Loss = 2.1520e-03, PNorm = 35.3025, GNorm = 0.1533, lr_0 = 3.7854e-04
Loss = 2.0848e-03, PNorm = 35.3066, GNorm = 0.0962, lr_0 = 3.7997e-04
Loss = 2.0826e-03, PNorm = 35.3085, GNorm = 0.2959, lr_0 = 3.8139e-04
Loss = 2.3777e-03, PNorm = 35.3062, GNorm = 0.1758, lr_0 = 3.8282e-04
Loss = 2.5413e-03, PNorm = 35.3234, GNorm = 0.2806, lr_0 = 3.8425e-04
Loss = 2.7297e-03, PNorm = 35.3420, GNorm = 0.2867, lr_0 = 3.8568e-04
Loss = 2.6359e-03, PNorm = 35.3651, GNorm = 0.1496, lr_0 = 3.8710e-04
Loss = 1.9679e-03, PNorm = 35.4013, GNorm = 0.2669, lr_0 = 3.8853e-04
Loss = 2.4315e-03, PNorm = 35.3951, GNorm = 0.2894, lr_0 = 3.8996e-04
Loss = 1.9359e-03, PNorm = 35.4173, GNorm = 0.2233, lr_0 = 3.9139e-04
Loss = 2.0574e-03, PNorm = 35.4370, GNorm = 0.1425, lr_0 = 3.9281e-04
Loss = 1.6891e-03, PNorm = 35.4504, GNorm = 0.1923, lr_0 = 3.9424e-04
Loss = 2.4791e-03, PNorm = 35.4630, GNorm = 0.5656, lr_0 = 3.9567e-04
Loss = 1.5703e-03, PNorm = 35.4777, GNorm = 0.1729, lr_0 = 3.9710e-04
Loss = 3.4164e-03, PNorm = 35.4764, GNorm = 0.1825, lr_0 = 3.9852e-04
Loss = 2.8831e-03, PNorm = 35.4938, GNorm = 0.2982, lr_0 = 3.9995e-04
Loss = 2.7868e-03, PNorm = 35.5126, GNorm = 0.2198, lr_0 = 4.0138e-04
Loss = 2.0657e-03, PNorm = 35.5321, GNorm = 1.0248, lr_0 = 4.0281e-04
Loss = 2.5346e-03, PNorm = 35.5430, GNorm = 0.2492, lr_0 = 4.0424e-04
Loss = 2.4723e-03, PNorm = 35.5661, GNorm = 0.1788, lr_0 = 4.0566e-04
Loss = 3.2988e-03, PNorm = 35.5576, GNorm = 0.1241, lr_0 = 4.0709e-04
Loss = 1.7781e-03, PNorm = 35.5927, GNorm = 0.0891, lr_0 = 4.0852e-04
Loss = 1.9143e-03, PNorm = 35.6146, GNorm = 0.2549, lr_0 = 4.0995e-04
Loss = 2.3452e-03, PNorm = 35.6036, GNorm = 0.1499, lr_0 = 4.1137e-04
Loss = 2.8042e-03, PNorm = 35.6024, GNorm = 0.2097, lr_0 = 4.1280e-04
Loss = 2.3378e-03, PNorm = 35.6342, GNorm = 0.1134, lr_0 = 4.1423e-04
Loss = 2.4921e-03, PNorm = 35.6554, GNorm = 0.2040, lr_0 = 4.1566e-04
Loss = 2.8518e-03, PNorm = 35.6699, GNorm = 0.2446, lr_0 = 4.1708e-04
Loss = 2.0650e-03, PNorm = 35.6888, GNorm = 0.2569, lr_0 = 4.1851e-04
Loss = 2.9322e-03, PNorm = 35.7103, GNorm = 0.4090, lr_0 = 4.1994e-04
Loss = 2.2402e-03, PNorm = 35.6992, GNorm = 0.2858, lr_0 = 4.2137e-04
Loss = 1.3164e-03, PNorm = 35.7370, GNorm = 0.1808, lr_0 = 4.2280e-04
Loss = 2.7934e-03, PNorm = 35.7337, GNorm = 0.1248, lr_0 = 4.2422e-04
Loss = 2.7035e-03, PNorm = 35.7382, GNorm = 0.1778, lr_0 = 4.2565e-04
Loss = 1.6785e-03, PNorm = 35.7831, GNorm = 0.1474, lr_0 = 4.2708e-04
Loss = 2.0228e-03, PNorm = 35.7987, GNorm = 0.1404, lr_0 = 4.2851e-04
Loss = 7.8885e-04, PNorm = 35.8187, GNorm = 0.1119, lr_0 = 4.2993e-04
Loss = 2.4750e-03, PNorm = 35.8175, GNorm = 0.1919, lr_0 = 4.3136e-04
Loss = 2.6008e-03, PNorm = 35.8249, GNorm = 0.1559, lr_0 = 4.3279e-04
Loss = 2.1165e-03, PNorm = 35.8579, GNorm = 0.1219, lr_0 = 4.3422e-04
Loss = 1.7587e-03, PNorm = 35.8777, GNorm = 0.1307, lr_0 = 4.3564e-04
Loss = 2.1020e-03, PNorm = 35.8785, GNorm = 0.2152, lr_0 = 4.3707e-04
Loss = 2.0361e-03, PNorm = 35.8848, GNorm = 0.1301, lr_0 = 4.3850e-04
Loss = 2.5154e-03, PNorm = 35.8753, GNorm = 0.2325, lr_0 = 4.3993e-04
Loss = 2.2564e-03, PNorm = 35.8897, GNorm = 0.2378, lr_0 = 4.4135e-04
Loss = 1.7560e-03, PNorm = 35.8926, GNorm = 0.0831, lr_0 = 4.4278e-04
Loss = 2.3782e-03, PNorm = 35.9115, GNorm = 0.1098, lr_0 = 4.4421e-04
Loss = 2.3738e-03, PNorm = 35.9358, GNorm = 0.1615, lr_0 = 4.4564e-04
Loss = 2.5424e-03, PNorm = 35.9661, GNorm = 0.1977, lr_0 = 4.4707e-04
Loss = 1.7868e-03, PNorm = 36.0082, GNorm = 0.2031, lr_0 = 4.4849e-04
Loss = 2.4569e-03, PNorm = 36.0177, GNorm = 0.2135, lr_0 = 4.4992e-04
Loss = 1.6309e-03, PNorm = 36.0466, GNorm = 0.1847, lr_0 = 4.5135e-04
Loss = 1.7663e-03, PNorm = 36.0676, GNorm = 0.1145, lr_0 = 4.5278e-04
Loss = 2.2332e-03, PNorm = 36.0684, GNorm = 0.4037, lr_0 = 4.5420e-04
Loss = 1.9244e-03, PNorm = 36.0886, GNorm = 0.1956, lr_0 = 4.5563e-04
Loss = 2.3259e-03, PNorm = 36.1113, GNorm = 0.1170, lr_0 = 4.5706e-04
Loss = 2.4746e-03, PNorm = 36.0916, GNorm = 0.2882, lr_0 = 4.5849e-04
Loss = 2.5194e-03, PNorm = 36.1178, GNorm = 0.2003, lr_0 = 4.5991e-04
Loss = 2.3988e-03, PNorm = 36.1279, GNorm = 0.1684, lr_0 = 4.6134e-04
Loss = 2.4936e-03, PNorm = 36.1355, GNorm = 0.2852, lr_0 = 4.6277e-04
Loss = 1.9762e-03, PNorm = 36.1567, GNorm = 0.1718, lr_0 = 4.6420e-04
Loss = 2.1146e-03, PNorm = 36.1613, GNorm = 0.2506, lr_0 = 4.6563e-04
