Fold 0
{'activation': 'ReLU',
 'atom_messages': False,
 'batch_size': 50,
 'bias': False,
 'checkpoint_dir': None,
 'checkpoint_path': None,
 'checkpoint_paths': None,
 'config_path': None,
 'crossval_index_dir': None,
 'crossval_index_file': None,
 'cuda': True,
 'data_path': 'dataset/splitted_csv_files_mpnn_models/golgi_apparatus_tr.csv',
 'dataset_type': 'classification',
 'depth': 3,
 'dropout': 0.0,
 'ensemble_size': 1,
 'epochs': 50,
 'features_generator': None,
 'features_only': False,
 'features_path': None,
 'features_scaling': True,
 'ffn_hidden_size': 300,
 'ffn_num_layers': 2,
 'final_lr': 0.0001,
 'folds_file': None,
 'gpu': None,
 'hidden_size': 300,
 'init_lr': 0.0001,
 'log_frequency': 10,
 'max_data_size': None,
 'max_lr': 0.001,
 'metric': 'cohen_k',
 'minimize_score': False,
 'multiclass_num_classes': 3,
 'no_cache': False,
 'num_folds': 1,
 'num_lrs': 1,
 'quiet': False,
 'save_dir': 'saved_models/golgi_apparatus/fold_0',
 'save_smiles_splits': False,
 'seed': 0,
 'separate_test_features_path': None,
 'separate_test_path': 'dataset/splitted_csv_files_mpnn_models/golgi_apparatus_te.csv',
 'separate_val_features_path': None,
 'separate_val_path': 'dataset/splitted_csv_files_mpnn_models/golgi_apparatus_va.csv',
 'show_individual_scores': False,
 'split_sizes': [0.8, 0.1, 0.1],
 'split_type': 'random',
 'test': False,
 'test_fold_index': None,
 'undirected': False,
 'use_compound_names': False,
 'use_input_features': None,
 'val_fold_index': None,
 'warmup_epochs': 2.0}
Loading data
Number of tasks = 1
Splitting data with seed 0
Class sizes
Label 0: 92.48%, 1: 7.52%
Total size = 157,623 | train size = 157,623 | val size = 33,668 | test size = 33,758
Building model 0
MoleculeModel(
  (sigmoid): Sigmoid()
  (encoder): MPN(
    (encoder): MPNEncoder(
      (dropout_layer): Dropout(p=0.0, inplace=False)
      (act_func): ReLU()
      (W_i): Linear(in_features=147, out_features=300, bias=False)
      (W_h): Linear(in_features=300, out_features=300, bias=False)
      (W_o): Linear(in_features=433, out_features=300, bias=True)
    )
  )
  (ffn): Sequential(
    (0): Dropout(p=0.0, inplace=False)
    (1): Linear(in_features=300, out_features=300, bias=True)
    (2): ReLU()
    (3): Dropout(p=0.0, inplace=False)
    (4): Linear(in_features=300, out_features=1, bias=True)
  )
)
Number of parameters = 354,901
Moving model to cuda
Epoch 0
Loss = 9.5789e-03, PNorm = 33.9503, GNorm = 0.5131, lr_0 = 1.0157e-04
Loss = 6.6928e-03, PNorm = 33.9528, GNorm = 0.4598, lr_0 = 1.0300e-04
Loss = 4.9645e-03, PNorm = 33.9534, GNorm = 0.1153, lr_0 = 1.0443e-04
Loss = 5.8069e-03, PNorm = 33.9528, GNorm = 0.3365, lr_0 = 1.0585e-04
Loss = 5.0936e-03, PNorm = 33.9538, GNorm = 0.1892, lr_0 = 1.0728e-04
Loss = 6.3484e-03, PNorm = 33.9534, GNorm = 1.0104, lr_0 = 1.0871e-04
Loss = 5.6977e-03, PNorm = 33.9532, GNorm = 0.5519, lr_0 = 1.1014e-04
Loss = 4.8658e-03, PNorm = 33.9550, GNorm = 0.5126, lr_0 = 1.1156e-04
Loss = 5.2179e-03, PNorm = 33.9556, GNorm = 0.4160, lr_0 = 1.1299e-04
Loss = 3.9501e-03, PNorm = 33.9561, GNorm = 0.5176, lr_0 = 1.1442e-04
Loss = 4.8582e-03, PNorm = 33.9564, GNorm = 0.4478, lr_0 = 1.1585e-04
Loss = 5.6543e-03, PNorm = 33.9561, GNorm = 1.1288, lr_0 = 1.1727e-04
Loss = 6.0733e-03, PNorm = 33.9555, GNorm = 0.1696, lr_0 = 1.1870e-04
Loss = 4.4308e-03, PNorm = 33.9586, GNorm = 0.5941, lr_0 = 1.2013e-04
Loss = 4.7157e-03, PNorm = 33.9594, GNorm = 0.1249, lr_0 = 1.2156e-04
Loss = 4.7347e-03, PNorm = 33.9593, GNorm = 0.5539, lr_0 = 1.2299e-04
Loss = 4.2489e-03, PNorm = 33.9606, GNorm = 0.1983, lr_0 = 1.2441e-04
Loss = 6.7661e-03, PNorm = 33.9593, GNorm = 0.8168, lr_0 = 1.2584e-04
Loss = 5.6653e-03, PNorm = 33.9605, GNorm = 0.2727, lr_0 = 1.2727e-04
Loss = 5.2337e-03, PNorm = 33.9646, GNorm = 1.0069, lr_0 = 1.2870e-04
Loss = 5.2769e-03, PNorm = 33.9645, GNorm = 0.2416, lr_0 = 1.3012e-04
Loss = 5.4852e-03, PNorm = 33.9652, GNorm = 0.4162, lr_0 = 1.3155e-04
Loss = 5.0173e-03, PNorm = 33.9678, GNorm = 0.4528, lr_0 = 1.3298e-04
Loss = 5.4607e-03, PNorm = 33.9701, GNorm = 0.5973, lr_0 = 1.3441e-04
Loss = 5.6514e-03, PNorm = 33.9699, GNorm = 0.1650, lr_0 = 1.3583e-04
Loss = 5.0818e-03, PNorm = 33.9728, GNorm = 0.1871, lr_0 = 1.3726e-04
Loss = 5.1142e-03, PNorm = 33.9746, GNorm = 0.3090, lr_0 = 1.3869e-04
Loss = 5.0067e-03, PNorm = 33.9759, GNorm = 0.1577, lr_0 = 1.4012e-04
Loss = 4.5766e-03, PNorm = 33.9785, GNorm = 0.2489, lr_0 = 1.4155e-04
Loss = 5.3660e-03, PNorm = 33.9789, GNorm = 0.1349, lr_0 = 1.4297e-04
Loss = 5.4147e-03, PNorm = 33.9821, GNorm = 0.2693, lr_0 = 1.4440e-04
Loss = 4.9218e-03, PNorm = 33.9855, GNorm = 0.6550, lr_0 = 1.4583e-04
Loss = 5.2064e-03, PNorm = 33.9872, GNorm = 0.5723, lr_0 = 1.4726e-04
Loss = 5.4192e-03, PNorm = 33.9915, GNorm = 0.6742, lr_0 = 1.4868e-04
Loss = 5.2542e-03, PNorm = 33.9934, GNorm = 0.2174, lr_0 = 1.5011e-04
Loss = 4.8597e-03, PNorm = 33.9996, GNorm = 0.3952, lr_0 = 1.5154e-04
Loss = 6.3388e-03, PNorm = 33.9975, GNorm = 0.0907, lr_0 = 1.5297e-04
Loss = 5.4474e-03, PNorm = 34.0026, GNorm = 0.6532, lr_0 = 1.5439e-04
Loss = 4.8136e-03, PNorm = 34.0055, GNorm = 0.5193, lr_0 = 1.5582e-04
Loss = 5.9173e-03, PNorm = 34.0054, GNorm = 0.7580, lr_0 = 1.5725e-04
Loss = 5.1098e-03, PNorm = 34.0092, GNorm = 0.4542, lr_0 = 1.5868e-04
Loss = 4.7871e-03, PNorm = 34.0137, GNorm = 0.3590, lr_0 = 1.6010e-04
Loss = 5.5146e-03, PNorm = 34.0135, GNorm = 0.4110, lr_0 = 1.6153e-04
Loss = 6.7218e-03, PNorm = 34.0168, GNorm = 0.3804, lr_0 = 1.6296e-04
Loss = 5.4306e-03, PNorm = 34.0247, GNorm = 0.1032, lr_0 = 1.6439e-04
Loss = 6.0134e-03, PNorm = 34.0278, GNorm = 1.1228, lr_0 = 1.6582e-04
Loss = 5.4167e-03, PNorm = 34.0309, GNorm = 0.4759, lr_0 = 1.6724e-04
Loss = 4.6934e-03, PNorm = 34.0385, GNorm = 0.3936, lr_0 = 1.6867e-04
Loss = 4.8030e-03, PNorm = 34.0374, GNorm = 0.3482, lr_0 = 1.7010e-04
Loss = 5.7144e-03, PNorm = 34.0405, GNorm = 0.2044, lr_0 = 1.7153e-04
Loss = 4.6853e-03, PNorm = 34.0442, GNorm = 0.6336, lr_0 = 1.7295e-04
Loss = 4.5855e-03, PNorm = 34.0483, GNorm = 0.2419, lr_0 = 1.7438e-04
Loss = 5.0305e-03, PNorm = 34.0522, GNorm = 0.2345, lr_0 = 1.7581e-04
Loss = 5.0094e-03, PNorm = 34.0571, GNorm = 0.2380, lr_0 = 1.7724e-04
Loss = 6.2839e-03, PNorm = 34.0600, GNorm = 1.0808, lr_0 = 1.7866e-04
Loss = 4.6265e-03, PNorm = 34.0737, GNorm = 1.7943, lr_0 = 1.8009e-04
Loss = 4.8149e-03, PNorm = 34.0723, GNorm = 0.3252, lr_0 = 1.8152e-04
Loss = 4.4078e-03, PNorm = 34.0803, GNorm = 0.0972, lr_0 = 1.8295e-04
Loss = 5.3435e-03, PNorm = 34.0809, GNorm = 0.1801, lr_0 = 1.8438e-04
Loss = 4.6883e-03, PNorm = 34.0871, GNorm = 0.2848, lr_0 = 1.8580e-04
Loss = 5.5905e-03, PNorm = 34.0912, GNorm = 0.3707, lr_0 = 1.8723e-04
Loss = 4.2730e-03, PNorm = 34.1007, GNorm = 1.0373, lr_0 = 1.8866e-04
Loss = 5.8180e-03, PNorm = 34.0990, GNorm = 0.2592, lr_0 = 1.9009e-04
Loss = 5.8819e-03, PNorm = 34.1049, GNorm = 0.2728, lr_0 = 1.9151e-04
Loss = 4.8126e-03, PNorm = 34.1136, GNorm = 0.1563, lr_0 = 1.9294e-04
Loss = 5.8476e-03, PNorm = 34.1138, GNorm = 0.7834, lr_0 = 1.9437e-04
Loss = 5.2476e-03, PNorm = 34.1202, GNorm = 0.4327, lr_0 = 1.9580e-04
Loss = 4.4698e-03, PNorm = 34.1285, GNorm = 0.3132, lr_0 = 1.9722e-04
Loss = 4.7196e-03, PNorm = 34.1296, GNorm = 0.8488, lr_0 = 1.9865e-04
Loss = 4.0428e-03, PNorm = 34.1365, GNorm = 0.4634, lr_0 = 2.0008e-04
Loss = 5.2662e-03, PNorm = 34.1386, GNorm = 0.4498, lr_0 = 2.0151e-04
Loss = 4.6393e-03, PNorm = 34.1427, GNorm = 0.4064, lr_0 = 2.0293e-04
Loss = 5.8752e-03, PNorm = 34.1474, GNorm = 0.1285, lr_0 = 2.0436e-04
Loss = 4.9679e-03, PNorm = 34.1597, GNorm = 1.3088, lr_0 = 2.0579e-04
Loss = 4.6516e-03, PNorm = 34.1650, GNorm = 0.5228, lr_0 = 2.0722e-04
Loss = 4.8932e-03, PNorm = 34.1733, GNorm = 0.2133, lr_0 = 2.0865e-04
Loss = 6.0652e-03, PNorm = 34.1786, GNorm = 0.4624, lr_0 = 2.1007e-04
Loss = 4.2939e-03, PNorm = 34.1913, GNorm = 0.4362, lr_0 = 2.1150e-04
Loss = 5.1892e-03, PNorm = 34.1940, GNorm = 0.3344, lr_0 = 2.1293e-04
Loss = 5.3413e-03, PNorm = 34.2005, GNorm = 0.1959, lr_0 = 2.1436e-04
Loss = 5.7662e-03, PNorm = 34.2035, GNorm = 0.2970, lr_0 = 2.1578e-04
Loss = 5.4604e-03, PNorm = 34.2127, GNorm = 1.0063, lr_0 = 2.1721e-04
Loss = 5.4513e-03, PNorm = 34.2189, GNorm = 0.8617, lr_0 = 2.1864e-04
Loss = 4.0834e-03, PNorm = 34.2288, GNorm = 0.1784, lr_0 = 2.2007e-04
Loss = 4.2240e-03, PNorm = 34.2370, GNorm = 0.0992, lr_0 = 2.2149e-04
Loss = 5.8800e-03, PNorm = 34.2421, GNorm = 0.1490, lr_0 = 2.2292e-04
Loss = 4.9186e-03, PNorm = 34.2574, GNorm = 0.2011, lr_0 = 2.2435e-04
Loss = 6.0143e-03, PNorm = 34.2651, GNorm = 0.3160, lr_0 = 2.2578e-04
Loss = 5.6761e-03, PNorm = 34.2720, GNorm = 0.9810, lr_0 = 2.2720e-04
Loss = 4.4779e-03, PNorm = 34.2910, GNorm = 0.1766, lr_0 = 2.2863e-04
Loss = 5.6485e-03, PNorm = 34.2925, GNorm = 0.5882, lr_0 = 2.3006e-04
Loss = 5.2233e-03, PNorm = 34.3055, GNorm = 0.6691, lr_0 = 2.3149e-04
Loss = 4.4994e-03, PNorm = 34.3216, GNorm = 0.2703, lr_0 = 2.3292e-04
Loss = 5.1705e-03, PNorm = 34.3253, GNorm = 0.1350, lr_0 = 2.3434e-04
Loss = 5.2922e-03, PNorm = 34.3403, GNorm = 0.3239, lr_0 = 2.3577e-04
Loss = 4.9571e-03, PNorm = 34.3544, GNorm = 0.1315, lr_0 = 2.3720e-04
Loss = 5.2481e-03, PNorm = 34.3613, GNorm = 0.1665, lr_0 = 2.3863e-04
Loss = 4.5665e-03, PNorm = 34.3769, GNorm = 0.1945, lr_0 = 2.4005e-04
Loss = 6.1526e-03, PNorm = 34.3839, GNorm = 0.3390, lr_0 = 2.4148e-04
Loss = 5.4860e-03, PNorm = 34.4022, GNorm = 0.4608, lr_0 = 2.4291e-04
Loss = 4.9803e-03, PNorm = 34.4200, GNorm = 0.1348, lr_0 = 2.4434e-04
Loss = 4.9717e-03, PNorm = 34.4300, GNorm = 0.2209, lr_0 = 2.4576e-04
Loss = 3.9562e-03, PNorm = 34.4463, GNorm = 0.2272, lr_0 = 2.4719e-04
Loss = 5.3238e-03, PNorm = 34.4537, GNorm = 0.4152, lr_0 = 2.4862e-04
Loss = 5.5625e-03, PNorm = 34.4651, GNorm = 0.1433, lr_0 = 2.5005e-04
Loss = 5.2023e-03, PNorm = 34.4805, GNorm = 0.4980, lr_0 = 2.5148e-04
Loss = 4.9689e-03, PNorm = 34.4934, GNorm = 0.1975, lr_0 = 2.5290e-04
Loss = 4.0721e-03, PNorm = 34.5132, GNorm = 0.7410, lr_0 = 2.5433e-04
Loss = 4.8134e-03, PNorm = 34.5266, GNorm = 0.1679, lr_0 = 2.5576e-04
Loss = 5.1404e-03, PNorm = 34.5443, GNorm = 0.2422, lr_0 = 2.5719e-04
Loss = 5.9672e-03, PNorm = 34.5578, GNorm = 0.7329, lr_0 = 2.5861e-04
Loss = 5.4400e-03, PNorm = 34.5794, GNorm = 0.5232, lr_0 = 2.6004e-04
Loss = 5.0801e-03, PNorm = 34.6001, GNorm = 0.2027, lr_0 = 2.6147e-04
Loss = 5.2172e-03, PNorm = 34.6101, GNorm = 0.2470, lr_0 = 2.6290e-04
Loss = 4.8728e-03, PNorm = 34.6346, GNorm = 0.8858, lr_0 = 2.6432e-04
Loss = 4.6637e-03, PNorm = 34.6574, GNorm = 0.6087, lr_0 = 2.6575e-04
Loss = 4.6975e-03, PNorm = 34.6705, GNorm = 0.4002, lr_0 = 2.6718e-04
Loss = 4.7887e-03, PNorm = 34.6847, GNorm = 0.2008, lr_0 = 2.6861e-04
Loss = 4.3985e-03, PNorm = 34.7057, GNorm = 0.4450, lr_0 = 2.7003e-04
Loss = 5.5662e-03, PNorm = 34.7159, GNorm = 0.2929, lr_0 = 2.7146e-04
Loss = 4.9028e-03, PNorm = 34.7330, GNorm = 0.1396, lr_0 = 2.7289e-04
Loss = 5.5257e-03, PNorm = 34.7544, GNorm = 0.2776, lr_0 = 2.7432e-04
Loss = 4.5848e-03, PNorm = 34.7837, GNorm = 0.5913, lr_0 = 2.7575e-04
Loss = 4.5464e-03, PNorm = 34.8138, GNorm = 0.2196, lr_0 = 2.7717e-04
Loss = 5.6911e-03, PNorm = 34.8323, GNorm = 0.4680, lr_0 = 2.7860e-04
Loss = 5.4162e-03, PNorm = 34.8397, GNorm = 0.2627, lr_0 = 2.8003e-04
Loss = 4.4781e-03, PNorm = 34.8623, GNorm = 0.3104, lr_0 = 2.8146e-04
Loss = 5.1847e-03, PNorm = 34.8866, GNorm = 0.1717, lr_0 = 2.8288e-04
Loss = 5.1264e-03, PNorm = 34.9282, GNorm = 0.3645, lr_0 = 2.8431e-04
Loss = 4.5424e-03, PNorm = 34.9549, GNorm = 0.3615, lr_0 = 2.8574e-04
Loss = 4.6423e-03, PNorm = 34.9707, GNorm = 0.2646, lr_0 = 2.8717e-04
Loss = 5.3253e-03, PNorm = 34.9862, GNorm = 0.2349, lr_0 = 2.8859e-04
Loss = 4.9430e-03, PNorm = 35.0133, GNorm = 0.3737, lr_0 = 2.9002e-04
Loss = 4.2570e-03, PNorm = 35.0372, GNorm = 0.2525, lr_0 = 2.9145e-04
Loss = 4.8964e-03, PNorm = 35.0671, GNorm = 0.3026, lr_0 = 2.9288e-04
Loss = 4.5866e-03, PNorm = 35.0732, GNorm = 0.3954, lr_0 = 2.9431e-04
Loss = 4.7516e-03, PNorm = 35.0824, GNorm = 0.5403, lr_0 = 2.9573e-04
Loss = 5.2056e-03, PNorm = 35.1077, GNorm = 0.8461, lr_0 = 2.9716e-04
Loss = 4.9462e-03, PNorm = 35.1369, GNorm = 0.2279, lr_0 = 2.9859e-04
Loss = 4.8961e-03, PNorm = 35.1564, GNorm = 0.3880, lr_0 = 3.0002e-04
Loss = 6.0516e-03, PNorm = 35.1705, GNorm = 0.8800, lr_0 = 3.0144e-04
Loss = 4.8834e-03, PNorm = 35.1975, GNorm = 0.5273, lr_0 = 3.0287e-04
Loss = 5.5199e-03, PNorm = 35.2096, GNorm = 0.6214, lr_0 = 3.0430e-04
Loss = 5.0034e-03, PNorm = 35.2218, GNorm = 0.4233, lr_0 = 3.0573e-04
Loss = 4.6039e-03, PNorm = 35.2359, GNorm = 0.2670, lr_0 = 3.0715e-04
Loss = 4.6894e-03, PNorm = 35.2567, GNorm = 0.3774, lr_0 = 3.0858e-04
Loss = 4.5252e-03, PNorm = 35.2802, GNorm = 0.1186, lr_0 = 3.1001e-04
Loss = 5.3774e-03, PNorm = 35.3137, GNorm = 0.2412, lr_0 = 3.1144e-04
Loss = 4.2685e-03, PNorm = 35.3442, GNorm = 0.6683, lr_0 = 3.1286e-04
Loss = 5.2776e-03, PNorm = 35.3689, GNorm = 0.7739, lr_0 = 3.1429e-04
Loss = 5.3059e-03, PNorm = 35.3868, GNorm = 0.5826, lr_0 = 3.1572e-04
Loss = 4.6358e-03, PNorm = 35.4007, GNorm = 0.3109, lr_0 = 3.1715e-04
Loss = 4.9259e-03, PNorm = 35.4108, GNorm = 0.4718, lr_0 = 3.1858e-04
Loss = 4.8235e-03, PNorm = 35.4302, GNorm = 0.1701, lr_0 = 3.2000e-04
Loss = 5.1331e-03, PNorm = 35.4554, GNorm = 0.3438, lr_0 = 3.2143e-04
Loss = 4.6736e-03, PNorm = 35.4816, GNorm = 0.4731, lr_0 = 3.2286e-04
Loss = 4.3262e-03, PNorm = 35.5031, GNorm = 0.4778, lr_0 = 3.2429e-04
Loss = 4.2395e-03, PNorm = 35.5181, GNorm = 0.6305, lr_0 = 3.2571e-04
Loss = 4.2273e-03, PNorm = 35.5242, GNorm = 0.2672, lr_0 = 3.2714e-04
Loss = 5.3749e-03, PNorm = 35.5374, GNorm = 0.3963, lr_0 = 3.2857e-04
Loss = 5.0467e-03, PNorm = 35.5628, GNorm = 0.3903, lr_0 = 3.3000e-04
Loss = 4.8019e-03, PNorm = 35.5846, GNorm = 0.4125, lr_0 = 3.3142e-04
Loss = 4.2258e-03, PNorm = 35.6158, GNorm = 0.3124, lr_0 = 3.3285e-04
Loss = 5.1464e-03, PNorm = 35.6271, GNorm = 0.2073, lr_0 = 3.3428e-04
Loss = 5.1545e-03, PNorm = 35.6452, GNorm = 0.6523, lr_0 = 3.3571e-04
Loss = 3.9770e-03, PNorm = 35.6587, GNorm = 0.1771, lr_0 = 3.3714e-04
Loss = 4.9050e-03, PNorm = 35.6705, GNorm = 0.4520, lr_0 = 3.3856e-04
Loss = 4.9286e-03, PNorm = 35.6921, GNorm = 0.2909, lr_0 = 3.3999e-04
Loss = 4.1843e-03, PNorm = 35.7314, GNorm = 0.4375, lr_0 = 3.4142e-04
Loss = 4.8851e-03, PNorm = 35.7576, GNorm = 0.3106, lr_0 = 3.4285e-04
Loss = 5.8760e-03, PNorm = 35.7793, GNorm = 0.4106, lr_0 = 3.4427e-04
Loss = 5.2432e-03, PNorm = 35.8026, GNorm = 0.1614, lr_0 = 3.4570e-04
Loss = 4.4100e-03, PNorm = 35.8318, GNorm = 0.4071, lr_0 = 3.4713e-04
Loss = 3.8897e-03, PNorm = 35.8477, GNorm = 0.2963, lr_0 = 3.4856e-04
Loss = 4.4982e-03, PNorm = 35.8535, GNorm = 0.2125, lr_0 = 3.4998e-04
Loss = 4.5319e-03, PNorm = 35.8649, GNorm = 0.1924, lr_0 = 3.5141e-04
Loss = 4.5239e-03, PNorm = 35.8743, GNorm = 0.6248, lr_0 = 3.5284e-04
Loss = 3.4745e-03, PNorm = 35.8920, GNorm = 0.5744, lr_0 = 3.5427e-04
Loss = 4.8450e-03, PNorm = 35.9073, GNorm = 0.4395, lr_0 = 3.5569e-04
Loss = 3.9797e-03, PNorm = 35.9380, GNorm = 0.2953, lr_0 = 3.5712e-04
Loss = 5.3134e-03, PNorm = 35.9526, GNorm = 0.6818, lr_0 = 3.5855e-04
Loss = 5.1325e-03, PNorm = 35.9868, GNorm = 0.2792, lr_0 = 3.5998e-04
Loss = 4.6323e-03, PNorm = 36.0223, GNorm = 0.1873, lr_0 = 3.6141e-04
Loss = 4.5907e-03, PNorm = 36.0363, GNorm = 0.2442, lr_0 = 3.6283e-04
Loss = 4.6696e-03, PNorm = 36.0484, GNorm = 0.3699, lr_0 = 3.6426e-04
Loss = 5.0051e-03, PNorm = 36.0559, GNorm = 0.3184, lr_0 = 3.6569e-04
Loss = 5.4988e-03, PNorm = 36.0607, GNorm = 0.2419, lr_0 = 3.6712e-04
Loss = 4.6907e-03, PNorm = 36.0814, GNorm = 0.2560, lr_0 = 3.6854e-04
Loss = 4.5327e-03, PNorm = 36.1120, GNorm = 0.9301, lr_0 = 3.6997e-04
Loss = 4.3766e-03, PNorm = 36.1361, GNorm = 0.5192, lr_0 = 3.7140e-04
Loss = 4.4833e-03, PNorm = 36.1511, GNorm = 0.2286, lr_0 = 3.7283e-04
Loss = 4.5205e-03, PNorm = 36.1763, GNorm = 0.1598, lr_0 = 3.7425e-04
Loss = 4.6566e-03, PNorm = 36.1847, GNorm = 0.2461, lr_0 = 3.7568e-04
Loss = 3.4795e-03, PNorm = 36.2010, GNorm = 0.1915, lr_0 = 3.7711e-04
Loss = 4.5118e-03, PNorm = 36.2163, GNorm = 0.2958, lr_0 = 3.7854e-04
Loss = 4.4086e-03, PNorm = 36.2311, GNorm = 0.4927, lr_0 = 3.7997e-04
Loss = 3.5021e-03, PNorm = 36.2672, GNorm = 0.3315, lr_0 = 3.8139e-04
Loss = 4.4952e-03, PNorm = 36.2961, GNorm = 1.0510, lr_0 = 3.8282e-04
Loss = 4.4037e-03, PNorm = 36.3097, GNorm = 0.5446, lr_0 = 3.8425e-04
Loss = 5.2948e-03, PNorm = 36.3262, GNorm = 0.2846, lr_0 = 3.8568e-04
Loss = 4.7012e-03, PNorm = 36.3577, GNorm = 0.4515, lr_0 = 3.8710e-04
Loss = 5.4698e-03, PNorm = 36.3787, GNorm = 0.2552, lr_0 = 3.8853e-04
Loss = 5.5609e-03, PNorm = 36.4071, GNorm = 0.2316, lr_0 = 3.8996e-04
Loss = 4.5512e-03, PNorm = 36.4338, GNorm = 0.4353, lr_0 = 3.9139e-04
Loss = 4.2956e-03, PNorm = 36.4604, GNorm = 0.2042, lr_0 = 3.9281e-04
Loss = 4.2816e-03, PNorm = 36.4694, GNorm = 0.3738, lr_0 = 3.9424e-04
Loss = 4.7232e-03, PNorm = 36.4858, GNorm = 0.2956, lr_0 = 3.9567e-04
Loss = 4.7261e-03, PNorm = 36.5050, GNorm = 0.2220, lr_0 = 3.9710e-04
Loss = 4.2338e-03, PNorm = 36.5291, GNorm = 0.4036, lr_0 = 3.9852e-04
Loss = 4.3431e-03, PNorm = 36.5533, GNorm = 0.5220, lr_0 = 3.9995e-04
Loss = 5.2972e-03, PNorm = 36.5579, GNorm = 0.3981, lr_0 = 4.0138e-04
Loss = 3.6936e-03, PNorm = 36.5834, GNorm = 0.1823, lr_0 = 4.0281e-04
Loss = 4.5210e-03, PNorm = 36.5898, GNorm = 0.3334, lr_0 = 4.0424e-04
Loss = 4.6839e-03, PNorm = 36.6143, GNorm = 0.2484, lr_0 = 4.0566e-04
Loss = 4.3668e-03, PNorm = 36.6393, GNorm = 0.4473, lr_0 = 4.0709e-04
Loss = 5.0699e-03, PNorm = 36.6466, GNorm = 0.5081, lr_0 = 4.0852e-04
Loss = 4.8747e-03, PNorm = 36.6510, GNorm = 0.1994, lr_0 = 4.0995e-04
Loss = 5.1480e-03, PNorm = 36.6708, GNorm = 0.4070, lr_0 = 4.1137e-04
Loss = 4.8590e-03, PNorm = 36.7002, GNorm = 0.2347, lr_0 = 4.1280e-04
Loss = 4.5978e-03, PNorm = 36.7364, GNorm = 0.4303, lr_0 = 4.1423e-04
Loss = 4.8710e-03, PNorm = 36.7664, GNorm = 0.4697, lr_0 = 4.1566e-04
Loss = 3.7867e-03, PNorm = 36.7945, GNorm = 0.7199, lr_0 = 4.1708e-04
Loss = 4.6576e-03, PNorm = 36.8169, GNorm = 0.3901, lr_0 = 4.1851e-04
Loss = 4.3077e-03, PNorm = 36.8405, GNorm = 0.4027, lr_0 = 4.1994e-04
Loss = 5.6256e-03, PNorm = 36.8528, GNorm = 0.5229, lr_0 = 4.2137e-04
Loss = 4.6988e-03, PNorm = 36.8767, GNorm = 0.2096, lr_0 = 4.2280e-04
Loss = 3.8861e-03, PNorm = 36.9033, GNorm = 0.5355, lr_0 = 4.2422e-04
Loss = 5.1357e-03, PNorm = 36.9284, GNorm = 0.4387, lr_0 = 4.2565e-04
Loss = 4.3585e-03, PNorm = 36.9703, GNorm = 0.6346, lr_0 = 4.2708e-04
Loss = 4.2218e-03, PNorm = 37.0178, GNorm = 0.6300, lr_0 = 4.2851e-04
Loss = 4.8222e-03, PNorm = 37.0405, GNorm = 0.4671, lr_0 = 4.2993e-04
Loss = 4.1234e-03, PNorm = 37.0606, GNorm = 1.2095, lr_0 = 4.3136e-04
Loss = 4.8427e-03, PNorm = 37.0837, GNorm = 0.5987, lr_0 = 4.3279e-04
Loss = 4.1761e-03, PNorm = 37.1251, GNorm = 0.5881, lr_0 = 4.3422e-04
Loss = 4.5557e-03, PNorm = 37.1354, GNorm = 0.2169, lr_0 = 4.3564e-04
Loss = 3.9954e-03, PNorm = 37.1599, GNorm = 0.2100, lr_0 = 4.3707e-04
Loss = 3.9340e-03, PNorm = 37.1832, GNorm = 0.2444, lr_0 = 4.3850e-04
Loss = 3.3293e-03, PNorm = 37.2125, GNorm = 0.2470, lr_0 = 4.3993e-04
Loss = 5.1017e-03, PNorm = 37.2342, GNorm = 0.2963, lr_0 = 4.4135e-04
Loss = 4.7001e-03, PNorm = 37.2584, GNorm = 0.5988, lr_0 = 4.4278e-04
Loss = 3.6195e-03, PNorm = 37.2737, GNorm = 0.3397, lr_0 = 4.4421e-04
Loss = 4.7312e-03, PNorm = 37.2824, GNorm = 0.4067, lr_0 = 4.4564e-04
Loss = 5.3188e-03, PNorm = 37.3040, GNorm = 0.2656, lr_0 = 4.4707e-04
Loss = 5.5135e-03, PNorm = 37.3279, GNorm = 0.4021, lr_0 = 4.4849e-04
Loss = 4.8784e-03, PNorm = 37.3364, GNorm = 0.4651, lr_0 = 4.4992e-04
Loss = 4.8048e-03, PNorm = 37.3558, GNorm = 0.2521, lr_0 = 4.5135e-04
Loss = 4.7950e-03, PNorm = 37.3755, GNorm = 0.4730, lr_0 = 4.5278e-04
Loss = 4.7997e-03, PNorm = 37.4000, GNorm = 0.7941, lr_0 = 4.5420e-04
Loss = 5.0338e-03, PNorm = 37.4243, GNorm = 0.2136, lr_0 = 4.5563e-04
Loss = 4.2062e-03, PNorm = 37.4492, GNorm = 0.3615, lr_0 = 4.5706e-04
Loss = 5.3444e-03, PNorm = 37.4707, GNorm = 0.3840, lr_0 = 4.5849e-04
Loss = 4.2370e-03, PNorm = 37.4938, GNorm = 0.2320, lr_0 = 4.5991e-04
Loss = 5.2104e-03, PNorm = 37.5144, GNorm = 0.3473, lr_0 = 4.6134e-04
Loss = 5.2741e-03, PNorm = 37.5512, GNorm = 0.4942, lr_0 = 4.6277e-04
Loss = 4.1407e-03, PNorm = 37.5880, GNorm = 0.4984, lr_0 = 4.6420e-04
Loss = 4.8204e-03, PNorm = 37.6173, GNorm = 0.4482, lr_0 = 4.6563e-04
Loss = 5.0223e-03, PNorm = 37.6383, GNorm = 0.6757, lr_0 = 4.6705e-04
Loss = 4.0743e-03, PNorm = 37.6631, GNorm = 0.5952, lr_0 = 4.6848e-04
Loss = 4.2757e-03, PNorm = 37.6841, GNorm = 0.2356, lr_0 = 4.6991e-04
Loss = 4.7283e-03, PNorm = 37.7035, GNorm = 0.8269, lr_0 = 4.7134e-04
Loss = 4.2529e-03, PNorm = 37.7437, GNorm = 0.2497, lr_0 = 4.7276e-04
Loss = 4.5270e-03, PNorm = 37.7706, GNorm = 0.7628, lr_0 = 4.7419e-04
Loss = 4.2965e-03, PNorm = 37.8011, GNorm = 0.2425, lr_0 = 4.7562e-04
Loss = 4.3412e-03, PNorm = 37.8320, GNorm = 0.3641, lr_0 = 4.7705e-04
Loss = 3.2388e-03, PNorm = 37.8617, GNorm = 0.2537, lr_0 = 4.7847e-04
Loss = 4.0715e-03, PNorm = 37.8875, GNorm = 0.2316, lr_0 = 4.7990e-04
Loss = 5.7251e-03, PNorm = 37.9011, GNorm = 0.4400, lr_0 = 4.8133e-04
Loss = 5.1466e-03, PNorm = 37.9264, GNorm = 0.5636, lr_0 = 4.8276e-04
Loss = 4.8012e-03, PNorm = 37.9442, GNorm = 0.3019, lr_0 = 4.8418e-04
Loss = 4.7539e-03, PNorm = 37.9725, GNorm = 0.8809, lr_0 = 4.8561e-04
