Fold 0
{'activation': 'ReLU',
 'atom_messages': False,
 'batch_size': 50,
 'bias': False,
 'checkpoint_dir': None,
 'checkpoint_path': None,
 'checkpoint_paths': None,
 'config_path': None,
 'crossval_index_dir': None,
 'crossval_index_file': None,
 'cuda': True,
 'data_path': 'dataset/splitted_csv_files_mpnn_models/mitochondrial_membrane_tr.csv',
 'dataset_type': 'classification',
 'depth': 3,
 'dropout': 0.0,
 'ensemble_size': 1,
 'epochs': 50,
 'features_generator': None,
 'features_only': False,
 'features_path': None,
 'features_scaling': True,
 'ffn_hidden_size': 300,
 'ffn_num_layers': 2,
 'final_lr': 0.0001,
 'folds_file': None,
 'gpu': None,
 'hidden_size': 300,
 'init_lr': 0.0001,
 'log_frequency': 10,
 'max_data_size': None,
 'max_lr': 0.001,
 'metric': 'cohen_k',
 'minimize_score': False,
 'multiclass_num_classes': 3,
 'no_cache': False,
 'num_folds': 1,
 'num_lrs': 1,
 'quiet': False,
 'save_dir': 'saved_models/mitochondrial_membrane/fold_0',
 'save_smiles_splits': False,
 'seed': 0,
 'separate_test_features_path': None,
 'separate_test_path': 'dataset/splitted_csv_files_mpnn_models/mitochondrial_membrane_te.csv',
 'separate_val_features_path': None,
 'separate_val_path': 'dataset/splitted_csv_files_mpnn_models/mitochondrial_membrane_va.csv',
 'show_individual_scores': False,
 'split_sizes': [0.8, 0.1, 0.1],
 'split_type': 'random',
 'test': False,
 'test_fold_index': None,
 'undirected': False,
 'use_compound_names': False,
 'use_input_features': None,
 'val_fold_index': None,
 'warmup_epochs': 2.0}
Loading data
Number of tasks = 1
Splitting data with seed 0
Class sizes
Label 0: 98.63%, 1: 1.37%
Total size = 157,623 | train size = 157,623 | val size = 33,668 | test size = 33,758
Building model 0
MoleculeModel(
  (sigmoid): Sigmoid()
  (encoder): MPN(
    (encoder): MPNEncoder(
      (dropout_layer): Dropout(p=0.0, inplace=False)
      (act_func): ReLU()
      (W_i): Linear(in_features=147, out_features=300, bias=False)
      (W_h): Linear(in_features=300, out_features=300, bias=False)
      (W_o): Linear(in_features=433, out_features=300, bias=True)
    )
  )
  (ffn): Sequential(
    (0): Dropout(p=0.0, inplace=False)
    (1): Linear(in_features=300, out_features=300, bias=True)
    (2): ReLU()
    (3): Dropout(p=0.0, inplace=False)
    (4): Linear(in_features=300, out_features=1, bias=True)
  )
)
Number of parameters = 354,901
Moving model to cuda
Epoch 0
Loss = 1.0106e-02, PNorm = 33.9940, GNorm = 1.9539, lr_0 = 1.0157e-04
Loss = 3.8310e-03, PNorm = 34.0014, GNorm = 0.2928, lr_0 = 1.0300e-04
Loss = 1.1946e-03, PNorm = 34.0081, GNorm = 0.2503, lr_0 = 1.0443e-04
Loss = 1.2733e-03, PNorm = 34.0121, GNorm = 0.3230, lr_0 = 1.0585e-04
Loss = 1.5858e-03, PNorm = 34.0126, GNorm = 0.5748, lr_0 = 1.0728e-04
Loss = 1.4247e-03, PNorm = 34.0111, GNorm = 0.1610, lr_0 = 1.0871e-04
Loss = 8.4996e-04, PNorm = 34.0110, GNorm = 0.1278, lr_0 = 1.1014e-04
Loss = 1.8089e-03, PNorm = 34.0105, GNorm = 0.1095, lr_0 = 1.1156e-04
Loss = 1.5502e-03, PNorm = 34.0100, GNorm = 0.2343, lr_0 = 1.1299e-04
Loss = 1.6525e-03, PNorm = 34.0100, GNorm = 0.0565, lr_0 = 1.1442e-04
Loss = 1.3805e-03, PNorm = 34.0105, GNorm = 0.2435, lr_0 = 1.1585e-04
Loss = 1.1305e-03, PNorm = 34.0122, GNorm = 0.0935, lr_0 = 1.1727e-04
Loss = 1.1580e-03, PNorm = 34.0140, GNorm = 0.2801, lr_0 = 1.1870e-04
Loss = 1.5487e-03, PNorm = 34.0139, GNorm = 0.1049, lr_0 = 1.2013e-04
Loss = 1.4247e-03, PNorm = 34.0142, GNorm = 0.1894, lr_0 = 1.2156e-04
Loss = 9.5190e-04, PNorm = 34.0153, GNorm = 0.1946, lr_0 = 1.2299e-04
Loss = 1.9796e-03, PNorm = 34.0157, GNorm = 0.3619, lr_0 = 1.2441e-04
Loss = 7.8668e-04, PNorm = 34.0175, GNorm = 0.1870, lr_0 = 1.2584e-04
Loss = 1.2303e-03, PNorm = 34.0198, GNorm = 0.1755, lr_0 = 1.2727e-04
Loss = 2.2587e-03, PNorm = 34.0179, GNorm = 0.3137, lr_0 = 1.2870e-04
Loss = 1.3437e-03, PNorm = 34.0186, GNorm = 0.2671, lr_0 = 1.3012e-04
Loss = 1.4512e-03, PNorm = 34.0213, GNorm = 0.1910, lr_0 = 1.3155e-04
Loss = 1.4382e-03, PNorm = 34.0237, GNorm = 0.2243, lr_0 = 1.3298e-04
Loss = 9.4762e-04, PNorm = 34.0255, GNorm = 0.1539, lr_0 = 1.3441e-04
Loss = 1.6651e-03, PNorm = 34.0257, GNorm = 0.1710, lr_0 = 1.3583e-04
Loss = 4.2405e-04, PNorm = 34.0288, GNorm = 0.1701, lr_0 = 1.3726e-04
Loss = 2.1988e-03, PNorm = 34.0288, GNorm = 0.2150, lr_0 = 1.3869e-04
Loss = 1.4852e-03, PNorm = 34.0303, GNorm = 0.3511, lr_0 = 1.4012e-04
Loss = 1.5117e-03, PNorm = 34.0319, GNorm = 0.2540, lr_0 = 1.4155e-04
Loss = 7.8846e-04, PNorm = 34.0376, GNorm = 0.1844, lr_0 = 1.4297e-04
Loss = 1.7647e-03, PNorm = 34.0374, GNorm = 0.5304, lr_0 = 1.4440e-04
Loss = 1.1487e-03, PNorm = 34.0361, GNorm = 0.1989, lr_0 = 1.4583e-04
Loss = 1.2509e-03, PNorm = 34.0377, GNorm = 0.2018, lr_0 = 1.4726e-04
Loss = 1.0075e-03, PNorm = 34.0407, GNorm = 0.2417, lr_0 = 1.4868e-04
Loss = 1.0389e-03, PNorm = 34.0434, GNorm = 0.1350, lr_0 = 1.5011e-04
Loss = 1.1116e-03, PNorm = 34.0449, GNorm = 0.1567, lr_0 = 1.5154e-04
Loss = 1.6195e-03, PNorm = 34.0459, GNorm = 0.2242, lr_0 = 1.5297e-04
Loss = 1.3042e-03, PNorm = 34.0507, GNorm = 0.3681, lr_0 = 1.5439e-04
Loss = 1.2353e-03, PNorm = 34.0559, GNorm = 0.1746, lr_0 = 1.5582e-04
Loss = 1.7012e-03, PNorm = 34.0586, GNorm = 0.4494, lr_0 = 1.5725e-04
Loss = 2.3062e-03, PNorm = 34.0601, GNorm = 0.4442, lr_0 = 1.5868e-04
Loss = 1.7659e-03, PNorm = 34.0682, GNorm = 0.3398, lr_0 = 1.6010e-04
Loss = 1.2117e-03, PNorm = 34.0808, GNorm = 0.1489, lr_0 = 1.6153e-04
Loss = 1.5311e-03, PNorm = 34.0825, GNorm = 0.2229, lr_0 = 1.6296e-04
Loss = 1.0650e-03, PNorm = 34.0855, GNorm = 0.1509, lr_0 = 1.6439e-04
Loss = 1.4022e-03, PNorm = 34.0899, GNorm = 0.1327, lr_0 = 1.6582e-04
Loss = 2.2583e-03, PNorm = 34.0881, GNorm = 0.3708, lr_0 = 1.6724e-04
Loss = 1.3215e-03, PNorm = 34.0965, GNorm = 0.2363, lr_0 = 1.6867e-04
Loss = 1.1950e-03, PNorm = 34.1045, GNorm = 0.1417, lr_0 = 1.7010e-04
Loss = 5.1177e-04, PNorm = 34.1141, GNorm = 0.2833, lr_0 = 1.7153e-04
Loss = 1.4883e-03, PNorm = 34.1112, GNorm = 0.1740, lr_0 = 1.7295e-04
Loss = 1.6326e-03, PNorm = 34.1130, GNorm = 0.2939, lr_0 = 1.7438e-04
Loss = 1.2232e-03, PNorm = 34.1211, GNorm = 0.3662, lr_0 = 1.7581e-04
Loss = 1.7502e-03, PNorm = 34.1246, GNorm = 0.0572, lr_0 = 1.7724e-04
Loss = 1.3475e-03, PNorm = 34.1304, GNorm = 0.0784, lr_0 = 1.7866e-04
Loss = 1.1939e-03, PNorm = 34.1369, GNorm = 0.2417, lr_0 = 1.8009e-04
Loss = 1.0134e-03, PNorm = 34.1433, GNorm = 0.1692, lr_0 = 1.8152e-04
Loss = 8.7904e-04, PNorm = 34.1503, GNorm = 0.1499, lr_0 = 1.8295e-04
Loss = 1.0490e-03, PNorm = 34.1539, GNorm = 0.1120, lr_0 = 1.8438e-04
Loss = 1.8470e-03, PNorm = 34.1535, GNorm = 0.3411, lr_0 = 1.8580e-04
Loss = 1.4413e-03, PNorm = 34.1661, GNorm = 0.2576, lr_0 = 1.8723e-04
Loss = 1.6190e-03, PNorm = 34.1772, GNorm = 0.2106, lr_0 = 1.8866e-04
Loss = 9.8115e-04, PNorm = 34.1881, GNorm = 0.4678, lr_0 = 1.9009e-04
Loss = 1.1656e-03, PNorm = 34.1957, GNorm = 0.2002, lr_0 = 1.9151e-04
Loss = 1.9922e-03, PNorm = 34.2039, GNorm = 0.2032, lr_0 = 1.9294e-04
Loss = 7.1085e-04, PNorm = 34.2254, GNorm = 0.2245, lr_0 = 1.9437e-04
Loss = 1.0402e-03, PNorm = 34.2274, GNorm = 0.1470, lr_0 = 1.9580e-04
Loss = 1.5083e-03, PNorm = 34.2317, GNorm = 0.0789, lr_0 = 1.9722e-04
Loss = 1.3274e-03, PNorm = 34.2444, GNorm = 0.2297, lr_0 = 1.9865e-04
Loss = 1.2781e-03, PNorm = 34.2603, GNorm = 0.3019, lr_0 = 2.0008e-04
Loss = 4.5725e-04, PNorm = 34.2727, GNorm = 0.1357, lr_0 = 2.0151e-04
Loss = 1.1722e-03, PNorm = 34.2779, GNorm = 0.1788, lr_0 = 2.0293e-04
Loss = 8.6469e-04, PNorm = 34.2888, GNorm = 0.2232, lr_0 = 2.0436e-04
Loss = 1.0321e-03, PNorm = 34.3000, GNorm = 0.2245, lr_0 = 2.0579e-04
Loss = 1.1600e-03, PNorm = 34.3001, GNorm = 0.1987, lr_0 = 2.0722e-04
Loss = 1.2618e-03, PNorm = 34.3101, GNorm = 0.1897, lr_0 = 2.0865e-04
Loss = 7.7458e-04, PNorm = 34.3162, GNorm = 0.1727, lr_0 = 2.1007e-04
Loss = 1.2716e-03, PNorm = 34.3244, GNorm = 0.3023, lr_0 = 2.1150e-04
Loss = 9.1983e-04, PNorm = 34.3285, GNorm = 0.4564, lr_0 = 2.1293e-04
Loss = 4.5593e-04, PNorm = 34.3437, GNorm = 0.1403, lr_0 = 2.1436e-04
Loss = 1.6410e-03, PNorm = 34.3505, GNorm = 0.1618, lr_0 = 2.1578e-04
Loss = 1.9343e-03, PNorm = 34.3681, GNorm = 0.4268, lr_0 = 2.1721e-04
Loss = 1.7608e-03, PNorm = 34.3898, GNorm = 0.2214, lr_0 = 2.1864e-04
Loss = 1.3334e-03, PNorm = 34.4133, GNorm = 0.1574, lr_0 = 2.2007e-04
Loss = 3.3038e-04, PNorm = 34.4348, GNorm = 0.0572, lr_0 = 2.2149e-04
Loss = 2.2943e-03, PNorm = 34.4315, GNorm = 0.5628, lr_0 = 2.2292e-04
Loss = 1.3128e-03, PNorm = 34.4606, GNorm = 0.0940, lr_0 = 2.2435e-04
Loss = 1.7129e-03, PNorm = 34.4738, GNorm = 0.8582, lr_0 = 2.2578e-04
Loss = 1.4079e-03, PNorm = 34.4829, GNorm = 0.3766, lr_0 = 2.2720e-04
Loss = 1.6327e-03, PNorm = 34.4974, GNorm = 0.2306, lr_0 = 2.2863e-04
Loss = 1.0912e-03, PNorm = 34.5098, GNorm = 0.2335, lr_0 = 2.3006e-04
Loss = 1.5712e-03, PNorm = 34.5253, GNorm = 0.1585, lr_0 = 2.3149e-04
Loss = 9.5802e-04, PNorm = 34.5407, GNorm = 0.2540, lr_0 = 2.3292e-04
Loss = 3.5720e-04, PNorm = 34.5698, GNorm = 0.0663, lr_0 = 2.3434e-04
Loss = 8.7105e-04, PNorm = 34.5734, GNorm = 0.1058, lr_0 = 2.3577e-04
Loss = 1.0152e-03, PNorm = 34.5850, GNorm = 0.1373, lr_0 = 2.3720e-04
Loss = 1.0993e-03, PNorm = 34.6057, GNorm = 0.0610, lr_0 = 2.3863e-04
Loss = 1.3621e-03, PNorm = 34.6075, GNorm = 0.2768, lr_0 = 2.4005e-04
Loss = 1.2960e-03, PNorm = 34.6276, GNorm = 0.3937, lr_0 = 2.4148e-04
Loss = 1.2279e-03, PNorm = 34.6446, GNorm = 0.1495, lr_0 = 2.4291e-04
Loss = 1.3960e-03, PNorm = 34.6641, GNorm = 0.2963, lr_0 = 2.4434e-04
Loss = 8.3219e-04, PNorm = 34.6827, GNorm = 0.1520, lr_0 = 2.4576e-04
Loss = 8.9112e-04, PNorm = 34.6983, GNorm = 0.6179, lr_0 = 2.4719e-04
Loss = 1.1662e-03, PNorm = 34.7242, GNorm = 0.1675, lr_0 = 2.4862e-04
Loss = 7.9556e-04, PNorm = 34.7429, GNorm = 0.1017, lr_0 = 2.5005e-04
Loss = 1.1564e-03, PNorm = 34.7502, GNorm = 0.1492, lr_0 = 2.5148e-04
Loss = 1.8359e-03, PNorm = 34.7742, GNorm = 0.8706, lr_0 = 2.5290e-04
Loss = 2.3106e-03, PNorm = 34.7991, GNorm = 0.3919, lr_0 = 2.5433e-04
Loss = 7.5527e-04, PNorm = 34.8307, GNorm = 0.8239, lr_0 = 2.5576e-04
Loss = 1.2746e-03, PNorm = 34.8430, GNorm = 0.4958, lr_0 = 2.5719e-04
Loss = 2.7095e-04, PNorm = 34.8707, GNorm = 0.0207, lr_0 = 2.5861e-04
Loss = 1.5072e-03, PNorm = 34.8779, GNorm = 0.0670, lr_0 = 2.6004e-04
Loss = 1.2406e-03, PNorm = 34.8934, GNorm = 0.4047, lr_0 = 2.6147e-04
Loss = 1.0645e-03, PNorm = 34.9225, GNorm = 0.2893, lr_0 = 2.6290e-04
Loss = 9.9665e-04, PNorm = 34.9280, GNorm = 0.1428, lr_0 = 2.6432e-04
Loss = 1.5584e-03, PNorm = 34.9483, GNorm = 0.3208, lr_0 = 2.6575e-04
Loss = 1.2072e-03, PNorm = 34.9699, GNorm = 0.1652, lr_0 = 2.6718e-04
Loss = 1.5469e-03, PNorm = 34.9823, GNorm = 0.1175, lr_0 = 2.6861e-04
Loss = 9.2987e-04, PNorm = 34.9997, GNorm = 0.2793, lr_0 = 2.7003e-04
Loss = 1.3989e-03, PNorm = 35.0099, GNorm = 0.2202, lr_0 = 2.7146e-04
Loss = 1.2731e-03, PNorm = 35.0251, GNorm = 0.5484, lr_0 = 2.7289e-04
Loss = 8.9264e-04, PNorm = 35.0433, GNorm = 0.0714, lr_0 = 2.7432e-04
Loss = 1.3622e-03, PNorm = 35.0509, GNorm = 0.2568, lr_0 = 2.7575e-04
Loss = 1.2741e-03, PNorm = 35.0750, GNorm = 0.6007, lr_0 = 2.7717e-04
Loss = 7.6900e-04, PNorm = 35.1024, GNorm = 0.1032, lr_0 = 2.7860e-04
Loss = 1.2677e-03, PNorm = 35.1212, GNorm = 0.9025, lr_0 = 2.8003e-04
Loss = 1.4693e-03, PNorm = 35.1393, GNorm = 0.3205, lr_0 = 2.8146e-04
Loss = 3.7237e-04, PNorm = 35.1529, GNorm = 0.1169, lr_0 = 2.8288e-04
Loss = 1.0459e-03, PNorm = 35.1571, GNorm = 0.2315, lr_0 = 2.8431e-04
Loss = 7.0427e-04, PNorm = 35.1697, GNorm = 0.1232, lr_0 = 2.8574e-04
Loss = 7.2540e-04, PNorm = 35.1869, GNorm = 0.1301, lr_0 = 2.8717e-04
Loss = 5.5575e-04, PNorm = 35.2063, GNorm = 0.6391, lr_0 = 2.8859e-04
Loss = 6.9850e-04, PNorm = 35.2217, GNorm = 0.3524, lr_0 = 2.9002e-04
Loss = 5.5035e-04, PNorm = 35.2472, GNorm = 0.0669, lr_0 = 2.9145e-04
Loss = 1.3880e-03, PNorm = 35.2579, GNorm = 0.6169, lr_0 = 2.9288e-04
Loss = 1.2399e-03, PNorm = 35.2822, GNorm = 0.0898, lr_0 = 2.9431e-04
Loss = 2.9660e-04, PNorm = 35.2966, GNorm = 0.1015, lr_0 = 2.9573e-04
Loss = 7.9400e-04, PNorm = 35.3119, GNorm = 0.1263, lr_0 = 2.9716e-04
Loss = 1.3059e-03, PNorm = 35.3209, GNorm = 0.3841, lr_0 = 2.9859e-04
Loss = 7.2705e-04, PNorm = 35.3435, GNorm = 0.3988, lr_0 = 3.0002e-04
Loss = 1.0213e-03, PNorm = 35.3568, GNorm = 0.3617, lr_0 = 3.0144e-04
Loss = 4.8778e-04, PNorm = 35.3867, GNorm = 0.0697, lr_0 = 3.0287e-04
Loss = 1.7202e-03, PNorm = 35.3901, GNorm = 0.2796, lr_0 = 3.0430e-04
Loss = 1.3681e-03, PNorm = 35.4057, GNorm = 0.1056, lr_0 = 3.0573e-04
Loss = 9.0578e-04, PNorm = 35.4201, GNorm = 0.2538, lr_0 = 3.0715e-04
Loss = 3.2186e-04, PNorm = 35.4410, GNorm = 0.0283, lr_0 = 3.0858e-04
Loss = 1.0237e-03, PNorm = 35.4432, GNorm = 0.1504, lr_0 = 3.1001e-04
Loss = 1.1679e-03, PNorm = 35.4464, GNorm = 0.2710, lr_0 = 3.1144e-04
Loss = 8.2481e-04, PNorm = 35.4805, GNorm = 0.0853, lr_0 = 3.1286e-04
Loss = 5.0804e-04, PNorm = 35.5052, GNorm = 0.1225, lr_0 = 3.1429e-04
Loss = 7.8250e-04, PNorm = 35.5284, GNorm = 0.1402, lr_0 = 3.1572e-04
Loss = 9.1047e-04, PNorm = 35.5364, GNorm = 0.3555, lr_0 = 3.1715e-04
Loss = 7.1305e-04, PNorm = 35.5582, GNorm = 0.1007, lr_0 = 3.1858e-04
Loss = 9.9594e-04, PNorm = 35.5731, GNorm = 0.2893, lr_0 = 3.2000e-04
Loss = 6.5450e-04, PNorm = 35.5969, GNorm = 0.0245, lr_0 = 3.2143e-04
Loss = 9.2235e-04, PNorm = 35.6008, GNorm = 0.4257, lr_0 = 3.2286e-04
Loss = 5.6998e-04, PNorm = 35.6235, GNorm = 0.0759, lr_0 = 3.2429e-04
Loss = 1.6537e-03, PNorm = 35.6278, GNorm = 0.2399, lr_0 = 3.2571e-04
Loss = 8.9535e-04, PNorm = 35.6512, GNorm = 0.0619, lr_0 = 3.2714e-04
Loss = 5.8981e-04, PNorm = 35.6668, GNorm = 0.0344, lr_0 = 3.2857e-04
Loss = 7.2804e-04, PNorm = 35.6744, GNorm = 0.3621, lr_0 = 3.3000e-04
Loss = 4.4859e-04, PNorm = 35.6965, GNorm = 0.1124, lr_0 = 3.3142e-04
Loss = 5.4618e-04, PNorm = 35.7237, GNorm = 0.0960, lr_0 = 3.3285e-04
Loss = 7.7922e-04, PNorm = 35.7370, GNorm = 0.0944, lr_0 = 3.3428e-04
Loss = 7.1695e-04, PNorm = 35.7568, GNorm = 0.0668, lr_0 = 3.3571e-04
Loss = 1.1226e-03, PNorm = 35.7642, GNorm = 0.3241, lr_0 = 3.3714e-04
Loss = 8.0203e-04, PNorm = 35.7738, GNorm = 0.5707, lr_0 = 3.3856e-04
Loss = 2.7172e-04, PNorm = 35.7841, GNorm = 0.0515, lr_0 = 3.3999e-04
Loss = 1.3531e-03, PNorm = 35.7847, GNorm = 0.1891, lr_0 = 3.4142e-04
Loss = 7.8844e-04, PNorm = 35.8041, GNorm = 0.1318, lr_0 = 3.4285e-04
Loss = 5.5322e-04, PNorm = 35.8229, GNorm = 0.3641, lr_0 = 3.4427e-04
Loss = 3.7192e-04, PNorm = 35.8318, GNorm = 0.0562, lr_0 = 3.4570e-04
Loss = 4.4906e-04, PNorm = 35.8440, GNorm = 0.4009, lr_0 = 3.4713e-04
Loss = 7.4194e-04, PNorm = 35.8502, GNorm = 0.1378, lr_0 = 3.4856e-04
Loss = 1.1031e-03, PNorm = 35.8576, GNorm = 0.2885, lr_0 = 3.4998e-04
Loss = 1.5346e-03, PNorm = 35.8725, GNorm = 0.5162, lr_0 = 3.5141e-04
Loss = 6.0609e-04, PNorm = 35.8979, GNorm = 0.4315, lr_0 = 3.5284e-04
Loss = 4.0321e-04, PNorm = 35.9159, GNorm = 0.0753, lr_0 = 3.5427e-04
Loss = 5.1124e-04, PNorm = 35.9406, GNorm = 0.4648, lr_0 = 3.5569e-04
Loss = 9.7534e-04, PNorm = 35.9614, GNorm = 0.3151, lr_0 = 3.5712e-04
Loss = 4.3405e-04, PNorm = 35.9848, GNorm = 0.0519, lr_0 = 3.5855e-04
Loss = 1.4784e-03, PNorm = 35.9822, GNorm = 0.3872, lr_0 = 3.5998e-04
Loss = 3.3112e-04, PNorm = 35.9964, GNorm = 0.0612, lr_0 = 3.6141e-04
Loss = 1.0137e-03, PNorm = 36.0083, GNorm = 0.0884, lr_0 = 3.6283e-04
Loss = 1.0029e-03, PNorm = 36.0218, GNorm = 0.2530, lr_0 = 3.6426e-04
Loss = 4.6124e-04, PNorm = 36.0480, GNorm = 0.2630, lr_0 = 3.6569e-04
Loss = 6.3715e-04, PNorm = 36.0768, GNorm = 0.3820, lr_0 = 3.6712e-04
Loss = 6.0152e-04, PNorm = 36.1102, GNorm = 0.1111, lr_0 = 3.6854e-04
Loss = 4.9305e-04, PNorm = 36.1300, GNorm = 0.0095, lr_0 = 3.6997e-04
Loss = 2.0829e-03, PNorm = 36.1116, GNorm = 0.9947, lr_0 = 3.7140e-04
Loss = 9.2318e-04, PNorm = 36.1275, GNorm = 0.4749, lr_0 = 3.7283e-04
Loss = 1.3939e-03, PNorm = 36.1495, GNorm = 0.2345, lr_0 = 3.7425e-04
Loss = 8.8976e-04, PNorm = 36.1863, GNorm = 0.0561, lr_0 = 3.7568e-04
Loss = 5.7850e-04, PNorm = 36.2103, GNorm = 0.0428, lr_0 = 3.7711e-04
Loss = 9.3243e-04, PNorm = 36.2114, GNorm = 0.0534, lr_0 = 3.7854e-04
Loss = 4.1395e-04, PNorm = 36.2220, GNorm = 0.0857, lr_0 = 3.7997e-04
Loss = 8.2212e-04, PNorm = 36.2399, GNorm = 0.1608, lr_0 = 3.8139e-04
Loss = 7.4586e-04, PNorm = 36.2545, GNorm = 0.0620, lr_0 = 3.8282e-04
Loss = 6.1302e-04, PNorm = 36.2673, GNorm = 0.0530, lr_0 = 3.8425e-04
Loss = 5.8225e-04, PNorm = 36.2805, GNorm = 0.0847, lr_0 = 3.8568e-04
Loss = 2.7033e-04, PNorm = 36.2965, GNorm = 0.0401, lr_0 = 3.8710e-04
Loss = 4.8651e-05, PNorm = 36.3104, GNorm = 0.0127, lr_0 = 3.8853e-04
Loss = 1.3290e-03, PNorm = 36.3122, GNorm = 0.3983, lr_0 = 3.8996e-04
Loss = 7.7972e-04, PNorm = 36.3351, GNorm = 0.1215, lr_0 = 3.9139e-04
Loss = 4.0120e-04, PNorm = 36.3650, GNorm = 0.2794, lr_0 = 3.9281e-04
Loss = 4.0735e-04, PNorm = 36.3889, GNorm = 0.1062, lr_0 = 3.9424e-04
Loss = 7.5472e-04, PNorm = 36.4103, GNorm = 0.7535, lr_0 = 3.9567e-04
Loss = 3.6427e-04, PNorm = 36.4227, GNorm = 0.3767, lr_0 = 3.9710e-04
Loss = 5.1742e-04, PNorm = 36.4438, GNorm = 0.0270, lr_0 = 3.9852e-04
Loss = 6.1555e-04, PNorm = 36.4490, GNorm = 0.1458, lr_0 = 3.9995e-04
Loss = 6.3128e-04, PNorm = 36.4566, GNorm = 0.4448, lr_0 = 4.0138e-04
Loss = 1.1993e-03, PNorm = 36.4613, GNorm = 0.3096, lr_0 = 4.0281e-04
Loss = 5.8500e-04, PNorm = 36.4735, GNorm = 0.1725, lr_0 = 4.0424e-04
Loss = 8.0774e-04, PNorm = 36.4827, GNorm = 0.0849, lr_0 = 4.0566e-04
Loss = 4.1190e-04, PNorm = 36.5011, GNorm = 0.0622, lr_0 = 4.0709e-04
Loss = 6.8001e-04, PNorm = 36.5137, GNorm = 0.3298, lr_0 = 4.0852e-04
Loss = 1.1303e-03, PNorm = 36.5366, GNorm = 0.3612, lr_0 = 4.0995e-04
Loss = 2.9412e-04, PNorm = 36.5624, GNorm = 0.0356, lr_0 = 4.1137e-04
Loss = 7.0854e-04, PNorm = 36.5770, GNorm = 0.1758, lr_0 = 4.1280e-04
Loss = 7.3477e-04, PNorm = 36.5960, GNorm = 0.0649, lr_0 = 4.1423e-04
Loss = 9.1418e-04, PNorm = 36.6004, GNorm = 0.0890, lr_0 = 4.1566e-04
Loss = 7.9663e-04, PNorm = 36.6087, GNorm = 0.6858, lr_0 = 4.1708e-04
Loss = 5.6711e-04, PNorm = 36.6080, GNorm = 0.1159, lr_0 = 4.1851e-04
Loss = 8.5755e-04, PNorm = 36.6232, GNorm = 0.1108, lr_0 = 4.1994e-04
Loss = 4.5620e-04, PNorm = 36.6440, GNorm = 0.0674, lr_0 = 4.2137e-04
Loss = 7.9482e-04, PNorm = 36.6508, GNorm = 0.4021, lr_0 = 4.2280e-04
Loss = 7.9276e-04, PNorm = 36.6394, GNorm = 0.0877, lr_0 = 4.2422e-04
Loss = 8.1169e-04, PNorm = 36.6540, GNorm = 0.5359, lr_0 = 4.2565e-04
Loss = 9.5478e-04, PNorm = 36.6703, GNorm = 0.1282, lr_0 = 4.2708e-04
Loss = 1.1292e-03, PNorm = 36.6823, GNorm = 0.1962, lr_0 = 4.2851e-04
Loss = 1.5788e-03, PNorm = 36.7084, GNorm = 0.4781, lr_0 = 4.2993e-04
Loss = 7.8491e-04, PNorm = 36.7248, GNorm = 0.2870, lr_0 = 4.3136e-04
Loss = 4.4074e-04, PNorm = 36.7453, GNorm = 0.5760, lr_0 = 4.3279e-04
Loss = 2.8063e-04, PNorm = 36.7613, GNorm = 0.6474, lr_0 = 4.3422e-04
Loss = 5.1446e-04, PNorm = 36.7708, GNorm = 0.0562, lr_0 = 4.3564e-04
Loss = 4.0169e-04, PNorm = 36.7836, GNorm = 0.1735, lr_0 = 4.3707e-04
Loss = 4.0595e-04, PNorm = 36.8168, GNorm = 0.0577, lr_0 = 4.3850e-04
Loss = 8.3686e-04, PNorm = 36.8396, GNorm = 0.5281, lr_0 = 4.3993e-04
Loss = 1.0291e-03, PNorm = 36.8473, GNorm = 0.1353, lr_0 = 4.4135e-04
Loss = 4.3278e-04, PNorm = 36.8640, GNorm = 0.0329, lr_0 = 4.4278e-04
Loss = 2.9198e-04, PNorm = 36.8741, GNorm = 0.0390, lr_0 = 4.4421e-04
Loss = 7.5756e-04, PNorm = 36.8784, GNorm = 0.0535, lr_0 = 4.4564e-04
Loss = 2.4838e-04, PNorm = 36.8972, GNorm = 0.1369, lr_0 = 4.4707e-04
Loss = 5.1573e-04, PNorm = 36.9165, GNorm = 0.1222, lr_0 = 4.4849e-04
Loss = 3.3509e-04, PNorm = 36.9339, GNorm = 0.1828, lr_0 = 4.4992e-04
Loss = 3.0241e-04, PNorm = 36.9559, GNorm = 0.0215, lr_0 = 4.5135e-04
Loss = 7.1720e-04, PNorm = 36.9676, GNorm = 0.0605, lr_0 = 4.5278e-04
Loss = 5.8968e-04, PNorm = 36.9793, GNorm = 0.3517, lr_0 = 4.5420e-04
Loss = 3.8267e-04, PNorm = 36.9906, GNorm = 0.4345, lr_0 = 4.5563e-04
Loss = 7.6513e-04, PNorm = 37.0059, GNorm = 0.0305, lr_0 = 4.5706e-04
Loss = 7.8268e-04, PNorm = 37.0161, GNorm = 0.2363, lr_0 = 4.5849e-04
Loss = 3.3992e-04, PNorm = 37.0451, GNorm = 0.0289, lr_0 = 4.5991e-04
Loss = 8.4491e-04, PNorm = 37.0624, GNorm = 0.2766, lr_0 = 4.6134e-04
Loss = 5.3986e-04, PNorm = 37.0817, GNorm = 0.0773, lr_0 = 4.6277e-04
Loss = 1.2004e-03, PNorm = 37.0777, GNorm = 0.6908, lr_0 = 4.6420e-04
Loss = 4.2424e-04, PNorm = 37.0990, GNorm = 0.0929, lr_0 = 4.6563e-04
Loss = 1.4647e-03, PNorm = 37.1168, GNorm = 0.5924, lr_0 = 4.6705e-04
Loss = 6.9885e-04, PNorm = 37.1301, GNorm = 0.1503, lr_0 = 4.6848e-04
Loss = 1.8548e-04, PNorm = 37.1610, GNorm = 0.4824, lr_0 = 4.6991e-04
Loss = 1.0234e-03, PNorm = 37.1922, GNorm = 0.4799, lr_0 = 4.7134e-04
Loss = 7.6757e-04, PNorm = 37.2502, GNorm = 0.0117, lr_0 = 4.7276e-04
Loss = 1.0282e-03, PNorm = 37.2681, GNorm = 0.1837, lr_0 = 4.7419e-04
Loss = 9.1863e-04, PNorm = 37.2923, GNorm = 0.4175, lr_0 = 4.7562e-04
Loss = 2.0145e-03, PNorm = 37.2899, GNorm = 0.4407, lr_0 = 4.7705e-04
Loss = 5.9035e-04, PNorm = 37.3055, GNorm = 0.1494, lr_0 = 4.7847e-04
Loss = 5.3543e-04, PNorm = 37.3348, GNorm = 0.2766, lr_0 = 4.7990e-04
Loss = 9.1462e-04, PNorm = 37.3551, GNorm = 0.1949, lr_0 = 4.8133e-04
Loss = 4.9254e-04, PNorm = 37.3862, GNorm = 0.0284, lr_0 = 4.8276e-04
Loss = 1.8132e-04, PNorm = 37.4130, GNorm = 0.0204, lr_0 = 4.8418e-04
Loss = 8.0217e-05, PNorm = 37.4314, GNorm = 0.3351, lr_0 = 4.8561e-04
