Fold 0
{'activation': 'ReLU',
 'atom_messages': False,
 'batch_size': 50,
 'bias': False,
 'checkpoint_dir': None,
 'checkpoint_path': None,
 'checkpoint_paths': None,
 'config_path': None,
 'crossval_index_dir': None,
 'crossval_index_file': None,
 'cuda': True,
 'data_path': 'dataset/splitted_csv_files_mpnn_models/midbody_tr.csv',
 'dataset_type': 'classification',
 'depth': 3,
 'dropout': 0.0,
 'ensemble_size': 1,
 'epochs': 50,
 'features_generator': None,
 'features_only': False,
 'features_path': None,
 'features_scaling': True,
 'ffn_hidden_size': 300,
 'ffn_num_layers': 2,
 'final_lr': 0.0001,
 'folds_file': None,
 'gpu': None,
 'hidden_size': 300,
 'init_lr': 0.0001,
 'log_frequency': 10,
 'max_data_size': None,
 'max_lr': 0.001,
 'metric': 'cohen_k',
 'minimize_score': False,
 'multiclass_num_classes': 3,
 'no_cache': False,
 'num_folds': 1,
 'num_lrs': 1,
 'quiet': False,
 'save_dir': 'saved_models/midbody/fold_0',
 'save_smiles_splits': False,
 'seed': 0,
 'separate_test_features_path': None,
 'separate_test_path': 'dataset/splitted_csv_files_mpnn_models/midbody_te.csv',
 'separate_val_features_path': None,
 'separate_val_path': 'dataset/splitted_csv_files_mpnn_models/midbody_va.csv',
 'show_individual_scores': False,
 'split_sizes': [0.8, 0.1, 0.1],
 'split_type': 'random',
 'test': False,
 'test_fold_index': None,
 'undirected': False,
 'use_compound_names': False,
 'use_input_features': None,
 'val_fold_index': None,
 'warmup_epochs': 2.0}
Loading data
Number of tasks = 1
Splitting data with seed 0
Class sizes
Label 0: 99.43%, 1: 0.57%
Total size = 157,623 | train size = 157,623 | val size = 33,668 | test size = 33,758
Building model 0
MoleculeModel(
  (sigmoid): Sigmoid()
  (encoder): MPN(
    (encoder): MPNEncoder(
      (dropout_layer): Dropout(p=0.0, inplace=False)
      (act_func): ReLU()
      (W_i): Linear(in_features=147, out_features=300, bias=False)
      (W_h): Linear(in_features=300, out_features=300, bias=False)
      (W_o): Linear(in_features=433, out_features=300, bias=True)
    )
  )
  (ffn): Sequential(
    (0): Dropout(p=0.0, inplace=False)
    (1): Linear(in_features=300, out_features=300, bias=True)
    (2): ReLU()
    (3): Dropout(p=0.0, inplace=False)
    (4): Linear(in_features=300, out_features=1, bias=True)
  )
)
Number of parameters = 354,901
Moving model to cuda
Epoch 0
Loss = 7.9099e-03, PNorm = 34.0104, GNorm = 1.7634, lr_0 = 1.0157e-04
Loss = 1.7086e-03, PNorm = 34.0157, GNorm = 0.4273, lr_0 = 1.0300e-04
Loss = 9.8116e-04, PNorm = 34.0196, GNorm = 0.1487, lr_0 = 1.0443e-04
Loss = 1.2376e-03, PNorm = 34.0211, GNorm = 0.4020, lr_0 = 1.0585e-04
Loss = 5.2640e-04, PNorm = 34.0217, GNorm = 0.0856, lr_0 = 1.0728e-04
Loss = 7.6767e-05, PNorm = 34.0224, GNorm = 0.0698, lr_0 = 1.0871e-04
Loss = 1.0148e-03, PNorm = 34.0225, GNorm = 0.0710, lr_0 = 1.1014e-04
Loss = 7.8435e-04, PNorm = 34.0219, GNorm = 0.3597, lr_0 = 1.1156e-04
Loss = 9.7834e-05, PNorm = 34.0221, GNorm = 0.0898, lr_0 = 1.1299e-04
Loss = 5.7622e-04, PNorm = 34.0225, GNorm = 0.0757, lr_0 = 1.1442e-04
Loss = 1.7509e-03, PNorm = 34.0217, GNorm = 0.3446, lr_0 = 1.1585e-04
Loss = 1.0272e-03, PNorm = 34.0203, GNorm = 0.1914, lr_0 = 1.1727e-04
Loss = 7.7517e-04, PNorm = 34.0213, GNorm = 0.1814, lr_0 = 1.1870e-04
Loss = 7.6830e-04, PNorm = 34.0229, GNorm = 0.1473, lr_0 = 1.2013e-04
Loss = 5.5282e-04, PNorm = 34.0252, GNorm = 0.1112, lr_0 = 1.2156e-04
Loss = 5.3421e-04, PNorm = 34.0275, GNorm = 0.0722, lr_0 = 1.2299e-04
Loss = 3.0049e-04, PNorm = 34.0293, GNorm = 0.0657, lr_0 = 1.2441e-04
Loss = 7.7380e-04, PNorm = 34.0294, GNorm = 0.0830, lr_0 = 1.2584e-04
Loss = 3.0097e-04, PNorm = 34.0312, GNorm = 0.0641, lr_0 = 1.2727e-04
Loss = 1.2194e-03, PNorm = 34.0313, GNorm = 0.8074, lr_0 = 1.2870e-04
Loss = 3.2223e-04, PNorm = 34.0310, GNorm = 0.1391, lr_0 = 1.3012e-04
Loss = 9.2411e-04, PNorm = 34.0329, GNorm = 0.1382, lr_0 = 1.3155e-04
Loss = 3.3910e-04, PNorm = 34.0361, GNorm = 0.1202, lr_0 = 1.3298e-04
Loss = 3.2680e-04, PNorm = 34.0416, GNorm = 0.4878, lr_0 = 1.3441e-04
Loss = 7.6744e-04, PNorm = 34.0401, GNorm = 0.0612, lr_0 = 1.3583e-04
Loss = 1.5610e-03, PNorm = 34.0345, GNorm = 0.2131, lr_0 = 1.3726e-04
Loss = 6.3753e-04, PNorm = 34.0352, GNorm = 0.2413, lr_0 = 1.3869e-04
Loss = 3.2687e-04, PNorm = 34.0400, GNorm = 0.2495, lr_0 = 1.4012e-04
Loss = 5.1867e-04, PNorm = 34.0433, GNorm = 0.0521, lr_0 = 1.4155e-04
Loss = 5.6208e-04, PNorm = 34.0435, GNorm = 0.0609, lr_0 = 1.4297e-04
Loss = 8.0729e-04, PNorm = 34.0434, GNorm = 0.0758, lr_0 = 1.4440e-04
Loss = 7.1580e-04, PNorm = 34.0428, GNorm = 0.1480, lr_0 = 1.4583e-04
Loss = 7.3602e-04, PNorm = 34.0453, GNorm = 0.2679, lr_0 = 1.4726e-04
Loss = 5.1520e-04, PNorm = 34.0500, GNorm = 0.0867, lr_0 = 1.4868e-04
Loss = 9.7748e-04, PNorm = 34.0503, GNorm = 0.1031, lr_0 = 1.5011e-04
Loss = 3.0529e-04, PNorm = 34.0509, GNorm = 0.1106, lr_0 = 1.5154e-04
Loss = 5.2356e-04, PNorm = 34.0543, GNorm = 0.0691, lr_0 = 1.5297e-04
Loss = 5.4861e-05, PNorm = 34.0581, GNorm = 0.0518, lr_0 = 1.5439e-04
Loss = 3.0922e-04, PNorm = 34.0609, GNorm = 0.0272, lr_0 = 1.5582e-04
Loss = 5.3089e-04, PNorm = 34.0589, GNorm = 0.0548, lr_0 = 1.5725e-04
Loss = 4.9814e-04, PNorm = 34.0581, GNorm = 0.3696, lr_0 = 1.5868e-04
Loss = 4.8887e-04, PNorm = 34.0595, GNorm = 0.1057, lr_0 = 1.6010e-04
Loss = 7.1432e-04, PNorm = 34.0604, GNorm = 0.1605, lr_0 = 1.6153e-04
Loss = 5.5628e-04, PNorm = 34.0647, GNorm = 0.0871, lr_0 = 1.6296e-04
Loss = 3.3212e-04, PNorm = 34.0648, GNorm = 0.0807, lr_0 = 1.6439e-04
Loss = 1.3429e-03, PNorm = 34.0627, GNorm = 0.3128, lr_0 = 1.6582e-04
Loss = 3.4526e-04, PNorm = 34.0635, GNorm = 0.1806, lr_0 = 1.6724e-04
Loss = 9.1434e-04, PNorm = 34.0676, GNorm = 0.2812, lr_0 = 1.6867e-04
Loss = 7.4690e-04, PNorm = 34.0696, GNorm = 0.1273, lr_0 = 1.7010e-04
Loss = 9.0662e-04, PNorm = 34.0725, GNorm = 0.1688, lr_0 = 1.7153e-04
Loss = 3.0310e-04, PNorm = 34.0810, GNorm = 0.0764, lr_0 = 1.7295e-04
Loss = 7.5042e-04, PNorm = 34.0824, GNorm = 0.0642, lr_0 = 1.7438e-04
Loss = 5.4862e-04, PNorm = 34.0814, GNorm = 0.1317, lr_0 = 1.7581e-04
Loss = 3.2361e-04, PNorm = 34.0845, GNorm = 0.0974, lr_0 = 1.7724e-04
Loss = 5.4610e-04, PNorm = 34.0889, GNorm = 0.0672, lr_0 = 1.7866e-04
Loss = 1.0589e-03, PNorm = 34.0833, GNorm = 0.3153, lr_0 = 1.8009e-04
Loss = 1.4669e-04, PNorm = 34.0822, GNorm = 0.1105, lr_0 = 1.8152e-04
Loss = 5.3958e-04, PNorm = 34.0849, GNorm = 0.0604, lr_0 = 1.8295e-04
Loss = 1.0301e-03, PNorm = 34.0837, GNorm = 0.1285, lr_0 = 1.8438e-04
Loss = 9.0559e-04, PNorm = 34.0859, GNorm = 0.1788, lr_0 = 1.8580e-04
Loss = 5.4815e-04, PNorm = 34.0918, GNorm = 0.1093, lr_0 = 1.8723e-04
Loss = 5.2403e-04, PNorm = 34.0962, GNorm = 0.0789, lr_0 = 1.8866e-04
Loss = 7.2047e-04, PNorm = 34.0977, GNorm = 0.1161, lr_0 = 1.9009e-04
Loss = 7.7435e-04, PNorm = 34.0986, GNorm = 0.1376, lr_0 = 1.9151e-04
Loss = 7.1019e-04, PNorm = 34.1023, GNorm = 0.0901, lr_0 = 1.9294e-04
Loss = 5.5375e-04, PNorm = 34.1026, GNorm = 0.1108, lr_0 = 1.9437e-04
Loss = 7.3517e-04, PNorm = 34.1042, GNorm = 0.1271, lr_0 = 1.9580e-04
Loss = 3.0169e-04, PNorm = 34.1103, GNorm = 0.0741, lr_0 = 1.9722e-04
Loss = 9.7582e-04, PNorm = 34.1098, GNorm = 0.1333, lr_0 = 1.9865e-04
Loss = 5.0742e-04, PNorm = 34.1150, GNorm = 0.0953, lr_0 = 2.0008e-04
Loss = 7.0990e-04, PNorm = 34.1191, GNorm = 0.0854, lr_0 = 2.0151e-04
Loss = 6.9507e-04, PNorm = 34.1214, GNorm = 0.1337, lr_0 = 2.0293e-04
Loss = 5.0328e-04, PNorm = 34.1269, GNorm = 0.0941, lr_0 = 2.0436e-04
Loss = 8.9403e-04, PNorm = 34.1273, GNorm = 0.1772, lr_0 = 2.0579e-04
Loss = 6.8732e-04, PNorm = 34.1354, GNorm = 0.1331, lr_0 = 2.0722e-04
Loss = 4.4093e-05, PNorm = 34.1490, GNorm = 0.0152, lr_0 = 2.0865e-04
Loss = 1.3415e-03, PNorm = 34.1395, GNorm = 0.1894, lr_0 = 2.1007e-04
Loss = 7.8089e-04, PNorm = 34.1464, GNorm = 0.2184, lr_0 = 2.1150e-04
Loss = 9.9400e-04, PNorm = 34.1502, GNorm = 0.1425, lr_0 = 2.1293e-04
Loss = 4.9891e-04, PNorm = 34.1566, GNorm = 0.1022, lr_0 = 2.1436e-04
Loss = 1.0643e-03, PNorm = 34.1592, GNorm = 0.1167, lr_0 = 2.1578e-04
Loss = 9.5059e-04, PNorm = 34.1604, GNorm = 0.1150, lr_0 = 2.1721e-04
Loss = 7.1261e-04, PNorm = 34.1660, GNorm = 0.1430, lr_0 = 2.1864e-04
Loss = 3.0837e-04, PNorm = 34.1764, GNorm = 0.0435, lr_0 = 2.2007e-04
Loss = 2.8024e-04, PNorm = 34.1837, GNorm = 0.4709, lr_0 = 2.2149e-04
Loss = 2.6660e-04, PNorm = 34.1823, GNorm = 0.0277, lr_0 = 2.2292e-04
Loss = 2.3822e-04, PNorm = 34.1830, GNorm = 0.3871, lr_0 = 2.2435e-04
Loss = 5.6998e-04, PNorm = 34.1807, GNorm = 0.1223, lr_0 = 2.2578e-04
Loss = 6.8668e-04, PNorm = 34.1866, GNorm = 0.3262, lr_0 = 2.2720e-04
Loss = 9.3903e-04, PNorm = 34.1850, GNorm = 0.1766, lr_0 = 2.2863e-04
Loss = 1.0157e-03, PNorm = 34.1930, GNorm = 0.2286, lr_0 = 2.3006e-04
Loss = 5.0597e-04, PNorm = 34.2005, GNorm = 0.1094, lr_0 = 2.3149e-04
Loss = 1.4676e-03, PNorm = 34.2043, GNorm = 0.7034, lr_0 = 2.3292e-04
Loss = 6.5116e-04, PNorm = 34.2023, GNorm = 0.2219, lr_0 = 2.3434e-04
Loss = 5.1660e-04, PNorm = 34.2110, GNorm = 0.0877, lr_0 = 2.3577e-04
Loss = 5.0003e-04, PNorm = 34.2182, GNorm = 0.0330, lr_0 = 2.3720e-04
Loss = 2.7588e-05, PNorm = 34.2227, GNorm = 0.0223, lr_0 = 2.3863e-04
Loss = 1.5084e-03, PNorm = 34.2169, GNorm = 0.2865, lr_0 = 2.4005e-04
Loss = 7.2358e-04, PNorm = 34.2208, GNorm = 0.2395, lr_0 = 2.4148e-04
Loss = 9.2664e-04, PNorm = 34.2314, GNorm = 0.1038, lr_0 = 2.4291e-04
Loss = 5.0843e-04, PNorm = 34.2396, GNorm = 0.0514, lr_0 = 2.4434e-04
Loss = 7.6578e-04, PNorm = 34.2386, GNorm = 0.1136, lr_0 = 2.4576e-04
Loss = 6.9645e-04, PNorm = 34.2451, GNorm = 0.2301, lr_0 = 2.4719e-04
Loss = 1.5725e-03, PNorm = 34.2424, GNorm = 0.2600, lr_0 = 2.4862e-04
Loss = 1.4083e-03, PNorm = 34.2517, GNorm = 0.1123, lr_0 = 2.5005e-04
Loss = 3.1458e-04, PNorm = 34.2701, GNorm = 0.0570, lr_0 = 2.5148e-04
Loss = 7.1471e-04, PNorm = 34.2778, GNorm = 0.0476, lr_0 = 2.5290e-04
Loss = 2.5325e-04, PNorm = 34.2854, GNorm = 0.0356, lr_0 = 2.5433e-04
Loss = 7.3033e-04, PNorm = 34.2866, GNorm = 0.3568, lr_0 = 2.5576e-04
Loss = 1.1554e-03, PNorm = 34.2829, GNorm = 0.2177, lr_0 = 2.5719e-04
Loss = 7.2220e-04, PNorm = 34.3023, GNorm = 0.1243, lr_0 = 2.5861e-04
Loss = 4.7342e-04, PNorm = 34.3205, GNorm = 0.0411, lr_0 = 2.6004e-04
Loss = 1.1722e-03, PNorm = 34.3203, GNorm = 0.2640, lr_0 = 2.6147e-04
Loss = 5.3140e-04, PNorm = 34.3209, GNorm = 0.1988, lr_0 = 2.6290e-04
Loss = 1.3418e-04, PNorm = 34.3419, GNorm = 0.0502, lr_0 = 2.6432e-04
Loss = 1.5710e-03, PNorm = 34.3418, GNorm = 0.2060, lr_0 = 2.6575e-04
Loss = 7.9116e-04, PNorm = 34.3565, GNorm = 0.1787, lr_0 = 2.6718e-04
Loss = 7.7775e-04, PNorm = 34.3821, GNorm = 0.3490, lr_0 = 2.6861e-04
Loss = 1.0611e-03, PNorm = 34.3797, GNorm = 0.2189, lr_0 = 2.7003e-04
Loss = 8.0092e-04, PNorm = 34.4010, GNorm = 0.3880, lr_0 = 2.7146e-04
Loss = 8.7341e-05, PNorm = 34.4110, GNorm = 0.0392, lr_0 = 2.7289e-04
Loss = 9.4456e-04, PNorm = 34.4067, GNorm = 0.2680, lr_0 = 2.7432e-04
Loss = 6.4978e-04, PNorm = 34.4081, GNorm = 0.1123, lr_0 = 2.7575e-04
Loss = 6.5160e-04, PNorm = 34.4230, GNorm = 0.1213, lr_0 = 2.7717e-04
Loss = 8.2795e-04, PNorm = 34.4406, GNorm = 0.0928, lr_0 = 2.7860e-04
Loss = 9.5119e-04, PNorm = 34.4450, GNorm = 0.1579, lr_0 = 2.8003e-04
Loss = 8.0671e-04, PNorm = 34.4567, GNorm = 0.2420, lr_0 = 2.8146e-04
Loss = 9.4793e-04, PNorm = 34.4645, GNorm = 0.1607, lr_0 = 2.8288e-04
Loss = 5.5993e-04, PNorm = 34.4787, GNorm = 0.3152, lr_0 = 2.8431e-04
Loss = 7.2683e-04, PNorm = 34.4748, GNorm = 0.1036, lr_0 = 2.8574e-04
Loss = 6.6943e-04, PNorm = 34.4841, GNorm = 0.1290, lr_0 = 2.8717e-04
Loss = 8.7656e-04, PNorm = 34.4953, GNorm = 0.0930, lr_0 = 2.8859e-04
Loss = 6.3718e-04, PNorm = 34.4916, GNorm = 0.1505, lr_0 = 2.9002e-04
Loss = 8.3463e-04, PNorm = 34.5024, GNorm = 0.2280, lr_0 = 2.9145e-04
Loss = 6.6520e-04, PNorm = 34.5131, GNorm = 0.2691, lr_0 = 2.9288e-04
Loss = 1.2528e-03, PNorm = 34.5132, GNorm = 0.0745, lr_0 = 2.9431e-04
Loss = 8.7592e-04, PNorm = 34.5391, GNorm = 0.1783, lr_0 = 2.9573e-04
Loss = 6.4260e-04, PNorm = 34.5633, GNorm = 0.0637, lr_0 = 2.9716e-04
Loss = 2.7666e-04, PNorm = 34.5819, GNorm = 0.0215, lr_0 = 2.9859e-04
Loss = 1.4309e-03, PNorm = 34.5565, GNorm = 0.2814, lr_0 = 3.0002e-04
Loss = 7.0975e-04, PNorm = 34.5786, GNorm = 0.0777, lr_0 = 3.0144e-04
Loss = 2.7020e-04, PNorm = 34.5966, GNorm = 0.0200, lr_0 = 3.0287e-04
Loss = 2.9402e-04, PNorm = 34.6009, GNorm = 0.0239, lr_0 = 3.0430e-04
Loss = 5.7476e-04, PNorm = 34.5990, GNorm = 0.0357, lr_0 = 3.0573e-04
Loss = 1.0102e-03, PNorm = 34.5836, GNorm = 0.1170, lr_0 = 3.0715e-04
Loss = 3.4604e-04, PNorm = 34.6022, GNorm = 0.0655, lr_0 = 3.0858e-04
Loss = 5.0444e-04, PNorm = 34.6158, GNorm = 0.3513, lr_0 = 3.1001e-04
Loss = 1.1233e-03, PNorm = 34.6137, GNorm = 0.1235, lr_0 = 3.1144e-04
Loss = 7.1650e-04, PNorm = 34.6244, GNorm = 0.1415, lr_0 = 3.1286e-04
Loss = 6.4387e-04, PNorm = 34.6470, GNorm = 0.0643, lr_0 = 3.1429e-04
Loss = 4.5564e-04, PNorm = 34.6632, GNorm = 0.0484, lr_0 = 3.1572e-04
Loss = 7.0108e-04, PNorm = 34.6663, GNorm = 0.0800, lr_0 = 3.1715e-04
Loss = 6.3019e-04, PNorm = 34.6755, GNorm = 0.0837, lr_0 = 3.1858e-04
Loss = 7.8676e-04, PNorm = 34.6841, GNorm = 0.0857, lr_0 = 3.2000e-04
Loss = 8.7964e-05, PNorm = 34.6961, GNorm = 0.0472, lr_0 = 3.2143e-04
Loss = 4.9847e-04, PNorm = 34.7021, GNorm = 0.0327, lr_0 = 3.2286e-04
Loss = 6.6625e-04, PNorm = 34.7041, GNorm = 0.2374, lr_0 = 3.2429e-04
Loss = 9.7684e-04, PNorm = 34.7033, GNorm = 0.1439, lr_0 = 3.2571e-04
Loss = 1.0506e-03, PNorm = 34.7146, GNorm = 0.2216, lr_0 = 3.2714e-04
Loss = 5.0790e-04, PNorm = 34.7335, GNorm = 0.2037, lr_0 = 3.2857e-04
Loss = 6.2794e-04, PNorm = 34.7462, GNorm = 0.2675, lr_0 = 3.3000e-04
Loss = 4.8075e-04, PNorm = 34.7499, GNorm = 0.0918, lr_0 = 3.3142e-04
Loss = 4.7535e-04, PNorm = 34.7617, GNorm = 0.0796, lr_0 = 3.3285e-04
Loss = 4.4926e-04, PNorm = 34.7768, GNorm = 0.0364, lr_0 = 3.3428e-04
Loss = 2.6936e-04, PNorm = 34.7874, GNorm = 0.3959, lr_0 = 3.3571e-04
Loss = 7.2143e-04, PNorm = 34.7844, GNorm = 0.1129, lr_0 = 3.3714e-04
Loss = 2.8869e-04, PNorm = 34.8074, GNorm = 0.0459, lr_0 = 3.3856e-04
Loss = 8.6011e-04, PNorm = 34.8125, GNorm = 0.2298, lr_0 = 3.3999e-04
Loss = 5.5103e-04, PNorm = 34.8278, GNorm = 0.1108, lr_0 = 3.4142e-04
Loss = 4.4712e-04, PNorm = 34.8504, GNorm = 0.0372, lr_0 = 3.4285e-04
Loss = 8.0555e-04, PNorm = 34.8442, GNorm = 0.0591, lr_0 = 3.4427e-04
Loss = 6.3881e-04, PNorm = 34.8395, GNorm = 0.1077, lr_0 = 3.4570e-04
Loss = 9.6736e-04, PNorm = 34.8542, GNorm = 0.1184, lr_0 = 3.4713e-04
Loss = 9.6955e-04, PNorm = 34.8726, GNorm = 0.1811, lr_0 = 3.4856e-04
Loss = 9.8271e-04, PNorm = 34.8910, GNorm = 0.1278, lr_0 = 3.4998e-04
Loss = 1.0920e-04, PNorm = 34.9213, GNorm = 0.0203, lr_0 = 3.5141e-04
Loss = 1.2133e-03, PNorm = 34.9240, GNorm = 0.0707, lr_0 = 3.5284e-04
Loss = 4.1231e-04, PNorm = 34.9459, GNorm = 0.2982, lr_0 = 3.5427e-04
Loss = 1.3218e-03, PNorm = 34.9482, GNorm = 0.1764, lr_0 = 3.5569e-04
Loss = 7.9693e-04, PNorm = 34.9761, GNorm = 0.5058, lr_0 = 3.5712e-04
Loss = 6.3368e-04, PNorm = 34.9846, GNorm = 0.2922, lr_0 = 3.5855e-04
Loss = 1.3139e-03, PNorm = 34.9882, GNorm = 0.2210, lr_0 = 3.5998e-04
Loss = 1.5710e-04, PNorm = 35.0384, GNorm = 0.0220, lr_0 = 3.6141e-04
Loss = 9.2978e-04, PNorm = 35.0559, GNorm = 0.0062, lr_0 = 3.6283e-04
Loss = 3.5888e-05, PNorm = 35.0478, GNorm = 0.0454, lr_0 = 3.6426e-04
Loss = 1.3471e-03, PNorm = 35.0438, GNorm = 0.1570, lr_0 = 3.6569e-04
Loss = 7.1380e-04, PNorm = 35.0791, GNorm = 0.1198, lr_0 = 3.6712e-04
Loss = 7.0813e-05, PNorm = 35.1232, GNorm = 0.0142, lr_0 = 3.6854e-04
Loss = 7.4992e-04, PNorm = 35.1317, GNorm = 0.2886, lr_0 = 3.6997e-04
Loss = 7.5095e-04, PNorm = 35.1225, GNorm = 0.0861, lr_0 = 3.7140e-04
Loss = 7.9013e-04, PNorm = 35.1457, GNorm = 0.1003, lr_0 = 3.7283e-04
Loss = 9.2169e-04, PNorm = 35.1727, GNorm = 0.0977, lr_0 = 3.7425e-04
Loss = 4.0474e-04, PNorm = 35.2167, GNorm = 0.0475, lr_0 = 3.7568e-04
Loss = 2.3855e-04, PNorm = 35.2337, GNorm = 0.0255, lr_0 = 3.7711e-04
Loss = 1.3491e-03, PNorm = 35.2009, GNorm = 0.5415, lr_0 = 3.7854e-04
Loss = 4.4308e-04, PNorm = 35.2207, GNorm = 0.1239, lr_0 = 3.7997e-04
Loss = 2.6651e-04, PNorm = 35.2506, GNorm = 0.0163, lr_0 = 3.8139e-04
Loss = 6.1797e-04, PNorm = 35.2611, GNorm = 0.3630, lr_0 = 3.8282e-04
Loss = 1.1246e-03, PNorm = 35.2515, GNorm = 0.0982, lr_0 = 3.8425e-04
Loss = 6.0647e-04, PNorm = 35.2833, GNorm = 0.1190, lr_0 = 3.8568e-04
Loss = 1.0218e-03, PNorm = 35.3247, GNorm = 0.2501, lr_0 = 3.8710e-04
Loss = 6.9426e-04, PNorm = 35.3291, GNorm = 0.1242, lr_0 = 3.8853e-04
Loss = 7.1194e-04, PNorm = 35.3531, GNorm = 0.0708, lr_0 = 3.8996e-04
Loss = 9.6150e-04, PNorm = 35.3550, GNorm = 0.1217, lr_0 = 3.9139e-04
Loss = 1.0327e-03, PNorm = 35.3742, GNorm = 0.1285, lr_0 = 3.9281e-04
Loss = 7.8868e-04, PNorm = 35.4105, GNorm = 0.1158, lr_0 = 3.9424e-04
Loss = 9.2577e-04, PNorm = 35.4199, GNorm = 0.0753, lr_0 = 3.9567e-04
Loss = 9.8672e-04, PNorm = 35.4060, GNorm = 0.0753, lr_0 = 3.9710e-04
Loss = 5.8985e-04, PNorm = 35.4096, GNorm = 0.0742, lr_0 = 3.9852e-04
Loss = 8.3919e-04, PNorm = 35.4286, GNorm = 0.0418, lr_0 = 3.9995e-04
Loss = 1.2588e-03, PNorm = 35.4086, GNorm = 0.2445, lr_0 = 4.0138e-04
Loss = 8.2055e-04, PNorm = 35.4235, GNorm = 0.1300, lr_0 = 4.0281e-04
Loss = 6.3888e-04, PNorm = 35.4407, GNorm = 0.0578, lr_0 = 4.0424e-04
Loss = 1.0119e-03, PNorm = 35.4484, GNorm = 0.1292, lr_0 = 4.0566e-04
Loss = 4.7358e-04, PNorm = 35.4709, GNorm = 0.0938, lr_0 = 4.0709e-04
Loss = 2.6648e-04, PNorm = 35.4943, GNorm = 0.0298, lr_0 = 4.0852e-04
Loss = 9.9475e-04, PNorm = 35.4858, GNorm = 0.0788, lr_0 = 4.0995e-04
Loss = 7.9579e-04, PNorm = 35.4927, GNorm = 0.1167, lr_0 = 4.1137e-04
Loss = 8.4814e-04, PNorm = 35.5050, GNorm = 0.1143, lr_0 = 4.1280e-04
Loss = 4.3948e-04, PNorm = 35.5259, GNorm = 0.2652, lr_0 = 4.1423e-04
Loss = 3.2022e-04, PNorm = 35.5415, GNorm = 0.0399, lr_0 = 4.1566e-04
Loss = 6.4911e-04, PNorm = 35.5476, GNorm = 0.5380, lr_0 = 4.1708e-04
Loss = 4.2279e-04, PNorm = 35.5583, GNorm = 0.0495, lr_0 = 4.1851e-04
Loss = 8.8382e-05, PNorm = 35.5740, GNorm = 0.0393, lr_0 = 4.1994e-04
Loss = 8.9414e-04, PNorm = 35.5764, GNorm = 0.0764, lr_0 = 4.2137e-04
Loss = 6.0435e-04, PNorm = 35.5939, GNorm = 0.0983, lr_0 = 4.2280e-04
Loss = 5.2157e-04, PNorm = 35.6101, GNorm = 0.0470, lr_0 = 4.2422e-04
Loss = 4.3811e-04, PNorm = 35.6172, GNorm = 0.0640, lr_0 = 4.2565e-04
Loss = 5.7406e-04, PNorm = 35.6203, GNorm = 0.0402, lr_0 = 4.2708e-04
Loss = 4.7225e-04, PNorm = 35.6179, GNorm = 0.2470, lr_0 = 4.2851e-04
Loss = 8.2283e-04, PNorm = 35.6234, GNorm = 0.0868, lr_0 = 4.2993e-04
Loss = 1.4042e-03, PNorm = 35.6549, GNorm = 0.0745, lr_0 = 4.3136e-04
Loss = 3.0538e-04, PNorm = 35.7038, GNorm = 0.0307, lr_0 = 4.3279e-04
Loss = 7.1143e-04, PNorm = 35.7188, GNorm = 0.0430, lr_0 = 4.3422e-04
Loss = 9.2042e-04, PNorm = 35.7333, GNorm = 0.0844, lr_0 = 4.3564e-04
Loss = 6.6893e-04, PNorm = 35.7674, GNorm = 0.0885, lr_0 = 4.3707e-04
Loss = 4.8361e-04, PNorm = 35.8001, GNorm = 0.0462, lr_0 = 4.3850e-04
Loss = 8.1702e-04, PNorm = 35.8131, GNorm = 0.1862, lr_0 = 4.3993e-04
Loss = 3.1315e-04, PNorm = 35.8345, GNorm = 0.0747, lr_0 = 4.4135e-04
Loss = 4.1984e-04, PNorm = 35.8694, GNorm = 0.0241, lr_0 = 4.4278e-04
Loss = 2.0780e-04, PNorm = 35.8913, GNorm = 0.0403, lr_0 = 4.4421e-04
Loss = 7.6701e-04, PNorm = 35.8924, GNorm = 0.0789, lr_0 = 4.4564e-04
Loss = 1.3418e-03, PNorm = 35.8765, GNorm = 0.1375, lr_0 = 4.4707e-04
Loss = 7.4656e-04, PNorm = 35.8958, GNorm = 0.1782, lr_0 = 4.4849e-04
Loss = 2.7926e-04, PNorm = 35.9158, GNorm = 0.0397, lr_0 = 4.4992e-04
Loss = 4.5311e-04, PNorm = 35.9248, GNorm = 0.0296, lr_0 = 4.5135e-04
Loss = 6.4509e-04, PNorm = 35.9244, GNorm = 0.0559, lr_0 = 4.5278e-04
Loss = 7.9411e-04, PNorm = 35.9272, GNorm = 0.6049, lr_0 = 4.5420e-04
Loss = 8.8733e-04, PNorm = 35.9207, GNorm = 0.1434, lr_0 = 4.5563e-04
Loss = 4.9078e-04, PNorm = 35.9362, GNorm = 0.0401, lr_0 = 4.5706e-04
Loss = 5.6954e-04, PNorm = 35.9434, GNorm = 0.2921, lr_0 = 4.5849e-04
Loss = 1.6432e-03, PNorm = 35.9450, GNorm = 0.1700, lr_0 = 4.5991e-04
Loss = 6.8901e-04, PNorm = 35.9976, GNorm = 0.0877, lr_0 = 4.6134e-04
Loss = 7.9586e-04, PNorm = 36.0377, GNorm = 0.4253, lr_0 = 4.6277e-04
Loss = 4.6494e-04, PNorm = 36.0331, GNorm = 0.0476, lr_0 = 4.6420e-04
Loss = 6.3798e-04, PNorm = 36.0410, GNorm = 0.0756, lr_0 = 4.6563e-04
Loss = 6.9532e-04, PNorm = 36.0592, GNorm = 0.0955, lr_0 = 4.6705e-04
Loss = 8.7257e-04, PNorm = 36.0799, GNorm = 0.1891, lr_0 = 4.6848e-04
Loss = 2.7078e-04, PNorm = 36.1051, GNorm = 0.0420, lr_0 = 4.6991e-04
Loss = 9.0998e-04, PNorm = 36.1070, GNorm = 0.0770, lr_0 = 4.7134e-04
Loss = 1.0073e-03, PNorm = 36.1201, GNorm = 0.1053, lr_0 = 4.7276e-04
Loss = 6.8053e-04, PNorm = 36.1522, GNorm = 0.4686, lr_0 = 4.7419e-04
Loss = 9.5173e-04, PNorm = 36.1270, GNorm = 0.0968, lr_0 = 4.7562e-04
Loss = 1.1870e-04, PNorm = 36.1466, GNorm = 0.0314, lr_0 = 4.7705e-04
Loss = 5.1518e-04, PNorm = 36.1603, GNorm = 0.0150, lr_0 = 4.7847e-04
Loss = 2.9525e-04, PNorm = 36.1576, GNorm = 0.0310, lr_0 = 4.7990e-04
Loss = 4.3321e-04, PNorm = 36.1594, GNorm = 0.0631, lr_0 = 4.8133e-04
Loss = 2.5712e-04, PNorm = 36.1751, GNorm = 0.0393, lr_0 = 4.8276e-04
Loss = 9.7294e-04, PNorm = 36.1811, GNorm = 0.0488, lr_0 = 4.8418e-04
Loss = 8.1030e-04, PNorm = 36.1855, GNorm = 0.1187, lr_0 = 4.8561e-04
Loss = 9.9637e-05, PNorm = 36.2174, GNorm = 0.0267, lr_0 = 4.8704e-04
Loss = 4.6228e-04, PNorm = 36.2340, GNorm = 0.0144, lr_0 = 4.8847e-04
Loss = 9.2134e-04, PNorm = 36.2340, GNorm = 0.4953, lr_0 = 4.8990e-04
Loss = 8.2987e-04, PNorm = 36.2294, GNorm = 0.1589, lr_0 = 4.9132e-04
Loss = 4.8696e-04, PNorm = 36.2711, GNorm = 0.0555, lr_0 = 4.9275e-04
Loss = 4.6310e-04, PNorm = 36.3012, GNorm = 0.0259, lr_0 = 4.9418e-04
Loss = 4.0507e-04, PNorm = 36.3151, GNorm = 0.0228, lr_0 = 4.9561e-04
Loss = 6.4608e-04, PNorm = 36.3182, GNorm = 0.0732, lr_0 = 4.9703e-04
Loss = 9.0623e-04, PNorm = 36.3265, GNorm = 0.1232, lr_0 = 4.9846e-04
Loss = 6.1634e-04, PNorm = 36.3578, GNorm = 0.0899, lr_0 = 4.9989e-04
Loss = 8.5695e-05, PNorm = 36.4051, GNorm = 0.0237, lr_0 = 5.0132e-04
Loss = 7.4934e-04, PNorm = 36.4183, GNorm = 0.0134, lr_0 = 5.0274e-04
Loss = 2.6869e-04, PNorm = 36.4001, GNorm = 0.0549, lr_0 = 5.0417e-04
Loss = 4.6948e-04, PNorm = 36.4140, GNorm = 0.2820, lr_0 = 5.0560e-04
Loss = 6.0695e-05, PNorm = 36.4197, GNorm = 0.0232, lr_0 = 5.0703e-04
Loss = 9.0482e-04, PNorm = 36.4256, GNorm = 0.5237, lr_0 = 5.0845e-04
Loss = 3.4333e-04, PNorm = 36.4281, GNorm = 0.1027, lr_0 = 5.0988e-04
Loss = 7.6054e-04, PNorm = 36.4594, GNorm = 0.0828, lr_0 = 5.1131e-04
Loss = 7.5742e-05, PNorm = 36.4927, GNorm = 0.0270, lr_0 = 5.1274e-04
Loss = 8.0799e-04, PNorm = 36.4915, GNorm = 0.0194, lr_0 = 5.1417e-04
Loss = 6.7868e-04, PNorm = 36.4928, GNorm = 0.1433, lr_0 = 5.1559e-04
Loss = 3.0279e-04, PNorm = 36.5217, GNorm = 0.0501, lr_0 = 5.1702e-04
Loss = 5.5421e-04, PNorm = 36.5437, GNorm = 0.0265, lr_0 = 5.1845e-04
Loss = 6.6262e-04, PNorm = 36.5536, GNorm = 0.0438, lr_0 = 5.1988e-04
Loss = 4.9004e-04, PNorm = 36.5805, GNorm = 0.0729, lr_0 = 5.2130e-04
Loss = 1.1127e-03, PNorm = 36.6077, GNorm = 0.2899, lr_0 = 5.2273e-04
Loss = 6.0708e-04, PNorm = 36.6280, GNorm = 0.0856, lr_0 = 5.2416e-04
Loss = 6.7001e-04, PNorm = 36.6579, GNorm = 0.2164, lr_0 = 5.2559e-04
Loss = 1.3125e-03, PNorm = 36.6646, GNorm = 0.0772, lr_0 = 5.2701e-04
Loss = 9.2153e-04, PNorm = 36.7041, GNorm = 0.2300, lr_0 = 5.2844e-04
Loss = 4.7475e-04, PNorm = 36.7576, GNorm = 0.0513, lr_0 = 5.2987e-04
Loss = 4.1970e-04, PNorm = 36.7963, GNorm = 0.0372, lr_0 = 5.3130e-04
Loss = 5.7751e-04, PNorm = 36.8129, GNorm = 0.0531, lr_0 = 5.3273e-04
Loss = 6.4218e-04, PNorm = 36.8360, GNorm = 0.0652, lr_0 = 5.3415e-04
Loss = 4.2613e-04, PNorm = 36.8818, GNorm = 0.0429, lr_0 = 5.3558e-04
Loss = 9.6711e-04, PNorm = 36.8929, GNorm = 0.1956, lr_0 = 5.3701e-04
Loss = 4.6730e-04, PNorm = 36.8979, GNorm = 0.1118, lr_0 = 5.3844e-04
Loss = 8.6814e-04, PNorm = 36.9374, GNorm = 0.0952, lr_0 = 5.3986e-04
Loss = 5.0855e-04, PNorm = 36.9947, GNorm = 0.0620, lr_0 = 5.4129e-04
Loss = 7.6689e-04, PNorm = 37.0385, GNorm = 0.3246, lr_0 = 5.4272e-04
Loss = 4.0334e-04, PNorm = 37.0381, GNorm = 0.0961, lr_0 = 5.4415e-04
Loss = 2.7690e-04, PNorm = 37.0673, GNorm = 0.0255, lr_0 = 5.4557e-04
Loss = 2.8971e-04, PNorm = 37.0865, GNorm = 0.0164, lr_0 = 5.4700e-04
Loss = 2.7327e-04, PNorm = 37.0901, GNorm = 0.0149, lr_0 = 5.4843e-04
