Fold 0
{'activation': 'ReLU',
 'atom_messages': False,
 'batch_size': 50,
 'bias': False,
 'checkpoint_dir': None,
 'checkpoint_path': None,
 'checkpoint_paths': None,
 'config_path': None,
 'crossval_index_dir': None,
 'crossval_index_file': None,
 'cuda': True,
 'data_path': 'dataset/splitted_csv_files_mpnn_models/centrosome_tr.csv',
 'dataset_type': 'classification',
 'depth': 3,
 'dropout': 0.0,
 'ensemble_size': 1,
 'epochs': 50,
 'features_generator': None,
 'features_only': False,
 'features_path': None,
 'features_scaling': True,
 'ffn_hidden_size': 300,
 'ffn_num_layers': 2,
 'final_lr': 0.0001,
 'folds_file': None,
 'gpu': None,
 'hidden_size': 300,
 'init_lr': 0.0001,
 'log_frequency': 10,
 'max_data_size': None,
 'max_lr': 0.001,
 'metric': 'cohen_k',
 'minimize_score': False,
 'multiclass_num_classes': 3,
 'no_cache': False,
 'num_folds': 1,
 'num_lrs': 1,
 'quiet': False,
 'save_dir': 'saved_models/centrosome/fold_0',
 'save_smiles_splits': False,
 'seed': 0,
 'separate_test_features_path': None,
 'separate_test_path': 'dataset/splitted_csv_files_mpnn_models/centrosome_te.csv',
 'separate_val_features_path': None,
 'separate_val_path': 'dataset/splitted_csv_files_mpnn_models/centrosome_va.csv',
 'show_individual_scores': False,
 'split_sizes': [0.8, 0.1, 0.1],
 'split_type': 'random',
 'test': False,
 'test_fold_index': None,
 'undirected': False,
 'use_compound_names': False,
 'use_input_features': None,
 'val_fold_index': None,
 'warmup_epochs': 2.0}
Loading data
Number of tasks = 1
Splitting data with seed 0
Class sizes
Label 0: 98.90%, 1: 1.10%
Total size = 157,623 | train size = 157,623 | val size = 33,668 | test size = 33,758
Building model 0
MoleculeModel(
  (sigmoid): Sigmoid()
  (encoder): MPN(
    (encoder): MPNEncoder(
      (dropout_layer): Dropout(p=0.0, inplace=False)
      (act_func): ReLU()
      (W_i): Linear(in_features=147, out_features=300, bias=False)
      (W_h): Linear(in_features=300, out_features=300, bias=False)
      (W_o): Linear(in_features=433, out_features=300, bias=True)
    )
  )
  (ffn): Sequential(
    (0): Dropout(p=0.0, inplace=False)
    (1): Linear(in_features=300, out_features=300, bias=True)
    (2): ReLU()
    (3): Dropout(p=0.0, inplace=False)
    (4): Linear(in_features=300, out_features=1, bias=True)
  )
)
Number of parameters = 354,901
Moving model to cuda
Epoch 0
Loss = 6.7993e-03, PNorm = 34.0037, GNorm = 1.5087, lr_0 = 1.0157e-04
Loss = 1.5579e-03, PNorm = 34.0100, GNorm = 0.3314, lr_0 = 1.0300e-04
Loss = 1.3464e-03, PNorm = 34.0139, GNorm = 0.1187, lr_0 = 1.0443e-04
Loss = 9.5380e-04, PNorm = 34.0148, GNorm = 0.0939, lr_0 = 1.0585e-04
Loss = 2.1582e-03, PNorm = 34.0135, GNorm = 0.1348, lr_0 = 1.0728e-04
Loss = 1.4734e-03, PNorm = 34.0123, GNorm = 0.1285, lr_0 = 1.0871e-04
Loss = 1.2937e-03, PNorm = 34.0117, GNorm = 0.2507, lr_0 = 1.1014e-04
Loss = 1.3784e-03, PNorm = 34.0126, GNorm = 0.4688, lr_0 = 1.1156e-04
Loss = 7.9367e-04, PNorm = 34.0143, GNorm = 0.1845, lr_0 = 1.1299e-04
Loss = 1.3101e-03, PNorm = 34.0150, GNorm = 0.1739, lr_0 = 1.1442e-04
Loss = 9.3483e-04, PNorm = 34.0159, GNorm = 0.1533, lr_0 = 1.1585e-04
Loss = 5.5781e-04, PNorm = 34.0178, GNorm = 0.1345, lr_0 = 1.1727e-04
Loss = 1.5491e-03, PNorm = 34.0174, GNorm = 0.1584, lr_0 = 1.1870e-04
Loss = 5.2803e-04, PNorm = 34.0194, GNorm = 0.2488, lr_0 = 1.2013e-04
Loss = 1.0663e-03, PNorm = 34.0212, GNorm = 0.2611, lr_0 = 1.2156e-04
Loss = 1.5923e-03, PNorm = 34.0208, GNorm = 0.1710, lr_0 = 1.2299e-04
Loss = 2.1386e-03, PNorm = 34.0178, GNorm = 0.4332, lr_0 = 1.2441e-04
Loss = 1.3006e-03, PNorm = 34.0184, GNorm = 0.3346, lr_0 = 1.2584e-04
Loss = 1.1693e-03, PNorm = 34.0224, GNorm = 0.2292, lr_0 = 1.2727e-04
Loss = 1.2467e-03, PNorm = 34.0234, GNorm = 0.1750, lr_0 = 1.2870e-04
Loss = 1.0298e-03, PNorm = 34.0248, GNorm = 0.5432, lr_0 = 1.3012e-04
Loss = 1.5225e-03, PNorm = 34.0245, GNorm = 0.2419, lr_0 = 1.3155e-04
Loss = 1.2823e-03, PNorm = 34.0254, GNorm = 0.1956, lr_0 = 1.3298e-04
Loss = 1.5543e-03, PNorm = 34.0268, GNorm = 0.1548, lr_0 = 1.3441e-04
Loss = 1.6693e-03, PNorm = 34.0276, GNorm = 0.2954, lr_0 = 1.3583e-04
Loss = 1.9459e-03, PNorm = 34.0308, GNorm = 0.4446, lr_0 = 1.3726e-04
Loss = 1.0528e-03, PNorm = 34.0350, GNorm = 0.2669, lr_0 = 1.3869e-04
Loss = 1.4997e-03, PNorm = 34.0378, GNorm = 0.1941, lr_0 = 1.4012e-04
Loss = 1.3827e-03, PNorm = 34.0353, GNorm = 0.3319, lr_0 = 1.4155e-04
Loss = 6.4169e-04, PNorm = 34.0397, GNorm = 0.1328, lr_0 = 1.4297e-04
Loss = 1.4914e-03, PNorm = 34.0385, GNorm = 0.1525, lr_0 = 1.4440e-04
Loss = 8.6334e-04, PNorm = 34.0374, GNorm = 0.2334, lr_0 = 1.4583e-04
Loss = 1.1247e-03, PNorm = 34.0373, GNorm = 0.1785, lr_0 = 1.4726e-04
Loss = 1.1244e-03, PNorm = 34.0370, GNorm = 0.1792, lr_0 = 1.4868e-04
Loss = 7.1319e-04, PNorm = 34.0388, GNorm = 0.1294, lr_0 = 1.5011e-04
Loss = 9.7343e-04, PNorm = 34.0398, GNorm = 0.2887, lr_0 = 1.5154e-04
Loss = 1.6195e-03, PNorm = 34.0368, GNorm = 0.0899, lr_0 = 1.5297e-04
Loss = 1.2486e-03, PNorm = 34.0376, GNorm = 0.2826, lr_0 = 1.5439e-04
Loss = 1.2891e-03, PNorm = 34.0404, GNorm = 0.1594, lr_0 = 1.5582e-04
Loss = 8.8648e-04, PNorm = 34.0429, GNorm = 0.1307, lr_0 = 1.5725e-04
Loss = 7.2732e-04, PNorm = 34.0447, GNorm = 0.1366, lr_0 = 1.5868e-04
Loss = 7.6008e-04, PNorm = 34.0458, GNorm = 0.1146, lr_0 = 1.6010e-04
Loss = 1.4664e-03, PNorm = 34.0452, GNorm = 0.2100, lr_0 = 1.6153e-04
Loss = 4.0828e-04, PNorm = 34.0495, GNorm = 0.1488, lr_0 = 1.6296e-04
Loss = 1.2920e-03, PNorm = 34.0505, GNorm = 0.1632, lr_0 = 1.6439e-04
Loss = 4.3365e-04, PNorm = 34.0542, GNorm = 0.1092, lr_0 = 1.6582e-04
Loss = 6.9820e-04, PNorm = 34.0561, GNorm = 0.0880, lr_0 = 1.6724e-04
Loss = 3.0491e-04, PNorm = 34.0600, GNorm = 0.5121, lr_0 = 1.6867e-04
Loss = 1.7229e-03, PNorm = 34.0550, GNorm = 0.3106, lr_0 = 1.7010e-04
Loss = 1.3956e-03, PNorm = 34.0588, GNorm = 0.2720, lr_0 = 1.7153e-04
Loss = 1.3015e-03, PNorm = 34.0660, GNorm = 0.2553, lr_0 = 1.7295e-04
Loss = 1.8344e-03, PNorm = 34.0628, GNorm = 0.3011, lr_0 = 1.7438e-04
Loss = 1.2091e-03, PNorm = 34.0674, GNorm = 0.0719, lr_0 = 1.7581e-04
Loss = 5.3516e-04, PNorm = 34.0771, GNorm = 0.3315, lr_0 = 1.7724e-04
Loss = 1.6215e-03, PNorm = 34.0742, GNorm = 0.2141, lr_0 = 1.7866e-04
Loss = 1.0284e-03, PNorm = 34.0737, GNorm = 0.0697, lr_0 = 1.8009e-04
Loss = 9.0840e-04, PNorm = 34.0794, GNorm = 0.2280, lr_0 = 1.8152e-04
Loss = 9.2978e-04, PNorm = 34.0807, GNorm = 0.1608, lr_0 = 1.8295e-04
Loss = 1.0916e-03, PNorm = 34.0840, GNorm = 0.6299, lr_0 = 1.8438e-04
Loss = 9.7655e-04, PNorm = 34.0859, GNorm = 0.1650, lr_0 = 1.8580e-04
Loss = 1.3067e-03, PNorm = 34.0860, GNorm = 0.2828, lr_0 = 1.8723e-04
Loss = 1.2546e-03, PNorm = 34.0895, GNorm = 0.1648, lr_0 = 1.8866e-04
Loss = 1.4610e-03, PNorm = 34.0921, GNorm = 0.1719, lr_0 = 1.9009e-04
Loss = 1.1683e-03, PNorm = 34.0955, GNorm = 0.2271, lr_0 = 1.9151e-04
Loss = 5.6003e-04, PNorm = 34.1054, GNorm = 0.0922, lr_0 = 1.9294e-04
Loss = 1.6799e-03, PNorm = 34.1042, GNorm = 0.5714, lr_0 = 1.9437e-04
Loss = 1.3946e-03, PNorm = 34.1039, GNorm = 0.0735, lr_0 = 1.9580e-04
Loss = 1.0749e-03, PNorm = 34.1146, GNorm = 0.1660, lr_0 = 1.9722e-04
Loss = 8.6001e-04, PNorm = 34.1199, GNorm = 0.1031, lr_0 = 1.9865e-04
Loss = 8.7233e-04, PNorm = 34.1224, GNorm = 0.2847, lr_0 = 2.0008e-04
Loss = 1.6204e-03, PNorm = 34.1179, GNorm = 0.2831, lr_0 = 2.0151e-04
Loss = 1.1102e-03, PNorm = 34.1269, GNorm = 0.2143, lr_0 = 2.0293e-04
Loss = 6.9411e-04, PNorm = 34.1370, GNorm = 0.0847, lr_0 = 2.0436e-04
Loss = 1.8640e-03, PNorm = 34.1324, GNorm = 0.1178, lr_0 = 2.0579e-04
Loss = 1.2622e-03, PNorm = 34.1370, GNorm = 0.0723, lr_0 = 2.0722e-04
Loss = 1.2074e-03, PNorm = 34.1490, GNorm = 0.2151, lr_0 = 2.0865e-04
Loss = 1.7546e-03, PNorm = 34.1461, GNorm = 0.3368, lr_0 = 2.1007e-04
Loss = 1.6227e-03, PNorm = 34.1538, GNorm = 0.4016, lr_0 = 2.1150e-04
Loss = 1.5585e-03, PNorm = 34.1552, GNorm = 0.1301, lr_0 = 2.1293e-04
Loss = 9.6644e-04, PNorm = 34.1598, GNorm = 0.1936, lr_0 = 2.1436e-04
Loss = 9.6089e-04, PNorm = 34.1692, GNorm = 0.2949, lr_0 = 2.1578e-04
Loss = 5.3720e-04, PNorm = 34.1724, GNorm = 0.0816, lr_0 = 2.1721e-04
Loss = 4.7748e-04, PNorm = 34.1756, GNorm = 0.3169, lr_0 = 2.1864e-04
Loss = 1.3281e-03, PNorm = 34.1713, GNorm = 0.1447, lr_0 = 2.2007e-04
Loss = 9.0435e-04, PNorm = 34.1757, GNorm = 0.2084, lr_0 = 2.2149e-04
Loss = 1.0787e-03, PNorm = 34.1815, GNorm = 0.1409, lr_0 = 2.2292e-04
Loss = 1.1183e-03, PNorm = 34.1849, GNorm = 0.2259, lr_0 = 2.2435e-04
Loss = 1.6432e-03, PNorm = 34.1810, GNorm = 0.0865, lr_0 = 2.2578e-04
Loss = 4.5419e-04, PNorm = 34.1908, GNorm = 0.1099, lr_0 = 2.2720e-04
Loss = 1.5552e-03, PNorm = 34.1931, GNorm = 0.1055, lr_0 = 2.2863e-04
Loss = 1.4208e-03, PNorm = 34.1933, GNorm = 0.2701, lr_0 = 2.3006e-04
Loss = 6.4046e-04, PNorm = 34.2082, GNorm = 0.2657, lr_0 = 2.3149e-04
Loss = 1.5247e-03, PNorm = 34.2119, GNorm = 0.8953, lr_0 = 2.3292e-04
Loss = 1.0585e-03, PNorm = 34.2092, GNorm = 0.2611, lr_0 = 2.3434e-04
Loss = 7.6720e-04, PNorm = 34.2230, GNorm = 0.3081, lr_0 = 2.3577e-04
Loss = 2.0445e-03, PNorm = 34.2154, GNorm = 0.0902, lr_0 = 2.3720e-04
Loss = 1.4306e-03, PNorm = 34.2235, GNorm = 0.0972, lr_0 = 2.3863e-04
Loss = 4.9170e-04, PNorm = 34.2371, GNorm = 0.0623, lr_0 = 2.4005e-04
Loss = 7.6185e-04, PNorm = 34.2409, GNorm = 0.0614, lr_0 = 2.4148e-04
Loss = 1.7077e-03, PNorm = 34.2360, GNorm = 0.0683, lr_0 = 2.4291e-04
Loss = 6.4027e-04, PNorm = 34.2480, GNorm = 0.1557, lr_0 = 2.4434e-04
Loss = 2.1032e-03, PNorm = 34.2449, GNorm = 0.0794, lr_0 = 2.4576e-04
Loss = 1.4336e-03, PNorm = 34.2521, GNorm = 0.2688, lr_0 = 2.4719e-04
Loss = 1.1566e-03, PNorm = 34.2646, GNorm = 0.1406, lr_0 = 2.4862e-04
Loss = 1.7487e-03, PNorm = 34.2671, GNorm = 0.2462, lr_0 = 2.5005e-04
Loss = 1.6959e-03, PNorm = 34.2780, GNorm = 0.1457, lr_0 = 2.5148e-04
Loss = 7.7650e-04, PNorm = 34.3023, GNorm = 0.0654, lr_0 = 2.5290e-04
Loss = 1.2519e-03, PNorm = 34.3046, GNorm = 0.3171, lr_0 = 2.5433e-04
Loss = 1.5877e-03, PNorm = 34.2947, GNorm = 0.1232, lr_0 = 2.5576e-04
Loss = 5.4892e-04, PNorm = 34.3137, GNorm = 0.1064, lr_0 = 2.5719e-04
Loss = 1.2817e-03, PNorm = 34.3214, GNorm = 0.2637, lr_0 = 2.5861e-04
Loss = 1.1616e-03, PNorm = 34.3186, GNorm = 0.1945, lr_0 = 2.6004e-04
Loss = 1.9236e-03, PNorm = 34.3222, GNorm = 0.1113, lr_0 = 2.6147e-04
Loss = 1.1274e-03, PNorm = 34.3318, GNorm = 0.1890, lr_0 = 2.6290e-04
Loss = 1.1646e-03, PNorm = 34.3369, GNorm = 0.1783, lr_0 = 2.6432e-04
Loss = 1.1698e-03, PNorm = 34.3442, GNorm = 0.1812, lr_0 = 2.6575e-04
Loss = 1.2674e-03, PNorm = 34.3514, GNorm = 0.1715, lr_0 = 2.6718e-04
Loss = 2.1417e-03, PNorm = 34.3530, GNorm = 0.2983, lr_0 = 2.6861e-04
Loss = 7.2511e-04, PNorm = 34.3724, GNorm = 0.1352, lr_0 = 2.7003e-04
Loss = 1.1431e-03, PNorm = 34.3805, GNorm = 0.0908, lr_0 = 2.7146e-04
Loss = 2.1179e-03, PNorm = 34.3806, GNorm = 0.2715, lr_0 = 2.7289e-04
Loss = 7.0818e-04, PNorm = 34.4033, GNorm = 0.1283, lr_0 = 2.7432e-04
Loss = 7.4411e-04, PNorm = 34.4187, GNorm = 0.0493, lr_0 = 2.7575e-04
Loss = 9.3766e-04, PNorm = 34.4201, GNorm = 0.1134, lr_0 = 2.7717e-04
Loss = 1.5461e-03, PNorm = 34.4244, GNorm = 0.3794, lr_0 = 2.7860e-04
Loss = 5.5822e-04, PNorm = 34.4349, GNorm = 0.0973, lr_0 = 2.8003e-04
Loss = 1.7306e-03, PNorm = 34.4375, GNorm = 0.5184, lr_0 = 2.8146e-04
Loss = 1.0839e-03, PNorm = 34.4388, GNorm = 0.2701, lr_0 = 2.8288e-04
Loss = 9.2083e-04, PNorm = 34.4632, GNorm = 0.0771, lr_0 = 2.8431e-04
Loss = 1.4209e-03, PNorm = 34.4676, GNorm = 0.4651, lr_0 = 2.8574e-04
Loss = 1.2692e-03, PNorm = 34.4692, GNorm = 0.2950, lr_0 = 2.8717e-04
Loss = 1.7016e-03, PNorm = 34.4892, GNorm = 0.1026, lr_0 = 2.8859e-04
Loss = 1.0532e-03, PNorm = 34.5026, GNorm = 0.1627, lr_0 = 2.9002e-04
Loss = 6.2676e-04, PNorm = 34.5197, GNorm = 0.0806, lr_0 = 2.9145e-04
Loss = 1.2319e-03, PNorm = 34.5269, GNorm = 0.2740, lr_0 = 2.9288e-04
Loss = 7.2791e-04, PNorm = 34.5342, GNorm = 0.1476, lr_0 = 2.9431e-04
Loss = 8.0720e-04, PNorm = 34.5461, GNorm = 0.0965, lr_0 = 2.9573e-04
Loss = 1.5650e-03, PNorm = 34.5495, GNorm = 0.0838, lr_0 = 2.9716e-04
Loss = 8.1974e-04, PNorm = 34.5672, GNorm = 0.1463, lr_0 = 2.9859e-04
Loss = 7.5491e-04, PNorm = 34.5744, GNorm = 0.0820, lr_0 = 3.0002e-04
Loss = 6.6872e-04, PNorm = 34.5769, GNorm = 0.0567, lr_0 = 3.0144e-04
Loss = 1.1947e-03, PNorm = 34.5705, GNorm = 0.1409, lr_0 = 3.0287e-04
Loss = 7.3977e-04, PNorm = 34.5752, GNorm = 0.1415, lr_0 = 3.0430e-04
Loss = 8.7515e-04, PNorm = 34.5837, GNorm = 0.0909, lr_0 = 3.0573e-04
Loss = 1.6245e-03, PNorm = 34.5857, GNorm = 0.2267, lr_0 = 3.0715e-04
Loss = 1.0665e-03, PNorm = 34.6096, GNorm = 0.1792, lr_0 = 3.0858e-04
Loss = 2.7757e-04, PNorm = 34.6279, GNorm = 0.0445, lr_0 = 3.1001e-04
Loss = 1.7273e-03, PNorm = 34.6164, GNorm = 0.2122, lr_0 = 3.1144e-04
Loss = 1.6795e-03, PNorm = 34.6295, GNorm = 0.0846, lr_0 = 3.1286e-04
Loss = 1.5129e-03, PNorm = 34.6428, GNorm = 0.2448, lr_0 = 3.1429e-04
Loss = 1.0764e-03, PNorm = 34.6657, GNorm = 0.2188, lr_0 = 3.1572e-04
Loss = 9.2874e-04, PNorm = 34.6802, GNorm = 0.1766, lr_0 = 3.1715e-04
Loss = 6.9073e-04, PNorm = 34.6932, GNorm = 0.3254, lr_0 = 3.1858e-04
Loss = 1.1654e-03, PNorm = 34.7029, GNorm = 0.3856, lr_0 = 3.2000e-04
Loss = 1.5803e-03, PNorm = 34.7125, GNorm = 0.0893, lr_0 = 3.2143e-04
Loss = 8.1124e-04, PNorm = 34.7396, GNorm = 0.0644, lr_0 = 3.2286e-04
Loss = 1.4934e-03, PNorm = 34.7413, GNorm = 0.2535, lr_0 = 3.2429e-04
Loss = 4.3026e-04, PNorm = 34.7530, GNorm = 0.1462, lr_0 = 3.2571e-04
Loss = 5.5163e-04, PNorm = 34.7733, GNorm = 0.0378, lr_0 = 3.2714e-04
Loss = 1.5132e-03, PNorm = 34.7742, GNorm = 0.0621, lr_0 = 3.2857e-04
Loss = 1.1838e-03, PNorm = 34.7766, GNorm = 0.2417, lr_0 = 3.3000e-04
Loss = 1.2471e-03, PNorm = 34.7982, GNorm = 0.1021, lr_0 = 3.3142e-04
Loss = 1.2450e-03, PNorm = 34.8100, GNorm = 0.1496, lr_0 = 3.3285e-04
Loss = 1.5346e-03, PNorm = 34.8197, GNorm = 0.1358, lr_0 = 3.3428e-04
Loss = 6.2929e-04, PNorm = 34.8557, GNorm = 0.0495, lr_0 = 3.3571e-04
Loss = 6.6724e-04, PNorm = 34.8607, GNorm = 0.0403, lr_0 = 3.3714e-04
Loss = 1.4123e-03, PNorm = 34.8474, GNorm = 0.1006, lr_0 = 3.3856e-04
Loss = 9.8404e-04, PNorm = 34.8610, GNorm = 0.4334, lr_0 = 3.3999e-04
Loss = 1.1025e-03, PNorm = 34.8730, GNorm = 0.3180, lr_0 = 3.4142e-04
Loss = 7.2743e-04, PNorm = 34.8872, GNorm = 0.0994, lr_0 = 3.4285e-04
Loss = 1.5267e-03, PNorm = 34.8827, GNorm = 0.1358, lr_0 = 3.4427e-04
Loss = 9.5688e-04, PNorm = 34.9050, GNorm = 0.1222, lr_0 = 3.4570e-04
Loss = 1.4624e-03, PNorm = 34.9157, GNorm = 0.1640, lr_0 = 3.4713e-04
Loss = 1.2865e-03, PNorm = 34.9343, GNorm = 0.2287, lr_0 = 3.4856e-04
Loss = 8.9198e-04, PNorm = 34.9669, GNorm = 0.0535, lr_0 = 3.4998e-04
Loss = 7.5938e-04, PNorm = 34.9631, GNorm = 0.0694, lr_0 = 3.5141e-04
Loss = 1.3713e-03, PNorm = 34.9612, GNorm = 0.1049, lr_0 = 3.5284e-04
Loss = 1.3880e-03, PNorm = 34.9872, GNorm = 0.3574, lr_0 = 3.5427e-04
Loss = 1.5872e-03, PNorm = 34.9988, GNorm = 0.1874, lr_0 = 3.5569e-04
Loss = 1.6438e-03, PNorm = 35.0074, GNorm = 0.1088, lr_0 = 3.5712e-04
Loss = 1.4078e-03, PNorm = 35.0298, GNorm = 0.5085, lr_0 = 3.5855e-04
Loss = 6.6876e-04, PNorm = 35.0409, GNorm = 0.1364, lr_0 = 3.5998e-04
Loss = 1.1955e-03, PNorm = 35.0547, GNorm = 0.1920, lr_0 = 3.6141e-04
Loss = 1.1208e-03, PNorm = 35.0666, GNorm = 0.7195, lr_0 = 3.6283e-04
Loss = 8.6538e-04, PNorm = 35.0801, GNorm = 0.1557, lr_0 = 3.6426e-04
Loss = 1.2373e-03, PNorm = 35.0990, GNorm = 0.1115, lr_0 = 3.6569e-04
Loss = 6.9149e-04, PNorm = 35.1153, GNorm = 0.0790, lr_0 = 3.6712e-04
Loss = 1.1866e-03, PNorm = 35.1241, GNorm = 0.2495, lr_0 = 3.6854e-04
Loss = 7.1782e-04, PNorm = 35.1434, GNorm = 0.1050, lr_0 = 3.6997e-04
Loss = 1.0763e-03, PNorm = 35.1475, GNorm = 0.2094, lr_0 = 3.7140e-04
Loss = 4.8579e-04, PNorm = 35.1637, GNorm = 0.0727, lr_0 = 3.7283e-04
Loss = 9.4389e-04, PNorm = 35.1699, GNorm = 0.0577, lr_0 = 3.7425e-04
Loss = 7.6760e-04, PNorm = 35.1662, GNorm = 0.2376, lr_0 = 3.7568e-04
Loss = 1.1573e-03, PNorm = 35.1739, GNorm = 0.1258, lr_0 = 3.7711e-04
Loss = 6.3732e-04, PNorm = 35.1943, GNorm = 0.2091, lr_0 = 3.7854e-04
Loss = 1.7315e-03, PNorm = 35.1876, GNorm = 0.0970, lr_0 = 3.7997e-04
Loss = 1.3263e-03, PNorm = 35.2113, GNorm = 0.2344, lr_0 = 3.8139e-04
Loss = 1.1619e-03, PNorm = 35.2488, GNorm = 0.5419, lr_0 = 3.8282e-04
Loss = 1.3825e-03, PNorm = 35.2512, GNorm = 0.2456, lr_0 = 3.8425e-04
Loss = 1.1874e-03, PNorm = 35.2729, GNorm = 0.1623, lr_0 = 3.8568e-04
Loss = 1.2023e-03, PNorm = 35.2965, GNorm = 0.1583, lr_0 = 3.8710e-04
Loss = 9.7147e-04, PNorm = 35.3128, GNorm = 0.1078, lr_0 = 3.8853e-04
Loss = 5.5966e-04, PNorm = 35.3347, GNorm = 0.0430, lr_0 = 3.8996e-04
Loss = 9.0405e-04, PNorm = 35.3351, GNorm = 0.0643, lr_0 = 3.9139e-04
Loss = 1.5667e-03, PNorm = 35.3399, GNorm = 0.2708, lr_0 = 3.9281e-04
Loss = 1.4259e-03, PNorm = 35.3748, GNorm = 0.2605, lr_0 = 3.9424e-04
Loss = 1.1568e-03, PNorm = 35.3868, GNorm = 0.1106, lr_0 = 3.9567e-04
Loss = 7.3759e-04, PNorm = 35.4180, GNorm = 0.1031, lr_0 = 3.9710e-04
Loss = 2.5419e-04, PNorm = 35.4595, GNorm = 0.0343, lr_0 = 3.9852e-04
Loss = 8.4561e-04, PNorm = 35.4633, GNorm = 0.0559, lr_0 = 3.9995e-04
Loss = 6.6964e-04, PNorm = 35.4660, GNorm = 0.1335, lr_0 = 4.0138e-04
Loss = 1.0982e-03, PNorm = 35.4882, GNorm = 0.1618, lr_0 = 4.0281e-04
Loss = 1.0235e-03, PNorm = 35.5305, GNorm = 0.1338, lr_0 = 4.0424e-04
Loss = 1.1955e-03, PNorm = 35.5518, GNorm = 0.1319, lr_0 = 4.0566e-04
Loss = 8.3935e-04, PNorm = 35.5826, GNorm = 0.3291, lr_0 = 4.0709e-04
Loss = 1.1715e-03, PNorm = 35.5952, GNorm = 0.1700, lr_0 = 4.0852e-04
Loss = 1.0139e-03, PNorm = 35.6243, GNorm = 0.1498, lr_0 = 4.0995e-04
Loss = 1.0475e-03, PNorm = 35.6568, GNorm = 0.1555, lr_0 = 4.1137e-04
Loss = 1.0378e-03, PNorm = 35.6767, GNorm = 0.1980, lr_0 = 4.1280e-04
Loss = 9.6626e-04, PNorm = 35.7236, GNorm = 0.0698, lr_0 = 4.1423e-04
Loss = 5.0380e-04, PNorm = 35.7584, GNorm = 0.0911, lr_0 = 4.1566e-04
Loss = 1.2181e-03, PNorm = 35.7635, GNorm = 0.6557, lr_0 = 4.1708e-04
Loss = 5.4095e-04, PNorm = 35.8048, GNorm = 0.0966, lr_0 = 4.1851e-04
Loss = 1.1653e-03, PNorm = 35.8091, GNorm = 0.2816, lr_0 = 4.1994e-04
Loss = 8.4428e-04, PNorm = 35.8172, GNorm = 0.1324, lr_0 = 4.2137e-04
Loss = 1.3733e-03, PNorm = 35.8414, GNorm = 0.1256, lr_0 = 4.2280e-04
Loss = 7.2908e-04, PNorm = 35.8806, GNorm = 0.0265, lr_0 = 4.2422e-04
Loss = 1.5177e-03, PNorm = 35.8921, GNorm = 0.1269, lr_0 = 4.2565e-04
Loss = 7.7375e-04, PNorm = 35.9268, GNorm = 0.2659, lr_0 = 4.2708e-04
Loss = 1.3357e-03, PNorm = 35.9414, GNorm = 0.1549, lr_0 = 4.2851e-04
Loss = 4.8368e-04, PNorm = 35.9832, GNorm = 0.0484, lr_0 = 4.2993e-04
Loss = 8.7243e-04, PNorm = 35.9979, GNorm = 0.1380, lr_0 = 4.3136e-04
Loss = 1.7999e-03, PNorm = 35.9892, GNorm = 0.1284, lr_0 = 4.3279e-04
Loss = 1.0570e-03, PNorm = 36.0290, GNorm = 0.7199, lr_0 = 4.3422e-04
Loss = 1.0943e-03, PNorm = 36.0332, GNorm = 0.0966, lr_0 = 4.3564e-04
Loss = 8.7329e-04, PNorm = 36.0525, GNorm = 0.1413, lr_0 = 4.3707e-04
Loss = 1.1021e-03, PNorm = 36.0808, GNorm = 0.1547, lr_0 = 4.3850e-04
Loss = 7.8027e-04, PNorm = 36.1104, GNorm = 0.1368, lr_0 = 4.3993e-04
Loss = 7.2475e-04, PNorm = 36.1384, GNorm = 0.4060, lr_0 = 4.4135e-04
Loss = 1.1569e-03, PNorm = 36.1396, GNorm = 0.1830, lr_0 = 4.4278e-04
Loss = 5.1617e-04, PNorm = 36.1792, GNorm = 0.0397, lr_0 = 4.4421e-04
Loss = 1.5736e-03, PNorm = 36.1815, GNorm = 0.0637, lr_0 = 4.4564e-04
Loss = 7.9600e-04, PNorm = 36.1945, GNorm = 0.1140, lr_0 = 4.4707e-04
Loss = 4.7301e-04, PNorm = 36.2355, GNorm = 0.0140, lr_0 = 4.4849e-04
Loss = 1.6286e-03, PNorm = 36.2230, GNorm = 0.1270, lr_0 = 4.4992e-04
Loss = 9.9728e-04, PNorm = 36.2467, GNorm = 0.2228, lr_0 = 4.5135e-04
Loss = 9.7223e-04, PNorm = 36.2655, GNorm = 0.1294, lr_0 = 4.5278e-04
Loss = 7.7792e-04, PNorm = 36.2826, GNorm = 0.1947, lr_0 = 4.5420e-04
Loss = 1.2552e-03, PNorm = 36.2882, GNorm = 0.1557, lr_0 = 4.5563e-04
Loss = 7.2386e-04, PNorm = 36.3082, GNorm = 0.0641, lr_0 = 4.5706e-04
Loss = 1.0449e-03, PNorm = 36.3206, GNorm = 0.1155, lr_0 = 4.5849e-04
Loss = 1.1047e-03, PNorm = 36.3395, GNorm = 0.1196, lr_0 = 4.5991e-04
Loss = 8.5560e-04, PNorm = 36.3692, GNorm = 0.1554, lr_0 = 4.6134e-04
Loss = 1.3287e-03, PNorm = 36.3828, GNorm = 0.3734, lr_0 = 4.6277e-04
Loss = 1.5687e-03, PNorm = 36.4070, GNorm = 0.1201, lr_0 = 4.6420e-04
Loss = 8.9645e-04, PNorm = 36.4447, GNorm = 0.1407, lr_0 = 4.6563e-04
Loss = 1.1842e-03, PNorm = 36.4586, GNorm = 0.1580, lr_0 = 4.6705e-04
Loss = 1.0652e-03, PNorm = 36.4727, GNorm = 0.2850, lr_0 = 4.6848e-04
Loss = 8.5781e-04, PNorm = 36.5101, GNorm = 0.0818, lr_0 = 4.6991e-04
Loss = 1.3843e-03, PNorm = 36.5295, GNorm = 0.4519, lr_0 = 4.7134e-04
Loss = 1.0599e-03, PNorm = 36.5653, GNorm = 0.3463, lr_0 = 4.7276e-04
Loss = 1.5139e-03, PNorm = 36.5766, GNorm = 0.6056, lr_0 = 4.7419e-04
Loss = 1.2676e-03, PNorm = 36.5923, GNorm = 0.2045, lr_0 = 4.7562e-04
Loss = 5.3450e-04, PNorm = 36.6397, GNorm = 0.0686, lr_0 = 4.7705e-04
Loss = 1.1643e-03, PNorm = 36.6409, GNorm = 0.1231, lr_0 = 4.7847e-04
Loss = 1.3047e-03, PNorm = 36.6469, GNorm = 0.1226, lr_0 = 4.7990e-04
Loss = 1.0364e-03, PNorm = 36.6701, GNorm = 0.3346, lr_0 = 4.8133e-04
Loss = 2.2168e-04, PNorm = 36.6983, GNorm = 0.0585, lr_0 = 4.8276e-04
Loss = 9.6164e-04, PNorm = 36.7156, GNorm = 0.2684, lr_0 = 4.8418e-04
Loss = 9.9515e-04, PNorm = 36.7399, GNorm = 0.1447, lr_0 = 4.8561e-04
Loss = 3.7144e-04, PNorm = 36.7893, GNorm = 0.0393, lr_0 = 4.8704e-04
Loss = 1.4364e-03, PNorm = 36.7896, GNorm = 0.2240, lr_0 = 4.8847e-04
Loss = 1.1521e-03, PNorm = 36.8084, GNorm = 0.2498, lr_0 = 4.8990e-04
Loss = 1.0224e-03, PNorm = 36.8453, GNorm = 0.5618, lr_0 = 4.9132e-04
Loss = 1.1107e-03, PNorm = 36.8520, GNorm = 0.1524, lr_0 = 4.9275e-04
Loss = 4.2730e-04, PNorm = 36.8824, GNorm = 0.0588, lr_0 = 4.9418e-04
Loss = 2.1231e-03, PNorm = 36.8943, GNorm = 0.6638, lr_0 = 4.9561e-04
Loss = 6.8639e-04, PNorm = 36.9646, GNorm = 0.0191, lr_0 = 4.9703e-04
Loss = 1.0574e-03, PNorm = 36.9786, GNorm = 0.0197, lr_0 = 4.9846e-04
Loss = 3.5109e-04, PNorm = 36.9913, GNorm = 0.0737, lr_0 = 4.9989e-04
Loss = 5.8165e-04, PNorm = 37.0248, GNorm = 0.0720, lr_0 = 5.0132e-04
Loss = 1.3892e-03, PNorm = 37.0301, GNorm = 0.0868, lr_0 = 5.0274e-04
Loss = 1.3163e-03, PNorm = 37.0304, GNorm = 0.1119, lr_0 = 5.0417e-04
Loss = 9.2595e-04, PNorm = 37.0612, GNorm = 0.1051, lr_0 = 5.0560e-04
Loss = 1.1779e-03, PNorm = 37.0845, GNorm = 0.1150, lr_0 = 5.0703e-04
Loss = 6.8344e-04, PNorm = 37.1242, GNorm = 0.2944, lr_0 = 5.0845e-04
Loss = 9.1210e-04, PNorm = 37.1187, GNorm = 0.0703, lr_0 = 5.0988e-04
Loss = 1.3891e-03, PNorm = 37.1308, GNorm = 0.2110, lr_0 = 5.1131e-04
Loss = 9.3977e-04, PNorm = 37.1771, GNorm = 0.0867, lr_0 = 5.1274e-04
Loss = 4.1871e-04, PNorm = 37.2154, GNorm = 0.0122, lr_0 = 5.1417e-04
Loss = 8.5894e-04, PNorm = 37.2112, GNorm = 0.2096, lr_0 = 5.1559e-04
Loss = 8.9073e-04, PNorm = 37.1963, GNorm = 0.1887, lr_0 = 5.1702e-04
Loss = 1.0389e-03, PNorm = 37.2382, GNorm = 0.1560, lr_0 = 5.1845e-04
Loss = 1.4970e-03, PNorm = 37.2543, GNorm = 0.1056, lr_0 = 5.1988e-04
Loss = 1.7090e-03, PNorm = 37.2210, GNorm = 0.1227, lr_0 = 5.2130e-04
Loss = 7.4271e-04, PNorm = 37.2347, GNorm = 0.1610, lr_0 = 5.2273e-04
Loss = 1.1043e-03, PNorm = 37.2483, GNorm = 0.1384, lr_0 = 5.2416e-04
Loss = 1.2222e-03, PNorm = 37.2586, GNorm = 0.0955, lr_0 = 5.2559e-04
Loss = 1.0490e-03, PNorm = 37.2936, GNorm = 0.1072, lr_0 = 5.2701e-04
Loss = 1.1202e-03, PNorm = 37.3183, GNorm = 0.0415, lr_0 = 5.2844e-04
Loss = 7.0798e-04, PNorm = 37.3252, GNorm = 0.0803, lr_0 = 5.2987e-04
Loss = 6.3328e-04, PNorm = 37.3393, GNorm = 0.0362, lr_0 = 5.3130e-04
Loss = 1.4375e-03, PNorm = 37.3327, GNorm = 0.1498, lr_0 = 5.3273e-04
Loss = 1.6540e-04, PNorm = 37.3723, GNorm = 0.0247, lr_0 = 5.3415e-04
Loss = 1.7120e-03, PNorm = 37.3789, GNorm = 0.2068, lr_0 = 5.3558e-04
Loss = 1.1867e-03, PNorm = 37.4131, GNorm = 0.1702, lr_0 = 5.3701e-04
Loss = 9.1574e-04, PNorm = 37.4578, GNorm = 0.2511, lr_0 = 5.3844e-04
Loss = 1.0522e-03, PNorm = 37.4977, GNorm = 0.1937, lr_0 = 5.3986e-04
Loss = 6.8951e-04, PNorm = 37.5392, GNorm = 0.1431, lr_0 = 5.4129e-04
Loss = 1.1128e-03, PNorm = 37.5554, GNorm = 0.0551, lr_0 = 5.4272e-04
Loss = 1.2420e-03, PNorm = 37.5683, GNorm = 0.2082, lr_0 = 5.4415e-04
Loss = 1.1135e-03, PNorm = 37.6034, GNorm = 0.0827, lr_0 = 5.4557e-04
Loss = 1.0047e-03, PNorm = 37.6234, GNorm = 0.0855, lr_0 = 5.4700e-04
Loss = 1.0294e-03, PNorm = 37.6486, GNorm = 0.1863, lr_0 = 5.4843e-04
Loss = 9.0643e-04, PNorm = 37.6831, GNorm = 0.0877, lr_0 = 5.4986e-04
