Fold 0
{'activation': 'ReLU',
 'atom_messages': False,
 'batch_size': 50,
 'bias': False,
 'checkpoint_dir': None,
 'checkpoint_path': None,
 'checkpoint_paths': None,
 'config_path': None,
 'crossval_index_dir': None,
 'crossval_index_file': None,
 'cuda': True,
 'data_path': 'dataset/splitted_csv_files_mpnn_models/golgi_lumen_tr.csv',
 'dataset_type': 'classification',
 'depth': 3,
 'dropout': 0.0,
 'ensemble_size': 1,
 'epochs': 50,
 'features_generator': None,
 'features_only': False,
 'features_path': None,
 'features_scaling': True,
 'ffn_hidden_size': 300,
 'ffn_num_layers': 2,
 'final_lr': 0.0001,
 'folds_file': None,
 'gpu': None,
 'hidden_size': 300,
 'init_lr': 0.0001,
 'log_frequency': 10,
 'max_data_size': None,
 'max_lr': 0.001,
 'metric': 'cohen_k',
 'minimize_score': False,
 'multiclass_num_classes': 3,
 'no_cache': False,
 'num_folds': 1,
 'num_lrs': 1,
 'quiet': False,
 'save_dir': 'saved_models/golgi_lumen/fold_0',
 'save_smiles_splits': False,
 'seed': 0,
 'separate_test_features_path': None,
 'separate_test_path': 'dataset/splitted_csv_files_mpnn_models/golgi_lumen_te.csv',
 'separate_val_features_path': None,
 'separate_val_path': 'dataset/splitted_csv_files_mpnn_models/golgi_lumen_va.csv',
 'show_individual_scores': False,
 'split_sizes': [0.8, 0.1, 0.1],
 'split_type': 'random',
 'test': False,
 'test_fold_index': None,
 'undirected': False,
 'use_compound_names': False,
 'use_input_features': None,
 'val_fold_index': None,
 'warmup_epochs': 2.0}
Loading data
Number of tasks = 1
Splitting data with seed 0
Class sizes
Label 0: 98.12%, 1: 1.88%
Total size = 157,623 | train size = 157,623 | val size = 33,668 | test size = 33,758
Building model 0
MoleculeModel(
  (sigmoid): Sigmoid()
  (encoder): MPN(
    (encoder): MPNEncoder(
      (dropout_layer): Dropout(p=0.0, inplace=False)
      (act_func): ReLU()
      (W_i): Linear(in_features=147, out_features=300, bias=False)
      (W_h): Linear(in_features=300, out_features=300, bias=False)
      (W_o): Linear(in_features=433, out_features=300, bias=True)
    )
  )
  (ffn): Sequential(
    (0): Dropout(p=0.0, inplace=False)
    (1): Linear(in_features=300, out_features=300, bias=True)
    (2): ReLU()
    (3): Dropout(p=0.0, inplace=False)
    (4): Linear(in_features=300, out_features=1, bias=True)
  )
)
Number of parameters = 354,901
Moving model to cuda
Epoch 0
Loss = 8.7926e-03, PNorm = 33.9096, GNorm = 1.8956, lr_0 = 1.0157e-04
Loss = 3.1498e-03, PNorm = 33.9163, GNorm = 0.4059, lr_0 = 1.0300e-04
Loss = 1.3555e-03, PNorm = 33.9223, GNorm = 0.2019, lr_0 = 1.0443e-04
Loss = 1.4506e-03, PNorm = 33.9245, GNorm = 0.1327, lr_0 = 1.0585e-04
Loss = 1.9211e-03, PNorm = 33.9247, GNorm = 0.2451, lr_0 = 1.0728e-04
Loss = 1.4621e-03, PNorm = 33.9233, GNorm = 0.1929, lr_0 = 1.0871e-04
Loss = 1.4875e-03, PNorm = 33.9227, GNorm = 0.1094, lr_0 = 1.1014e-04
Loss = 2.0381e-03, PNorm = 33.9230, GNorm = 0.8431, lr_0 = 1.1156e-04
Loss = 2.6461e-03, PNorm = 33.9212, GNorm = 0.1160, lr_0 = 1.1299e-04
Loss = 2.3767e-03, PNorm = 33.9223, GNorm = 0.5062, lr_0 = 1.1442e-04
Loss = 1.2558e-03, PNorm = 33.9245, GNorm = 0.2972, lr_0 = 1.1585e-04
Loss = 1.7798e-03, PNorm = 33.9270, GNorm = 0.2710, lr_0 = 1.1727e-04
Loss = 1.5097e-03, PNorm = 33.9304, GNorm = 0.1377, lr_0 = 1.1870e-04
Loss = 1.6471e-03, PNorm = 33.9306, GNorm = 0.2430, lr_0 = 1.2013e-04
Loss = 9.0984e-04, PNorm = 33.9348, GNorm = 0.1513, lr_0 = 1.2156e-04
Loss = 2.3609e-03, PNorm = 33.9352, GNorm = 0.4465, lr_0 = 1.2299e-04
Loss = 1.4663e-03, PNorm = 33.9357, GNorm = 0.0371, lr_0 = 1.2441e-04
Loss = 1.9459e-03, PNorm = 33.9389, GNorm = 0.0864, lr_0 = 1.2584e-04
Loss = 3.2618e-03, PNorm = 33.9376, GNorm = 0.1779, lr_0 = 1.2727e-04
Loss = 1.9841e-03, PNorm = 33.9425, GNorm = 0.1262, lr_0 = 1.2870e-04
Loss = 2.4919e-03, PNorm = 33.9473, GNorm = 0.2941, lr_0 = 1.3012e-04
Loss = 1.6208e-03, PNorm = 33.9505, GNorm = 0.0638, lr_0 = 1.3155e-04
Loss = 2.3833e-03, PNorm = 33.9522, GNorm = 0.6466, lr_0 = 1.3298e-04
Loss = 2.5966e-03, PNorm = 33.9521, GNorm = 0.4765, lr_0 = 1.3441e-04
Loss = 1.8132e-03, PNorm = 33.9596, GNorm = 0.3352, lr_0 = 1.3583e-04
Loss = 1.2885e-03, PNorm = 33.9683, GNorm = 0.1848, lr_0 = 1.3726e-04
Loss = 2.3194e-03, PNorm = 33.9655, GNorm = 0.3576, lr_0 = 1.3869e-04
Loss = 1.7663e-03, PNorm = 33.9694, GNorm = 0.3831, lr_0 = 1.4012e-04
Loss = 1.2215e-03, PNorm = 33.9793, GNorm = 0.1876, lr_0 = 1.4155e-04
Loss = 2.1062e-03, PNorm = 33.9799, GNorm = 0.2293, lr_0 = 1.4297e-04
Loss = 2.6675e-03, PNorm = 33.9780, GNorm = 0.1427, lr_0 = 1.4440e-04
Loss = 1.7256e-03, PNorm = 33.9856, GNorm = 0.0404, lr_0 = 1.4583e-04
Loss = 9.4561e-04, PNorm = 33.9970, GNorm = 0.1944, lr_0 = 1.4726e-04
Loss = 1.7821e-03, PNorm = 33.9948, GNorm = 0.1554, lr_0 = 1.4868e-04
Loss = 1.1226e-03, PNorm = 33.9966, GNorm = 0.0894, lr_0 = 1.5011e-04
Loss = 1.6100e-03, PNorm = 34.0014, GNorm = 0.2195, lr_0 = 1.5154e-04
Loss = 1.0724e-03, PNorm = 34.0034, GNorm = 0.2271, lr_0 = 1.5297e-04
Loss = 1.2570e-03, PNorm = 34.0075, GNorm = 0.1779, lr_0 = 1.5439e-04
Loss = 2.3694e-03, PNorm = 34.0070, GNorm = 0.3280, lr_0 = 1.5582e-04
Loss = 2.4293e-03, PNorm = 34.0080, GNorm = 0.2794, lr_0 = 1.5725e-04
Loss = 1.6346e-03, PNorm = 34.0194, GNorm = 0.1205, lr_0 = 1.5868e-04
Loss = 1.1864e-03, PNorm = 34.0285, GNorm = 0.6674, lr_0 = 1.6010e-04
Loss = 1.4538e-03, PNorm = 34.0268, GNorm = 0.2919, lr_0 = 1.6153e-04
Loss = 1.3983e-03, PNorm = 34.0335, GNorm = 0.4379, lr_0 = 1.6296e-04
Loss = 2.4783e-03, PNorm = 34.0342, GNorm = 0.8314, lr_0 = 1.6439e-04
Loss = 1.7597e-03, PNorm = 34.0390, GNorm = 0.2955, lr_0 = 1.6582e-04
Loss = 1.9948e-03, PNorm = 34.0459, GNorm = 0.2903, lr_0 = 1.6724e-04
Loss = 1.0731e-03, PNorm = 34.0558, GNorm = 0.1763, lr_0 = 1.6867e-04
Loss = 1.1889e-03, PNorm = 34.0601, GNorm = 0.1873, lr_0 = 1.7010e-04
Loss = 1.5746e-03, PNorm = 34.0633, GNorm = 0.2525, lr_0 = 1.7153e-04
Loss = 2.1790e-03, PNorm = 34.0648, GNorm = 0.1662, lr_0 = 1.7295e-04
Loss = 1.1790e-03, PNorm = 34.0793, GNorm = 0.1603, lr_0 = 1.7438e-04
Loss = 1.7827e-03, PNorm = 34.0845, GNorm = 0.5342, lr_0 = 1.7581e-04
Loss = 1.6223e-03, PNorm = 34.0857, GNorm = 0.1006, lr_0 = 1.7724e-04
Loss = 1.6803e-03, PNorm = 34.0945, GNorm = 0.0568, lr_0 = 1.7866e-04
Loss = 2.4026e-03, PNorm = 34.1000, GNorm = 0.2217, lr_0 = 1.8009e-04
Loss = 1.9497e-03, PNorm = 34.1144, GNorm = 0.3024, lr_0 = 1.8152e-04
Loss = 1.5923e-03, PNorm = 34.1282, GNorm = 0.5602, lr_0 = 1.8295e-04
Loss = 1.1010e-03, PNorm = 34.1402, GNorm = 0.2767, lr_0 = 1.8438e-04
Loss = 2.4479e-03, PNorm = 34.1444, GNorm = 0.2680, lr_0 = 1.8580e-04
Loss = 2.0390e-03, PNorm = 34.1633, GNorm = 0.1324, lr_0 = 1.8723e-04
Loss = 1.9731e-03, PNorm = 34.1685, GNorm = 0.3920, lr_0 = 1.8866e-04
Loss = 1.7310e-03, PNorm = 34.1831, GNorm = 0.1556, lr_0 = 1.9009e-04
Loss = 1.7400e-03, PNorm = 34.1933, GNorm = 0.1004, lr_0 = 1.9151e-04
Loss = 1.4383e-03, PNorm = 34.2054, GNorm = 0.3427, lr_0 = 1.9294e-04
Loss = 1.5797e-03, PNorm = 34.2179, GNorm = 0.3457, lr_0 = 1.9437e-04
Loss = 2.2574e-03, PNorm = 34.2303, GNorm = 0.6908, lr_0 = 1.9580e-04
Loss = 1.6722e-03, PNorm = 34.2517, GNorm = 0.9342, lr_0 = 1.9722e-04
Loss = 2.0851e-03, PNorm = 34.2548, GNorm = 0.2832, lr_0 = 1.9865e-04
Loss = 1.6202e-03, PNorm = 34.2723, GNorm = 0.6629, lr_0 = 2.0008e-04
Loss = 1.0627e-03, PNorm = 34.2825, GNorm = 0.3701, lr_0 = 2.0151e-04
Loss = 1.0558e-03, PNorm = 34.2919, GNorm = 0.1930, lr_0 = 2.0293e-04
Loss = 1.9318e-03, PNorm = 34.2984, GNorm = 0.5890, lr_0 = 2.0436e-04
Loss = 1.4791e-03, PNorm = 34.3162, GNorm = 0.5061, lr_0 = 2.0579e-04
Loss = 1.4349e-03, PNorm = 34.3160, GNorm = 0.1061, lr_0 = 2.0722e-04
Loss = 1.4663e-03, PNorm = 34.3251, GNorm = 0.4508, lr_0 = 2.0865e-04
Loss = 1.3655e-03, PNorm = 34.3372, GNorm = 0.3873, lr_0 = 2.1007e-04
Loss = 2.1477e-03, PNorm = 34.3446, GNorm = 0.6084, lr_0 = 2.1150e-04
Loss = 1.7832e-03, PNorm = 34.3560, GNorm = 0.3389, lr_0 = 2.1293e-04
Loss = 1.5334e-03, PNorm = 34.3647, GNorm = 0.4176, lr_0 = 2.1436e-04
Loss = 2.3464e-03, PNorm = 34.3765, GNorm = 0.8066, lr_0 = 2.1578e-04
Loss = 1.2361e-03, PNorm = 34.3934, GNorm = 0.2605, lr_0 = 2.1721e-04
Loss = 1.5099e-03, PNorm = 34.3957, GNorm = 0.5304, lr_0 = 2.1864e-04
Loss = 1.0362e-03, PNorm = 34.4115, GNorm = 0.1141, lr_0 = 2.2007e-04
Loss = 1.2974e-03, PNorm = 34.4107, GNorm = 0.3024, lr_0 = 2.2149e-04
Loss = 1.6194e-03, PNorm = 34.4240, GNorm = 0.9744, lr_0 = 2.2292e-04
Loss = 1.7705e-03, PNorm = 34.4333, GNorm = 0.6662, lr_0 = 2.2435e-04
Loss = 1.2500e-03, PNorm = 34.4565, GNorm = 0.1672, lr_0 = 2.2578e-04
Loss = 1.6586e-03, PNorm = 34.4610, GNorm = 0.5194, lr_0 = 2.2720e-04
Loss = 6.4954e-04, PNorm = 34.4817, GNorm = 0.0786, lr_0 = 2.2863e-04
Loss = 1.6502e-03, PNorm = 34.4769, GNorm = 0.4496, lr_0 = 2.3006e-04
Loss = 9.2476e-04, PNorm = 34.4931, GNorm = 0.3209, lr_0 = 2.3149e-04
Loss = 2.0668e-03, PNorm = 34.4896, GNorm = 0.5166, lr_0 = 2.3292e-04
Loss = 1.9539e-03, PNorm = 34.5094, GNorm = 0.1080, lr_0 = 2.3434e-04
Loss = 7.7702e-04, PNorm = 34.5225, GNorm = 0.1580, lr_0 = 2.3577e-04
Loss = 1.3343e-03, PNorm = 34.5300, GNorm = 0.2274, lr_0 = 2.3720e-04
Loss = 1.3511e-03, PNorm = 34.5452, GNorm = 0.1509, lr_0 = 2.3863e-04
Loss = 1.8283e-03, PNorm = 34.5566, GNorm = 0.3460, lr_0 = 2.4005e-04
Loss = 1.3837e-03, PNorm = 34.5786, GNorm = 0.3080, lr_0 = 2.4148e-04
Loss = 1.3102e-03, PNorm = 34.5867, GNorm = 0.3044, lr_0 = 2.4291e-04
Loss = 1.4763e-03, PNorm = 34.5964, GNorm = 0.5096, lr_0 = 2.4434e-04
Loss = 1.7997e-03, PNorm = 34.6142, GNorm = 0.4328, lr_0 = 2.4576e-04
Loss = 1.6783e-03, PNorm = 34.6304, GNorm = 0.1449, lr_0 = 2.4719e-04
Loss = 1.1552e-03, PNorm = 34.6506, GNorm = 0.2426, lr_0 = 2.4862e-04
Loss = 1.8799e-03, PNorm = 34.6627, GNorm = 0.3642, lr_0 = 2.5005e-04
Loss = 1.3547e-03, PNorm = 34.6879, GNorm = 0.1857, lr_0 = 2.5148e-04
Loss = 1.2047e-03, PNorm = 34.6923, GNorm = 0.2513, lr_0 = 2.5290e-04
Loss = 1.9531e-03, PNorm = 34.6963, GNorm = 0.1681, lr_0 = 2.5433e-04
Loss = 1.4843e-03, PNorm = 34.7102, GNorm = 0.5148, lr_0 = 2.5576e-04
Loss = 1.2451e-03, PNorm = 34.7208, GNorm = 0.5787, lr_0 = 2.5719e-04
Loss = 1.6176e-03, PNorm = 34.7402, GNorm = 0.4897, lr_0 = 2.5861e-04
Loss = 2.7048e-03, PNorm = 34.7519, GNorm = 0.8617, lr_0 = 2.6004e-04
Loss = 2.1746e-03, PNorm = 34.7678, GNorm = 1.0011, lr_0 = 2.6147e-04
Loss = 2.0920e-03, PNorm = 34.7906, GNorm = 0.4962, lr_0 = 2.6290e-04
Loss = 9.6607e-04, PNorm = 34.8185, GNorm = 0.2516, lr_0 = 2.6432e-04
Loss = 1.8985e-03, PNorm = 34.8250, GNorm = 0.3802, lr_0 = 2.6575e-04
Loss = 1.0989e-03, PNorm = 34.8538, GNorm = 0.1213, lr_0 = 2.6718e-04
Loss = 6.9698e-04, PNorm = 34.8697, GNorm = 0.4137, lr_0 = 2.6861e-04
Loss = 1.9849e-03, PNorm = 34.8663, GNorm = 0.2724, lr_0 = 2.7003e-04
Loss = 1.4669e-03, PNorm = 34.8922, GNorm = 0.2352, lr_0 = 2.7146e-04
Loss = 1.1514e-03, PNorm = 34.9095, GNorm = 0.3441, lr_0 = 2.7289e-04
Loss = 1.3504e-03, PNorm = 34.9124, GNorm = 0.4205, lr_0 = 2.7432e-04
Loss = 1.4786e-03, PNorm = 34.9387, GNorm = 0.1985, lr_0 = 2.7575e-04
Loss = 1.1618e-03, PNorm = 34.9631, GNorm = 0.3313, lr_0 = 2.7717e-04
Loss = 7.3648e-04, PNorm = 34.9865, GNorm = 0.3743, lr_0 = 2.7860e-04
Loss = 1.5266e-03, PNorm = 34.9961, GNorm = 0.3352, lr_0 = 2.8003e-04
Loss = 1.2058e-03, PNorm = 35.0109, GNorm = 0.1417, lr_0 = 2.8146e-04
Loss = 1.4473e-03, PNorm = 35.0277, GNorm = 0.6722, lr_0 = 2.8288e-04
Loss = 1.6417e-03, PNorm = 35.0557, GNorm = 0.1133, lr_0 = 2.8431e-04
Loss = 8.5449e-04, PNorm = 35.0731, GNorm = 0.1067, lr_0 = 2.8574e-04
Loss = 1.3256e-03, PNorm = 35.0799, GNorm = 0.1991, lr_0 = 2.8717e-04
Loss = 1.9930e-03, PNorm = 35.1124, GNorm = 0.4249, lr_0 = 2.8859e-04
Loss = 8.5626e-04, PNorm = 35.1324, GNorm = 0.0834, lr_0 = 2.9002e-04
Loss = 1.7716e-03, PNorm = 35.1365, GNorm = 0.7888, lr_0 = 2.9145e-04
Loss = 1.1724e-03, PNorm = 35.1660, GNorm = 0.1408, lr_0 = 2.9288e-04
Loss = 9.0391e-04, PNorm = 35.1856, GNorm = 0.4089, lr_0 = 2.9431e-04
Loss = 1.3293e-03, PNorm = 35.1949, GNorm = 0.5888, lr_0 = 2.9573e-04
Loss = 1.1951e-03, PNorm = 35.2240, GNorm = 0.1583, lr_0 = 2.9716e-04
Loss = 1.5392e-03, PNorm = 35.2419, GNorm = 0.4107, lr_0 = 2.9859e-04
Loss = 1.0542e-03, PNorm = 35.2690, GNorm = 0.0743, lr_0 = 3.0002e-04
Loss = 2.4340e-03, PNorm = 35.2656, GNorm = 0.6662, lr_0 = 3.0144e-04
Loss = 1.3978e-03, PNorm = 35.3041, GNorm = 0.1447, lr_0 = 3.0287e-04
Loss = 1.3093e-03, PNorm = 35.3191, GNorm = 0.2240, lr_0 = 3.0430e-04
Loss = 1.7396e-03, PNorm = 35.3507, GNorm = 0.3596, lr_0 = 3.0573e-04
Loss = 1.7163e-03, PNorm = 35.3754, GNorm = 0.3329, lr_0 = 3.0715e-04
Loss = 1.4105e-03, PNorm = 35.4096, GNorm = 0.1589, lr_0 = 3.0858e-04
Loss = 1.3365e-03, PNorm = 35.4458, GNorm = 0.2965, lr_0 = 3.1001e-04
Loss = 1.3544e-03, PNorm = 35.4796, GNorm = 0.4112, lr_0 = 3.1144e-04
Loss = 1.0084e-03, PNorm = 35.5050, GNorm = 0.1149, lr_0 = 3.1286e-04
Loss = 9.3014e-04, PNorm = 35.5339, GNorm = 0.3415, lr_0 = 3.1429e-04
Loss = 1.2552e-03, PNorm = 35.5638, GNorm = 0.3589, lr_0 = 3.1572e-04
Loss = 9.9596e-04, PNorm = 35.5878, GNorm = 0.6392, lr_0 = 3.1715e-04
Loss = 1.4954e-03, PNorm = 35.6226, GNorm = 0.2374, lr_0 = 3.1858e-04
Loss = 8.8279e-04, PNorm = 35.6442, GNorm = 0.2768, lr_0 = 3.2000e-04
Loss = 1.4418e-03, PNorm = 35.6683, GNorm = 0.0456, lr_0 = 3.2143e-04
Loss = 8.8392e-04, PNorm = 35.6729, GNorm = 0.1980, lr_0 = 3.2286e-04
Loss = 1.1425e-03, PNorm = 35.6995, GNorm = 0.9138, lr_0 = 3.2429e-04
Loss = 1.0347e-03, PNorm = 35.7166, GNorm = 0.4843, lr_0 = 3.2571e-04
Loss = 1.3862e-03, PNorm = 35.7436, GNorm = 0.5730, lr_0 = 3.2714e-04
Loss = 1.0040e-03, PNorm = 35.7713, GNorm = 0.1574, lr_0 = 3.2857e-04
Loss = 5.3647e-04, PNorm = 35.7964, GNorm = 0.9640, lr_0 = 3.3000e-04
Loss = 1.3150e-03, PNorm = 35.8041, GNorm = 0.6503, lr_0 = 3.3142e-04
Loss = 1.1342e-03, PNorm = 35.8205, GNorm = 0.2113, lr_0 = 3.3285e-04
Loss = 8.0180e-04, PNorm = 35.8580, GNorm = 0.0485, lr_0 = 3.3428e-04
Loss = 1.2945e-03, PNorm = 35.8698, GNorm = 0.4508, lr_0 = 3.3571e-04
Loss = 1.1691e-03, PNorm = 35.8978, GNorm = 0.3748, lr_0 = 3.3714e-04
Loss = 8.2813e-04, PNorm = 35.9110, GNorm = 0.6483, lr_0 = 3.3856e-04
Loss = 6.7121e-04, PNorm = 35.9414, GNorm = 0.0609, lr_0 = 3.3999e-04
Loss = 1.3086e-03, PNorm = 35.9382, GNorm = 0.2632, lr_0 = 3.4142e-04
Loss = 1.3353e-03, PNorm = 35.9685, GNorm = 0.5363, lr_0 = 3.4285e-04
Loss = 7.2546e-04, PNorm = 35.9916, GNorm = 0.2559, lr_0 = 3.4427e-04
Loss = 1.4587e-03, PNorm = 36.0100, GNorm = 0.7808, lr_0 = 3.4570e-04
Loss = 1.1684e-03, PNorm = 36.0385, GNorm = 1.3434, lr_0 = 3.4713e-04
Loss = 1.2569e-03, PNorm = 36.0626, GNorm = 0.3573, lr_0 = 3.4856e-04
Loss = 1.4438e-03, PNorm = 36.0873, GNorm = 0.2443, lr_0 = 3.4998e-04
Loss = 1.0633e-03, PNorm = 36.1181, GNorm = 0.2330, lr_0 = 3.5141e-04
Loss = 9.3831e-04, PNorm = 36.1540, GNorm = 0.2050, lr_0 = 3.5284e-04
Loss = 1.1301e-03, PNorm = 36.1660, GNorm = 0.1450, lr_0 = 3.5427e-04
Loss = 6.5155e-04, PNorm = 36.1852, GNorm = 0.1409, lr_0 = 3.5569e-04
Loss = 1.0379e-03, PNorm = 36.2106, GNorm = 0.4738, lr_0 = 3.5712e-04
Loss = 9.8738e-04, PNorm = 36.2345, GNorm = 0.3525, lr_0 = 3.5855e-04
Loss = 1.0084e-03, PNorm = 36.2432, GNorm = 0.2717, lr_0 = 3.5998e-04
Loss = 1.1151e-03, PNorm = 36.2694, GNorm = 0.0696, lr_0 = 3.6141e-04
Loss = 1.2137e-03, PNorm = 36.2868, GNorm = 0.6223, lr_0 = 3.6283e-04
Loss = 9.2285e-04, PNorm = 36.3062, GNorm = 0.1518, lr_0 = 3.6426e-04
Loss = 1.0236e-03, PNorm = 36.3230, GNorm = 0.4908, lr_0 = 3.6569e-04
Loss = 1.0097e-03, PNorm = 36.3437, GNorm = 0.1967, lr_0 = 3.6712e-04
Loss = 3.6470e-04, PNorm = 36.3685, GNorm = 0.0251, lr_0 = 3.6854e-04
Loss = 2.1177e-03, PNorm = 36.3538, GNorm = 0.9951, lr_0 = 3.6997e-04
Loss = 1.0790e-03, PNorm = 36.3847, GNorm = 0.4749, lr_0 = 3.7140e-04
Loss = 9.8346e-04, PNorm = 36.3883, GNorm = 0.1585, lr_0 = 3.7283e-04
Loss = 1.0493e-03, PNorm = 36.4060, GNorm = 0.1827, lr_0 = 3.7425e-04
Loss = 4.9416e-04, PNorm = 36.4363, GNorm = 0.0922, lr_0 = 3.7568e-04
Loss = 1.2719e-03, PNorm = 36.4467, GNorm = 0.4184, lr_0 = 3.7711e-04
Loss = 3.7202e-04, PNorm = 36.4867, GNorm = 0.6299, lr_0 = 3.7854e-04
Loss = 1.3947e-03, PNorm = 36.4800, GNorm = 0.3099, lr_0 = 3.7997e-04
Loss = 8.3372e-04, PNorm = 36.5016, GNorm = 0.3433, lr_0 = 3.8139e-04
Loss = 1.3340e-03, PNorm = 36.5132, GNorm = 0.4098, lr_0 = 3.8282e-04
Loss = 1.2552e-03, PNorm = 36.5407, GNorm = 0.7208, lr_0 = 3.8425e-04
Loss = 6.8039e-04, PNorm = 36.5720, GNorm = 0.0349, lr_0 = 3.8568e-04
Loss = 9.9377e-04, PNorm = 36.5818, GNorm = 0.5157, lr_0 = 3.8710e-04
Loss = 6.3897e-04, PNorm = 36.6031, GNorm = 0.2093, lr_0 = 3.8853e-04
Loss = 7.5569e-04, PNorm = 36.6255, GNorm = 0.3366, lr_0 = 3.8996e-04
Loss = 4.3741e-04, PNorm = 36.6405, GNorm = 0.0599, lr_0 = 3.9139e-04
Loss = 8.5768e-04, PNorm = 36.6504, GNorm = 0.3674, lr_0 = 3.9281e-04
Loss = 9.7516e-04, PNorm = 36.6724, GNorm = 0.3192, lr_0 = 3.9424e-04
Loss = 7.7005e-04, PNorm = 36.7056, GNorm = 0.5625, lr_0 = 3.9567e-04
Loss = 1.1692e-03, PNorm = 36.7219, GNorm = 0.3053, lr_0 = 3.9710e-04
Loss = 1.1274e-03, PNorm = 36.7396, GNorm = 0.5637, lr_0 = 3.9852e-04
Loss = 1.3001e-03, PNorm = 36.7817, GNorm = 0.2100, lr_0 = 3.9995e-04
Loss = 4.4139e-04, PNorm = 36.8172, GNorm = 0.3649, lr_0 = 4.0138e-04
Loss = 9.2003e-04, PNorm = 36.8334, GNorm = 0.2933, lr_0 = 4.0281e-04
Loss = 1.0856e-03, PNorm = 36.8407, GNorm = 0.5097, lr_0 = 4.0424e-04
Loss = 1.4973e-03, PNorm = 36.8658, GNorm = 0.3369, lr_0 = 4.0566e-04
Loss = 8.0921e-04, PNorm = 36.8708, GNorm = 0.0906, lr_0 = 4.0709e-04
Loss = 1.2950e-03, PNorm = 36.8775, GNorm = 0.5388, lr_0 = 4.0852e-04
Loss = 1.1682e-03, PNorm = 36.8919, GNorm = 0.2395, lr_0 = 4.0995e-04
Loss = 8.3183e-04, PNorm = 36.9225, GNorm = 0.3330, lr_0 = 4.1137e-04
Loss = 1.2542e-03, PNorm = 36.9342, GNorm = 0.2886, lr_0 = 4.1280e-04
Loss = 1.1068e-03, PNorm = 36.9656, GNorm = 0.0985, lr_0 = 4.1423e-04
Loss = 1.4400e-03, PNorm = 36.9826, GNorm = 0.5824, lr_0 = 4.1566e-04
Loss = 8.9379e-04, PNorm = 37.0255, GNorm = 0.1540, lr_0 = 4.1708e-04
Loss = 1.2500e-03, PNorm = 37.0418, GNorm = 0.4359, lr_0 = 4.1851e-04
Loss = 1.1004e-03, PNorm = 37.0786, GNorm = 0.0949, lr_0 = 4.1994e-04
Loss = 7.2955e-04, PNorm = 37.0852, GNorm = 0.2148, lr_0 = 4.2137e-04
Loss = 7.9236e-04, PNorm = 37.1113, GNorm = 0.4232, lr_0 = 4.2280e-04
Loss = 1.0092e-03, PNorm = 37.1384, GNorm = 1.1809, lr_0 = 4.2422e-04
Loss = 7.2817e-04, PNorm = 37.1711, GNorm = 0.1849, lr_0 = 4.2565e-04
Loss = 6.6755e-04, PNorm = 37.1978, GNorm = 0.3906, lr_0 = 4.2708e-04
Loss = 5.3844e-04, PNorm = 37.2152, GNorm = 0.8100, lr_0 = 4.2851e-04
Loss = 8.9072e-04, PNorm = 37.2186, GNorm = 0.4281, lr_0 = 4.2993e-04
Loss = 7.7527e-04, PNorm = 37.2269, GNorm = 0.5301, lr_0 = 4.3136e-04
Loss = 4.4406e-04, PNorm = 37.2505, GNorm = 0.0428, lr_0 = 4.3279e-04
Loss = 7.9608e-04, PNorm = 37.2600, GNorm = 0.4148, lr_0 = 4.3422e-04
Loss = 8.4799e-04, PNorm = 37.2847, GNorm = 0.3661, lr_0 = 4.3564e-04
Loss = 6.4240e-04, PNorm = 37.2994, GNorm = 0.1458, lr_0 = 4.3707e-04
Loss = 8.8595e-04, PNorm = 37.3221, GNorm = 0.2445, lr_0 = 4.3850e-04
Loss = 7.1639e-04, PNorm = 37.3503, GNorm = 0.6177, lr_0 = 4.3993e-04
Loss = 1.0530e-03, PNorm = 37.3691, GNorm = 0.8253, lr_0 = 4.4135e-04
Loss = 9.2292e-04, PNorm = 37.3791, GNorm = 0.6773, lr_0 = 4.4278e-04
Loss = 8.9260e-04, PNorm = 37.3953, GNorm = 0.2854, lr_0 = 4.4421e-04
Loss = 6.2776e-04, PNorm = 37.4259, GNorm = 0.2849, lr_0 = 4.4564e-04
Loss = 1.2623e-03, PNorm = 37.4465, GNorm = 0.3275, lr_0 = 4.4707e-04
Loss = 6.3513e-04, PNorm = 37.4563, GNorm = 1.8043, lr_0 = 4.4849e-04
Loss = 5.4901e-04, PNorm = 37.4882, GNorm = 0.0383, lr_0 = 4.4992e-04
Loss = 1.1120e-03, PNorm = 37.5071, GNorm = 0.2003, lr_0 = 4.5135e-04
Loss = 6.8008e-04, PNorm = 37.5405, GNorm = 1.1463, lr_0 = 4.5278e-04
Loss = 9.3411e-04, PNorm = 37.5481, GNorm = 0.1803, lr_0 = 4.5420e-04
Loss = 8.4893e-04, PNorm = 37.5677, GNorm = 0.4669, lr_0 = 4.5563e-04
Loss = 4.7959e-04, PNorm = 37.5966, GNorm = 0.4272, lr_0 = 4.5706e-04
Loss = 1.5060e-03, PNorm = 37.6159, GNorm = 0.4272, lr_0 = 4.5849e-04
Loss = 8.8841e-04, PNorm = 37.6362, GNorm = 0.4955, lr_0 = 4.5991e-04
Loss = 9.5375e-04, PNorm = 37.6563, GNorm = 0.1410, lr_0 = 4.6134e-04
Loss = 8.7166e-04, PNorm = 37.6740, GNorm = 0.6390, lr_0 = 4.6277e-04
Loss = 6.6888e-04, PNorm = 37.6984, GNorm = 0.6761, lr_0 = 4.6420e-04
Loss = 8.5453e-04, PNorm = 37.6978, GNorm = 0.2158, lr_0 = 4.6563e-04
Loss = 1.0117e-03, PNorm = 37.7172, GNorm = 0.1006, lr_0 = 4.6705e-04
Loss = 7.4495e-04, PNorm = 37.7400, GNorm = 0.1612, lr_0 = 4.6848e-04
Loss = 1.1173e-03, PNorm = 37.7653, GNorm = 0.6608, lr_0 = 4.6991e-04
Loss = 7.3897e-04, PNorm = 37.7949, GNorm = 0.1146, lr_0 = 4.7134e-04
Loss = 5.0616e-04, PNorm = 37.8197, GNorm = 0.1148, lr_0 = 4.7276e-04
Loss = 4.2749e-04, PNorm = 37.8458, GNorm = 0.2828, lr_0 = 4.7419e-04
Loss = 8.8471e-04, PNorm = 37.8693, GNorm = 0.5608, lr_0 = 4.7562e-04
Loss = 9.1959e-04, PNorm = 37.8797, GNorm = 0.2676, lr_0 = 4.7705e-04
Loss = 5.2357e-04, PNorm = 37.9159, GNorm = 0.0095, lr_0 = 4.7847e-04
Loss = 1.0563e-03, PNorm = 37.9169, GNorm = 0.6730, lr_0 = 4.7990e-04
Loss = 8.0918e-04, PNorm = 37.9615, GNorm = 0.0139, lr_0 = 4.8133e-04
Loss = 1.6714e-03, PNorm = 37.9561, GNorm = 0.2985, lr_0 = 4.8276e-04
Loss = 6.8886e-04, PNorm = 37.9989, GNorm = 0.5586, lr_0 = 4.8418e-04
Loss = 8.2603e-04, PNorm = 38.0208, GNorm = 0.3214, lr_0 = 4.8561e-04
Loss = 9.3462e-04, PNorm = 38.0566, GNorm = 0.0568, lr_0 = 4.8704e-04
Loss = 7.2350e-04, PNorm = 38.0544, GNorm = 0.0231, lr_0 = 4.8847e-04
Loss = 1.0526e-03, PNorm = 38.0565, GNorm = 0.5391, lr_0 = 4.8990e-04
Loss = 8.5775e-04, PNorm = 38.0877, GNorm = 0.0714, lr_0 = 4.9132e-04
Loss = 7.9423e-04, PNorm = 38.1044, GNorm = 0.1801, lr_0 = 4.9275e-04
Loss = 5.8228e-04, PNorm = 38.1308, GNorm = 0.0502, lr_0 = 4.9418e-04
Loss = 5.0283e-04, PNorm = 38.1456, GNorm = 0.0256, lr_0 = 4.9561e-04
Loss = 4.7750e-04, PNorm = 38.1544, GNorm = 0.3226, lr_0 = 4.9703e-04
Loss = 9.0722e-04, PNorm = 38.1717, GNorm = 0.6929, lr_0 = 4.9846e-04
Loss = 1.0159e-03, PNorm = 38.2007, GNorm = 1.8303, lr_0 = 4.9989e-04
Loss = 8.0214e-04, PNorm = 38.2055, GNorm = 0.5377, lr_0 = 5.0132e-04
Loss = 5.8623e-04, PNorm = 38.2293, GNorm = 0.0510, lr_0 = 5.0274e-04
Loss = 9.7145e-04, PNorm = 38.2515, GNorm = 0.2369, lr_0 = 5.0417e-04
Loss = 1.4324e-03, PNorm = 38.2678, GNorm = 0.8480, lr_0 = 5.0560e-04
Loss = 1.0779e-03, PNorm = 38.2641, GNorm = 0.3357, lr_0 = 5.0703e-04
Loss = 6.5912e-04, PNorm = 38.2795, GNorm = 0.0763, lr_0 = 5.0845e-04
Loss = 9.0998e-04, PNorm = 38.2826, GNorm = 0.1105, lr_0 = 5.0988e-04
Loss = 9.3190e-04, PNorm = 38.2918, GNorm = 0.4973, lr_0 = 5.1131e-04
Loss = 1.1200e-03, PNorm = 38.3102, GNorm = 0.4616, lr_0 = 5.1274e-04
Loss = 8.0513e-04, PNorm = 38.3520, GNorm = 0.0414, lr_0 = 5.1417e-04
Loss = 9.0630e-04, PNorm = 38.3822, GNorm = 0.1872, lr_0 = 5.1559e-04
Loss = 1.2366e-03, PNorm = 38.4194, GNorm = 0.4294, lr_0 = 5.1702e-04
Loss = 3.1253e-04, PNorm = 38.4242, GNorm = 0.2569, lr_0 = 5.1845e-04
Loss = 7.2575e-04, PNorm = 38.4397, GNorm = 0.4591, lr_0 = 5.1988e-04
Loss = 5.3516e-04, PNorm = 38.4690, GNorm = 0.1983, lr_0 = 5.2130e-04
Loss = 7.1963e-04, PNorm = 38.5024, GNorm = 0.2064, lr_0 = 5.2273e-04
Loss = 6.2119e-04, PNorm = 38.5242, GNorm = 0.1127, lr_0 = 5.2416e-04
Loss = 1.3206e-03, PNorm = 38.5316, GNorm = 0.4341, lr_0 = 5.2559e-04
Loss = 5.0017e-04, PNorm = 38.5539, GNorm = 0.5055, lr_0 = 5.2701e-04
Loss = 3.4922e-04, PNorm = 38.5774, GNorm = 0.1695, lr_0 = 5.2844e-04
Loss = 6.7959e-04, PNorm = 38.6075, GNorm = 0.1350, lr_0 = 5.2987e-04
Loss = 2.9267e-04, PNorm = 38.6432, GNorm = 0.2233, lr_0 = 5.3130e-04
Loss = 1.1555e-03, PNorm = 38.6642, GNorm = 0.1228, lr_0 = 5.3273e-04
