Fold 0
{'activation': 'ReLU',
 'atom_messages': False,
 'batch_size': 50,
 'bias': False,
 'checkpoint_dir': None,
 'checkpoint_path': None,
 'checkpoint_paths': None,
 'config_path': None,
 'crossval_index_dir': None,
 'crossval_index_file': None,
 'cuda': True,
 'data_path': 'dataset/splitted_csv_files_mpnn_models/actin_filaments_tr.csv',
 'dataset_type': 'classification',
 'depth': 3,
 'dropout': 0.0,
 'ensemble_size': 1,
 'epochs': 50,
 'features_generator': None,
 'features_only': False,
 'features_path': None,
 'features_scaling': True,
 'ffn_hidden_size': 300,
 'ffn_num_layers': 2,
 'final_lr': 0.0001,
 'folds_file': None,
 'gpu': None,
 'hidden_size': 300,
 'init_lr': 0.0001,
 'log_frequency': 10,
 'max_data_size': None,
 'max_lr': 0.001,
 'metric': 'cohen_k',
 'minimize_score': False,
 'multiclass_num_classes': 3,
 'no_cache': False,
 'num_folds': 1,
 'num_lrs': 1,
 'quiet': False,
 'save_dir': 'saved_models/actin_filaments/fold_0',
 'save_smiles_splits': False,
 'seed': 0,
 'separate_test_features_path': None,
 'separate_test_path': 'dataset/splitted_csv_files_mpnn_models/actin_filaments_te.csv',
 'separate_val_features_path': None,
 'separate_val_path': 'dataset/splitted_csv_files_mpnn_models/actin_filaments_va.csv',
 'show_individual_scores': False,
 'split_sizes': [0.8, 0.1, 0.1],
 'split_type': 'random',
 'test': False,
 'test_fold_index': None,
 'undirected': False,
 'use_compound_names': False,
 'use_input_features': None,
 'val_fold_index': None,
 'warmup_epochs': 2.0}
Loading data
Number of tasks = 1
Splitting data with seed 0
Class sizes
Label 0: 97.70%, 1: 2.30%
Total size = 157,623 | train size = 157,623 | val size = 33,668 | test size = 33,758
Building model 0
MoleculeModel(
  (sigmoid): Sigmoid()
  (encoder): MPN(
    (encoder): MPNEncoder(
      (dropout_layer): Dropout(p=0.0, inplace=False)
      (act_func): ReLU()
      (W_i): Linear(in_features=147, out_features=300, bias=False)
      (W_h): Linear(in_features=300, out_features=300, bias=False)
      (W_o): Linear(in_features=433, out_features=300, bias=True)
    )
  )
  (ffn): Sequential(
    (0): Dropout(p=0.0, inplace=False)
    (1): Linear(in_features=300, out_features=300, bias=True)
    (2): ReLU()
    (3): Dropout(p=0.0, inplace=False)
    (4): Linear(in_features=300, out_features=1, bias=True)
  )
)
Number of parameters = 354,901
Moving model to cuda
Epoch 0
Loss = 8.1857e-03, PNorm = 33.8876, GNorm = 1.5300, lr_0 = 1.0157e-04
Loss = 2.6318e-03, PNorm = 33.8928, GNorm = 0.2210, lr_0 = 1.0300e-04
Loss = 2.8120e-03, PNorm = 33.8963, GNorm = 1.5484, lr_0 = 1.0443e-04
Loss = 1.8871e-03, PNorm = 33.8966, GNorm = 0.1784, lr_0 = 1.0585e-04
Loss = 3.4719e-03, PNorm = 33.8955, GNorm = 0.3579, lr_0 = 1.0728e-04
Loss = 2.4028e-03, PNorm = 33.8950, GNorm = 0.1384, lr_0 = 1.0871e-04
Loss = 2.4400e-03, PNorm = 33.8956, GNorm = 0.1921, lr_0 = 1.1014e-04
Loss = 1.9684e-03, PNorm = 33.8971, GNorm = 0.0641, lr_0 = 1.1156e-04
Loss = 1.7307e-03, PNorm = 33.8984, GNorm = 0.7539, lr_0 = 1.1299e-04
Loss = 2.4937e-03, PNorm = 33.8983, GNorm = 0.0674, lr_0 = 1.1442e-04
Loss = 2.5640e-03, PNorm = 33.8986, GNorm = 0.2528, lr_0 = 1.1585e-04
Loss = 1.5713e-03, PNorm = 33.9002, GNorm = 0.3709, lr_0 = 1.1727e-04
Loss = 1.5251e-03, PNorm = 33.9033, GNorm = 0.1384, lr_0 = 1.1870e-04
Loss = 1.6773e-03, PNorm = 33.9036, GNorm = 0.2057, lr_0 = 1.2013e-04
Loss = 3.3125e-03, PNorm = 33.9013, GNorm = 0.1723, lr_0 = 1.2156e-04
Loss = 2.4179e-03, PNorm = 33.9014, GNorm = 0.5797, lr_0 = 1.2299e-04
Loss = 1.8846e-03, PNorm = 33.9055, GNorm = 0.0591, lr_0 = 1.2441e-04
Loss = 1.4675e-03, PNorm = 33.9085, GNorm = 0.2083, lr_0 = 1.2584e-04
Loss = 1.0699e-03, PNorm = 33.9106, GNorm = 0.1725, lr_0 = 1.2727e-04
Loss = 2.2073e-03, PNorm = 33.9098, GNorm = 0.1843, lr_0 = 1.2870e-04
Loss = 3.0014e-03, PNorm = 33.9071, GNorm = 0.1645, lr_0 = 1.3012e-04
Loss = 2.7182e-03, PNorm = 33.9074, GNorm = 0.0688, lr_0 = 1.3155e-04
Loss = 2.8529e-03, PNorm = 33.9103, GNorm = 0.4361, lr_0 = 1.3298e-04
Loss = 2.0386e-03, PNorm = 33.9138, GNorm = 0.0838, lr_0 = 1.3441e-04
Loss = 2.8965e-03, PNorm = 33.9155, GNorm = 1.2172, lr_0 = 1.3583e-04
Loss = 2.4558e-03, PNorm = 33.9164, GNorm = 0.5422, lr_0 = 1.3726e-04
Loss = 1.8157e-03, PNorm = 33.9218, GNorm = 0.3096, lr_0 = 1.3869e-04
Loss = 2.5585e-03, PNorm = 33.9238, GNorm = 0.3813, lr_0 = 1.4012e-04
Loss = 2.6155e-03, PNorm = 33.9240, GNorm = 0.4598, lr_0 = 1.4155e-04
Loss = 2.1353e-03, PNorm = 33.9278, GNorm = 0.3554, lr_0 = 1.4297e-04
Loss = 2.5335e-03, PNorm = 33.9310, GNorm = 0.0691, lr_0 = 1.4440e-04
Loss = 1.4982e-03, PNorm = 33.9357, GNorm = 0.1209, lr_0 = 1.4583e-04
Loss = 2.2152e-03, PNorm = 33.9369, GNorm = 0.1295, lr_0 = 1.4726e-04
Loss = 8.6700e-04, PNorm = 33.9401, GNorm = 0.1112, lr_0 = 1.4868e-04
Loss = 2.4154e-03, PNorm = 33.9421, GNorm = 0.3136, lr_0 = 1.5011e-04
Loss = 2.9353e-03, PNorm = 33.9434, GNorm = 0.3053, lr_0 = 1.5154e-04
Loss = 2.1270e-03, PNorm = 33.9501, GNorm = 0.3012, lr_0 = 1.5297e-04
Loss = 1.2650e-03, PNorm = 33.9573, GNorm = 0.2169, lr_0 = 1.5439e-04
Loss = 1.9667e-03, PNorm = 33.9586, GNorm = 0.2919, lr_0 = 1.5582e-04
Loss = 2.6976e-03, PNorm = 33.9616, GNorm = 0.1895, lr_0 = 1.5725e-04
Loss = 2.7200e-03, PNorm = 33.9666, GNorm = 0.3934, lr_0 = 1.5868e-04
Loss = 1.8698e-03, PNorm = 33.9754, GNorm = 0.3487, lr_0 = 1.6010e-04
Loss = 2.2833e-03, PNorm = 33.9823, GNorm = 0.1537, lr_0 = 1.6153e-04
Loss = 1.5960e-03, PNorm = 33.9879, GNorm = 0.1145, lr_0 = 1.6296e-04
Loss = 1.9310e-03, PNorm = 33.9958, GNorm = 0.1715, lr_0 = 1.6439e-04
Loss = 1.7808e-03, PNorm = 34.0023, GNorm = 0.3852, lr_0 = 1.6582e-04
Loss = 1.4919e-03, PNorm = 34.0109, GNorm = 0.5359, lr_0 = 1.6724e-04
Loss = 1.2183e-03, PNorm = 34.0153, GNorm = 0.1543, lr_0 = 1.6867e-04
Loss = 2.5846e-03, PNorm = 34.0148, GNorm = 0.2120, lr_0 = 1.7010e-04
Loss = 2.6287e-03, PNorm = 34.0209, GNorm = 0.4749, lr_0 = 1.7153e-04
Loss = 2.2162e-03, PNorm = 34.0312, GNorm = 0.0560, lr_0 = 1.7295e-04
Loss = 2.6511e-03, PNorm = 34.0388, GNorm = 0.4561, lr_0 = 1.7438e-04
Loss = 2.6208e-03, PNorm = 34.0450, GNorm = 0.0735, lr_0 = 1.7581e-04
Loss = 2.3058e-03, PNorm = 34.0599, GNorm = 0.3353, lr_0 = 1.7724e-04
Loss = 1.6296e-03, PNorm = 34.0709, GNorm = 0.1701, lr_0 = 1.7866e-04
Loss = 1.4371e-03, PNorm = 34.0776, GNorm = 1.4775, lr_0 = 1.8009e-04
Loss = 3.0438e-03, PNorm = 34.0811, GNorm = 0.3376, lr_0 = 1.8152e-04
Loss = 1.9012e-03, PNorm = 34.0987, GNorm = 0.1612, lr_0 = 1.8295e-04
Loss = 3.0907e-03, PNorm = 34.1043, GNorm = 0.3215, lr_0 = 1.8438e-04
Loss = 3.2126e-03, PNorm = 34.1176, GNorm = 0.3209, lr_0 = 1.8580e-04
Loss = 2.1381e-03, PNorm = 34.1372, GNorm = 0.1395, lr_0 = 1.8723e-04
Loss = 1.4771e-03, PNorm = 34.1524, GNorm = 0.1385, lr_0 = 1.8866e-04
Loss = 1.7055e-03, PNorm = 34.1616, GNorm = 0.2257, lr_0 = 1.9009e-04
Loss = 7.5187e-04, PNorm = 34.1712, GNorm = 0.1800, lr_0 = 1.9151e-04
Loss = 3.1214e-03, PNorm = 34.1720, GNorm = 0.1041, lr_0 = 1.9294e-04
Loss = 1.3434e-03, PNorm = 34.1856, GNorm = 0.0892, lr_0 = 1.9437e-04
Loss = 1.2486e-03, PNorm = 34.1975, GNorm = 0.2554, lr_0 = 1.9580e-04
Loss = 1.2309e-03, PNorm = 34.2027, GNorm = 0.1920, lr_0 = 1.9722e-04
Loss = 1.6127e-03, PNorm = 34.2112, GNorm = 0.2608, lr_0 = 1.9865e-04
Loss = 1.6152e-03, PNorm = 34.2236, GNorm = 0.1031, lr_0 = 2.0008e-04
Loss = 2.2604e-03, PNorm = 34.2319, GNorm = 0.1948, lr_0 = 2.0151e-04
Loss = 2.2305e-03, PNorm = 34.2436, GNorm = 0.4024, lr_0 = 2.0293e-04
Loss = 1.9599e-03, PNorm = 34.2621, GNorm = 0.0686, lr_0 = 2.0436e-04
Loss = 1.8167e-03, PNorm = 34.2812, GNorm = 0.4544, lr_0 = 2.0579e-04
Loss = 1.4838e-03, PNorm = 34.2935, GNorm = 0.2172, lr_0 = 2.0722e-04
Loss = 1.3839e-03, PNorm = 34.3019, GNorm = 0.2745, lr_0 = 2.0865e-04
Loss = 2.2494e-03, PNorm = 34.3065, GNorm = 0.4039, lr_0 = 2.1007e-04
Loss = 2.0843e-03, PNorm = 34.3258, GNorm = 0.7481, lr_0 = 2.1150e-04
Loss = 1.7247e-03, PNorm = 34.3393, GNorm = 0.1782, lr_0 = 2.1293e-04
Loss = 1.8381e-03, PNorm = 34.3520, GNorm = 0.1072, lr_0 = 2.1436e-04
Loss = 1.2845e-03, PNorm = 34.3758, GNorm = 0.2026, lr_0 = 2.1578e-04
Loss = 1.8835e-03, PNorm = 34.3982, GNorm = 0.4590, lr_0 = 2.1721e-04
Loss = 1.3095e-03, PNorm = 34.4234, GNorm = 0.4418, lr_0 = 2.1864e-04
Loss = 2.3595e-03, PNorm = 34.4329, GNorm = 0.4830, lr_0 = 2.2007e-04
Loss = 1.6440e-03, PNorm = 34.4549, GNorm = 0.1635, lr_0 = 2.2149e-04
Loss = 2.3188e-03, PNorm = 34.4618, GNorm = 0.2954, lr_0 = 2.2292e-04
Loss = 1.8809e-03, PNorm = 34.4786, GNorm = 0.1139, lr_0 = 2.2435e-04
Loss = 2.1406e-03, PNorm = 34.4961, GNorm = 0.4568, lr_0 = 2.2578e-04
Loss = 2.4341e-03, PNorm = 34.5048, GNorm = 0.4723, lr_0 = 2.2720e-04
Loss = 2.2898e-03, PNorm = 34.5240, GNorm = 0.2418, lr_0 = 2.2863e-04
Loss = 2.6334e-03, PNorm = 34.5384, GNorm = 0.3894, lr_0 = 2.3006e-04
Loss = 1.9392e-03, PNorm = 34.5645, GNorm = 0.1891, lr_0 = 2.3149e-04
Loss = 1.6361e-03, PNorm = 34.5794, GNorm = 0.2669, lr_0 = 2.3292e-04
Loss = 2.0799e-03, PNorm = 34.5715, GNorm = 0.1272, lr_0 = 2.3434e-04
Loss = 1.6624e-03, PNorm = 34.5845, GNorm = 0.1613, lr_0 = 2.3577e-04
Loss = 1.8877e-03, PNorm = 34.6058, GNorm = 0.1689, lr_0 = 2.3720e-04
Loss = 1.5251e-03, PNorm = 34.6356, GNorm = 0.1590, lr_0 = 2.3863e-04
Loss = 2.4019e-03, PNorm = 34.6577, GNorm = 0.1532, lr_0 = 2.4005e-04
Loss = 1.9707e-03, PNorm = 34.6810, GNorm = 0.2710, lr_0 = 2.4148e-04
Loss = 2.3175e-03, PNorm = 34.6970, GNorm = 0.1267, lr_0 = 2.4291e-04
Loss = 1.6022e-03, PNorm = 34.7161, GNorm = 0.1126, lr_0 = 2.4434e-04
Loss = 1.6488e-03, PNorm = 34.7325, GNorm = 0.3279, lr_0 = 2.4576e-04
Loss = 1.9428e-03, PNorm = 34.7489, GNorm = 0.5619, lr_0 = 2.4719e-04
Loss = 1.6184e-03, PNorm = 34.7646, GNorm = 0.5522, lr_0 = 2.4862e-04
Loss = 1.4174e-03, PNorm = 34.7773, GNorm = 0.4102, lr_0 = 2.5005e-04
Loss = 2.2528e-03, PNorm = 34.7983, GNorm = 0.4116, lr_0 = 2.5148e-04
Loss = 1.7679e-03, PNorm = 34.8229, GNorm = 0.7127, lr_0 = 2.5290e-04
Loss = 1.2503e-03, PNorm = 34.8480, GNorm = 0.2630, lr_0 = 2.5433e-04
Loss = 1.5265e-03, PNorm = 34.8695, GNorm = 0.4783, lr_0 = 2.5576e-04
Loss = 1.3302e-03, PNorm = 34.8958, GNorm = 0.7806, lr_0 = 2.5719e-04
Loss = 1.3665e-03, PNorm = 34.9077, GNorm = 0.3048, lr_0 = 2.5861e-04
Loss = 1.5340e-03, PNorm = 34.9185, GNorm = 0.2669, lr_0 = 2.6004e-04
Loss = 1.3478e-03, PNorm = 34.9348, GNorm = 0.1438, lr_0 = 2.6147e-04
Loss = 8.2987e-04, PNorm = 34.9561, GNorm = 0.1078, lr_0 = 2.6290e-04
Loss = 9.2211e-04, PNorm = 34.9734, GNorm = 0.3236, lr_0 = 2.6432e-04
Loss = 1.4606e-03, PNorm = 34.9924, GNorm = 0.3598, lr_0 = 2.6575e-04
Loss = 1.6303e-03, PNorm = 35.0114, GNorm = 0.7332, lr_0 = 2.6718e-04
Loss = 1.7877e-03, PNorm = 35.0148, GNorm = 0.5896, lr_0 = 2.6861e-04
Loss = 1.9928e-03, PNorm = 35.0249, GNorm = 0.2854, lr_0 = 2.7003e-04
Loss = 1.7145e-03, PNorm = 35.0426, GNorm = 0.2469, lr_0 = 2.7146e-04
Loss = 2.3363e-03, PNorm = 35.0581, GNorm = 0.3747, lr_0 = 2.7289e-04
Loss = 1.2518e-03, PNorm = 35.0861, GNorm = 0.1218, lr_0 = 2.7432e-04
Loss = 2.1022e-03, PNorm = 35.0924, GNorm = 0.6024, lr_0 = 2.7575e-04
Loss = 1.4046e-03, PNorm = 35.1198, GNorm = 0.0917, lr_0 = 2.7717e-04
Loss = 2.2321e-03, PNorm = 35.1312, GNorm = 0.4170, lr_0 = 2.7860e-04
Loss = 2.0085e-03, PNorm = 35.1565, GNorm = 0.2549, lr_0 = 2.8003e-04
Loss = 1.8926e-03, PNorm = 35.1865, GNorm = 0.2811, lr_0 = 2.8146e-04
Loss = 1.2959e-03, PNorm = 35.2086, GNorm = 0.2668, lr_0 = 2.8288e-04
Loss = 1.8966e-03, PNorm = 35.2226, GNorm = 0.1860, lr_0 = 2.8431e-04
Loss = 1.3394e-03, PNorm = 35.2456, GNorm = 0.1909, lr_0 = 2.8574e-04
Loss = 1.3756e-03, PNorm = 35.2612, GNorm = 0.3533, lr_0 = 2.8717e-04
Loss = 2.2482e-03, PNorm = 35.2838, GNorm = 0.2693, lr_0 = 2.8859e-04
Loss = 1.1089e-03, PNorm = 35.3130, GNorm = 0.1251, lr_0 = 2.9002e-04
Loss = 2.1164e-03, PNorm = 35.3252, GNorm = 0.7217, lr_0 = 2.9145e-04
Loss = 1.7171e-03, PNorm = 35.3580, GNorm = 0.2264, lr_0 = 2.9288e-04
Loss = 1.8575e-03, PNorm = 35.3767, GNorm = 0.4243, lr_0 = 2.9431e-04
Loss = 2.1113e-03, PNorm = 35.3999, GNorm = 0.4763, lr_0 = 2.9573e-04
Loss = 1.1252e-03, PNorm = 35.4373, GNorm = 0.1423, lr_0 = 2.9716e-04
Loss = 1.8128e-03, PNorm = 35.4586, GNorm = 0.3763, lr_0 = 2.9859e-04
Loss = 1.3488e-03, PNorm = 35.4639, GNorm = 0.3204, lr_0 = 3.0002e-04
Loss = 1.9163e-03, PNorm = 35.4873, GNorm = 0.3616, lr_0 = 3.0144e-04
Loss = 1.3647e-03, PNorm = 35.5214, GNorm = 0.2449, lr_0 = 3.0287e-04
Loss = 1.2815e-03, PNorm = 35.5424, GNorm = 0.4350, lr_0 = 3.0430e-04
Loss = 1.4421e-03, PNorm = 35.5474, GNorm = 0.1953, lr_0 = 3.0573e-04
Loss = 1.0591e-03, PNorm = 35.5687, GNorm = 0.3089, lr_0 = 3.0715e-04
Loss = 1.9072e-03, PNorm = 35.5956, GNorm = 0.5905, lr_0 = 3.0858e-04
Loss = 1.7746e-03, PNorm = 35.6242, GNorm = 0.7969, lr_0 = 3.1001e-04
Loss = 1.9347e-03, PNorm = 35.6542, GNorm = 0.3446, lr_0 = 3.1144e-04
Loss = 1.4273e-03, PNorm = 35.6808, GNorm = 0.1668, lr_0 = 3.1286e-04
Loss = 1.0973e-03, PNorm = 35.7033, GNorm = 0.2463, lr_0 = 3.1429e-04
Loss = 1.3235e-03, PNorm = 35.7180, GNorm = 0.3336, lr_0 = 3.1572e-04
Loss = 9.5947e-04, PNorm = 35.7415, GNorm = 0.3250, lr_0 = 3.1715e-04
Loss = 1.4800e-03, PNorm = 35.7587, GNorm = 0.4368, lr_0 = 3.1858e-04
Loss = 1.5571e-03, PNorm = 35.7991, GNorm = 0.5654, lr_0 = 3.2000e-04
Loss = 2.4820e-03, PNorm = 35.7982, GNorm = 0.2051, lr_0 = 3.2143e-04
Loss = 1.4991e-03, PNorm = 35.8149, GNorm = 0.3796, lr_0 = 3.2286e-04
Loss = 1.6390e-03, PNorm = 35.8454, GNorm = 0.3217, lr_0 = 3.2429e-04
Loss = 1.8785e-03, PNorm = 35.8709, GNorm = 0.3773, lr_0 = 3.2571e-04
Loss = 1.1655e-03, PNorm = 35.9044, GNorm = 0.1531, lr_0 = 3.2714e-04
Loss = 2.1770e-03, PNorm = 35.9135, GNorm = 0.1847, lr_0 = 3.2857e-04
Loss = 1.0922e-03, PNorm = 35.9342, GNorm = 0.3761, lr_0 = 3.3000e-04
Loss = 1.8442e-03, PNorm = 35.9436, GNorm = 0.1651, lr_0 = 3.3142e-04
Loss = 1.5908e-03, PNorm = 35.9550, GNorm = 0.1813, lr_0 = 3.3285e-04
Loss = 1.2637e-03, PNorm = 35.9764, GNorm = 0.1086, lr_0 = 3.3428e-04
Loss = 1.8006e-03, PNorm = 35.9915, GNorm = 0.4763, lr_0 = 3.3571e-04
Loss = 1.2453e-03, PNorm = 36.0063, GNorm = 0.1689, lr_0 = 3.3714e-04
Loss = 1.6467e-03, PNorm = 36.0260, GNorm = 0.3797, lr_0 = 3.3856e-04
Loss = 1.6431e-03, PNorm = 36.0507, GNorm = 0.1852, lr_0 = 3.3999e-04
Loss = 1.2492e-03, PNorm = 36.0749, GNorm = 0.3993, lr_0 = 3.4142e-04
Loss = 1.1822e-03, PNorm = 36.0941, GNorm = 0.1799, lr_0 = 3.4285e-04
Loss = 9.5586e-04, PNorm = 36.1307, GNorm = 0.2738, lr_0 = 3.4427e-04
Loss = 1.2720e-03, PNorm = 36.1526, GNorm = 0.5036, lr_0 = 3.4570e-04
Loss = 1.6535e-03, PNorm = 36.1660, GNorm = 0.0897, lr_0 = 3.4713e-04
Loss = 1.6112e-03, PNorm = 36.1674, GNorm = 0.2683, lr_0 = 3.4856e-04
Loss = 1.3564e-03, PNorm = 36.1897, GNorm = 0.5565, lr_0 = 3.4998e-04
Loss = 1.6264e-03, PNorm = 36.2125, GNorm = 0.2592, lr_0 = 3.5141e-04
Loss = 1.4765e-03, PNorm = 36.2360, GNorm = 0.5198, lr_0 = 3.5284e-04
Loss = 1.3221e-03, PNorm = 36.2509, GNorm = 0.5495, lr_0 = 3.5427e-04
Loss = 1.0247e-03, PNorm = 36.2656, GNorm = 0.6043, lr_0 = 3.5569e-04
Loss = 9.1755e-04, PNorm = 36.2844, GNorm = 0.4656, lr_0 = 3.5712e-04
Loss = 6.7034e-04, PNorm = 36.3056, GNorm = 0.4397, lr_0 = 3.5855e-04
Loss = 1.4698e-03, PNorm = 36.3188, GNorm = 0.2499, lr_0 = 3.5998e-04
Loss = 8.8168e-04, PNorm = 36.3397, GNorm = 0.1444, lr_0 = 3.6141e-04
Loss = 9.6141e-04, PNorm = 36.3606, GNorm = 0.2925, lr_0 = 3.6283e-04
Loss = 1.2525e-03, PNorm = 36.3796, GNorm = 0.8507, lr_0 = 3.6426e-04
Loss = 1.1566e-03, PNorm = 36.3884, GNorm = 0.2195, lr_0 = 3.6569e-04
Loss = 1.0506e-03, PNorm = 36.4099, GNorm = 0.2834, lr_0 = 3.6712e-04
Loss = 9.9014e-04, PNorm = 36.4324, GNorm = 0.2271, lr_0 = 3.6854e-04
Loss = 1.8592e-03, PNorm = 36.4371, GNorm = 0.2330, lr_0 = 3.6997e-04
Loss = 1.1849e-03, PNorm = 36.4514, GNorm = 0.2966, lr_0 = 3.7140e-04
Loss = 2.9443e-04, PNorm = 36.4657, GNorm = 0.3235, lr_0 = 3.7283e-04
Loss = 1.4574e-03, PNorm = 36.4737, GNorm = 0.2101, lr_0 = 3.7425e-04
Loss = 1.2200e-03, PNorm = 36.4921, GNorm = 0.4538, lr_0 = 3.7568e-04
Loss = 1.5064e-03, PNorm = 36.5017, GNorm = 0.7614, lr_0 = 3.7711e-04
Loss = 2.1277e-03, PNorm = 36.5038, GNorm = 0.4001, lr_0 = 3.7854e-04
Loss = 9.8047e-04, PNorm = 36.5303, GNorm = 0.1874, lr_0 = 3.7997e-04
Loss = 1.2178e-03, PNorm = 36.5715, GNorm = 0.5879, lr_0 = 3.8139e-04
Loss = 4.1489e-04, PNorm = 36.6159, GNorm = 0.0338, lr_0 = 3.8282e-04
Loss = 1.0541e-03, PNorm = 36.6301, GNorm = 0.1247, lr_0 = 3.8425e-04
Loss = 1.4850e-03, PNorm = 36.6411, GNorm = 0.4090, lr_0 = 3.8568e-04
Loss = 1.8162e-03, PNorm = 36.6455, GNorm = 0.3346, lr_0 = 3.8710e-04
Loss = 1.7754e-03, PNorm = 36.6603, GNorm = 0.2916, lr_0 = 3.8853e-04
Loss = 1.9815e-03, PNorm = 36.6653, GNorm = 0.2123, lr_0 = 3.8996e-04
Loss = 1.2926e-03, PNorm = 36.6918, GNorm = 0.4430, lr_0 = 3.9139e-04
Loss = 8.0155e-04, PNorm = 36.7090, GNorm = 0.1342, lr_0 = 3.9281e-04
Loss = 4.8502e-04, PNorm = 36.7364, GNorm = 0.0967, lr_0 = 3.9424e-04
Loss = 1.6764e-03, PNorm = 36.7405, GNorm = 0.3203, lr_0 = 3.9567e-04
Loss = 1.1256e-03, PNorm = 36.7572, GNorm = 0.1993, lr_0 = 3.9710e-04
Loss = 9.4163e-04, PNorm = 36.7794, GNorm = 1.3799, lr_0 = 3.9852e-04
Loss = 1.1031e-03, PNorm = 36.7853, GNorm = 0.2369, lr_0 = 3.9995e-04
Loss = 1.5379e-03, PNorm = 36.8022, GNorm = 0.2527, lr_0 = 4.0138e-04
Loss = 1.1160e-03, PNorm = 36.8233, GNorm = 0.4170, lr_0 = 4.0281e-04
Loss = 1.6624e-03, PNorm = 36.8403, GNorm = 0.8734, lr_0 = 4.0424e-04
Loss = 1.4050e-03, PNorm = 36.8610, GNorm = 0.0607, lr_0 = 4.0566e-04
Loss = 1.1993e-03, PNorm = 36.8510, GNorm = 0.3245, lr_0 = 4.0709e-04
Loss = 1.5916e-03, PNorm = 36.8582, GNorm = 0.5056, lr_0 = 4.0852e-04
Loss = 1.4211e-03, PNorm = 36.8746, GNorm = 0.3562, lr_0 = 4.0995e-04
Loss = 1.2544e-03, PNorm = 36.9136, GNorm = 0.5923, lr_0 = 4.1137e-04
Loss = 9.2288e-04, PNorm = 36.9600, GNorm = 0.0469, lr_0 = 4.1280e-04
Loss = 1.7419e-03, PNorm = 36.9712, GNorm = 0.6213, lr_0 = 4.1423e-04
Loss = 1.1107e-03, PNorm = 36.9897, GNorm = 0.2771, lr_0 = 4.1566e-04
Loss = 1.3339e-03, PNorm = 36.9989, GNorm = 0.2514, lr_0 = 4.1708e-04
Loss = 1.9357e-03, PNorm = 37.0193, GNorm = 0.1994, lr_0 = 4.1851e-04
Loss = 1.2591e-03, PNorm = 37.0432, GNorm = 0.3924, lr_0 = 4.1994e-04
Loss = 9.6535e-04, PNorm = 37.0727, GNorm = 0.1082, lr_0 = 4.2137e-04
Loss = 1.5385e-03, PNorm = 37.1086, GNorm = 0.3078, lr_0 = 4.2280e-04
Loss = 2.3476e-03, PNorm = 37.1164, GNorm = 0.2036, lr_0 = 4.2422e-04
Loss = 1.1433e-03, PNorm = 37.1394, GNorm = 0.1497, lr_0 = 4.2565e-04
Loss = 1.2128e-03, PNorm = 37.1601, GNorm = 0.2642, lr_0 = 4.2708e-04
Loss = 1.6165e-03, PNorm = 37.1723, GNorm = 0.2362, lr_0 = 4.2851e-04
Loss = 1.4260e-03, PNorm = 37.1993, GNorm = 0.1812, lr_0 = 4.2993e-04
Loss = 2.4178e-04, PNorm = 37.2253, GNorm = 0.1321, lr_0 = 4.3136e-04
Loss = 1.1471e-03, PNorm = 37.2229, GNorm = 0.2400, lr_0 = 4.3279e-04
Loss = 1.5267e-03, PNorm = 37.2280, GNorm = 0.1301, lr_0 = 4.3422e-04
Loss = 4.0076e-04, PNorm = 37.2488, GNorm = 0.3080, lr_0 = 4.3564e-04
Loss = 7.7804e-04, PNorm = 37.2522, GNorm = 0.0680, lr_0 = 4.3707e-04
Loss = 1.6127e-03, PNorm = 37.2601, GNorm = 0.3275, lr_0 = 4.3850e-04
Loss = 1.4058e-03, PNorm = 37.2851, GNorm = 0.2406, lr_0 = 4.3993e-04
Loss = 1.6041e-03, PNorm = 37.3003, GNorm = 0.6325, lr_0 = 4.4135e-04
Loss = 1.4846e-03, PNorm = 37.3367, GNorm = 0.4114, lr_0 = 4.4278e-04
Loss = 1.8157e-03, PNorm = 37.3327, GNorm = 0.3857, lr_0 = 4.4421e-04
Loss = 1.4797e-03, PNorm = 37.3563, GNorm = 0.1797, lr_0 = 4.4564e-04
Loss = 1.5502e-03, PNorm = 37.3948, GNorm = 0.2888, lr_0 = 4.4707e-04
Loss = 4.6591e-04, PNorm = 37.4290, GNorm = 0.1322, lr_0 = 4.4849e-04
Loss = 9.7556e-04, PNorm = 37.4458, GNorm = 0.0688, lr_0 = 4.4992e-04
Loss = 1.6598e-03, PNorm = 37.4471, GNorm = 0.4018, lr_0 = 4.5135e-04
Loss = 1.2955e-03, PNorm = 37.4692, GNorm = 0.2203, lr_0 = 4.5278e-04
Loss = 1.8740e-03, PNorm = 37.4883, GNorm = 0.4567, lr_0 = 4.5420e-04
Loss = 8.5933e-04, PNorm = 37.5217, GNorm = 0.0932, lr_0 = 4.5563e-04
Loss = 6.1814e-04, PNorm = 37.5535, GNorm = 0.0494, lr_0 = 4.5706e-04
Loss = 9.4081e-04, PNorm = 37.5763, GNorm = 0.8443, lr_0 = 4.5849e-04
Loss = 1.6287e-03, PNorm = 37.5868, GNorm = 0.3705, lr_0 = 4.5991e-04
Loss = 7.9928e-04, PNorm = 37.5909, GNorm = 0.0565, lr_0 = 4.6134e-04
Loss = 1.0296e-03, PNorm = 37.5983, GNorm = 0.3849, lr_0 = 4.6277e-04
Loss = 1.7592e-03, PNorm = 37.6204, GNorm = 0.2265, lr_0 = 4.6420e-04
Loss = 1.1787e-03, PNorm = 37.6410, GNorm = 0.1335, lr_0 = 4.6563e-04
Loss = 1.4785e-03, PNorm = 37.6630, GNorm = 0.9948, lr_0 = 4.6705e-04
Loss = 1.4186e-03, PNorm = 37.6715, GNorm = 0.5131, lr_0 = 4.6848e-04
Loss = 1.4398e-03, PNorm = 37.6787, GNorm = 0.2019, lr_0 = 4.6991e-04
Loss = 1.1896e-03, PNorm = 37.6932, GNorm = 0.3405, lr_0 = 4.7134e-04
Loss = 1.1259e-03, PNorm = 37.7173, GNorm = 0.3799, lr_0 = 4.7276e-04
Loss = 1.8073e-03, PNorm = 37.7300, GNorm = 0.7620, lr_0 = 4.7419e-04
Loss = 1.0643e-03, PNorm = 37.7538, GNorm = 0.4494, lr_0 = 4.7562e-04
Loss = 1.7576e-03, PNorm = 37.7463, GNorm = 0.3425, lr_0 = 4.7705e-04
Loss = 1.0467e-03, PNorm = 37.7736, GNorm = 0.0880, lr_0 = 4.7847e-04
Loss = 8.2635e-04, PNorm = 37.7866, GNorm = 0.1497, lr_0 = 4.7990e-04
Loss = 2.0192e-03, PNorm = 37.7953, GNorm = 0.1998, lr_0 = 4.8133e-04
Loss = 1.3541e-03, PNorm = 37.8257, GNorm = 0.2484, lr_0 = 4.8276e-04
Loss = 1.1863e-03, PNorm = 37.8499, GNorm = 0.2196, lr_0 = 4.8418e-04
Loss = 1.0069e-03, PNorm = 37.8833, GNorm = 0.8190, lr_0 = 4.8561e-04
Loss = 1.4577e-03, PNorm = 37.9115, GNorm = 0.3934, lr_0 = 4.8704e-04
Loss = 9.5846e-04, PNorm = 37.9180, GNorm = 0.0641, lr_0 = 4.8847e-04
Loss = 1.5168e-03, PNorm = 37.9209, GNorm = 0.3514, lr_0 = 4.8990e-04
Loss = 7.8890e-04, PNorm = 37.9525, GNorm = 0.2403, lr_0 = 4.9132e-04
Loss = 8.8160e-04, PNorm = 37.9717, GNorm = 0.4609, lr_0 = 4.9275e-04
Loss = 1.0668e-03, PNorm = 37.9933, GNorm = 0.3198, lr_0 = 4.9418e-04
Loss = 1.9914e-03, PNorm = 38.0139, GNorm = 0.5175, lr_0 = 4.9561e-04
Loss = 1.1184e-03, PNorm = 38.0176, GNorm = 0.3559, lr_0 = 4.9703e-04
Loss = 1.3171e-03, PNorm = 38.0404, GNorm = 0.2394, lr_0 = 4.9846e-04
Loss = 9.2991e-04, PNorm = 38.0783, GNorm = 0.1436, lr_0 = 4.9989e-04
Loss = 1.1260e-03, PNorm = 38.0976, GNorm = 0.1658, lr_0 = 5.0132e-04
Loss = 8.7655e-04, PNorm = 38.1330, GNorm = 0.3561, lr_0 = 5.0274e-04
Loss = 1.3888e-03, PNorm = 38.1616, GNorm = 0.8853, lr_0 = 5.0417e-04
Loss = 6.6050e-04, PNorm = 38.2001, GNorm = 0.4315, lr_0 = 5.0560e-04
Loss = 8.2110e-04, PNorm = 38.2113, GNorm = 0.7265, lr_0 = 5.0703e-04
Loss = 1.1937e-03, PNorm = 38.2194, GNorm = 0.2891, lr_0 = 5.0845e-04
Loss = 1.0074e-03, PNorm = 38.2326, GNorm = 0.2499, lr_0 = 5.0988e-04
Loss = 1.5469e-03, PNorm = 38.2448, GNorm = 0.3414, lr_0 = 5.1131e-04
Loss = 1.3230e-03, PNorm = 38.2766, GNorm = 0.2070, lr_0 = 5.1274e-04
Loss = 1.0536e-03, PNorm = 38.3035, GNorm = 0.1636, lr_0 = 5.1417e-04
Loss = 1.1216e-03, PNorm = 38.3201, GNorm = 1.3792, lr_0 = 5.1559e-04
Loss = 1.0647e-03, PNorm = 38.3329, GNorm = 0.0585, lr_0 = 5.1702e-04
Loss = 1.3448e-03, PNorm = 38.3492, GNorm = 0.1274, lr_0 = 5.1845e-04
