Fold 0
{'activation': 'ReLU',
 'atom_messages': False,
 'batch_size': 50,
 'bias': False,
 'checkpoint_dir': None,
 'checkpoint_path': None,
 'checkpoint_paths': None,
 'config_path': None,
 'crossval_index_dir': None,
 'crossval_index_file': None,
 'cuda': True,
 'data_path': 'dataset/splitted_csv_files_mpnn_models/plasma_membrane_tr.csv',
 'dataset_type': 'classification',
 'depth': 3,
 'dropout': 0.0,
 'ensemble_size': 1,
 'epochs': 50,
 'features_generator': None,
 'features_only': False,
 'features_path': None,
 'features_scaling': True,
 'ffn_hidden_size': 300,
 'ffn_num_layers': 2,
 'final_lr': 0.0001,
 'folds_file': None,
 'gpu': None,
 'hidden_size': 300,
 'init_lr': 0.0001,
 'log_frequency': 10,
 'max_data_size': None,
 'max_lr': 0.001,
 'metric': 'cohen_k',
 'minimize_score': False,
 'multiclass_num_classes': 3,
 'no_cache': False,
 'num_folds': 1,
 'num_lrs': 1,
 'quiet': False,
 'save_dir': 'saved_models/plasma_membrane/fold_0',
 'save_smiles_splits': False,
 'seed': 0,
 'separate_test_features_path': None,
 'separate_test_path': 'dataset/splitted_csv_files_mpnn_models/plasma_membrane_te.csv',
 'separate_val_features_path': None,
 'separate_val_path': 'dataset/splitted_csv_files_mpnn_models/plasma_membrane_va.csv',
 'show_individual_scores': False,
 'split_sizes': [0.8, 0.1, 0.1],
 'split_type': 'random',
 'test': False,
 'test_fold_index': None,
 'undirected': False,
 'use_compound_names': False,
 'use_input_features': None,
 'val_fold_index': None,
 'warmup_epochs': 2.0}
Loading data
Number of tasks = 1
Splitting data with seed 0
Class sizes
Label 0: 41.41%, 1: 58.59%
Total size = 157,623 | train size = 157,623 | val size = 33,668 | test size = 33,758
Building model 0
MoleculeModel(
  (sigmoid): Sigmoid()
  (encoder): MPN(
    (encoder): MPNEncoder(
      (dropout_layer): Dropout(p=0.0, inplace=False)
      (act_func): ReLU()
      (W_i): Linear(in_features=147, out_features=300, bias=False)
      (W_h): Linear(in_features=300, out_features=300, bias=False)
      (W_o): Linear(in_features=433, out_features=300, bias=True)
    )
  )
  (ffn): Sequential(
    (0): Dropout(p=0.0, inplace=False)
    (1): Linear(in_features=300, out_features=300, bias=True)
    (2): ReLU()
    (3): Dropout(p=0.0, inplace=False)
    (4): Linear(in_features=300, out_features=1, bias=True)
  )
)
Number of parameters = 354,901
Moving model to cuda
Epoch 0
Loss = 1.3842e-02, PNorm = 33.9443, GNorm = 0.6199, lr_0 = 1.0157e-04
Loss = 1.3584e-02, PNorm = 33.9447, GNorm = 0.2640, lr_0 = 1.0300e-04
Loss = 1.3573e-02, PNorm = 33.9452, GNorm = 0.5612, lr_0 = 1.0443e-04
Loss = 1.3578e-02, PNorm = 33.9457, GNorm = 1.5362, lr_0 = 1.0585e-04
Loss = 1.3483e-02, PNorm = 33.9464, GNorm = 0.5160, lr_0 = 1.0728e-04
Loss = 1.3298e-02, PNorm = 33.9471, GNorm = 0.1551, lr_0 = 1.0871e-04
Loss = 1.3122e-02, PNorm = 33.9480, GNorm = 0.7212, lr_0 = 1.1014e-04
Loss = 1.3433e-02, PNorm = 33.9486, GNorm = 0.8984, lr_0 = 1.1156e-04
Loss = 1.3547e-02, PNorm = 33.9492, GNorm = 0.9956, lr_0 = 1.1299e-04
Loss = 1.3353e-02, PNorm = 33.9506, GNorm = 0.5761, lr_0 = 1.1442e-04
Loss = 1.3223e-02, PNorm = 33.9521, GNorm = 0.4916, lr_0 = 1.1585e-04
Loss = 1.3364e-02, PNorm = 33.9533, GNorm = 1.9784, lr_0 = 1.1727e-04
Loss = 1.3545e-02, PNorm = 33.9546, GNorm = 0.7759, lr_0 = 1.1870e-04
Loss = 1.3262e-02, PNorm = 33.9563, GNorm = 0.6955, lr_0 = 1.2013e-04
Loss = 1.3430e-02, PNorm = 33.9584, GNorm = 0.5606, lr_0 = 1.2156e-04
Loss = 1.3574e-02, PNorm = 33.9609, GNorm = 1.2469, lr_0 = 1.2299e-04
Loss = 1.3671e-02, PNorm = 33.9631, GNorm = 0.6905, lr_0 = 1.2441e-04
Loss = 1.3489e-02, PNorm = 33.9649, GNorm = 0.5793, lr_0 = 1.2584e-04
Loss = 1.3308e-02, PNorm = 33.9675, GNorm = 0.2383, lr_0 = 1.2727e-04
Loss = 1.3095e-02, PNorm = 33.9706, GNorm = 0.2610, lr_0 = 1.2870e-04
Loss = 1.3453e-02, PNorm = 33.9743, GNorm = 1.1122, lr_0 = 1.3012e-04
Loss = 1.3566e-02, PNorm = 33.9776, GNorm = 1.9672, lr_0 = 1.3155e-04
Loss = 1.3403e-02, PNorm = 33.9810, GNorm = 0.8140, lr_0 = 1.3298e-04
Loss = 1.3258e-02, PNorm = 33.9841, GNorm = 0.4428, lr_0 = 1.3441e-04
Loss = 1.3118e-02, PNorm = 33.9879, GNorm = 0.3441, lr_0 = 1.3583e-04
Loss = 1.3130e-02, PNorm = 33.9920, GNorm = 0.5337, lr_0 = 1.3726e-04
Loss = 1.3395e-02, PNorm = 33.9968, GNorm = 0.6521, lr_0 = 1.3869e-04
Loss = 1.3481e-02, PNorm = 34.0025, GNorm = 0.7810, lr_0 = 1.4012e-04
Loss = 1.3183e-02, PNorm = 34.0079, GNorm = 0.4448, lr_0 = 1.4155e-04
Loss = 1.2863e-02, PNorm = 34.0127, GNorm = 0.7290, lr_0 = 1.4297e-04
Loss = 1.3090e-02, PNorm = 34.0176, GNorm = 0.4740, lr_0 = 1.4440e-04
Loss = 1.3371e-02, PNorm = 34.0227, GNorm = 1.2504, lr_0 = 1.4583e-04
Loss = 1.2764e-02, PNorm = 34.0295, GNorm = 0.3065, lr_0 = 1.4726e-04
Loss = 1.3336e-02, PNorm = 34.0358, GNorm = 0.6224, lr_0 = 1.4868e-04
Loss = 1.3700e-02, PNorm = 34.0408, GNorm = 0.4012, lr_0 = 1.5011e-04
Loss = 1.3160e-02, PNorm = 34.0460, GNorm = 1.8527, lr_0 = 1.5154e-04
Loss = 1.3102e-02, PNorm = 34.0530, GNorm = 0.5054, lr_0 = 1.5297e-04
Loss = 1.3361e-02, PNorm = 34.0575, GNorm = 0.7913, lr_0 = 1.5439e-04
Loss = 1.3064e-02, PNorm = 34.0635, GNorm = 0.2453, lr_0 = 1.5582e-04
Loss = 1.3199e-02, PNorm = 34.0699, GNorm = 0.2652, lr_0 = 1.5725e-04
Loss = 1.2982e-02, PNorm = 34.0772, GNorm = 0.3700, lr_0 = 1.5868e-04
Loss = 1.3691e-02, PNorm = 34.0814, GNorm = 1.4010, lr_0 = 1.6010e-04
Loss = 1.3106e-02, PNorm = 34.0880, GNorm = 0.6506, lr_0 = 1.6153e-04
Loss = 1.3242e-02, PNorm = 34.0937, GNorm = 0.3029, lr_0 = 1.6296e-04
Loss = 1.2876e-02, PNorm = 34.1026, GNorm = 0.4368, lr_0 = 1.6439e-04
Loss = 1.3506e-02, PNorm = 34.1093, GNorm = 1.3118, lr_0 = 1.6582e-04
Loss = 1.3728e-02, PNorm = 34.1137, GNorm = 0.4735, lr_0 = 1.6724e-04
Loss = 1.3215e-02, PNorm = 34.1205, GNorm = 1.1689, lr_0 = 1.6867e-04
Loss = 1.3346e-02, PNorm = 34.1288, GNorm = 1.0371, lr_0 = 1.7010e-04
Loss = 1.3076e-02, PNorm = 34.1350, GNorm = 0.5131, lr_0 = 1.7153e-04
Loss = 1.3132e-02, PNorm = 34.1435, GNorm = 0.4814, lr_0 = 1.7295e-04
Loss = 1.3068e-02, PNorm = 34.1513, GNorm = 0.5037, lr_0 = 1.7438e-04
Loss = 1.2857e-02, PNorm = 34.1617, GNorm = 0.3267, lr_0 = 1.7581e-04
Loss = 1.3151e-02, PNorm = 34.1693, GNorm = 0.5397, lr_0 = 1.7724e-04
Loss = 1.3101e-02, PNorm = 34.1792, GNorm = 0.6521, lr_0 = 1.7866e-04
Loss = 1.2804e-02, PNorm = 34.1896, GNorm = 1.6869, lr_0 = 1.8009e-04
Loss = 1.2948e-02, PNorm = 34.1994, GNorm = 1.4646, lr_0 = 1.8152e-04
Loss = 1.2998e-02, PNorm = 34.2082, GNorm = 0.2948, lr_0 = 1.8295e-04
Loss = 1.3088e-02, PNorm = 34.2159, GNorm = 0.7494, lr_0 = 1.8438e-04
Loss = 1.3105e-02, PNorm = 34.2237, GNorm = 1.2540, lr_0 = 1.8580e-04
Loss = 1.3372e-02, PNorm = 34.2320, GNorm = 1.1976, lr_0 = 1.8723e-04
Loss = 1.3020e-02, PNorm = 34.2399, GNorm = 0.4860, lr_0 = 1.8866e-04
Loss = 1.2955e-02, PNorm = 34.2500, GNorm = 0.9930, lr_0 = 1.9009e-04
Loss = 1.3107e-02, PNorm = 34.2600, GNorm = 0.3730, lr_0 = 1.9151e-04
Loss = 1.2901e-02, PNorm = 34.2698, GNorm = 0.9904, lr_0 = 1.9294e-04
Loss = 1.3195e-02, PNorm = 34.2749, GNorm = 0.8575, lr_0 = 1.9437e-04
Loss = 1.3156e-02, PNorm = 34.2815, GNorm = 0.3396, lr_0 = 1.9580e-04
Loss = 1.3193e-02, PNorm = 34.2894, GNorm = 1.2223, lr_0 = 1.9722e-04
Loss = 1.2555e-02, PNorm = 34.2979, GNorm = 0.4493, lr_0 = 1.9865e-04
Loss = 1.3060e-02, PNorm = 34.3064, GNorm = 1.4540, lr_0 = 2.0008e-04
Loss = 1.3012e-02, PNorm = 34.3180, GNorm = 0.9453, lr_0 = 2.0151e-04
Loss = 1.3015e-02, PNorm = 34.3274, GNorm = 0.4620, lr_0 = 2.0293e-04
Loss = 1.3090e-02, PNorm = 34.3371, GNorm = 0.9178, lr_0 = 2.0436e-04
Loss = 1.2630e-02, PNorm = 34.3488, GNorm = 0.3856, lr_0 = 2.0579e-04
Loss = 1.2959e-02, PNorm = 34.3582, GNorm = 0.4546, lr_0 = 2.0722e-04
Loss = 1.2487e-02, PNorm = 34.3713, GNorm = 0.4510, lr_0 = 2.0865e-04
Loss = 1.3248e-02, PNorm = 34.3808, GNorm = 1.3230, lr_0 = 2.1007e-04
Loss = 1.2542e-02, PNorm = 34.3931, GNorm = 0.3003, lr_0 = 2.1150e-04
Loss = 1.3161e-02, PNorm = 34.4049, GNorm = 0.4563, lr_0 = 2.1293e-04
Loss = 1.3039e-02, PNorm = 34.4169, GNorm = 1.1518, lr_0 = 2.1436e-04
Loss = 1.3110e-02, PNorm = 34.4246, GNorm = 0.2869, lr_0 = 2.1578e-04
Loss = 1.2706e-02, PNorm = 34.4394, GNorm = 1.1318, lr_0 = 2.1721e-04
Loss = 1.2557e-02, PNorm = 34.4548, GNorm = 0.5847, lr_0 = 2.1864e-04
Loss = 1.3211e-02, PNorm = 34.4626, GNorm = 0.6980, lr_0 = 2.2007e-04
Loss = 1.3040e-02, PNorm = 34.4753, GNorm = 1.1319, lr_0 = 2.2149e-04
Loss = 1.2976e-02, PNorm = 34.4848, GNorm = 0.5398, lr_0 = 2.2292e-04
Loss = 1.2555e-02, PNorm = 34.4996, GNorm = 0.8873, lr_0 = 2.2435e-04
Loss = 1.2620e-02, PNorm = 34.5154, GNorm = 0.3165, lr_0 = 2.2578e-04
Loss = 1.3035e-02, PNorm = 34.5256, GNorm = 0.4406, lr_0 = 2.2720e-04
Loss = 1.2910e-02, PNorm = 34.5395, GNorm = 0.8236, lr_0 = 2.2863e-04
Loss = 1.2544e-02, PNorm = 34.5498, GNorm = 0.4321, lr_0 = 2.3006e-04
Loss = 1.2485e-02, PNorm = 34.5641, GNorm = 0.3486, lr_0 = 2.3149e-04
Loss = 1.2313e-02, PNorm = 34.5812, GNorm = 0.5023, lr_0 = 2.3292e-04
Loss = 1.2569e-02, PNorm = 34.5959, GNorm = 0.3889, lr_0 = 2.3434e-04
Loss = 1.3283e-02, PNorm = 34.6106, GNorm = 0.8053, lr_0 = 2.3577e-04
Loss = 1.2975e-02, PNorm = 34.6194, GNorm = 0.6529, lr_0 = 2.3720e-04
Loss = 1.2648e-02, PNorm = 34.6333, GNorm = 1.2532, lr_0 = 2.3863e-04
Loss = 1.2679e-02, PNorm = 34.6469, GNorm = 0.6033, lr_0 = 2.4005e-04
Loss = 1.3039e-02, PNorm = 34.6589, GNorm = 0.7343, lr_0 = 2.4148e-04
Loss = 1.2277e-02, PNorm = 34.6754, GNorm = 0.3275, lr_0 = 2.4291e-04
Loss = 1.2475e-02, PNorm = 34.6929, GNorm = 1.0286, lr_0 = 2.4434e-04
Loss = 1.2718e-02, PNorm = 34.7105, GNorm = 1.1497, lr_0 = 2.4576e-04
Loss = 1.1565e-02, PNorm = 34.7311, GNorm = 0.4995, lr_0 = 2.4719e-04
Loss = 1.3132e-02, PNorm = 34.7438, GNorm = 1.6223, lr_0 = 2.4862e-04
Loss = 1.2012e-02, PNorm = 34.7606, GNorm = 0.7827, lr_0 = 2.5005e-04
Loss = 1.1997e-02, PNorm = 34.7794, GNorm = 1.5734, lr_0 = 2.5148e-04
Loss = 1.3207e-02, PNorm = 34.7934, GNorm = 0.9055, lr_0 = 2.5290e-04
Loss = 1.2565e-02, PNorm = 34.8028, GNorm = 0.2945, lr_0 = 2.5433e-04
Loss = 1.2291e-02, PNorm = 34.8163, GNorm = 0.6051, lr_0 = 2.5576e-04
Loss = 1.1762e-02, PNorm = 34.8331, GNorm = 0.4765, lr_0 = 2.5719e-04
Loss = 1.2984e-02, PNorm = 34.8468, GNorm = 0.8711, lr_0 = 2.5861e-04
Loss = 1.2861e-02, PNorm = 34.8623, GNorm = 1.6349, lr_0 = 2.6004e-04
Loss = 1.2611e-02, PNorm = 34.8713, GNorm = 0.6225, lr_0 = 2.6147e-04
Loss = 1.2514e-02, PNorm = 34.8818, GNorm = 0.5567, lr_0 = 2.6290e-04
Loss = 1.2245e-02, PNorm = 34.8970, GNorm = 1.3844, lr_0 = 2.6432e-04
Loss = 1.2386e-02, PNorm = 34.9090, GNorm = 0.5729, lr_0 = 2.6575e-04
Loss = 1.2475e-02, PNorm = 34.9238, GNorm = 0.7203, lr_0 = 2.6718e-04
Loss = 1.2494e-02, PNorm = 34.9326, GNorm = 1.0446, lr_0 = 2.6861e-04
Loss = 1.2299e-02, PNorm = 34.9481, GNorm = 0.7665, lr_0 = 2.7003e-04
Loss = 1.2277e-02, PNorm = 34.9661, GNorm = 0.8690, lr_0 = 2.7146e-04
Loss = 1.2357e-02, PNorm = 34.9797, GNorm = 1.2447, lr_0 = 2.7289e-04
Loss = 1.2351e-02, PNorm = 34.9962, GNorm = 1.5003, lr_0 = 2.7432e-04
Loss = 1.2741e-02, PNorm = 35.0077, GNorm = 0.6500, lr_0 = 2.7575e-04
Loss = 1.2499e-02, PNorm = 35.0216, GNorm = 0.5220, lr_0 = 2.7717e-04
Loss = 1.2695e-02, PNorm = 35.0363, GNorm = 0.4433, lr_0 = 2.7860e-04
Loss = 1.1901e-02, PNorm = 35.0566, GNorm = 0.6111, lr_0 = 2.8003e-04
Loss = 1.2325e-02, PNorm = 35.0773, GNorm = 1.5035, lr_0 = 2.8146e-04
Loss = 1.2635e-02, PNorm = 35.0916, GNorm = 1.8164, lr_0 = 2.8288e-04
Loss = 1.2227e-02, PNorm = 35.1035, GNorm = 0.4897, lr_0 = 2.8431e-04
Loss = 1.2405e-02, PNorm = 35.1197, GNorm = 1.9860, lr_0 = 2.8574e-04
Loss = 1.3329e-02, PNorm = 35.1330, GNorm = 0.6474, lr_0 = 2.8717e-04
Loss = 1.2208e-02, PNorm = 35.1463, GNorm = 0.5462, lr_0 = 2.8859e-04
Loss = 1.2481e-02, PNorm = 35.1635, GNorm = 0.9802, lr_0 = 2.9002e-04
Loss = 1.2686e-02, PNorm = 35.1803, GNorm = 0.9980, lr_0 = 2.9145e-04
Loss = 1.2126e-02, PNorm = 35.1980, GNorm = 0.6382, lr_0 = 2.9288e-04
Loss = 1.2144e-02, PNorm = 35.2155, GNorm = 0.6973, lr_0 = 2.9431e-04
Loss = 1.1928e-02, PNorm = 35.2342, GNorm = 0.4204, lr_0 = 2.9573e-04
Loss = 1.2069e-02, PNorm = 35.2551, GNorm = 0.6737, lr_0 = 2.9716e-04
Loss = 1.1985e-02, PNorm = 35.2757, GNorm = 1.3428, lr_0 = 2.9859e-04
Loss = 1.2597e-02, PNorm = 35.2912, GNorm = 1.4883, lr_0 = 3.0002e-04
Loss = 1.2529e-02, PNorm = 35.3059, GNorm = 0.9715, lr_0 = 3.0144e-04
Loss = 1.2264e-02, PNorm = 35.3175, GNorm = 0.6900, lr_0 = 3.0287e-04
Loss = 1.2169e-02, PNorm = 35.3387, GNorm = 0.4348, lr_0 = 3.0430e-04
Loss = 1.1647e-02, PNorm = 35.3618, GNorm = 0.5637, lr_0 = 3.0573e-04
Loss = 1.2156e-02, PNorm = 35.3825, GNorm = 1.0506, lr_0 = 3.0715e-04
Loss = 1.2064e-02, PNorm = 35.3975, GNorm = 1.2306, lr_0 = 3.0858e-04
Loss = 1.2095e-02, PNorm = 35.4082, GNorm = 1.9031, lr_0 = 3.1001e-04
Loss = 1.2207e-02, PNorm = 35.4275, GNorm = 1.0274, lr_0 = 3.1144e-04
Loss = 1.1861e-02, PNorm = 35.4532, GNorm = 1.2986, lr_0 = 3.1286e-04
Loss = 1.2436e-02, PNorm = 35.4720, GNorm = 1.1828, lr_0 = 3.1429e-04
Loss = 1.2931e-02, PNorm = 35.4837, GNorm = 0.8038, lr_0 = 3.1572e-04
Loss = 1.1895e-02, PNorm = 35.5000, GNorm = 1.2449, lr_0 = 3.1715e-04
Loss = 1.2230e-02, PNorm = 35.5185, GNorm = 0.9246, lr_0 = 3.1858e-04
Loss = 1.2092e-02, PNorm = 35.5425, GNorm = 0.5055, lr_0 = 3.2000e-04
Loss = 1.2061e-02, PNorm = 35.5613, GNorm = 0.5804, lr_0 = 3.2143e-04
Loss = 1.1858e-02, PNorm = 35.5754, GNorm = 0.5671, lr_0 = 3.2286e-04
Loss = 1.2547e-02, PNorm = 35.5884, GNorm = 0.8987, lr_0 = 3.2429e-04
Loss = 1.1589e-02, PNorm = 35.6017, GNorm = 0.5950, lr_0 = 3.2571e-04
Loss = 1.1910e-02, PNorm = 35.6215, GNorm = 1.7429, lr_0 = 3.2714e-04
Loss = 1.1462e-02, PNorm = 35.6447, GNorm = 0.5868, lr_0 = 3.2857e-04
Loss = 1.2031e-02, PNorm = 35.6607, GNorm = 1.4452, lr_0 = 3.3000e-04
Loss = 1.1703e-02, PNorm = 35.6812, GNorm = 0.6226, lr_0 = 3.3142e-04
Loss = 1.2297e-02, PNorm = 35.7048, GNorm = 0.8612, lr_0 = 3.3285e-04
Loss = 1.1584e-02, PNorm = 35.7274, GNorm = 0.9933, lr_0 = 3.3428e-04
Loss = 1.2111e-02, PNorm = 35.7521, GNorm = 1.1490, lr_0 = 3.3571e-04
Loss = 1.1705e-02, PNorm = 35.7725, GNorm = 1.7191, lr_0 = 3.3714e-04
Loss = 1.1956e-02, PNorm = 35.7945, GNorm = 0.6051, lr_0 = 3.3856e-04
Loss = 1.2792e-02, PNorm = 35.8139, GNorm = 2.0177, lr_0 = 3.3999e-04
Loss = 1.2759e-02, PNorm = 35.8298, GNorm = 0.6527, lr_0 = 3.4142e-04
Loss = 1.2532e-02, PNorm = 35.8462, GNorm = 0.6326, lr_0 = 3.4285e-04
Loss = 1.1624e-02, PNorm = 35.8659, GNorm = 0.9087, lr_0 = 3.4427e-04
Loss = 1.1495e-02, PNorm = 35.8889, GNorm = 0.7587, lr_0 = 3.4570e-04
Loss = 1.2325e-02, PNorm = 35.9122, GNorm = 2.1717, lr_0 = 3.4713e-04
Loss = 1.1946e-02, PNorm = 35.9306, GNorm = 0.7647, lr_0 = 3.4856e-04
Loss = 1.1718e-02, PNorm = 35.9519, GNorm = 0.4383, lr_0 = 3.4998e-04
Loss = 1.2071e-02, PNorm = 35.9666, GNorm = 1.3932, lr_0 = 3.5141e-04
Loss = 1.2035e-02, PNorm = 35.9877, GNorm = 1.0331, lr_0 = 3.5284e-04
Loss = 1.1891e-02, PNorm = 36.0102, GNorm = 0.5986, lr_0 = 3.5427e-04
Loss = 1.1812e-02, PNorm = 36.0299, GNorm = 0.5098, lr_0 = 3.5569e-04
Loss = 1.2212e-02, PNorm = 36.0531, GNorm = 0.9036, lr_0 = 3.5712e-04
Loss = 1.2038e-02, PNorm = 36.0779, GNorm = 0.6849, lr_0 = 3.5855e-04
Loss = 1.1948e-02, PNorm = 36.0997, GNorm = 0.6560, lr_0 = 3.5998e-04
Loss = 1.1482e-02, PNorm = 36.1238, GNorm = 1.1192, lr_0 = 3.6141e-04
Loss = 1.1800e-02, PNorm = 36.1539, GNorm = 1.7779, lr_0 = 3.6283e-04
Loss = 1.3122e-02, PNorm = 36.1731, GNorm = 2.2990, lr_0 = 3.6426e-04
Loss = 1.2372e-02, PNorm = 36.1835, GNorm = 0.9275, lr_0 = 3.6569e-04
Loss = 1.1978e-02, PNorm = 36.2003, GNorm = 0.9956, lr_0 = 3.6712e-04
Loss = 1.2370e-02, PNorm = 36.2155, GNorm = 0.9624, lr_0 = 3.6854e-04
Loss = 1.2660e-02, PNorm = 36.2352, GNorm = 0.6624, lr_0 = 3.6997e-04
Loss = 1.1290e-02, PNorm = 36.2585, GNorm = 0.5006, lr_0 = 3.7140e-04
Loss = 1.1304e-02, PNorm = 36.2902, GNorm = 0.9745, lr_0 = 3.7283e-04
Loss = 1.2319e-02, PNorm = 36.3077, GNorm = 0.6848, lr_0 = 3.7425e-04
Loss = 1.1477e-02, PNorm = 36.3269, GNorm = 0.8907, lr_0 = 3.7568e-04
Loss = 1.1901e-02, PNorm = 36.3435, GNorm = 0.9688, lr_0 = 3.7711e-04
Loss = 1.2115e-02, PNorm = 36.3620, GNorm = 1.0217, lr_0 = 3.7854e-04
Loss = 1.1702e-02, PNorm = 36.3876, GNorm = 0.6627, lr_0 = 3.7997e-04
Loss = 1.1173e-02, PNorm = 36.4145, GNorm = 0.6840, lr_0 = 3.8139e-04
Loss = 1.1709e-02, PNorm = 36.4433, GNorm = 1.4976, lr_0 = 3.8282e-04
Loss = 1.2235e-02, PNorm = 36.4678, GNorm = 0.6336, lr_0 = 3.8425e-04
Loss = 1.2514e-02, PNorm = 36.4860, GNorm = 1.0044, lr_0 = 3.8568e-04
Loss = 1.1897e-02, PNorm = 36.5072, GNorm = 2.2401, lr_0 = 3.8710e-04
Loss = 1.1724e-02, PNorm = 36.5345, GNorm = 0.5124, lr_0 = 3.8853e-04
Loss = 1.1844e-02, PNorm = 36.5605, GNorm = 1.0591, lr_0 = 3.8996e-04
Loss = 1.1634e-02, PNorm = 36.5922, GNorm = 1.2261, lr_0 = 3.9139e-04
Loss = 1.2201e-02, PNorm = 36.6230, GNorm = 0.7161, lr_0 = 3.9281e-04
Loss = 1.2227e-02, PNorm = 36.6479, GNorm = 0.5803, lr_0 = 3.9424e-04
Loss = 1.1490e-02, PNorm = 36.6712, GNorm = 0.5545, lr_0 = 3.9567e-04
Loss = 1.1380e-02, PNorm = 36.6993, GNorm = 0.8547, lr_0 = 3.9710e-04
Loss = 1.2116e-02, PNorm = 36.7275, GNorm = 0.8221, lr_0 = 3.9852e-04
Loss = 1.1283e-02, PNorm = 36.7525, GNorm = 0.7114, lr_0 = 3.9995e-04
Loss = 1.1295e-02, PNorm = 36.7823, GNorm = 0.5786, lr_0 = 4.0138e-04
Loss = 1.0813e-02, PNorm = 36.8140, GNorm = 1.5461, lr_0 = 4.0281e-04
Loss = 1.1000e-02, PNorm = 36.8454, GNorm = 0.5738, lr_0 = 4.0424e-04
Loss = 1.1414e-02, PNorm = 36.8760, GNorm = 2.2242, lr_0 = 4.0566e-04
Loss = 1.1149e-02, PNorm = 36.9003, GNorm = 2.1471, lr_0 = 4.0709e-04
Loss = 1.1781e-02, PNorm = 36.9297, GNorm = 0.8035, lr_0 = 4.0852e-04
Loss = 1.1557e-02, PNorm = 36.9589, GNorm = 0.6860, lr_0 = 4.0995e-04
Loss = 1.1594e-02, PNorm = 36.9930, GNorm = 1.2049, lr_0 = 4.1137e-04
Loss = 1.1406e-02, PNorm = 37.0261, GNorm = 1.1847, lr_0 = 4.1280e-04
Loss = 1.1692e-02, PNorm = 37.0552, GNorm = 0.6700, lr_0 = 4.1423e-04
Loss = 1.1179e-02, PNorm = 37.0885, GNorm = 1.1105, lr_0 = 4.1566e-04
Loss = 1.0959e-02, PNorm = 37.1239, GNorm = 0.9288, lr_0 = 4.1708e-04
Loss = 1.1668e-02, PNorm = 37.1466, GNorm = 0.5334, lr_0 = 4.1851e-04
Loss = 1.1631e-02, PNorm = 37.1636, GNorm = 0.8886, lr_0 = 4.1994e-04
Loss = 1.1625e-02, PNorm = 37.1900, GNorm = 1.5910, lr_0 = 4.2137e-04
Loss = 1.0984e-02, PNorm = 37.2134, GNorm = 0.6076, lr_0 = 4.2280e-04
Loss = 1.1788e-02, PNorm = 37.2391, GNorm = 2.2507, lr_0 = 4.2422e-04
Loss = 1.1451e-02, PNorm = 37.2669, GNorm = 0.5264, lr_0 = 4.2565e-04
Loss = 1.1557e-02, PNorm = 37.2969, GNorm = 0.7304, lr_0 = 4.2708e-04
Loss = 1.1001e-02, PNorm = 37.3255, GNorm = 1.0411, lr_0 = 4.2851e-04
Loss = 1.0825e-02, PNorm = 37.3653, GNorm = 0.8350, lr_0 = 4.2993e-04
Loss = 1.1777e-02, PNorm = 37.3966, GNorm = 1.4530, lr_0 = 4.3136e-04
Loss = 1.1481e-02, PNorm = 37.4234, GNorm = 0.8511, lr_0 = 4.3279e-04
Loss = 1.0970e-02, PNorm = 37.4529, GNorm = 1.2693, lr_0 = 4.3422e-04
Loss = 1.1466e-02, PNorm = 37.4741, GNorm = 0.8619, lr_0 = 4.3564e-04
Loss = 1.1704e-02, PNorm = 37.4935, GNorm = 1.5568, lr_0 = 4.3707e-04
Loss = 1.0902e-02, PNorm = 37.5141, GNorm = 1.1474, lr_0 = 4.3850e-04
Loss = 1.1377e-02, PNorm = 37.5359, GNorm = 0.6625, lr_0 = 4.3993e-04
Loss = 1.0682e-02, PNorm = 37.5687, GNorm = 1.3670, lr_0 = 4.4135e-04
Loss = 1.1411e-02, PNorm = 37.5945, GNorm = 0.4663, lr_0 = 4.4278e-04
Loss = 1.2799e-02, PNorm = 37.6130, GNorm = 0.9363, lr_0 = 4.4421e-04
Loss = 1.1577e-02, PNorm = 37.6419, GNorm = 0.8019, lr_0 = 4.4564e-04
Loss = 1.1169e-02, PNorm = 37.6686, GNorm = 1.0820, lr_0 = 4.4707e-04
Loss = 1.0835e-02, PNorm = 37.7078, GNorm = 0.7349, lr_0 = 4.4849e-04
Loss = 1.0582e-02, PNorm = 37.7443, GNorm = 1.3280, lr_0 = 4.4992e-04
Loss = 1.0463e-02, PNorm = 37.7830, GNorm = 0.8218, lr_0 = 4.5135e-04
Loss = 1.1174e-02, PNorm = 37.8170, GNorm = 0.8403, lr_0 = 4.5278e-04
Loss = 1.0203e-02, PNorm = 37.8501, GNorm = 0.8481, lr_0 = 4.5420e-04
Loss = 1.1518e-02, PNorm = 37.8770, GNorm = 0.8761, lr_0 = 4.5563e-04
Loss = 1.0702e-02, PNorm = 37.9064, GNorm = 0.9763, lr_0 = 4.5706e-04
Loss = 1.0696e-02, PNorm = 37.9466, GNorm = 1.6065, lr_0 = 4.5849e-04
Loss = 1.1146e-02, PNorm = 37.9724, GNorm = 0.9317, lr_0 = 4.5991e-04
Loss = 1.1131e-02, PNorm = 37.9971, GNorm = 0.7689, lr_0 = 4.6134e-04
Loss = 1.1042e-02, PNorm = 38.0182, GNorm = 0.6791, lr_0 = 4.6277e-04
Loss = 1.0793e-02, PNorm = 38.0476, GNorm = 0.7493, lr_0 = 4.6420e-04
Loss = 1.0933e-02, PNorm = 38.0804, GNorm = 0.9250, lr_0 = 4.6563e-04
Loss = 1.1125e-02, PNorm = 38.1125, GNorm = 1.2833, lr_0 = 4.6705e-04
Loss = 1.0175e-02, PNorm = 38.1385, GNorm = 0.7390, lr_0 = 4.6848e-04
Loss = 1.1558e-02, PNorm = 38.1652, GNorm = 0.8959, lr_0 = 4.6991e-04
Loss = 1.0922e-02, PNorm = 38.1968, GNorm = 0.8520, lr_0 = 4.7134e-04
Loss = 1.1202e-02, PNorm = 38.2243, GNorm = 1.8374, lr_0 = 4.7276e-04
Loss = 1.0569e-02, PNorm = 38.2545, GNorm = 1.0460, lr_0 = 4.7419e-04
Loss = 1.0982e-02, PNorm = 38.2890, GNorm = 1.5381, lr_0 = 4.7562e-04
Loss = 1.1365e-02, PNorm = 38.3025, GNorm = 0.6759, lr_0 = 4.7705e-04
Loss = 1.1510e-02, PNorm = 38.3185, GNorm = 1.3425, lr_0 = 4.7847e-04
Loss = 1.1552e-02, PNorm = 38.3454, GNorm = 1.7752, lr_0 = 4.7990e-04
Loss = 1.0442e-02, PNorm = 38.3823, GNorm = 0.8070, lr_0 = 4.8133e-04
Loss = 1.1498e-02, PNorm = 38.4113, GNorm = 0.8918, lr_0 = 4.8276e-04
Loss = 9.8956e-03, PNorm = 38.4488, GNorm = 0.8570, lr_0 = 4.8418e-04
Loss = 1.1330e-02, PNorm = 38.4887, GNorm = 1.2346, lr_0 = 4.8561e-04
Loss = 1.0483e-02, PNorm = 38.5144, GNorm = 0.8130, lr_0 = 4.8704e-04
Loss = 1.1043e-02, PNorm = 38.5451, GNorm = 0.6417, lr_0 = 4.8847e-04
Loss = 1.0363e-02, PNorm = 38.5806, GNorm = 0.8818, lr_0 = 4.8990e-04
Loss = 1.1235e-02, PNorm = 38.6086, GNorm = 1.3333, lr_0 = 4.9132e-04
Loss = 1.0591e-02, PNorm = 38.6363, GNorm = 1.3057, lr_0 = 4.9275e-04
Loss = 1.0467e-02, PNorm = 38.6695, GNorm = 0.6035, lr_0 = 4.9418e-04
Loss = 1.0496e-02, PNorm = 38.6962, GNorm = 0.8561, lr_0 = 4.9561e-04
Loss = 1.0979e-02, PNorm = 38.7294, GNorm = 1.1783, lr_0 = 4.9703e-04
Loss = 1.0697e-02, PNorm = 38.7600, GNorm = 1.0663, lr_0 = 4.9846e-04
Loss = 1.0620e-02, PNorm = 38.7902, GNorm = 1.0418, lr_0 = 4.9989e-04
Loss = 1.0395e-02, PNorm = 38.8251, GNorm = 1.3175, lr_0 = 5.0132e-04
Loss = 1.0509e-02, PNorm = 38.8560, GNorm = 0.7752, lr_0 = 5.0274e-04
Loss = 1.0097e-02, PNorm = 38.8836, GNorm = 0.9620, lr_0 = 5.0417e-04
Loss = 1.1040e-02, PNorm = 38.9167, GNorm = 0.9620, lr_0 = 5.0560e-04
Loss = 1.0070e-02, PNorm = 38.9529, GNorm = 1.3514, lr_0 = 5.0703e-04
Loss = 1.0163e-02, PNorm = 38.9902, GNorm = 0.9553, lr_0 = 5.0845e-04
Loss = 9.8488e-03, PNorm = 39.0299, GNorm = 1.2531, lr_0 = 5.0988e-04
Loss = 1.1129e-02, PNorm = 39.0591, GNorm = 1.6218, lr_0 = 5.1131e-04
Loss = 1.0752e-02, PNorm = 39.0897, GNorm = 1.9832, lr_0 = 5.1274e-04
Loss = 9.6491e-03, PNorm = 39.1273, GNorm = 0.9612, lr_0 = 5.1417e-04
Loss = 1.1099e-02, PNorm = 39.1619, GNorm = 1.3280, lr_0 = 5.1559e-04
Loss = 1.0861e-02, PNorm = 39.1930, GNorm = 0.8196, lr_0 = 5.1702e-04
Loss = 1.0837e-02, PNorm = 39.2188, GNorm = 0.9092, lr_0 = 5.1845e-04
Loss = 1.0450e-02, PNorm = 39.2479, GNorm = 0.6564, lr_0 = 5.1988e-04
Loss = 1.0080e-02, PNorm = 39.2849, GNorm = 1.0474, lr_0 = 5.2130e-04
Loss = 1.0708e-02, PNorm = 39.3225, GNorm = 0.9741, lr_0 = 5.2273e-04
Loss = 1.0509e-02, PNorm = 39.3637, GNorm = 1.0482, lr_0 = 5.2416e-04
Loss = 1.0680e-02, PNorm = 39.4060, GNorm = 1.5822, lr_0 = 5.2559e-04
Loss = 1.0806e-02, PNorm = 39.4326, GNorm = 1.6811, lr_0 = 5.2701e-04
Loss = 1.0236e-02, PNorm = 39.4618, GNorm = 0.9643, lr_0 = 5.2844e-04
Loss = 1.0668e-02, PNorm = 39.4812, GNorm = 1.1072, lr_0 = 5.2987e-04
Loss = 1.0255e-02, PNorm = 39.5182, GNorm = 1.4910, lr_0 = 5.3130e-04
Loss = 1.0297e-02, PNorm = 39.5478, GNorm = 1.2451, lr_0 = 5.3273e-04
Loss = 1.0083e-02, PNorm = 39.5781, GNorm = 1.0010, lr_0 = 5.3415e-04
Loss = 9.8484e-03, PNorm = 39.6135, GNorm = 0.8438, lr_0 = 5.3558e-04
Loss = 9.9659e-03, PNorm = 39.6563, GNorm = 1.2051, lr_0 = 5.3701e-04
Loss = 9.9349e-03, PNorm = 39.6964, GNorm = 1.3305, lr_0 = 5.3844e-04
Loss = 1.0848e-02, PNorm = 39.7235, GNorm = 0.7905, lr_0 = 5.3986e-04
Loss = 1.0699e-02, PNorm = 39.7562, GNorm = 1.2338, lr_0 = 5.4129e-04
Loss = 9.6225e-03, PNorm = 39.7925, GNorm = 0.9248, lr_0 = 5.4272e-04
Loss = 1.0862e-02, PNorm = 39.8276, GNorm = 1.4810, lr_0 = 5.4415e-04
