Fold 0
{'activation': 'ReLU',
 'atom_messages': False,
 'batch_size': 50,
 'bias': False,
 'checkpoint_dir': None,
 'checkpoint_path': None,
 'checkpoint_paths': None,
 'config_path': None,
 'crossval_index_dir': None,
 'crossval_index_file': None,
 'cuda': True,
 'data_path': 'dataset/splitted_csv_files_mpnn_models/vesicle_membrane_tr.csv',
 'dataset_type': 'classification',
 'depth': 3,
 'dropout': 0.0,
 'ensemble_size': 1,
 'epochs': 50,
 'features_generator': None,
 'features_only': False,
 'features_path': None,
 'features_scaling': True,
 'ffn_hidden_size': 300,
 'ffn_num_layers': 2,
 'final_lr': 0.0001,
 'folds_file': None,
 'gpu': None,
 'hidden_size': 300,
 'init_lr': 0.0001,
 'log_frequency': 10,
 'max_data_size': None,
 'max_lr': 0.001,
 'metric': 'cohen_k',
 'minimize_score': False,
 'multiclass_num_classes': 3,
 'no_cache': False,
 'num_folds': 1,
 'num_lrs': 1,
 'quiet': False,
 'save_dir': 'saved_models/vesicle_membrane/fold_0',
 'save_smiles_splits': False,
 'seed': 0,
 'separate_test_features_path': None,
 'separate_test_path': 'dataset/splitted_csv_files_mpnn_models/vesicle_membrane_te.csv',
 'separate_val_features_path': None,
 'separate_val_path': 'dataset/splitted_csv_files_mpnn_models/vesicle_membrane_va.csv',
 'show_individual_scores': False,
 'split_sizes': [0.8, 0.1, 0.1],
 'split_type': 'random',
 'test': False,
 'test_fold_index': None,
 'undirected': False,
 'use_compound_names': False,
 'use_input_features': None,
 'val_fold_index': None,
 'warmup_epochs': 2.0}
Loading data
Number of tasks = 1
Splitting data with seed 0
Class sizes
Label 0: 99.62%, 1: 0.38%
Total size = 157,623 | train size = 157,623 | val size = 33,668 | test size = 33,758
Building model 0
MoleculeModel(
  (sigmoid): Sigmoid()
  (encoder): MPN(
    (encoder): MPNEncoder(
      (dropout_layer): Dropout(p=0.0, inplace=False)
      (act_func): ReLU()
      (W_i): Linear(in_features=147, out_features=300, bias=False)
      (W_h): Linear(in_features=300, out_features=300, bias=False)
      (W_o): Linear(in_features=433, out_features=300, bias=True)
    )
  )
  (ffn): Sequential(
    (0): Dropout(p=0.0, inplace=False)
    (1): Linear(in_features=300, out_features=300, bias=True)
    (2): ReLU()
    (3): Dropout(p=0.0, inplace=False)
    (4): Linear(in_features=300, out_features=1, bias=True)
  )
)
Number of parameters = 354,901
Moving model to cuda
Epoch 0
Loss = 8.2739e-03, PNorm = 34.0126, GNorm = 1.8713, lr_0 = 1.0157e-04
Loss = 1.2244e-03, PNorm = 34.0181, GNorm = 0.2744, lr_0 = 1.0300e-04
Loss = 5.4039e-04, PNorm = 34.0216, GNorm = 0.0802, lr_0 = 1.0443e-04
Loss = 7.5276e-04, PNorm = 34.0231, GNorm = 0.3995, lr_0 = 1.0585e-04
Loss = 7.4736e-04, PNorm = 34.0229, GNorm = 0.3156, lr_0 = 1.0728e-04
Loss = 3.1951e-04, PNorm = 34.0228, GNorm = 0.0528, lr_0 = 1.0871e-04
Loss = 3.1362e-04, PNorm = 34.0225, GNorm = 0.0634, lr_0 = 1.1014e-04
Loss = 7.2320e-04, PNorm = 34.0220, GNorm = 0.0656, lr_0 = 1.1156e-04
Loss = 7.4969e-04, PNorm = 34.0216, GNorm = 0.3762, lr_0 = 1.1299e-04
Loss = 8.4488e-05, PNorm = 34.0219, GNorm = 0.0786, lr_0 = 1.1442e-04
Loss = 5.8334e-04, PNorm = 34.0224, GNorm = 0.0627, lr_0 = 1.1585e-04
Loss = 5.7558e-04, PNorm = 34.0225, GNorm = 0.4348, lr_0 = 1.1727e-04
Loss = 5.0768e-04, PNorm = 34.0222, GNorm = 0.0729, lr_0 = 1.1870e-04
Loss = 5.3706e-04, PNorm = 34.0217, GNorm = 0.0974, lr_0 = 1.2013e-04
Loss = 7.5916e-04, PNorm = 34.0213, GNorm = 0.1203, lr_0 = 1.2156e-04
Loss = 9.1543e-04, PNorm = 34.0215, GNorm = 0.0993, lr_0 = 1.2299e-04
Loss = 7.4534e-04, PNorm = 34.0212, GNorm = 0.3269, lr_0 = 1.2441e-04
Loss = 5.3379e-04, PNorm = 34.0219, GNorm = 0.3073, lr_0 = 1.2584e-04
Loss = 9.9844e-05, PNorm = 34.0235, GNorm = 0.0889, lr_0 = 1.2727e-04
Loss = 5.1671e-05, PNorm = 34.0267, GNorm = 0.0337, lr_0 = 1.2870e-04
Loss = 7.2978e-04, PNorm = 34.0269, GNorm = 0.0322, lr_0 = 1.3012e-04
Loss = 3.1608e-04, PNorm = 34.0258, GNorm = 0.0679, lr_0 = 1.3155e-04
Loss = 3.1548e-04, PNorm = 34.0263, GNorm = 0.0607, lr_0 = 1.3298e-04
Loss = 7.7022e-04, PNorm = 34.0262, GNorm = 0.0782, lr_0 = 1.3441e-04
Loss = 7.2188e-04, PNorm = 34.0260, GNorm = 0.3280, lr_0 = 1.3583e-04
Loss = 3.6001e-04, PNorm = 34.0269, GNorm = 0.1029, lr_0 = 1.3726e-04
Loss = 9.4626e-04, PNorm = 34.0277, GNorm = 0.0939, lr_0 = 1.3869e-04
Loss = 5.1624e-04, PNorm = 34.0285, GNorm = 0.3250, lr_0 = 1.4012e-04
Loss = 7.3171e-04, PNorm = 34.0290, GNorm = 0.1325, lr_0 = 1.4155e-04
Loss = 3.0932e-04, PNorm = 34.0318, GNorm = 0.0816, lr_0 = 1.4297e-04
Loss = 5.6590e-04, PNorm = 34.0338, GNorm = 0.0489, lr_0 = 1.4440e-04
Loss = 2.4338e-04, PNorm = 34.0349, GNorm = 0.0511, lr_0 = 1.4583e-04
Loss = 2.5009e-04, PNorm = 34.0360, GNorm = 0.0429, lr_0 = 1.4726e-04
Loss = 3.0394e-04, PNorm = 34.0361, GNorm = 0.0657, lr_0 = 1.4868e-04
Loss = 4.0822e-05, PNorm = 34.0391, GNorm = 0.0292, lr_0 = 1.5011e-04
Loss = 1.9716e-04, PNorm = 34.0405, GNorm = 0.0264, lr_0 = 1.5154e-04
Loss = 7.3975e-04, PNorm = 34.0389, GNorm = 0.0427, lr_0 = 1.5297e-04
Loss = 2.4438e-04, PNorm = 34.0379, GNorm = 0.0823, lr_0 = 1.5439e-04
Loss = 1.1147e-03, PNorm = 34.0361, GNorm = 0.1428, lr_0 = 1.5582e-04
Loss = 5.5820e-04, PNorm = 34.0384, GNorm = 0.3826, lr_0 = 1.5725e-04
Loss = 2.5616e-04, PNorm = 34.0439, GNorm = 0.0705, lr_0 = 1.5868e-04
Loss = 2.7636e-04, PNorm = 34.0487, GNorm = 0.0241, lr_0 = 1.6010e-04
Loss = 5.4790e-04, PNorm = 34.0482, GNorm = 0.0431, lr_0 = 1.6153e-04
Loss = 7.4224e-04, PNorm = 34.0475, GNorm = 0.1093, lr_0 = 1.6296e-04
Loss = 6.8172e-04, PNorm = 34.0480, GNorm = 0.2242, lr_0 = 1.6439e-04
Loss = 3.3765e-04, PNorm = 34.0548, GNorm = 0.0787, lr_0 = 1.6582e-04
Loss = 1.0175e-03, PNorm = 34.0563, GNorm = 0.3585, lr_0 = 1.6724e-04
Loss = 8.9474e-05, PNorm = 34.0589, GNorm = 0.0848, lr_0 = 1.6867e-04
Loss = 4.7329e-04, PNorm = 34.0608, GNorm = 0.0531, lr_0 = 1.7010e-04
Loss = 4.2535e-04, PNorm = 34.0587, GNorm = 0.0835, lr_0 = 1.7153e-04
Loss = 1.1259e-03, PNorm = 34.0561, GNorm = 0.1676, lr_0 = 1.7295e-04
Loss = 1.0936e-03, PNorm = 34.0559, GNorm = 0.2643, lr_0 = 1.7438e-04
Loss = 5.2922e-04, PNorm = 34.0618, GNorm = 0.0882, lr_0 = 1.7581e-04
Loss = 4.8774e-05, PNorm = 34.0687, GNorm = 0.0329, lr_0 = 1.7724e-04
Loss = 1.0459e-03, PNorm = 34.0656, GNorm = 0.0887, lr_0 = 1.7866e-04
Loss = 4.6523e-04, PNorm = 34.0660, GNorm = 0.1148, lr_0 = 1.8009e-04
Loss = 3.3393e-04, PNorm = 34.0693, GNorm = 0.0846, lr_0 = 1.8152e-04
Loss = 7.7602e-04, PNorm = 34.0712, GNorm = 0.1131, lr_0 = 1.8295e-04
Loss = 3.2663e-04, PNorm = 34.0745, GNorm = 0.0637, lr_0 = 1.8438e-04
Loss = 3.7000e-05, PNorm = 34.0788, GNorm = 0.0264, lr_0 = 1.8580e-04
Loss = 5.0913e-04, PNorm = 34.0798, GNorm = 0.0200, lr_0 = 1.8723e-04
Loss = 5.2253e-04, PNorm = 34.0773, GNorm = 0.0964, lr_0 = 1.8866e-04
Loss = 8.4719e-05, PNorm = 34.0816, GNorm = 0.0683, lr_0 = 1.9009e-04
Loss = 2.9113e-05, PNorm = 34.0879, GNorm = 0.0147, lr_0 = 1.9151e-04
Loss = 7.6916e-06, PNorm = 34.0923, GNorm = 0.0111, lr_0 = 1.9294e-04
Loss = 3.1505e-04, PNorm = 34.0908, GNorm = 0.0092, lr_0 = 1.9437e-04
Loss = 8.7132e-06, PNorm = 34.0899, GNorm = 0.0134, lr_0 = 1.9580e-04
Loss = 5.8167e-04, PNorm = 34.0853, GNorm = 0.0593, lr_0 = 1.9722e-04
Loss = 5.0439e-05, PNorm = 34.0871, GNorm = 0.0428, lr_0 = 1.9865e-04
Loss = 2.7926e-05, PNorm = 34.0914, GNorm = 0.0242, lr_0 = 2.0008e-04
Loss = 1.0746e-03, PNorm = 34.0871, GNorm = 0.0834, lr_0 = 2.0151e-04
Loss = 7.1901e-04, PNorm = 34.0857, GNorm = 0.2254, lr_0 = 2.0293e-04
Loss = 1.1840e-03, PNorm = 34.0893, GNorm = 0.1831, lr_0 = 2.0436e-04
Loss = 4.6909e-04, PNorm = 34.0970, GNorm = 0.0856, lr_0 = 2.0579e-04
Loss = 3.3523e-04, PNorm = 34.1028, GNorm = 0.0447, lr_0 = 2.0722e-04
Loss = 7.4027e-04, PNorm = 34.1024, GNorm = 0.1364, lr_0 = 2.0865e-04
Loss = 7.8161e-04, PNorm = 34.1028, GNorm = 0.1599, lr_0 = 2.1007e-04
Loss = 2.4069e-04, PNorm = 34.1115, GNorm = 0.0447, lr_0 = 2.1150e-04
Loss = 5.6416e-04, PNorm = 34.1135, GNorm = 0.4314, lr_0 = 2.1293e-04
Loss = 9.6859e-04, PNorm = 34.1061, GNorm = 0.1966, lr_0 = 2.1436e-04
Loss = 3.7478e-04, PNorm = 34.1099, GNorm = 0.1378, lr_0 = 2.1578e-04
Loss = 5.3377e-05, PNorm = 34.1216, GNorm = 0.0226, lr_0 = 2.1721e-04
Loss = 8.9040e-04, PNorm = 34.1162, GNorm = 0.0685, lr_0 = 2.1864e-04
Loss = 3.2775e-04, PNorm = 34.1197, GNorm = 0.4663, lr_0 = 2.2007e-04
Loss = 9.6268e-04, PNorm = 34.1193, GNorm = 0.0833, lr_0 = 2.2149e-04
Loss = 5.6516e-04, PNorm = 34.1226, GNorm = 0.1575, lr_0 = 2.2292e-04
Loss = 4.8142e-04, PNorm = 34.1290, GNorm = 0.0834, lr_0 = 2.2435e-04
Loss = 4.7274e-04, PNorm = 34.1339, GNorm = 0.0403, lr_0 = 2.2578e-04
Loss = 6.8744e-04, PNorm = 34.1334, GNorm = 0.3863, lr_0 = 2.2720e-04
Loss = 8.6200e-04, PNorm = 34.1307, GNorm = 0.1830, lr_0 = 2.2863e-04
Loss = 4.7326e-04, PNorm = 34.1366, GNorm = 0.1018, lr_0 = 2.3006e-04
Loss = 5.3223e-04, PNorm = 34.1412, GNorm = 0.0665, lr_0 = 2.3149e-04
Loss = 8.1565e-04, PNorm = 34.1396, GNorm = 0.3913, lr_0 = 2.3292e-04
Loss = 5.2394e-04, PNorm = 34.1388, GNorm = 0.1589, lr_0 = 2.3434e-04
Loss = 4.2720e-04, PNorm = 34.1479, GNorm = 0.0455, lr_0 = 2.3577e-04
Loss = 3.2666e-04, PNorm = 34.1478, GNorm = 0.0550, lr_0 = 2.3720e-04
Loss = 5.4321e-04, PNorm = 34.1467, GNorm = 0.0757, lr_0 = 2.3863e-04
Loss = 3.0238e-04, PNorm = 34.1495, GNorm = 0.4173, lr_0 = 2.4005e-04
Loss = 1.9539e-04, PNorm = 34.1515, GNorm = 0.3105, lr_0 = 2.4148e-04
Loss = 2.8865e-04, PNorm = 34.1500, GNorm = 0.0502, lr_0 = 2.4291e-04
Loss = 1.8347e-04, PNorm = 34.1529, GNorm = 0.0356, lr_0 = 2.4434e-04
Loss = 5.0913e-04, PNorm = 34.1552, GNorm = 0.5427, lr_0 = 2.4576e-04
Loss = 5.4082e-04, PNorm = 34.1547, GNorm = 0.4225, lr_0 = 2.4719e-04
Loss = 6.0764e-04, PNorm = 34.1537, GNorm = 0.1751, lr_0 = 2.4862e-04
Loss = 6.6018e-04, PNorm = 34.1605, GNorm = 0.0748, lr_0 = 2.5005e-04
Loss = 6.4385e-04, PNorm = 34.1658, GNorm = 0.3991, lr_0 = 2.5148e-04
Loss = 7.3647e-05, PNorm = 34.1688, GNorm = 0.0833, lr_0 = 2.5290e-04
Loss = 6.5885e-04, PNorm = 34.1723, GNorm = 0.0492, lr_0 = 2.5433e-04
Loss = 4.5710e-04, PNorm = 34.1721, GNorm = 0.1740, lr_0 = 2.5576e-04
Loss = 9.4553e-05, PNorm = 34.1837, GNorm = 0.0346, lr_0 = 2.5719e-04
Loss = 2.5403e-04, PNorm = 34.1884, GNorm = 0.0198, lr_0 = 2.5861e-04
Loss = 3.7772e-04, PNorm = 34.1912, GNorm = 0.6962, lr_0 = 2.6004e-04
Loss = 1.4031e-03, PNorm = 34.1762, GNorm = 0.4030, lr_0 = 2.6147e-04
Loss = 4.9446e-04, PNorm = 34.1835, GNorm = 0.1163, lr_0 = 2.6290e-04
Loss = 2.4785e-04, PNorm = 34.1985, GNorm = 0.0135, lr_0 = 2.6432e-04
Loss = 1.1872e-03, PNorm = 34.1963, GNorm = 0.0315, lr_0 = 2.6575e-04
Loss = 4.9332e-04, PNorm = 34.1946, GNorm = 0.1623, lr_0 = 2.6718e-04
Loss = 1.1867e-04, PNorm = 34.2113, GNorm = 0.0424, lr_0 = 2.6861e-04
Loss = 1.2608e-05, PNorm = 34.2316, GNorm = 0.0020, lr_0 = 2.7003e-04
Loss = 3.1197e-07, PNorm = 34.2453, GNorm = 0.0001, lr_0 = 2.7146e-04
Loss = 3.0745e-08, PNorm = 34.2514, GNorm = 0.0000, lr_0 = 2.7289e-04
Loss = 4.2295e-09, PNorm = 34.2538, GNorm = 0.0000, lr_0 = 2.7432e-04
Loss = 1.0686e-03, PNorm = 34.2310, GNorm = 0.0027, lr_0 = 2.7575e-04
Loss = 5.0418e-04, PNorm = 34.2201, GNorm = 0.2796, lr_0 = 2.7717e-04
Loss = 1.2757e-03, PNorm = 34.2180, GNorm = 0.0446, lr_0 = 2.7860e-04
Loss = 9.6415e-04, PNorm = 34.2322, GNorm = 0.0753, lr_0 = 2.8003e-04
Loss = 3.0894e-04, PNorm = 34.2415, GNorm = 0.0827, lr_0 = 2.8146e-04
Loss = 5.3135e-04, PNorm = 34.2490, GNorm = 0.0618, lr_0 = 2.8288e-04
Loss = 2.5782e-04, PNorm = 34.2570, GNorm = 0.0269, lr_0 = 2.8431e-04
Loss = 2.3134e-05, PNorm = 34.2610, GNorm = 0.0182, lr_0 = 2.8574e-04
Loss = 5.1407e-04, PNorm = 34.2544, GNorm = 0.0443, lr_0 = 2.8717e-04
Loss = 2.5058e-04, PNorm = 34.2547, GNorm = 0.0389, lr_0 = 2.8859e-04
Loss = 4.6379e-04, PNorm = 34.2561, GNorm = 0.0420, lr_0 = 2.9002e-04
Loss = 2.9953e-04, PNorm = 34.2567, GNorm = 0.0541, lr_0 = 2.9145e-04
Loss = 6.1140e-04, PNorm = 34.2578, GNorm = 0.0818, lr_0 = 2.9288e-04
Loss = 3.2031e-04, PNorm = 34.2638, GNorm = 0.0357, lr_0 = 2.9431e-04
Loss = 3.9509e-04, PNorm = 34.2635, GNorm = 0.0378, lr_0 = 2.9573e-04
Loss = 4.2616e-05, PNorm = 34.2668, GNorm = 0.0325, lr_0 = 2.9716e-04
Loss = 1.8046e-05, PNorm = 34.2715, GNorm = 0.0132, lr_0 = 2.9859e-04
Loss = 3.1207e-04, PNorm = 34.2721, GNorm = 0.0120, lr_0 = 3.0002e-04
Loss = 3.2246e-04, PNorm = 34.2721, GNorm = 0.0243, lr_0 = 3.0144e-04
Loss = 4.6136e-04, PNorm = 34.2735, GNorm = 0.0530, lr_0 = 3.0287e-04
Loss = 7.3809e-04, PNorm = 34.2768, GNorm = 0.0990, lr_0 = 3.0430e-04
Loss = 9.0953e-04, PNorm = 34.2873, GNorm = 0.1404, lr_0 = 3.0573e-04
Loss = 8.1504e-04, PNorm = 34.2986, GNorm = 0.0926, lr_0 = 3.0715e-04
Loss = 6.9562e-04, PNorm = 34.3006, GNorm = 0.0950, lr_0 = 3.0858e-04
Loss = 2.3332e-04, PNorm = 34.3055, GNorm = 0.0508, lr_0 = 3.1001e-04
Loss = 3.0458e-05, PNorm = 34.3136, GNorm = 0.0162, lr_0 = 3.1144e-04
Loss = 4.7758e-04, PNorm = 34.3135, GNorm = 0.0208, lr_0 = 3.1286e-04
Loss = 1.0847e-03, PNorm = 34.3092, GNorm = 0.5965, lr_0 = 3.1429e-04
Loss = 7.3972e-04, PNorm = 34.3174, GNorm = 0.1798, lr_0 = 3.1572e-04
Loss = 2.5687e-04, PNorm = 34.3416, GNorm = 0.0199, lr_0 = 3.1715e-04
Loss = 3.6258e-04, PNorm = 34.3498, GNorm = 0.0080, lr_0 = 3.1858e-04
Loss = 7.6983e-04, PNorm = 34.3373, GNorm = 0.0774, lr_0 = 3.2000e-04
Loss = 4.7994e-04, PNorm = 34.3397, GNorm = 0.1372, lr_0 = 3.2143e-04
Loss = 1.2188e-03, PNorm = 34.3452, GNorm = 0.2643, lr_0 = 3.2286e-04
Loss = 8.0314e-04, PNorm = 34.3503, GNorm = 0.1695, lr_0 = 3.2429e-04
Loss = 7.9529e-04, PNorm = 34.3624, GNorm = 0.0641, lr_0 = 3.2571e-04
Loss = 5.1998e-05, PNorm = 34.3740, GNorm = 0.0274, lr_0 = 3.2714e-04
Loss = 2.1608e-04, PNorm = 34.3798, GNorm = 0.0102, lr_0 = 3.2857e-04
Loss = 3.4418e-04, PNorm = 34.3749, GNorm = 0.0428, lr_0 = 3.3000e-04
Loss = 2.2461e-04, PNorm = 34.3774, GNorm = 0.0427, lr_0 = 3.3142e-04
Loss = 7.0656e-04, PNorm = 34.3752, GNorm = 0.0769, lr_0 = 3.3285e-04
Loss = 5.0019e-04, PNorm = 34.3788, GNorm = 0.0807, lr_0 = 3.3428e-04
Loss = 3.4122e-04, PNorm = 34.3862, GNorm = 0.0591, lr_0 = 3.3571e-04
Loss = 3.4721e-04, PNorm = 34.3958, GNorm = 0.0236, lr_0 = 3.3714e-04
Loss = 6.9356e-04, PNorm = 34.3917, GNorm = 0.0557, lr_0 = 3.3856e-04
Loss = 4.6487e-04, PNorm = 34.3920, GNorm = 0.1801, lr_0 = 3.3999e-04
Loss = 8.0892e-05, PNorm = 34.4045, GNorm = 0.0271, lr_0 = 3.4142e-04
Loss = 1.2764e-05, PNorm = 34.4159, GNorm = 0.0062, lr_0 = 3.4285e-04
Loss = 3.1925e-04, PNorm = 34.4150, GNorm = 0.0067, lr_0 = 3.4427e-04
Loss = 4.9163e-04, PNorm = 34.4038, GNorm = 0.0308, lr_0 = 3.4570e-04
Loss = 6.3701e-04, PNorm = 34.3995, GNorm = 0.1249, lr_0 = 3.4713e-04
Loss = 1.0406e-03, PNorm = 34.4049, GNorm = 0.1534, lr_0 = 3.4856e-04
Loss = 2.3865e-04, PNorm = 34.4216, GNorm = 0.0445, lr_0 = 3.4998e-04
Loss = 3.0054e-04, PNorm = 34.4281, GNorm = 0.0286, lr_0 = 3.5141e-04
Loss = 1.2035e-03, PNorm = 34.4202, GNorm = 0.1304, lr_0 = 3.5284e-04
Loss = 5.3458e-04, PNorm = 34.4300, GNorm = 0.0864, lr_0 = 3.5427e-04
Loss = 2.8333e-04, PNorm = 34.4391, GNorm = 0.0317, lr_0 = 3.5569e-04
Loss = 2.0887e-05, PNorm = 34.4475, GNorm = 0.0154, lr_0 = 3.5712e-04
Loss = 6.2845e-04, PNorm = 34.4445, GNorm = 0.0146, lr_0 = 3.5855e-04
Loss = 3.3435e-04, PNorm = 34.4396, GNorm = 0.0609, lr_0 = 3.5998e-04
Loss = 9.4669e-04, PNorm = 34.4413, GNorm = 0.1408, lr_0 = 3.6141e-04
Loss = 1.2550e-03, PNorm = 34.4434, GNorm = 0.1643, lr_0 = 3.6283e-04
Loss = 3.7696e-04, PNorm = 34.4596, GNorm = 0.0575, lr_0 = 3.6426e-04
Loss = 2.4319e-05, PNorm = 34.4776, GNorm = 0.0077, lr_0 = 3.6569e-04
Loss = 6.8854e-04, PNorm = 34.4788, GNorm = 0.0051, lr_0 = 3.6712e-04
Loss = 2.7247e-05, PNorm = 34.4739, GNorm = 0.0367, lr_0 = 3.6854e-04
Loss = 8.7697e-04, PNorm = 34.4712, GNorm = 0.1424, lr_0 = 3.6997e-04
Loss = 5.2600e-04, PNorm = 34.4838, GNorm = 0.0709, lr_0 = 3.7140e-04
Loss = 5.0834e-04, PNorm = 34.4962, GNorm = 0.1670, lr_0 = 3.7283e-04
Loss = 3.3139e-05, PNorm = 34.5088, GNorm = 0.0141, lr_0 = 3.7425e-04
Loss = 7.1578e-04, PNorm = 34.5039, GNorm = 0.2422, lr_0 = 3.7568e-04
Loss = 3.6204e-04, PNorm = 34.5027, GNorm = 0.0706, lr_0 = 3.7711e-04
Loss = 3.5345e-04, PNorm = 34.5131, GNorm = 0.0303, lr_0 = 3.7854e-04
Loss = 6.8698e-04, PNorm = 34.5127, GNorm = 0.0737, lr_0 = 3.7997e-04
Loss = 5.7977e-04, PNorm = 34.5206, GNorm = 0.0530, lr_0 = 3.8139e-04
Loss = 6.5639e-04, PNorm = 34.5242, GNorm = 0.2209, lr_0 = 3.8282e-04
Loss = 5.9074e-04, PNorm = 34.5324, GNorm = 0.0871, lr_0 = 3.8425e-04
Loss = 3.4245e-04, PNorm = 34.5441, GNorm = 0.0746, lr_0 = 3.8568e-04
Loss = 3.2245e-05, PNorm = 34.5649, GNorm = 0.0093, lr_0 = 3.8710e-04
Loss = 8.4055e-04, PNorm = 34.5574, GNorm = 0.0255, lr_0 = 3.8853e-04
Loss = 1.9298e-04, PNorm = 34.5501, GNorm = 0.0697, lr_0 = 3.8996e-04
Loss = 1.4509e-04, PNorm = 34.5589, GNorm = 0.0257, lr_0 = 3.9139e-04
Loss = 6.3331e-04, PNorm = 34.5599, GNorm = 0.0389, lr_0 = 3.9281e-04
Loss = 7.2368e-05, PNorm = 34.5659, GNorm = 0.0423, lr_0 = 3.9424e-04
Loss = 5.8343e-04, PNorm = 34.5673, GNorm = 0.0663, lr_0 = 3.9567e-04
Loss = 4.4598e-04, PNorm = 34.5709, GNorm = 0.0884, lr_0 = 3.9710e-04
Loss = 7.1750e-05, PNorm = 34.5831, GNorm = 0.0472, lr_0 = 3.9852e-04
Loss = 2.6389e-04, PNorm = 34.5909, GNorm = 0.0240, lr_0 = 3.9995e-04
Loss = 1.1374e-03, PNorm = 34.5795, GNorm = 0.1715, lr_0 = 4.0138e-04
Loss = 3.5482e-04, PNorm = 34.5946, GNorm = 0.2623, lr_0 = 4.0281e-04
Loss = 5.1051e-04, PNorm = 34.6016, GNorm = 0.0560, lr_0 = 4.0424e-04
Loss = 4.2404e-05, PNorm = 34.6170, GNorm = 0.0206, lr_0 = 4.0566e-04
Loss = 8.5975e-06, PNorm = 34.6275, GNorm = 0.0038, lr_0 = 4.0709e-04
Loss = 3.5944e-04, PNorm = 34.6284, GNorm = 0.0047, lr_0 = 4.0852e-04
Loss = 3.1106e-04, PNorm = 34.6158, GNorm = 0.0346, lr_0 = 4.0995e-04
Loss = 1.0439e-03, PNorm = 34.6012, GNorm = 0.1008, lr_0 = 4.1137e-04
Loss = 4.9462e-04, PNorm = 34.6106, GNorm = 0.0985, lr_0 = 4.1280e-04
Loss = 4.8601e-04, PNorm = 34.6308, GNorm = 0.3026, lr_0 = 4.1423e-04
Loss = 7.8144e-04, PNorm = 34.6237, GNorm = 0.0760, lr_0 = 4.1566e-04
Loss = 4.5099e-04, PNorm = 34.6309, GNorm = 0.0578, lr_0 = 4.1708e-04
Loss = 6.6871e-04, PNorm = 34.6356, GNorm = 0.0844, lr_0 = 4.1851e-04
Loss = 4.9887e-04, PNorm = 34.6532, GNorm = 0.0568, lr_0 = 4.1994e-04
Loss = 4.8147e-04, PNorm = 34.6584, GNorm = 0.0445, lr_0 = 4.2137e-04
Loss = 3.4640e-04, PNorm = 34.6570, GNorm = 0.0310, lr_0 = 4.2280e-04
Loss = 6.2465e-04, PNorm = 34.6557, GNorm = 0.1601, lr_0 = 4.2422e-04
Loss = 3.1284e-04, PNorm = 34.6596, GNorm = 0.0687, lr_0 = 4.2565e-04
Loss = 2.1541e-04, PNorm = 34.6692, GNorm = 0.2695, lr_0 = 4.2708e-04
Loss = 2.9625e-04, PNorm = 34.6688, GNorm = 0.0317, lr_0 = 4.2851e-04
Loss = 7.6635e-04, PNorm = 34.6711, GNorm = 0.9623, lr_0 = 4.2993e-04
Loss = 4.3032e-04, PNorm = 34.6643, GNorm = 0.1269, lr_0 = 4.3136e-04
Loss = 7.6021e-04, PNorm = 34.6797, GNorm = 0.3340, lr_0 = 4.3279e-04
Loss = 8.9718e-05, PNorm = 34.6968, GNorm = 0.0490, lr_0 = 4.3422e-04
Loss = 6.0380e-04, PNorm = 34.7028, GNorm = 0.0554, lr_0 = 4.3564e-04
Loss = 6.4163e-04, PNorm = 34.7031, GNorm = 0.0772, lr_0 = 4.3707e-04
Loss = 3.8650e-04, PNorm = 34.7058, GNorm = 0.0690, lr_0 = 4.3850e-04
Loss = 4.9033e-05, PNorm = 34.7225, GNorm = 0.0186, lr_0 = 4.3993e-04
Loss = 1.4814e-03, PNorm = 34.7076, GNorm = 0.0876, lr_0 = 4.4135e-04
Loss = 7.2103e-04, PNorm = 34.7125, GNorm = 0.1453, lr_0 = 4.4278e-04
Loss = 7.5404e-04, PNorm = 34.7314, GNorm = 0.0538, lr_0 = 4.4421e-04
Loss = 1.3577e-04, PNorm = 34.7538, GNorm = 0.0060, lr_0 = 4.4564e-04
Loss = 3.4887e-06, PNorm = 34.7747, GNorm = 0.0002, lr_0 = 4.4707e-04
Loss = 1.0033e-03, PNorm = 34.7681, GNorm = 0.7020, lr_0 = 4.4849e-04
Loss = 6.1483e-04, PNorm = 34.7572, GNorm = 0.1609, lr_0 = 4.4992e-04
Loss = 3.0777e-04, PNorm = 34.7888, GNorm = 0.0398, lr_0 = 4.5135e-04
Loss = 2.3729e-04, PNorm = 34.8084, GNorm = 0.0148, lr_0 = 4.5278e-04
Loss = 5.2784e-04, PNorm = 34.8102, GNorm = 0.0301, lr_0 = 4.5420e-04
Loss = 8.2952e-04, PNorm = 34.8089, GNorm = 0.0872, lr_0 = 4.5563e-04
Loss = 5.0800e-04, PNorm = 34.8278, GNorm = 0.0840, lr_0 = 4.5706e-04
Loss = 2.7667e-04, PNorm = 34.8533, GNorm = 0.0313, lr_0 = 4.5849e-04
Loss = 3.2424e-04, PNorm = 34.8639, GNorm = 0.0220, lr_0 = 4.5991e-04
Loss = 2.4996e-04, PNorm = 34.8761, GNorm = 0.3019, lr_0 = 4.6134e-04
Loss = 2.2293e-05, PNorm = 34.8752, GNorm = 0.0162, lr_0 = 4.6277e-04
Loss = 5.8987e-04, PNorm = 34.8652, GNorm = 0.0390, lr_0 = 4.6420e-04
Loss = 7.0762e-05, PNorm = 34.8717, GNorm = 0.0380, lr_0 = 4.6563e-04
Loss = 5.4069e-04, PNorm = 34.8819, GNorm = 0.2470, lr_0 = 4.6705e-04
Loss = 4.3937e-05, PNorm = 34.8839, GNorm = 0.0292, lr_0 = 4.6848e-04
Loss = 8.4358e-04, PNorm = 34.8815, GNorm = 0.0669, lr_0 = 4.6991e-04
Loss = 5.1856e-04, PNorm = 34.8967, GNorm = 0.0718, lr_0 = 4.7134e-04
Loss = 2.6643e-04, PNorm = 34.9238, GNorm = 0.0213, lr_0 = 4.7276e-04
Loss = 3.3710e-04, PNorm = 34.9281, GNorm = 0.0194, lr_0 = 4.7419e-04
Loss = 6.9863e-04, PNorm = 34.9209, GNorm = 0.0274, lr_0 = 4.7562e-04
Loss = 5.1995e-04, PNorm = 34.9173, GNorm = 0.1185, lr_0 = 4.7705e-04
Loss = 3.7767e-04, PNorm = 34.9394, GNorm = 0.3965, lr_0 = 4.7847e-04
Loss = 3.8457e-04, PNorm = 34.9492, GNorm = 0.3537, lr_0 = 4.7990e-04
Loss = 7.0263e-04, PNorm = 34.9540, GNorm = 0.2097, lr_0 = 4.8133e-04
Loss = 5.1878e-04, PNorm = 34.9647, GNorm = 0.0971, lr_0 = 4.8276e-04
Loss = 4.6624e-04, PNorm = 34.9833, GNorm = 0.0545, lr_0 = 4.8418e-04
Loss = 2.1641e-04, PNorm = 34.9954, GNorm = 0.0123, lr_0 = 4.8561e-04
Loss = 1.0784e-05, PNorm = 35.0067, GNorm = 0.0048, lr_0 = 4.8704e-04
Loss = 5.3086e-04, PNorm = 35.0108, GNorm = 0.0228, lr_0 = 4.8847e-04
Loss = 3.3973e-04, PNorm = 35.0077, GNorm = 0.0612, lr_0 = 4.8990e-04
Loss = 4.5249e-04, PNorm = 35.0236, GNorm = 0.0503, lr_0 = 4.9132e-04
Loss = 5.6031e-04, PNorm = 35.0347, GNorm = 0.0530, lr_0 = 4.9275e-04
Loss = 6.2985e-04, PNorm = 35.0390, GNorm = 0.0757, lr_0 = 4.9418e-04
Loss = 8.1543e-04, PNorm = 35.0510, GNorm = 0.1065, lr_0 = 4.9561e-04
Loss = 1.1494e-04, PNorm = 35.0862, GNorm = 0.0374, lr_0 = 4.9703e-04
Loss = 1.6004e-05, PNorm = 35.1234, GNorm = 0.0055, lr_0 = 4.9846e-04
Loss = 8.8948e-04, PNorm = 35.1114, GNorm = 0.2101, lr_0 = 4.9989e-04
Loss = 2.7362e-04, PNorm = 35.1159, GNorm = 0.1903, lr_0 = 5.0132e-04
Loss = 3.8955e-04, PNorm = 35.1219, GNorm = 0.0435, lr_0 = 5.0274e-04
Loss = 5.1420e-04, PNorm = 35.1308, GNorm = 0.0428, lr_0 = 5.0417e-04
Loss = 2.3066e-04, PNorm = 35.1445, GNorm = 0.1864, lr_0 = 5.0560e-04
Loss = 4.1300e-04, PNorm = 35.1505, GNorm = 0.0398, lr_0 = 5.0703e-04
Loss = 9.6528e-04, PNorm = 35.1423, GNorm = 0.1408, lr_0 = 5.0845e-04
Loss = 6.5429e-04, PNorm = 35.1706, GNorm = 0.0641, lr_0 = 5.0988e-04
Loss = 1.8303e-04, PNorm = 35.1976, GNorm = 0.0173, lr_0 = 5.1131e-04
Loss = 1.4020e-05, PNorm = 35.2159, GNorm = 0.0055, lr_0 = 5.1274e-04
