Fold 0
{'activation': 'ReLU',
 'atom_messages': False,
 'batch_size': 50,
 'bias': False,
 'checkpoint_dir': None,
 'checkpoint_path': None,
 'checkpoint_paths': None,
 'config_path': None,
 'crossval_index_dir': None,
 'crossval_index_file': None,
 'cuda': True,
 'data_path': 'dataset/splitted_csv_files_mpnn_models/microtubules_tr.csv',
 'dataset_type': 'classification',
 'depth': 3,
 'dropout': 0.0,
 'ensemble_size': 1,
 'epochs': 50,
 'features_generator': None,
 'features_only': False,
 'features_path': None,
 'features_scaling': True,
 'ffn_hidden_size': 300,
 'ffn_num_layers': 2,
 'final_lr': 0.0001,
 'folds_file': None,
 'gpu': None,
 'hidden_size': 300,
 'init_lr': 0.0001,
 'log_frequency': 10,
 'max_data_size': None,
 'max_lr': 0.001,
 'metric': 'cohen_k',
 'minimize_score': False,
 'multiclass_num_classes': 3,
 'no_cache': False,
 'num_folds': 1,
 'num_lrs': 1,
 'quiet': False,
 'save_dir': 'saved_models/microtubules/fold_0',
 'save_smiles_splits': False,
 'seed': 0,
 'separate_test_features_path': None,
 'separate_test_path': 'dataset/splitted_csv_files_mpnn_models/microtubules_te.csv',
 'separate_val_features_path': None,
 'separate_val_path': 'dataset/splitted_csv_files_mpnn_models/microtubules_va.csv',
 'show_individual_scores': False,
 'split_sizes': [0.8, 0.1, 0.1],
 'split_type': 'random',
 'test': False,
 'test_fold_index': None,
 'undirected': False,
 'use_compound_names': False,
 'use_input_features': None,
 'val_fold_index': None,
 'warmup_epochs': 2.0}
Loading data
Number of tasks = 1
Splitting data with seed 0
Class sizes
Label 0: 98.79%, 1: 1.21%
Total size = 157,623 | train size = 157,623 | val size = 33,668 | test size = 33,758
Building model 0
MoleculeModel(
  (sigmoid): Sigmoid()
  (encoder): MPN(
    (encoder): MPNEncoder(
      (dropout_layer): Dropout(p=0.0, inplace=False)
      (act_func): ReLU()
      (W_i): Linear(in_features=147, out_features=300, bias=False)
      (W_h): Linear(in_features=300, out_features=300, bias=False)
      (W_o): Linear(in_features=433, out_features=300, bias=True)
    )
  )
  (ffn): Sequential(
    (0): Dropout(p=0.0, inplace=False)
    (1): Linear(in_features=300, out_features=300, bias=True)
    (2): ReLU()
    (3): Dropout(p=0.0, inplace=False)
    (4): Linear(in_features=300, out_features=1, bias=True)
  )
)
Number of parameters = 354,901
Moving model to cuda
Epoch 0
Loss = 1.0455e-02, PNorm = 34.0322, GNorm = 2.0020, lr_0 = 1.0157e-04
Loss = 3.2514e-03, PNorm = 34.0394, GNorm = 0.5164, lr_0 = 1.0300e-04
Loss = 1.9330e-03, PNorm = 34.0460, GNorm = 1.4230, lr_0 = 1.0443e-04
Loss = 1.1971e-03, PNorm = 34.0488, GNorm = 0.2409, lr_0 = 1.0585e-04
Loss = 5.8974e-04, PNorm = 34.0502, GNorm = 0.3708, lr_0 = 1.0728e-04
Loss = 1.6446e-03, PNorm = 34.0496, GNorm = 0.1347, lr_0 = 1.0871e-04
Loss = 1.1551e-03, PNorm = 34.0491, GNorm = 0.1687, lr_0 = 1.1014e-04
Loss = 9.4243e-04, PNorm = 34.0490, GNorm = 0.1788, lr_0 = 1.1156e-04
Loss = 2.0938e-03, PNorm = 34.0488, GNorm = 0.5175, lr_0 = 1.1299e-04
Loss = 1.3835e-03, PNorm = 34.0479, GNorm = 0.0987, lr_0 = 1.1442e-04
Loss = 1.6890e-03, PNorm = 34.0489, GNorm = 0.5101, lr_0 = 1.1585e-04
Loss = 1.4775e-03, PNorm = 34.0503, GNorm = 0.2411, lr_0 = 1.1727e-04
Loss = 2.0469e-03, PNorm = 34.0506, GNorm = 0.1234, lr_0 = 1.1870e-04
Loss = 8.5147e-04, PNorm = 34.0522, GNorm = 0.1071, lr_0 = 1.2013e-04
Loss = 1.9780e-03, PNorm = 34.0537, GNorm = 0.4061, lr_0 = 1.2156e-04
Loss = 1.2858e-03, PNorm = 34.0559, GNorm = 0.1590, lr_0 = 1.2299e-04
Loss = 2.0530e-03, PNorm = 34.0564, GNorm = 0.1110, lr_0 = 1.2441e-04
Loss = 1.4315e-03, PNorm = 34.0571, GNorm = 0.0496, lr_0 = 1.2584e-04
Loss = 1.3688e-03, PNorm = 34.0604, GNorm = 0.1476, lr_0 = 1.2727e-04
Loss = 9.6545e-04, PNorm = 34.0622, GNorm = 0.1912, lr_0 = 1.2870e-04
Loss = 1.5409e-03, PNorm = 34.0620, GNorm = 0.1770, lr_0 = 1.3012e-04
Loss = 1.4626e-03, PNorm = 34.0614, GNorm = 0.1901, lr_0 = 1.3155e-04
Loss = 1.1502e-03, PNorm = 34.0636, GNorm = 0.2370, lr_0 = 1.3298e-04
Loss = 7.6232e-04, PNorm = 34.0684, GNorm = 0.2857, lr_0 = 1.3441e-04
Loss = 1.1416e-03, PNorm = 34.0700, GNorm = 0.2730, lr_0 = 1.3583e-04
Loss = 1.0860e-03, PNorm = 34.0710, GNorm = 0.6368, lr_0 = 1.3726e-04
Loss = 2.0267e-03, PNorm = 34.0681, GNorm = 0.0499, lr_0 = 1.3869e-04
Loss = 1.2267e-03, PNorm = 34.0721, GNorm = 0.0777, lr_0 = 1.4012e-04
Loss = 7.4919e-04, PNorm = 34.0784, GNorm = 0.1458, lr_0 = 1.4155e-04
Loss = 1.9520e-03, PNorm = 34.0780, GNorm = 0.1768, lr_0 = 1.4297e-04
Loss = 1.7163e-03, PNorm = 34.0762, GNorm = 0.3469, lr_0 = 1.4440e-04
Loss = 1.5338e-03, PNorm = 34.0787, GNorm = 0.3048, lr_0 = 1.4583e-04
Loss = 9.8257e-04, PNorm = 34.0851, GNorm = 0.1589, lr_0 = 1.4726e-04
Loss = 1.3676e-03, PNorm = 34.0872, GNorm = 0.3563, lr_0 = 1.4868e-04
Loss = 3.8632e-04, PNorm = 34.0912, GNorm = 0.3640, lr_0 = 1.5011e-04
Loss = 1.1335e-03, PNorm = 34.0903, GNorm = 0.2136, lr_0 = 1.5154e-04
Loss = 9.3970e-04, PNorm = 34.0913, GNorm = 0.1694, lr_0 = 1.5297e-04
Loss = 1.5965e-03, PNorm = 34.0923, GNorm = 0.4969, lr_0 = 1.5439e-04
Loss = 8.0677e-04, PNorm = 34.0961, GNorm = 0.1987, lr_0 = 1.5582e-04
Loss = 3.2071e-04, PNorm = 34.1050, GNorm = 0.0782, lr_0 = 1.5725e-04
Loss = 1.3039e-03, PNorm = 34.1048, GNorm = 0.3806, lr_0 = 1.5868e-04
Loss = 1.1206e-03, PNorm = 34.0977, GNorm = 0.2131, lr_0 = 1.6010e-04
Loss = 1.3031e-03, PNorm = 34.0990, GNorm = 0.3897, lr_0 = 1.6153e-04
Loss = 1.6349e-03, PNorm = 34.1031, GNorm = 0.2355, lr_0 = 1.6296e-04
Loss = 1.2804e-03, PNorm = 34.1076, GNorm = 0.1408, lr_0 = 1.6439e-04
Loss = 1.7570e-03, PNorm = 34.1094, GNorm = 0.0861, lr_0 = 1.6582e-04
Loss = 1.4651e-03, PNorm = 34.1102, GNorm = 0.1358, lr_0 = 1.6724e-04
Loss = 1.2630e-03, PNorm = 34.1139, GNorm = 0.1172, lr_0 = 1.6867e-04
Loss = 8.5780e-04, PNorm = 34.1205, GNorm = 0.1587, lr_0 = 1.7010e-04
Loss = 1.0732e-03, PNorm = 34.1250, GNorm = 0.2468, lr_0 = 1.7153e-04
Loss = 1.4274e-03, PNorm = 34.1241, GNorm = 0.2949, lr_0 = 1.7295e-04
Loss = 1.2586e-03, PNorm = 34.1310, GNorm = 0.2518, lr_0 = 1.7438e-04
Loss = 8.9975e-04, PNorm = 34.1407, GNorm = 0.3108, lr_0 = 1.7581e-04
Loss = 2.1474e-03, PNorm = 34.1309, GNorm = 0.1030, lr_0 = 1.7724e-04
Loss = 1.3066e-03, PNorm = 34.1361, GNorm = 0.3089, lr_0 = 1.7866e-04
Loss = 8.2707e-04, PNorm = 34.1457, GNorm = 0.0734, lr_0 = 1.8009e-04
Loss = 9.6153e-04, PNorm = 34.1447, GNorm = 0.1158, lr_0 = 1.8152e-04
Loss = 1.3736e-03, PNorm = 34.1420, GNorm = 0.2760, lr_0 = 1.8295e-04
Loss = 7.8714e-04, PNorm = 34.1492, GNorm = 0.1680, lr_0 = 1.8438e-04
Loss = 1.3152e-03, PNorm = 34.1502, GNorm = 0.1220, lr_0 = 1.8580e-04
Loss = 9.4354e-04, PNorm = 34.1496, GNorm = 0.2090, lr_0 = 1.8723e-04
Loss = 1.8349e-03, PNorm = 34.1505, GNorm = 0.1455, lr_0 = 1.8866e-04
Loss = 8.2180e-04, PNorm = 34.1537, GNorm = 0.1990, lr_0 = 1.9009e-04
Loss = 1.1018e-03, PNorm = 34.1611, GNorm = 0.1005, lr_0 = 1.9151e-04
Loss = 1.2941e-03, PNorm = 34.1611, GNorm = 0.1569, lr_0 = 1.9294e-04
Loss = 9.2923e-04, PNorm = 34.1643, GNorm = 0.1537, lr_0 = 1.9437e-04
Loss = 1.2900e-03, PNorm = 34.1676, GNorm = 0.5421, lr_0 = 1.9580e-04
Loss = 1.7260e-03, PNorm = 34.1675, GNorm = 0.3751, lr_0 = 1.9722e-04
Loss = 1.1554e-03, PNorm = 34.1741, GNorm = 0.2780, lr_0 = 1.9865e-04
Loss = 1.1388e-03, PNorm = 34.1856, GNorm = 0.1260, lr_0 = 2.0008e-04
Loss = 1.2489e-03, PNorm = 34.1900, GNorm = 0.2049, lr_0 = 2.0151e-04
Loss = 1.2288e-03, PNorm = 34.1893, GNorm = 0.0883, lr_0 = 2.0293e-04
Loss = 2.0015e-03, PNorm = 34.1911, GNorm = 0.1015, lr_0 = 2.0436e-04
Loss = 1.1455e-03, PNorm = 34.2029, GNorm = 0.2705, lr_0 = 2.0579e-04
Loss = 8.6936e-04, PNorm = 34.2097, GNorm = 0.1440, lr_0 = 2.0722e-04
Loss = 2.2529e-03, PNorm = 34.2065, GNorm = 0.3902, lr_0 = 2.0865e-04
Loss = 1.0784e-03, PNorm = 34.2221, GNorm = 0.1876, lr_0 = 2.1007e-04
Loss = 1.1715e-03, PNorm = 34.2296, GNorm = 0.1571, lr_0 = 2.1150e-04
Loss = 1.3151e-03, PNorm = 34.2321, GNorm = 0.1589, lr_0 = 2.1293e-04
Loss = 1.7934e-03, PNorm = 34.2346, GNorm = 0.0934, lr_0 = 2.1436e-04
Loss = 1.7458e-03, PNorm = 34.2388, GNorm = 0.1010, lr_0 = 2.1578e-04
Loss = 6.9255e-04, PNorm = 34.2540, GNorm = 0.0960, lr_0 = 2.1721e-04
Loss = 1.1702e-03, PNorm = 34.2556, GNorm = 0.1033, lr_0 = 2.1864e-04
Loss = 1.5653e-03, PNorm = 34.2521, GNorm = 0.2521, lr_0 = 2.2007e-04
Loss = 1.4311e-03, PNorm = 34.2596, GNorm = 0.2165, lr_0 = 2.2149e-04
Loss = 1.4182e-03, PNorm = 34.2647, GNorm = 0.4927, lr_0 = 2.2292e-04
Loss = 1.3711e-03, PNorm = 34.2706, GNorm = 0.0470, lr_0 = 2.2435e-04
Loss = 1.7683e-03, PNorm = 34.2787, GNorm = 0.2044, lr_0 = 2.2578e-04
Loss = 1.0578e-03, PNorm = 34.2780, GNorm = 0.1367, lr_0 = 2.2720e-04
Loss = 8.6684e-04, PNorm = 34.2861, GNorm = 0.1490, lr_0 = 2.2863e-04
Loss = 1.3531e-03, PNorm = 34.2924, GNorm = 0.1093, lr_0 = 2.3006e-04
Loss = 1.9652e-03, PNorm = 34.2985, GNorm = 0.3760, lr_0 = 2.3149e-04
Loss = 1.0092e-03, PNorm = 34.3276, GNorm = 0.1427, lr_0 = 2.3292e-04
Loss = 1.5415e-03, PNorm = 34.3285, GNorm = 0.0666, lr_0 = 2.3434e-04
Loss = 1.4054e-03, PNorm = 34.3338, GNorm = 0.0554, lr_0 = 2.3577e-04
Loss = 2.1189e-03, PNorm = 34.3301, GNorm = 0.3530, lr_0 = 2.3720e-04
Loss = 7.8871e-04, PNorm = 34.3436, GNorm = 0.2641, lr_0 = 2.3863e-04
Loss = 1.4199e-03, PNorm = 34.3457, GNorm = 0.1141, lr_0 = 2.4005e-04
Loss = 1.0967e-03, PNorm = 34.3456, GNorm = 0.2509, lr_0 = 2.4148e-04
Loss = 1.5732e-03, PNorm = 34.3553, GNorm = 0.2414, lr_0 = 2.4291e-04
Loss = 1.1053e-03, PNorm = 34.3703, GNorm = 0.1346, lr_0 = 2.4434e-04
Loss = 1.2315e-03, PNorm = 34.3807, GNorm = 0.5788, lr_0 = 2.4576e-04
Loss = 1.2696e-03, PNorm = 34.3764, GNorm = 0.0662, lr_0 = 2.4719e-04
Loss = 9.2376e-04, PNorm = 34.3945, GNorm = 0.1359, lr_0 = 2.4862e-04
Loss = 1.1261e-03, PNorm = 34.4040, GNorm = 0.1090, lr_0 = 2.5005e-04
Loss = 8.4131e-04, PNorm = 34.4087, GNorm = 0.1369, lr_0 = 2.5148e-04
Loss = 1.8638e-03, PNorm = 34.4132, GNorm = 0.0918, lr_0 = 2.5290e-04
Loss = 1.0440e-03, PNorm = 34.4249, GNorm = 0.1828, lr_0 = 2.5433e-04
Loss = 8.6191e-04, PNorm = 34.4338, GNorm = 0.1086, lr_0 = 2.5576e-04
Loss = 1.1630e-03, PNorm = 34.4362, GNorm = 0.1039, lr_0 = 2.5719e-04
Loss = 1.1275e-03, PNorm = 34.4320, GNorm = 0.2186, lr_0 = 2.5861e-04
Loss = 1.4685e-03, PNorm = 34.4399, GNorm = 0.1543, lr_0 = 2.6004e-04
Loss = 1.6016e-03, PNorm = 34.4487, GNorm = 0.2235, lr_0 = 2.6147e-04
Loss = 1.3291e-03, PNorm = 34.4619, GNorm = 0.2879, lr_0 = 2.6290e-04
Loss = 9.8219e-04, PNorm = 34.4726, GNorm = 0.1547, lr_0 = 2.6432e-04
Loss = 8.1761e-04, PNorm = 34.4825, GNorm = 0.0857, lr_0 = 2.6575e-04
Loss = 1.6738e-03, PNorm = 34.4757, GNorm = 0.1316, lr_0 = 2.6718e-04
Loss = 7.8745e-04, PNorm = 34.4985, GNorm = 0.3062, lr_0 = 2.6861e-04
Loss = 1.5375e-03, PNorm = 34.5011, GNorm = 0.1146, lr_0 = 2.7003e-04
Loss = 1.7016e-03, PNorm = 34.5016, GNorm = 0.1177, lr_0 = 2.7146e-04
Loss = 1.2234e-03, PNorm = 34.5255, GNorm = 0.1395, lr_0 = 2.7289e-04
Loss = 1.1104e-03, PNorm = 34.5352, GNorm = 0.0951, lr_0 = 2.7432e-04
Loss = 1.3265e-03, PNorm = 34.5372, GNorm = 0.4882, lr_0 = 2.7575e-04
Loss = 1.2124e-03, PNorm = 34.5334, GNorm = 0.2445, lr_0 = 2.7717e-04
Loss = 1.1581e-03, PNorm = 34.5541, GNorm = 0.2100, lr_0 = 2.7860e-04
Loss = 2.0590e-03, PNorm = 34.5507, GNorm = 0.2379, lr_0 = 2.8003e-04
Loss = 8.9668e-04, PNorm = 34.5730, GNorm = 0.1512, lr_0 = 2.8146e-04
Loss = 7.1132e-04, PNorm = 34.6001, GNorm = 0.0605, lr_0 = 2.8288e-04
Loss = 1.3896e-03, PNorm = 34.5993, GNorm = 0.1322, lr_0 = 2.8431e-04
Loss = 1.2806e-03, PNorm = 34.6041, GNorm = 0.5030, lr_0 = 2.8574e-04
Loss = 1.7348e-03, PNorm = 34.5971, GNorm = 0.0667, lr_0 = 2.8717e-04
Loss = 9.9431e-04, PNorm = 34.6198, GNorm = 0.1441, lr_0 = 2.8859e-04
Loss = 1.9858e-03, PNorm = 34.6242, GNorm = 0.6787, lr_0 = 2.9002e-04
Loss = 1.1048e-03, PNorm = 34.6407, GNorm = 0.2227, lr_0 = 2.9145e-04
Loss = 9.2176e-04, PNorm = 34.6754, GNorm = 0.2362, lr_0 = 2.9288e-04
Loss = 1.6629e-03, PNorm = 34.6715, GNorm = 0.3453, lr_0 = 2.9431e-04
Loss = 7.5479e-04, PNorm = 34.6809, GNorm = 0.1695, lr_0 = 2.9573e-04
Loss = 1.9053e-03, PNorm = 34.6851, GNorm = 0.2752, lr_0 = 2.9716e-04
Loss = 1.3663e-03, PNorm = 34.6885, GNorm = 0.2598, lr_0 = 2.9859e-04
Loss = 8.6328e-04, PNorm = 34.7209, GNorm = 0.5936, lr_0 = 3.0002e-04
Loss = 1.6108e-03, PNorm = 34.7122, GNorm = 0.1517, lr_0 = 3.0144e-04
Loss = 1.4282e-03, PNorm = 34.7278, GNorm = 0.1358, lr_0 = 3.0287e-04
Loss = 6.4778e-04, PNorm = 34.7552, GNorm = 0.0632, lr_0 = 3.0430e-04
Loss = 1.4872e-03, PNorm = 34.7600, GNorm = 0.1981, lr_0 = 3.0573e-04
Loss = 1.2485e-03, PNorm = 34.7518, GNorm = 0.2477, lr_0 = 3.0715e-04
Loss = 6.2611e-04, PNorm = 34.7800, GNorm = 0.0958, lr_0 = 3.0858e-04
Loss = 1.2380e-03, PNorm = 34.7927, GNorm = 0.2109, lr_0 = 3.1001e-04
Loss = 1.7617e-03, PNorm = 34.7799, GNorm = 0.2226, lr_0 = 3.1144e-04
Loss = 1.4608e-03, PNorm = 34.7898, GNorm = 0.0695, lr_0 = 3.1286e-04
Loss = 1.3723e-03, PNorm = 34.8127, GNorm = 0.1133, lr_0 = 3.1429e-04
Loss = 7.7503e-04, PNorm = 34.8349, GNorm = 0.0923, lr_0 = 3.1572e-04
Loss = 1.7162e-03, PNorm = 34.8402, GNorm = 0.3306, lr_0 = 3.1715e-04
Loss = 9.9392e-04, PNorm = 34.8646, GNorm = 0.3977, lr_0 = 3.1858e-04
Loss = 1.0130e-03, PNorm = 34.8837, GNorm = 0.3805, lr_0 = 3.2000e-04
Loss = 1.0917e-03, PNorm = 34.8941, GNorm = 0.1334, lr_0 = 3.2143e-04
Loss = 7.7600e-04, PNorm = 34.9168, GNorm = 0.0833, lr_0 = 3.2286e-04
Loss = 1.7555e-03, PNorm = 34.9141, GNorm = 0.1768, lr_0 = 3.2429e-04
Loss = 1.5549e-03, PNorm = 34.9434, GNorm = 0.2013, lr_0 = 3.2571e-04
Loss = 1.6529e-03, PNorm = 34.9448, GNorm = 0.6396, lr_0 = 3.2714e-04
Loss = 1.3357e-03, PNorm = 34.9511, GNorm = 0.2375, lr_0 = 3.2857e-04
Loss = 1.0902e-03, PNorm = 34.9731, GNorm = 0.0701, lr_0 = 3.3000e-04
Loss = 8.6837e-05, PNorm = 34.9891, GNorm = 0.0372, lr_0 = 3.3142e-04
Loss = 1.8544e-03, PNorm = 34.9663, GNorm = 0.1755, lr_0 = 3.3285e-04
Loss = 1.8706e-03, PNorm = 34.9627, GNorm = 0.1372, lr_0 = 3.3428e-04
Loss = 7.7962e-04, PNorm = 35.0011, GNorm = 0.1076, lr_0 = 3.3571e-04
Loss = 1.7845e-03, PNorm = 34.9986, GNorm = 0.1078, lr_0 = 3.3714e-04
Loss = 1.8797e-03, PNorm = 34.9958, GNorm = 0.1084, lr_0 = 3.3856e-04
Loss = 2.1058e-03, PNorm = 35.0146, GNorm = 0.3932, lr_0 = 3.3999e-04
Loss = 1.1723e-03, PNorm = 35.0327, GNorm = 0.1454, lr_0 = 3.4142e-04
Loss = 9.7189e-04, PNorm = 35.0520, GNorm = 0.1535, lr_0 = 3.4285e-04
Loss = 7.2328e-04, PNorm = 35.0595, GNorm = 0.0621, lr_0 = 3.4427e-04
Loss = 1.2177e-03, PNorm = 35.0609, GNorm = 0.0760, lr_0 = 3.4570e-04
Loss = 7.5863e-04, PNorm = 35.0871, GNorm = 0.2030, lr_0 = 3.4713e-04
Loss = 1.0885e-03, PNorm = 35.1028, GNorm = 0.0826, lr_0 = 3.4856e-04
Loss = 1.0018e-03, PNorm = 35.1127, GNorm = 0.0752, lr_0 = 3.4998e-04
Loss = 9.2986e-04, PNorm = 35.1354, GNorm = 0.1109, lr_0 = 3.5141e-04
Loss = 5.5338e-04, PNorm = 35.1557, GNorm = 0.0647, lr_0 = 3.5284e-04
Loss = 9.0347e-04, PNorm = 35.1645, GNorm = 0.0584, lr_0 = 3.5427e-04
Loss = 6.6577e-04, PNorm = 35.1487, GNorm = 0.0975, lr_0 = 3.5569e-04
Loss = 1.0676e-03, PNorm = 35.1504, GNorm = 0.1374, lr_0 = 3.5712e-04
Loss = 1.1286e-03, PNorm = 35.1712, GNorm = 0.1219, lr_0 = 3.5855e-04
Loss = 9.5227e-04, PNorm = 35.1788, GNorm = 0.1054, lr_0 = 3.5998e-04
Loss = 3.5574e-04, PNorm = 35.1871, GNorm = 0.0723, lr_0 = 3.6141e-04
Loss = 1.5999e-03, PNorm = 35.1858, GNorm = 0.1415, lr_0 = 3.6283e-04
Loss = 8.6960e-04, PNorm = 35.2088, GNorm = 0.1077, lr_0 = 3.6426e-04
Loss = 1.8684e-03, PNorm = 35.2313, GNorm = 0.2086, lr_0 = 3.6569e-04
Loss = 1.1823e-03, PNorm = 35.2527, GNorm = 0.1823, lr_0 = 3.6712e-04
Loss = 8.0527e-04, PNorm = 35.2888, GNorm = 0.0637, lr_0 = 3.6854e-04
Loss = 6.1734e-04, PNorm = 35.3092, GNorm = 0.4910, lr_0 = 3.6997e-04
Loss = 1.7277e-03, PNorm = 35.2975, GNorm = 0.0859, lr_0 = 3.7140e-04
Loss = 1.7601e-03, PNorm = 35.3210, GNorm = 0.2191, lr_0 = 3.7283e-04
Loss = 6.1311e-04, PNorm = 35.3699, GNorm = 0.0528, lr_0 = 3.7425e-04
Loss = 5.8508e-04, PNorm = 35.3865, GNorm = 0.0308, lr_0 = 3.7568e-04
Loss = 1.8279e-03, PNorm = 35.3674, GNorm = 0.1347, lr_0 = 3.7711e-04
Loss = 1.0797e-03, PNorm = 35.3932, GNorm = 0.1968, lr_0 = 3.7854e-04
Loss = 8.8418e-04, PNorm = 35.4435, GNorm = 0.2675, lr_0 = 3.7997e-04
Loss = 1.9629e-03, PNorm = 35.4302, GNorm = 0.1728, lr_0 = 3.8139e-04
Loss = 1.3677e-03, PNorm = 35.4627, GNorm = 0.1235, lr_0 = 3.8282e-04
Loss = 1.1503e-03, PNorm = 35.5049, GNorm = 0.1163, lr_0 = 3.8425e-04
Loss = 1.7049e-03, PNorm = 35.5165, GNorm = 0.0828, lr_0 = 3.8568e-04
Loss = 5.0578e-04, PNorm = 35.5297, GNorm = 0.0824, lr_0 = 3.8710e-04
Loss = 2.0773e-03, PNorm = 35.5305, GNorm = 0.4364, lr_0 = 3.8853e-04
Loss = 1.9259e-03, PNorm = 35.5328, GNorm = 0.1637, lr_0 = 3.8996e-04
Loss = 1.5460e-03, PNorm = 35.5809, GNorm = 0.1205, lr_0 = 3.9139e-04
Loss = 1.3220e-03, PNorm = 35.6132, GNorm = 0.4010, lr_0 = 3.9281e-04
Loss = 1.0039e-03, PNorm = 35.6299, GNorm = 0.1340, lr_0 = 3.9424e-04
Loss = 1.1156e-03, PNorm = 35.6628, GNorm = 0.3174, lr_0 = 3.9567e-04
Loss = 1.8011e-03, PNorm = 35.6376, GNorm = 0.1352, lr_0 = 3.9710e-04
Loss = 1.6928e-03, PNorm = 35.6279, GNorm = 0.1558, lr_0 = 3.9852e-04
Loss = 1.3824e-03, PNorm = 35.6442, GNorm = 0.1209, lr_0 = 3.9995e-04
Loss = 1.0783e-03, PNorm = 35.6707, GNorm = 0.1062, lr_0 = 4.0138e-04
Loss = 1.0358e-03, PNorm = 35.6888, GNorm = 0.1234, lr_0 = 4.0281e-04
Loss = 1.4601e-03, PNorm = 35.6979, GNorm = 0.0522, lr_0 = 4.0424e-04
Loss = 1.3938e-03, PNorm = 35.7196, GNorm = 0.1472, lr_0 = 4.0566e-04
Loss = 1.1795e-03, PNorm = 35.7420, GNorm = 0.1019, lr_0 = 4.0709e-04
Loss = 8.6834e-04, PNorm = 35.7673, GNorm = 0.0812, lr_0 = 4.0852e-04
Loss = 1.4741e-03, PNorm = 35.7741, GNorm = 0.2328, lr_0 = 4.0995e-04
Loss = 1.1148e-03, PNorm = 35.7978, GNorm = 0.0927, lr_0 = 4.1137e-04
Loss = 9.0504e-04, PNorm = 35.8029, GNorm = 0.1660, lr_0 = 4.1280e-04
Loss = 1.2164e-03, PNorm = 35.8142, GNorm = 0.1548, lr_0 = 4.1423e-04
Loss = 1.2275e-03, PNorm = 35.8229, GNorm = 0.1870, lr_0 = 4.1566e-04
Loss = 9.1559e-04, PNorm = 35.8512, GNorm = 0.1562, lr_0 = 4.1708e-04
Loss = 1.2216e-03, PNorm = 35.8758, GNorm = 0.1370, lr_0 = 4.1851e-04
Loss = 9.2736e-04, PNorm = 35.9102, GNorm = 0.1421, lr_0 = 4.1994e-04
Loss = 1.4941e-03, PNorm = 35.9277, GNorm = 0.1289, lr_0 = 4.2137e-04
Loss = 1.1366e-03, PNorm = 35.9604, GNorm = 0.1472, lr_0 = 4.2280e-04
Loss = 1.0140e-03, PNorm = 35.9923, GNorm = 0.2548, lr_0 = 4.2422e-04
Loss = 1.4841e-03, PNorm = 35.9982, GNorm = 0.1221, lr_0 = 4.2565e-04
Loss = 1.2632e-03, PNorm = 36.0327, GNorm = 0.0851, lr_0 = 4.2708e-04
Loss = 9.9505e-04, PNorm = 36.0616, GNorm = 0.0495, lr_0 = 4.2851e-04
Loss = 2.0570e-03, PNorm = 36.0778, GNorm = 0.3157, lr_0 = 4.2993e-04
Loss = 1.1773e-03, PNorm = 36.1322, GNorm = 0.0584, lr_0 = 4.3136e-04
Loss = 8.6688e-04, PNorm = 36.1524, GNorm = 0.0596, lr_0 = 4.3279e-04
Loss = 8.0028e-04, PNorm = 36.1639, GNorm = 0.0757, lr_0 = 4.3422e-04
Loss = 1.0053e-03, PNorm = 36.1719, GNorm = 0.0875, lr_0 = 4.3564e-04
Loss = 1.0176e-03, PNorm = 36.1933, GNorm = 0.1264, lr_0 = 4.3707e-04
Loss = 1.3561e-03, PNorm = 36.2115, GNorm = 0.1398, lr_0 = 4.3850e-04
Loss = 8.2858e-04, PNorm = 36.2482, GNorm = 0.2362, lr_0 = 4.3993e-04
Loss = 1.0277e-03, PNorm = 36.2460, GNorm = 0.0953, lr_0 = 4.4135e-04
Loss = 1.4452e-03, PNorm = 36.2575, GNorm = 0.2309, lr_0 = 4.4278e-04
Loss = 9.8460e-04, PNorm = 36.2942, GNorm = 0.0696, lr_0 = 4.4421e-04
Loss = 1.2857e-03, PNorm = 36.3061, GNorm = 0.1194, lr_0 = 4.4564e-04
Loss = 1.3518e-03, PNorm = 36.3330, GNorm = 0.2344, lr_0 = 4.4707e-04
Loss = 8.6949e-04, PNorm = 36.3545, GNorm = 0.1469, lr_0 = 4.4849e-04
Loss = 1.1810e-03, PNorm = 36.3749, GNorm = 0.1421, lr_0 = 4.4992e-04
Loss = 1.4956e-03, PNorm = 36.3996, GNorm = 0.2573, lr_0 = 4.5135e-04
Loss = 1.4249e-03, PNorm = 36.4393, GNorm = 0.2488, lr_0 = 4.5278e-04
Loss = 1.7682e-03, PNorm = 36.4748, GNorm = 0.2808, lr_0 = 4.5420e-04
