Fold 0
{'activation': 'ReLU',
 'atom_messages': False,
 'batch_size': 50,
 'bias': False,
 'checkpoint_dir': None,
 'checkpoint_path': None,
 'checkpoint_paths': None,
 'config_path': None,
 'crossval_index_dir': None,
 'crossval_index_file': None,
 'cuda': True,
 'data_path': 'dataset/splitted_csv_files_mpnn_models/lysosomal_membrane_tr.csv',
 'dataset_type': 'classification',
 'depth': 3,
 'dropout': 0.0,
 'ensemble_size': 1,
 'epochs': 50,
 'features_generator': None,
 'features_only': False,
 'features_path': None,
 'features_scaling': True,
 'ffn_hidden_size': 300,
 'ffn_num_layers': 2,
 'final_lr': 0.0001,
 'folds_file': None,
 'gpu': None,
 'hidden_size': 300,
 'init_lr': 0.0001,
 'log_frequency': 10,
 'max_data_size': None,
 'max_lr': 0.001,
 'metric': 'cohen_k',
 'minimize_score': False,
 'multiclass_num_classes': 3,
 'no_cache': False,
 'num_folds': 1,
 'num_lrs': 1,
 'quiet': False,
 'save_dir': 'saved_models/lysosomal_membrane/fold_0',
 'save_smiles_splits': False,
 'seed': 0,
 'separate_test_features_path': None,
 'separate_test_path': 'dataset/splitted_csv_files_mpnn_models/lysosomal_membrane_te.csv',
 'separate_val_features_path': None,
 'separate_val_path': 'dataset/splitted_csv_files_mpnn_models/lysosomal_membrane_va.csv',
 'show_individual_scores': False,
 'split_sizes': [0.8, 0.1, 0.1],
 'split_type': 'random',
 'test': False,
 'test_fold_index': None,
 'undirected': False,
 'use_compound_names': False,
 'use_input_features': None,
 'val_fold_index': None,
 'warmup_epochs': 2.0}
Loading data
Number of tasks = 1
Splitting data with seed 0
Class sizes
Label 0: 99.82%, 1: 0.18%
Total size = 157,623 | train size = 157,623 | val size = 33,668 | test size = 33,758
Building model 0
MoleculeModel(
  (sigmoid): Sigmoid()
  (encoder): MPN(
    (encoder): MPNEncoder(
      (dropout_layer): Dropout(p=0.0, inplace=False)
      (act_func): ReLU()
      (W_i): Linear(in_features=147, out_features=300, bias=False)
      (W_h): Linear(in_features=300, out_features=300, bias=False)
      (W_o): Linear(in_features=433, out_features=300, bias=True)
    )
  )
  (ffn): Sequential(
    (0): Dropout(p=0.0, inplace=False)
    (1): Linear(in_features=300, out_features=300, bias=True)
    (2): ReLU()
    (3): Dropout(p=0.0, inplace=False)
    (4): Linear(in_features=300, out_features=1, bias=True)
  )
)
Number of parameters = 354,901
Moving model to cuda
Epoch 0
Loss = 9.2022e-03, PNorm = 34.0200, GNorm = 2.0006, lr_0 = 1.0157e-04
Loss = 2.1865e-03, PNorm = 34.0268, GNorm = 0.6057, lr_0 = 1.0300e-04
Loss = 3.9359e-04, PNorm = 34.0333, GNorm = 0.1400, lr_0 = 1.0443e-04
Loss = 5.8305e-04, PNorm = 34.0372, GNorm = 0.4463, lr_0 = 1.0585e-04
Loss = 7.8243e-04, PNorm = 34.0378, GNorm = 0.0483, lr_0 = 1.0728e-04
Loss = 3.2351e-04, PNorm = 34.0378, GNorm = 0.0433, lr_0 = 1.0871e-04
Loss = 2.8599e-04, PNorm = 34.0378, GNorm = 0.0580, lr_0 = 1.1014e-04
Loss = 7.8719e-04, PNorm = 34.0374, GNorm = 0.3891, lr_0 = 1.1156e-04
Loss = 5.9042e-05, PNorm = 34.0371, GNorm = 0.0590, lr_0 = 1.1299e-04
Loss = 5.4515e-05, PNorm = 34.0379, GNorm = 0.0495, lr_0 = 1.1442e-04
Loss = 5.7614e-04, PNorm = 34.0379, GNorm = 0.0524, lr_0 = 1.1585e-04
Loss = 5.2593e-04, PNorm = 34.0375, GNorm = 0.0632, lr_0 = 1.1727e-04
Loss = 3.1852e-04, PNorm = 34.0384, GNorm = 0.4179, lr_0 = 1.1870e-04
Loss = 5.1546e-05, PNorm = 34.0395, GNorm = 0.0469, lr_0 = 1.2013e-04
Loss = 3.0936e-04, PNorm = 34.0402, GNorm = 0.0353, lr_0 = 1.2156e-04
Loss = 3.7530e-05, PNorm = 34.0415, GNorm = 0.0303, lr_0 = 1.2299e-04
Loss = 2.9023e-04, PNorm = 34.0418, GNorm = 0.0285, lr_0 = 1.2441e-04
Loss = 2.2494e-05, PNorm = 34.0428, GNorm = 0.0217, lr_0 = 1.2584e-04
Loss = 1.8409e-05, PNorm = 34.0443, GNorm = 0.0163, lr_0 = 1.2727e-04
Loss = 3.1717e-04, PNorm = 34.0455, GNorm = 0.5015, lr_0 = 1.2870e-04
Loss = 1.2152e-05, PNorm = 34.0443, GNorm = 0.0170, lr_0 = 1.3012e-04
Loss = 1.2798e-05, PNorm = 34.0447, GNorm = 0.0159, lr_0 = 1.3155e-04
Loss = 2.9219e-04, PNorm = 34.0440, GNorm = 0.0174, lr_0 = 1.3298e-04
Loss = 3.1546e-04, PNorm = 34.0427, GNorm = 0.0327, lr_0 = 1.3441e-04
Loss = 2.8157e-05, PNorm = 34.0432, GNorm = 0.0280, lr_0 = 1.3583e-04
Loss = 2.1241e-05, PNorm = 34.0448, GNorm = 0.0170, lr_0 = 1.3726e-04
Loss = 1.3897e-05, PNorm = 34.0465, GNorm = 0.0130, lr_0 = 1.3869e-04
Loss = 3.3714e-04, PNorm = 34.0473, GNorm = 0.0093, lr_0 = 1.4012e-04
Loss = 1.1686e-05, PNorm = 34.0459, GNorm = 0.0130, lr_0 = 1.4155e-04
Loss = 1.4300e-05, PNorm = 34.0464, GNorm = 0.0144, lr_0 = 1.4297e-04
Loss = 1.2112e-05, PNorm = 34.0477, GNorm = 0.0108, lr_0 = 1.4440e-04
Loss = 3.6134e-04, PNorm = 34.0480, GNorm = 0.0087, lr_0 = 1.4583e-04
Loss = 5.7254e-04, PNorm = 34.0447, GNorm = 0.4759, lr_0 = 1.4726e-04
Loss = 1.0200e-03, PNorm = 34.0388, GNorm = 0.2527, lr_0 = 1.4868e-04
Loss = 1.6058e-04, PNorm = 34.0394, GNorm = 0.1303, lr_0 = 1.5011e-04
Loss = 3.1629e-04, PNorm = 34.0431, GNorm = 0.0583, lr_0 = 1.5154e-04
Loss = 2.9935e-04, PNorm = 34.0456, GNorm = 0.0341, lr_0 = 1.5297e-04
Loss = 2.8973e-04, PNorm = 34.0468, GNorm = 0.4212, lr_0 = 1.5439e-04
Loss = 3.0708e-04, PNorm = 34.0465, GNorm = 0.0368, lr_0 = 1.5582e-04
Loss = 3.2951e-04, PNorm = 34.0452, GNorm = 0.0522, lr_0 = 1.5725e-04
Loss = 3.0731e-04, PNorm = 34.0459, GNorm = 0.0579, lr_0 = 1.5868e-04
Loss = 7.4340e-04, PNorm = 34.0453, GNorm = 0.0720, lr_0 = 1.6010e-04
Loss = 5.2802e-04, PNorm = 34.0455, GNorm = 0.0870, lr_0 = 1.6153e-04
Loss = 8.1744e-05, PNorm = 34.0493, GNorm = 0.0518, lr_0 = 1.6296e-04
Loss = 3.3958e-05, PNorm = 34.0548, GNorm = 0.0206, lr_0 = 1.6439e-04
Loss = 1.1373e-05, PNorm = 34.0601, GNorm = 0.0083, lr_0 = 1.6582e-04
Loss = 3.4894e-06, PNorm = 34.0649, GNorm = 0.0023, lr_0 = 1.6724e-04
Loss = 7.5151e-04, PNorm = 34.0593, GNorm = 0.0175, lr_0 = 1.6867e-04
Loss = 1.9520e-05, PNorm = 34.0566, GNorm = 0.0267, lr_0 = 1.7010e-04
Loss = 2.5565e-05, PNorm = 34.0577, GNorm = 0.0254, lr_0 = 1.7153e-04
Loss = 1.8628e-05, PNorm = 34.0602, GNorm = 0.0136, lr_0 = 1.7295e-04
Loss = 3.0874e-04, PNorm = 34.0592, GNorm = 0.0193, lr_0 = 1.7438e-04
Loss = 1.6329e-05, PNorm = 34.0600, GNorm = 0.0221, lr_0 = 1.7581e-04
Loss = 6.0423e-04, PNorm = 34.0590, GNorm = 0.4800, lr_0 = 1.7724e-04
Loss = 5.1301e-04, PNorm = 34.0557, GNorm = 0.0795, lr_0 = 1.7866e-04
Loss = 3.1846e-04, PNorm = 34.0584, GNorm = 0.0725, lr_0 = 1.8009e-04
Loss = 3.1269e-04, PNorm = 34.0613, GNorm = 0.0624, lr_0 = 1.8152e-04
Loss = 3.0016e-04, PNorm = 34.0639, GNorm = 0.0467, lr_0 = 1.8295e-04
Loss = 3.8495e-05, PNorm = 34.0684, GNorm = 0.0262, lr_0 = 1.8438e-04
Loss = 1.4939e-05, PNorm = 34.0738, GNorm = 0.0089, lr_0 = 1.8580e-04
Loss = 5.3267e-06, PNorm = 34.0787, GNorm = 0.0046, lr_0 = 1.8723e-04
Loss = 4.1686e-04, PNorm = 34.0784, GNorm = 0.0041, lr_0 = 1.8866e-04
Loss = 8.1769e-06, PNorm = 34.0762, GNorm = 0.0132, lr_0 = 1.9009e-04
Loss = 5.7459e-04, PNorm = 34.0717, GNorm = 0.0379, lr_0 = 1.9151e-04
Loss = 5.2458e-05, PNorm = 34.0713, GNorm = 0.0531, lr_0 = 1.9294e-04
Loss = 3.5485e-05, PNorm = 34.0756, GNorm = 0.0227, lr_0 = 1.9437e-04
Loss = 3.1358e-04, PNorm = 34.0763, GNorm = 0.0227, lr_0 = 1.9580e-04
Loss = 2.6931e-04, PNorm = 34.0782, GNorm = 0.0208, lr_0 = 1.9722e-04
Loss = 2.2544e-05, PNorm = 34.0793, GNorm = 0.0261, lr_0 = 1.9865e-04
Loss = 3.0756e-05, PNorm = 34.0840, GNorm = 0.0149, lr_0 = 2.0008e-04
Loss = 6.4921e-04, PNorm = 34.0837, GNorm = 0.0222, lr_0 = 2.0151e-04
Loss = 4.2828e-05, PNorm = 34.0837, GNorm = 0.0482, lr_0 = 2.0293e-04
Loss = 3.0211e-04, PNorm = 34.0868, GNorm = 0.0514, lr_0 = 2.0436e-04
Loss = 3.2165e-04, PNorm = 34.0909, GNorm = 0.0320, lr_0 = 2.0579e-04
Loss = 2.8177e-04, PNorm = 34.0906, GNorm = 0.0433, lr_0 = 2.0722e-04
Loss = 2.9096e-04, PNorm = 34.0928, GNorm = 0.0524, lr_0 = 2.0865e-04
Loss = 3.1513e-04, PNorm = 34.0974, GNorm = 0.0268, lr_0 = 2.1007e-04
Loss = 2.5820e-05, PNorm = 34.0999, GNorm = 0.0261, lr_0 = 2.1150e-04
Loss = 1.6460e-05, PNorm = 34.1053, GNorm = 0.0144, lr_0 = 2.1293e-04
Loss = 6.5323e-04, PNorm = 34.1060, GNorm = 0.5153, lr_0 = 2.1436e-04
Loss = 3.3872e-04, PNorm = 34.1017, GNorm = 0.0998, lr_0 = 2.1578e-04
Loss = 2.9948e-04, PNorm = 34.1105, GNorm = 0.0691, lr_0 = 2.1721e-04
Loss = 3.3495e-05, PNorm = 34.1225, GNorm = 0.0167, lr_0 = 2.1864e-04
Loss = 7.8505e-06, PNorm = 34.1308, GNorm = 0.0054, lr_0 = 2.2007e-04
Loss = 6.7469e-04, PNorm = 34.1281, GNorm = 0.5210, lr_0 = 2.2149e-04
Loss = 2.7125e-05, PNorm = 34.1199, GNorm = 0.0455, lr_0 = 2.2292e-04
Loss = 5.1826e-04, PNorm = 34.1215, GNorm = 0.0623, lr_0 = 2.2435e-04
Loss = 6.5610e-05, PNorm = 34.1325, GNorm = 0.0456, lr_0 = 2.2578e-04
Loss = 2.8701e-04, PNorm = 34.1388, GNorm = 0.0289, lr_0 = 2.2720e-04
Loss = 8.4440e-04, PNorm = 34.1403, GNorm = 0.4130, lr_0 = 2.2863e-04
Loss = 2.8650e-04, PNorm = 34.1389, GNorm = 0.1076, lr_0 = 2.3006e-04
Loss = 3.0358e-04, PNorm = 34.1502, GNorm = 0.0568, lr_0 = 2.3149e-04
Loss = 3.2208e-05, PNorm = 34.1618, GNorm = 0.0208, lr_0 = 2.3292e-04
Loss = 8.1327e-06, PNorm = 34.1720, GNorm = 0.0046, lr_0 = 2.3434e-04
Loss = 1.7096e-06, PNorm = 34.1802, GNorm = 0.0012, lr_0 = 2.3577e-04
Loss = 3.0282e-07, PNorm = 34.1858, GNorm = 0.0003, lr_0 = 2.3720e-04
Loss = 1.2224e-07, PNorm = 34.1892, GNorm = 0.0002, lr_0 = 2.3863e-04
Loss = 1.1802e-03, PNorm = 34.1688, GNorm = 0.4636, lr_0 = 2.4005e-04
Loss = 9.8528e-05, PNorm = 34.1649, GNorm = 0.1028, lr_0 = 2.4148e-04
Loss = 3.0804e-04, PNorm = 34.1737, GNorm = 0.0397, lr_0 = 2.4291e-04
Loss = 2.8917e-04, PNorm = 34.1779, GNorm = 0.0295, lr_0 = 2.4434e-04
Loss = 2.8185e-04, PNorm = 34.1781, GNorm = 0.0398, lr_0 = 2.4576e-04
Loss = 3.3512e-05, PNorm = 34.1834, GNorm = 0.0245, lr_0 = 2.4719e-04
Loss = 1.3838e-05, PNorm = 34.1897, GNorm = 0.0106, lr_0 = 2.4862e-04
Loss = 6.1678e-04, PNorm = 34.1863, GNorm = 0.0284, lr_0 = 2.5005e-04
Loss = 4.4928e-05, PNorm = 34.1900, GNorm = 0.0437, lr_0 = 2.5148e-04
Loss = 2.8283e-05, PNorm = 34.1988, GNorm = 0.0177, lr_0 = 2.5290e-04
Loss = 8.6217e-04, PNorm = 34.1931, GNorm = 0.0503, lr_0 = 2.5433e-04
Loss = 9.2151e-05, PNorm = 34.1975, GNorm = 0.0707, lr_0 = 2.5576e-04
Loss = 2.7072e-04, PNorm = 34.2090, GNorm = 0.0374, lr_0 = 2.5719e-04
Loss = 2.9136e-04, PNorm = 34.2180, GNorm = 0.0135, lr_0 = 2.5861e-04
Loss = 3.4941e-04, PNorm = 34.2106, GNorm = 0.0499, lr_0 = 2.6004e-04
Loss = 2.6480e-04, PNorm = 34.2160, GNorm = 0.0361, lr_0 = 2.6147e-04
Loss = 3.0390e-05, PNorm = 34.2226, GNorm = 0.0238, lr_0 = 2.6290e-04
Loss = 2.8657e-04, PNorm = 34.2245, GNorm = 0.0191, lr_0 = 2.6432e-04
Loss = 1.9149e-05, PNorm = 34.2278, GNorm = 0.0183, lr_0 = 2.6575e-04
Loss = 2.9294e-04, PNorm = 34.2299, GNorm = 0.0219, lr_0 = 2.6718e-04
Loss = 2.1887e-05, PNorm = 34.2368, GNorm = 0.0145, lr_0 = 2.6861e-04
Loss = 2.8792e-04, PNorm = 34.2396, GNorm = 0.0159, lr_0 = 2.7003e-04
Loss = 2.7937e-04, PNorm = 34.2369, GNorm = 0.0364, lr_0 = 2.7146e-04
Loss = 2.7233e-04, PNorm = 34.2421, GNorm = 0.0399, lr_0 = 2.7289e-04
Loss = 3.2579e-05, PNorm = 34.2551, GNorm = 0.0198, lr_0 = 2.7432e-04
Loss = 2.9087e-04, PNorm = 34.2697, GNorm = 0.5042, lr_0 = 2.7575e-04
Loss = 2.8862e-04, PNorm = 34.2623, GNorm = 0.0254, lr_0 = 2.7717e-04
Loss = 5.0150e-04, PNorm = 34.2619, GNorm = 0.1102, lr_0 = 2.7860e-04
Loss = 7.1101e-04, PNorm = 34.2782, GNorm = 0.0894, lr_0 = 2.8003e-04
Loss = 4.0467e-05, PNorm = 34.3085, GNorm = 0.0091, lr_0 = 2.8146e-04
Loss = 6.3436e-04, PNorm = 34.2951, GNorm = 0.0453, lr_0 = 2.8288e-04
Loss = 5.7237e-05, PNorm = 34.3018, GNorm = 0.0349, lr_0 = 2.8431e-04
Loss = 1.9549e-05, PNorm = 34.3165, GNorm = 0.0101, lr_0 = 2.8574e-04
Loss = 6.3693e-04, PNorm = 34.3083, GNorm = 0.0282, lr_0 = 2.8717e-04
Loss = 3.0652e-04, PNorm = 34.3056, GNorm = 0.0611, lr_0 = 2.8859e-04
Loss = 7.0869e-04, PNorm = 34.3113, GNorm = 0.2442, lr_0 = 2.9002e-04
Loss = 7.1583e-05, PNorm = 34.3329, GNorm = 0.0260, lr_0 = 2.9145e-04
Loss = 1.3515e-05, PNorm = 34.3508, GNorm = 0.0071, lr_0 = 2.9288e-04
Loss = 3.4196e-04, PNorm = 34.3593, GNorm = 0.5281, lr_0 = 2.9431e-04
Loss = 5.7630e-04, PNorm = 34.3439, GNorm = 0.0394, lr_0 = 2.9573e-04
Loss = 3.0033e-04, PNorm = 34.3485, GNorm = 0.0957, lr_0 = 2.9716e-04
Loss = 6.5099e-05, PNorm = 34.3777, GNorm = 0.0211, lr_0 = 2.9859e-04
Loss = 2.7574e-04, PNorm = 34.3898, GNorm = 0.0154, lr_0 = 3.0002e-04
Loss = 1.0663e-05, PNorm = 34.3994, GNorm = 0.0096, lr_0 = 3.0144e-04
Loss = 5.8585e-06, PNorm = 34.4071, GNorm = 0.0046, lr_0 = 3.0287e-04
Loss = 3.7733e-04, PNorm = 34.3975, GNorm = 0.0131, lr_0 = 3.0430e-04
Loss = 2.5064e-04, PNorm = 34.3957, GNorm = 0.3308, lr_0 = 3.0573e-04
Loss = 4.9842e-04, PNorm = 34.3942, GNorm = 0.0791, lr_0 = 3.0715e-04
Loss = 4.9689e-04, PNorm = 34.4107, GNorm = 0.0663, lr_0 = 3.0858e-04
Loss = 5.5452e-05, PNorm = 34.4397, GNorm = 0.0166, lr_0 = 3.1001e-04
Loss = 2.6028e-04, PNorm = 34.4540, GNorm = 0.0109, lr_0 = 3.1144e-04
Loss = 1.1835e-05, PNorm = 34.4611, GNorm = 0.0099, lr_0 = 3.1286e-04
Loss = 9.1256e-06, PNorm = 34.4695, GNorm = 0.0079, lr_0 = 3.1429e-04
Loss = 9.1114e-04, PNorm = 34.4470, GNorm = 0.2273, lr_0 = 3.1572e-04
Loss = 1.2025e-04, PNorm = 34.4631, GNorm = 0.0586, lr_0 = 3.1715e-04
Loss = 2.9443e-05, PNorm = 34.4980, GNorm = 0.0078, lr_0 = 3.1858e-04
Loss = 3.8575e-04, PNorm = 34.4888, GNorm = 0.0160, lr_0 = 3.2000e-04
Loss = 1.8655e-05, PNorm = 34.4893, GNorm = 0.0144, lr_0 = 3.2143e-04
Loss = 5.3645e-04, PNorm = 34.4854, GNorm = 0.0470, lr_0 = 3.2286e-04
Loss = 2.6346e-04, PNorm = 34.4961, GNorm = 0.0468, lr_0 = 3.2429e-04
Loss = 3.5930e-05, PNorm = 34.5165, GNorm = 0.0159, lr_0 = 3.2571e-04
Loss = 9.1091e-06, PNorm = 34.5305, GNorm = 0.0060, lr_0 = 3.2714e-04
Loss = 5.9453e-04, PNorm = 34.5223, GNorm = 0.0197, lr_0 = 3.2857e-04
Loss = 2.4870e-04, PNorm = 34.5217, GNorm = 0.0427, lr_0 = 3.3000e-04
Loss = 5.1993e-05, PNorm = 34.5357, GNorm = 0.0295, lr_0 = 3.3142e-04
Loss = 2.4543e-04, PNorm = 34.5481, GNorm = 0.0188, lr_0 = 3.3285e-04
Loss = 1.7874e-05, PNorm = 34.5604, GNorm = 0.0127, lr_0 = 3.3428e-04
Loss = 8.4155e-06, PNorm = 34.5729, GNorm = 0.0070, lr_0 = 3.3571e-04
Loss = 3.0466e-04, PNorm = 34.5754, GNorm = 0.0058, lr_0 = 3.3714e-04
Loss = 9.5443e-06, PNorm = 34.5735, GNorm = 0.0108, lr_0 = 3.3856e-04
Loss = 3.8161e-04, PNorm = 34.5596, GNorm = 0.0380, lr_0 = 3.3999e-04
Loss = 2.8926e-04, PNorm = 34.5662, GNorm = 0.0379, lr_0 = 3.4142e-04
Loss = 2.7227e-04, PNorm = 34.5804, GNorm = 0.2979, lr_0 = 3.4285e-04
Loss = 2.5392e-04, PNorm = 34.5848, GNorm = 0.0366, lr_0 = 3.4427e-04
Loss = 3.5199e-05, PNorm = 34.6038, GNorm = 0.0178, lr_0 = 3.4570e-04
Loss = 5.4666e-04, PNorm = 34.6052, GNorm = 0.0237, lr_0 = 3.4713e-04
Loss = 2.6448e-04, PNorm = 34.6082, GNorm = 0.0626, lr_0 = 3.4856e-04
Loss = 5.4059e-05, PNorm = 34.6366, GNorm = 0.0239, lr_0 = 3.4998e-04
Loss = 5.4805e-04, PNorm = 34.6431, GNorm = 0.0392, lr_0 = 3.5141e-04
Loss = 3.8490e-05, PNorm = 34.6694, GNorm = 0.0212, lr_0 = 3.5284e-04
Loss = 1.0734e-05, PNorm = 34.6984, GNorm = 0.0055, lr_0 = 3.5427e-04
Loss = 3.3834e-04, PNorm = 34.6915, GNorm = 0.0117, lr_0 = 3.5569e-04
Loss = 1.8346e-05, PNorm = 34.6929, GNorm = 0.0169, lr_0 = 3.5712e-04
Loss = 1.3245e-05, PNorm = 34.7038, GNorm = 0.0080, lr_0 = 3.5855e-04
Loss = 6.9611e-06, PNorm = 34.7146, GNorm = 0.0046, lr_0 = 3.5998e-04
Loss = 5.5468e-04, PNorm = 34.6989, GNorm = 0.0243, lr_0 = 3.6141e-04
Loss = 4.4377e-04, PNorm = 34.7007, GNorm = 0.0602, lr_0 = 3.6283e-04
Loss = 6.4154e-05, PNorm = 34.7292, GNorm = 0.0335, lr_0 = 3.6426e-04
Loss = 1.7381e-05, PNorm = 34.7567, GNorm = 0.0058, lr_0 = 3.6569e-04
Loss = 2.7525e-04, PNorm = 34.7597, GNorm = 0.0125, lr_0 = 3.6712e-04
Loss = 2.4913e-04, PNorm = 34.7651, GNorm = 0.3019, lr_0 = 3.6854e-04
Loss = 1.8764e-05, PNorm = 34.7648, GNorm = 0.0191, lr_0 = 3.6997e-04
Loss = 1.8863e-05, PNorm = 34.7766, GNorm = 0.0125, lr_0 = 3.7140e-04
Loss = 9.0725e-06, PNorm = 34.7878, GNorm = 0.0059, lr_0 = 3.7283e-04
Loss = 2.8410e-04, PNorm = 34.7839, GNorm = 0.0096, lr_0 = 3.7425e-04
Loss = 6.7151e-04, PNorm = 34.7684, GNorm = 0.0537, lr_0 = 3.7568e-04
Loss = 5.8791e-04, PNorm = 34.7967, GNorm = 0.1336, lr_0 = 3.7711e-04
Loss = 3.0649e-04, PNorm = 34.8542, GNorm = 0.0180, lr_0 = 3.7854e-04
Loss = 1.2043e-05, PNorm = 34.8910, GNorm = 0.0049, lr_0 = 3.7997e-04
Loss = 2.8133e-04, PNorm = 34.8919, GNorm = 0.0098, lr_0 = 3.8139e-04
Loss = 4.5434e-04, PNorm = 34.8907, GNorm = 0.0374, lr_0 = 3.8282e-04
Loss = 5.1397e-05, PNorm = 34.9186, GNorm = 0.0304, lr_0 = 3.8425e-04
Loss = 2.4412e-04, PNorm = 34.9563, GNorm = 0.4800, lr_0 = 3.8568e-04
Loss = 2.4061e-04, PNorm = 34.9448, GNorm = 0.0133, lr_0 = 3.8710e-04
Loss = 4.2011e-04, PNorm = 34.9330, GNorm = 0.0850, lr_0 = 3.8853e-04
Loss = 8.2744e-05, PNorm = 34.9710, GNorm = 0.0277, lr_0 = 3.8996e-04
Loss = 3.2756e-04, PNorm = 34.9927, GNorm = 0.0114, lr_0 = 3.9139e-04
Loss = 2.6209e-04, PNorm = 34.9946, GNorm = 0.0357, lr_0 = 3.9281e-04
Loss = 3.2737e-04, PNorm = 35.0029, GNorm = 0.0527, lr_0 = 3.9424e-04
Loss = 2.3641e-04, PNorm = 35.0066, GNorm = 0.0318, lr_0 = 3.9567e-04
Loss = 4.6944e-04, PNorm = 35.0075, GNorm = 0.0458, lr_0 = 3.9710e-04
Loss = 4.7551e-05, PNorm = 35.0226, GNorm = 0.0264, lr_0 = 3.9852e-04
Loss = 4.4988e-04, PNorm = 35.0317, GNorm = 0.0198, lr_0 = 3.9995e-04
Loss = 2.3785e-04, PNorm = 35.0351, GNorm = 0.0527, lr_0 = 4.0138e-04
Loss = 2.1402e-04, PNorm = 35.0543, GNorm = 0.0256, lr_0 = 4.0281e-04
Loss = 1.6953e-05, PNorm = 35.0776, GNorm = 0.0064, lr_0 = 4.0424e-04
Loss = 1.0526e-03, PNorm = 35.0650, GNorm = 0.7558, lr_0 = 4.0566e-04
Loss = 5.4174e-04, PNorm = 35.0999, GNorm = 0.1298, lr_0 = 4.0709e-04
Loss = 2.2489e-04, PNorm = 35.1800, GNorm = 0.0146, lr_0 = 4.0852e-04
Loss = 4.6445e-04, PNorm = 35.1888, GNorm = 0.0058, lr_0 = 4.0995e-04
Loss = 2.0033e-04, PNorm = 35.1856, GNorm = 0.0351, lr_0 = 4.1137e-04
Loss = 1.9520e-04, PNorm = 35.2007, GNorm = 0.0261, lr_0 = 4.1280e-04
Loss = 3.1669e-05, PNorm = 35.2215, GNorm = 0.0092, lr_0 = 4.1423e-04
Loss = 6.1410e-06, PNorm = 35.2435, GNorm = 0.0014, lr_0 = 4.1566e-04
Loss = 7.1063e-04, PNorm = 35.2088, GNorm = 0.0366, lr_0 = 4.1708e-04
Loss = 4.2592e-04, PNorm = 35.2216, GNorm = 0.0558, lr_0 = 4.1851e-04
Loss = 7.8823e-05, PNorm = 35.2588, GNorm = 0.0247, lr_0 = 4.1994e-04
Loss = 2.0396e-04, PNorm = 35.2818, GNorm = 0.0106, lr_0 = 4.2137e-04
Loss = 1.1526e-05, PNorm = 35.2967, GNorm = 0.0069, lr_0 = 4.2280e-04
Loss = 2.6806e-04, PNorm = 35.3049, GNorm = 0.3406, lr_0 = 4.2422e-04
Loss = 4.5547e-04, PNorm = 35.2849, GNorm = 0.0354, lr_0 = 4.2565e-04
Loss = 7.4183e-05, PNorm = 35.3051, GNorm = 0.0422, lr_0 = 4.2708e-04
Loss = 2.9101e-05, PNorm = 35.3361, GNorm = 0.0111, lr_0 = 4.2851e-04
Loss = 5.7167e-06, PNorm = 35.3575, GNorm = 0.0047, lr_0 = 4.2993e-04
Loss = 8.5526e-04, PNorm = 35.3291, GNorm = 0.0299, lr_0 = 4.3136e-04
Loss = 2.3843e-04, PNorm = 35.3361, GNorm = 0.0490, lr_0 = 4.3279e-04
Loss = 6.0635e-05, PNorm = 35.3756, GNorm = 0.0161, lr_0 = 4.3422e-04
Loss = 1.7021e-05, PNorm = 35.4121, GNorm = 0.0065, lr_0 = 4.3564e-04
Loss = 2.4748e-04, PNorm = 35.4181, GNorm = 0.0060, lr_0 = 4.3707e-04
Loss = 3.9164e-04, PNorm = 35.4150, GNorm = 0.0093, lr_0 = 4.3850e-04
Loss = 3.9847e-04, PNorm = 35.4074, GNorm = 0.0514, lr_0 = 4.3993e-04
Loss = 9.1122e-05, PNorm = 35.4467, GNorm = 0.0313, lr_0 = 4.4135e-04
Loss = 2.2767e-04, PNorm = 35.4755, GNorm = 0.0060, lr_0 = 4.4278e-04
Loss = 1.2004e-05, PNorm = 35.4841, GNorm = 0.0086, lr_0 = 4.4421e-04
Loss = 2.5263e-04, PNorm = 35.4852, GNorm = 0.0139, lr_0 = 4.4564e-04
Loss = 2.3961e-04, PNorm = 35.4844, GNorm = 0.3110, lr_0 = 4.4707e-04
Loss = 4.1152e-04, PNorm = 35.4782, GNorm = 0.0602, lr_0 = 4.4849e-04
Loss = 2.4268e-04, PNorm = 35.5200, GNorm = 0.0307, lr_0 = 4.4992e-04
Loss = 2.1030e-04, PNorm = 35.5522, GNorm = 0.0087, lr_0 = 4.5135e-04
Loss = 1.9347e-04, PNorm = 35.5637, GNorm = 0.0184, lr_0 = 4.5278e-04
Loss = 5.2802e-04, PNorm = 35.5733, GNorm = 0.0515, lr_0 = 4.5420e-04
Loss = 8.9391e-05, PNorm = 35.6260, GNorm = 0.0195, lr_0 = 4.5563e-04
Loss = 2.4912e-04, PNorm = 35.6614, GNorm = 0.0155, lr_0 = 4.5706e-04
Loss = 2.6632e-05, PNorm = 35.6669, GNorm = 0.0152, lr_0 = 4.5849e-04
Loss = 1.9734e-05, PNorm = 35.6892, GNorm = 0.0084, lr_0 = 4.5991e-04
Loss = 5.3169e-04, PNorm = 35.6830, GNorm = 0.0160, lr_0 = 4.6134e-04
Loss = 5.1176e-04, PNorm = 35.6796, GNorm = 0.0539, lr_0 = 4.6277e-04
Loss = 9.0526e-05, PNorm = 35.7212, GNorm = 0.0240, lr_0 = 4.6420e-04
Loss = 8.7225e-04, PNorm = 35.7075, GNorm = 0.0480, lr_0 = 4.6563e-04
Loss = 3.1348e-04, PNorm = 35.7238, GNorm = 0.0359, lr_0 = 4.6705e-04
Loss = 3.7424e-05, PNorm = 35.7498, GNorm = 0.0136, lr_0 = 4.6848e-04
Loss = 2.4919e-04, PNorm = 35.7673, GNorm = 0.4459, lr_0 = 4.6991e-04
Loss = 1.4976e-05, PNorm = 35.7666, GNorm = 0.0147, lr_0 = 4.7134e-04
Loss = 1.6440e-05, PNorm = 35.7758, GNorm = 0.0124, lr_0 = 4.7276e-04
Loss = 2.2941e-04, PNorm = 35.7778, GNorm = 0.0168, lr_0 = 4.7419e-04
Loss = 2.3867e-04, PNorm = 35.7739, GNorm = 0.0337, lr_0 = 4.7562e-04
Loss = 4.2335e-05, PNorm = 35.7967, GNorm = 0.0230, lr_0 = 4.7705e-04
Loss = 1.8149e-05, PNorm = 35.8181, GNorm = 0.0060, lr_0 = 4.7847e-04
Loss = 3.6541e-04, PNorm = 35.7847, GNorm = 0.0121, lr_0 = 4.7990e-04
Loss = 2.3660e-05, PNorm = 35.7826, GNorm = 0.0108, lr_0 = 4.8133e-04
Loss = 1.0150e-05, PNorm = 35.7893, GNorm = 0.0077, lr_0 = 4.8276e-04
Loss = 2.4540e-04, PNorm = 35.7913, GNorm = 0.0066, lr_0 = 4.8418e-04
Loss = 1.2422e-05, PNorm = 35.7915, GNorm = 0.0114, lr_0 = 4.8561e-04
Loss = 3.6764e-04, PNorm = 35.7776, GNorm = 0.0321, lr_0 = 4.8704e-04
Loss = 2.2087e-04, PNorm = 35.7919, GNorm = 0.0216, lr_0 = 4.8847e-04
Loss = 4.5265e-04, PNorm = 35.8005, GNorm = 0.0201, lr_0 = 4.8990e-04
Loss = 2.6597e-04, PNorm = 35.8065, GNorm = 0.0671, lr_0 = 4.9132e-04
Loss = 6.6282e-05, PNorm = 35.8476, GNorm = 0.0211, lr_0 = 4.9275e-04
Loss = 4.3843e-04, PNorm = 35.8562, GNorm = 0.0132, lr_0 = 4.9418e-04
Loss = 2.4637e-04, PNorm = 35.8613, GNorm = 0.0245, lr_0 = 4.9561e-04
Loss = 3.0552e-05, PNorm = 35.8860, GNorm = 0.0107, lr_0 = 4.9703e-04
Loss = 8.3609e-06, PNorm = 35.9032, GNorm = 0.0032, lr_0 = 4.9846e-04
Loss = 4.5668e-04, PNorm = 35.8915, GNorm = 0.0221, lr_0 = 4.9989e-04
Loss = 3.9388e-05, PNorm = 35.8971, GNorm = 0.0181, lr_0 = 5.0132e-04
Loss = 1.8674e-04, PNorm = 35.9123, GNorm = 0.0101, lr_0 = 5.0274e-04
Loss = 2.5922e-05, PNorm = 35.9308, GNorm = 0.0111, lr_0 = 5.0417e-04
Loss = 2.4263e-04, PNorm = 35.9430, GNorm = 0.0046, lr_0 = 5.0560e-04
Loss = 3.5476e-04, PNorm = 35.9196, GNorm = 0.0317, lr_0 = 5.0703e-04
Loss = 8.1948e-04, PNorm = 35.8935, GNorm = 0.2014, lr_0 = 5.0845e-04
Loss = 4.7420e-04, PNorm = 35.8768, GNorm = 0.0762, lr_0 = 5.0988e-04
Loss = 9.0285e-05, PNorm = 35.9150, GNorm = 0.0213, lr_0 = 5.1131e-04
Loss = 1.4659e-05, PNorm = 35.9472, GNorm = 0.0040, lr_0 = 5.1274e-04
Loss = 2.5627e-04, PNorm = 35.9566, GNorm = 0.0043, lr_0 = 5.1417e-04
Loss = 7.1593e-06, PNorm = 35.9575, GNorm = 0.0053, lr_0 = 5.1559e-04
Loss = 4.8313e-04, PNorm = 35.9447, GNorm = 0.0206, lr_0 = 5.1702e-04
Loss = 2.7149e-04, PNorm = 35.9546, GNorm = 0.0432, lr_0 = 5.1845e-04
Loss = 2.3616e-04, PNorm = 35.9842, GNorm = 0.0142, lr_0 = 5.1988e-04
Loss = 3.7721e-04, PNorm = 35.9919, GNorm = 0.0362, lr_0 = 5.2130e-04
Loss = 3.8728e-04, PNorm = 36.0099, GNorm = 0.1731, lr_0 = 5.2273e-04
Loss = 2.7100e-04, PNorm = 36.0281, GNorm = 0.0374, lr_0 = 5.2416e-04
Loss = 4.7404e-05, PNorm = 36.0519, GNorm = 0.0253, lr_0 = 5.2559e-04
Loss = 3.7709e-04, PNorm = 36.0675, GNorm = 0.0116, lr_0 = 5.2701e-04
Loss = 2.3751e-04, PNorm = 36.0584, GNorm = 0.0392, lr_0 = 5.2844e-04
