Fold 0
{'activation': 'ReLU',
 'atom_messages': False,
 'batch_size': 50,
 'bias': False,
 'checkpoint_dir': None,
 'checkpoint_path': None,
 'checkpoint_paths': None,
 'config_path': None,
 'crossval_index_dir': None,
 'crossval_index_file': None,
 'cuda': True,
 'data_path': 'dataset/splitted_csv_files_mpnn_models/nucleoli_fibrillar_center_tr.csv',
 'dataset_type': 'classification',
 'depth': 3,
 'dropout': 0.0,
 'ensemble_size': 1,
 'epochs': 50,
 'features_generator': None,
 'features_only': False,
 'features_path': None,
 'features_scaling': True,
 'ffn_hidden_size': 300,
 'ffn_num_layers': 2,
 'final_lr': 0.0001,
 'folds_file': None,
 'gpu': None,
 'hidden_size': 300,
 'init_lr': 0.0001,
 'log_frequency': 10,
 'max_data_size': None,
 'max_lr': 0.001,
 'metric': 'cohen_k',
 'minimize_score': False,
 'multiclass_num_classes': 3,
 'no_cache': False,
 'num_folds': 1,
 'num_lrs': 1,
 'quiet': False,
 'save_dir': 'saved_models/nucleoli_fibrillar_center/fold_0',
 'save_smiles_splits': False,
 'seed': 0,
 'separate_test_features_path': None,
 'separate_test_path': 'dataset/splitted_csv_files_mpnn_models/nucleoli_fibrillar_center_te.csv',
 'separate_val_features_path': None,
 'separate_val_path': 'dataset/splitted_csv_files_mpnn_models/nucleoli_fibrillar_center_va.csv',
 'show_individual_scores': False,
 'split_sizes': [0.8, 0.1, 0.1],
 'split_type': 'random',
 'test': False,
 'test_fold_index': None,
 'undirected': False,
 'use_compound_names': False,
 'use_input_features': None,
 'val_fold_index': None,
 'warmup_epochs': 2.0}
Loading data
Number of tasks = 1
Splitting data with seed 0
Class sizes
Label 0: 99.22%, 1: 0.78%
Total size = 157,623 | train size = 157,623 | val size = 33,668 | test size = 33,758
Building model 0
MoleculeModel(
  (sigmoid): Sigmoid()
  (encoder): MPN(
    (encoder): MPNEncoder(
      (dropout_layer): Dropout(p=0.0, inplace=False)
      (act_func): ReLU()
      (W_i): Linear(in_features=147, out_features=300, bias=False)
      (W_h): Linear(in_features=300, out_features=300, bias=False)
      (W_o): Linear(in_features=433, out_features=300, bias=True)
    )
  )
  (ffn): Sequential(
    (0): Dropout(p=0.0, inplace=False)
    (1): Linear(in_features=300, out_features=300, bias=True)
    (2): ReLU()
    (3): Dropout(p=0.0, inplace=False)
    (4): Linear(in_features=300, out_features=1, bias=True)
  )
)
Number of parameters = 354,901
Moving model to cuda
Epoch 0
Loss = 9.1603e-03, PNorm = 33.9835, GNorm = 1.6650, lr_0 = 1.0157e-04
Loss = 1.6877e-03, PNorm = 33.9891, GNorm = 0.3862, lr_0 = 1.0300e-04
Loss = 6.6048e-04, PNorm = 33.9931, GNorm = 0.1435, lr_0 = 1.0443e-04
Loss = 8.1982e-04, PNorm = 33.9951, GNorm = 0.0746, lr_0 = 1.0585e-04
Loss = 1.4691e-03, PNorm = 33.9947, GNorm = 0.0822, lr_0 = 1.0728e-04
Loss = 1.6253e-03, PNorm = 33.9932, GNorm = 0.1297, lr_0 = 1.0871e-04
Loss = 6.0955e-04, PNorm = 33.9927, GNorm = 0.1636, lr_0 = 1.1014e-04
Loss = 5.7576e-04, PNorm = 33.9932, GNorm = 0.1528, lr_0 = 1.1156e-04
Loss = 1.2209e-03, PNorm = 33.9935, GNorm = 0.1548, lr_0 = 1.1299e-04
Loss = 1.2051e-03, PNorm = 33.9933, GNorm = 0.2219, lr_0 = 1.1442e-04
Loss = 1.0348e-03, PNorm = 33.9937, GNorm = 0.1829, lr_0 = 1.1585e-04
Loss = 7.1364e-04, PNorm = 33.9948, GNorm = 0.2123, lr_0 = 1.1727e-04
Loss = 5.0289e-04, PNorm = 33.9959, GNorm = 0.1206, lr_0 = 1.1870e-04
Loss = 1.6022e-03, PNorm = 33.9956, GNorm = 0.1197, lr_0 = 1.2013e-04
Loss = 5.8012e-04, PNorm = 33.9954, GNorm = 0.1569, lr_0 = 1.2156e-04
Loss = 1.5228e-04, PNorm = 33.9973, GNorm = 0.1287, lr_0 = 1.2299e-04
Loss = 5.0949e-04, PNorm = 33.9990, GNorm = 0.0746, lr_0 = 1.2441e-04
Loss = 5.8108e-05, PNorm = 34.0012, GNorm = 0.0484, lr_0 = 1.2584e-04
Loss = 1.7623e-03, PNorm = 33.9998, GNorm = 0.8309, lr_0 = 1.2727e-04
Loss = 9.5640e-04, PNorm = 33.9962, GNorm = 0.1912, lr_0 = 1.2870e-04
Loss = 1.4103e-03, PNorm = 33.9964, GNorm = 0.2138, lr_0 = 1.3012e-04
Loss = 1.1799e-03, PNorm = 33.9970, GNorm = 0.1541, lr_0 = 1.3155e-04
Loss = 4.3825e-04, PNorm = 34.0002, GNorm = 0.1527, lr_0 = 1.3298e-04
Loss = 1.4289e-03, PNorm = 34.0023, GNorm = 0.3309, lr_0 = 1.3441e-04
Loss = 1.2412e-03, PNorm = 34.0011, GNorm = 0.2151, lr_0 = 1.3583e-04
Loss = 7.7433e-04, PNorm = 34.0025, GNorm = 0.1667, lr_0 = 1.3726e-04
Loss = 5.7987e-04, PNorm = 34.0047, GNorm = 0.1507, lr_0 = 1.3869e-04
Loss = 1.1771e-03, PNorm = 34.0061, GNorm = 0.2410, lr_0 = 1.4012e-04
Loss = 1.7248e-03, PNorm = 34.0045, GNorm = 0.2250, lr_0 = 1.4155e-04
Loss = 1.4992e-03, PNorm = 34.0049, GNorm = 0.2842, lr_0 = 1.4297e-04
Loss = 8.3201e-04, PNorm = 34.0089, GNorm = 0.1990, lr_0 = 1.4440e-04
Loss = 1.1074e-03, PNorm = 34.0121, GNorm = 0.1239, lr_0 = 1.4583e-04
Loss = 3.2898e-04, PNorm = 34.0153, GNorm = 0.0936, lr_0 = 1.4726e-04
Loss = 1.5973e-03, PNorm = 34.0143, GNorm = 0.1247, lr_0 = 1.4868e-04
Loss = 9.5483e-04, PNorm = 34.0138, GNorm = 0.2251, lr_0 = 1.5011e-04
Loss = 7.6953e-04, PNorm = 34.0176, GNorm = 0.2514, lr_0 = 1.5154e-04
Loss = 2.0880e-03, PNorm = 34.0170, GNorm = 0.2917, lr_0 = 1.5297e-04
Loss = 1.0662e-03, PNorm = 34.0214, GNorm = 0.2450, lr_0 = 1.5439e-04
Loss = 5.6007e-04, PNorm = 34.0294, GNorm = 0.0943, lr_0 = 1.5582e-04
Loss = 7.7090e-04, PNorm = 34.0328, GNorm = 0.0627, lr_0 = 1.5725e-04
Loss = 5.1848e-04, PNorm = 34.0351, GNorm = 0.3843, lr_0 = 1.5868e-04
Loss = 7.1986e-04, PNorm = 34.0360, GNorm = 0.6861, lr_0 = 1.6010e-04
Loss = 1.1153e-03, PNorm = 34.0331, GNorm = 0.6044, lr_0 = 1.6153e-04
Loss = 1.1055e-03, PNorm = 34.0334, GNorm = 0.2011, lr_0 = 1.6296e-04
Loss = 6.0059e-04, PNorm = 34.0368, GNorm = 0.2344, lr_0 = 1.6439e-04
Loss = 7.4219e-04, PNorm = 34.0409, GNorm = 0.1150, lr_0 = 1.6582e-04
Loss = 9.7937e-04, PNorm = 34.0444, GNorm = 0.3248, lr_0 = 1.6724e-04
Loss = 9.6070e-04, PNorm = 34.0424, GNorm = 0.1890, lr_0 = 1.6867e-04
Loss = 9.2213e-04, PNorm = 34.0461, GNorm = 0.2241, lr_0 = 1.7010e-04
Loss = 1.1737e-03, PNorm = 34.0497, GNorm = 0.2241, lr_0 = 1.7153e-04
Loss = 1.6077e-04, PNorm = 34.0566, GNorm = 0.1002, lr_0 = 1.7295e-04
Loss = 8.3324e-04, PNorm = 34.0617, GNorm = 0.5726, lr_0 = 1.7438e-04
Loss = 9.7784e-04, PNorm = 34.0573, GNorm = 0.2782, lr_0 = 1.7581e-04
Loss = 3.5834e-04, PNorm = 34.0572, GNorm = 0.1442, lr_0 = 1.7724e-04
Loss = 7.5002e-04, PNorm = 34.0608, GNorm = 0.0898, lr_0 = 1.7866e-04
Loss = 5.2926e-04, PNorm = 34.0639, GNorm = 0.0673, lr_0 = 1.8009e-04
Loss = 1.3573e-03, PNorm = 34.0614, GNorm = 0.1817, lr_0 = 1.8152e-04
Loss = 9.9717e-04, PNorm = 34.0660, GNorm = 0.1692, lr_0 = 1.8295e-04
Loss = 5.2579e-04, PNorm = 34.0755, GNorm = 0.0971, lr_0 = 1.8438e-04
Loss = 1.2764e-03, PNorm = 34.0781, GNorm = 0.4544, lr_0 = 1.8580e-04
Loss = 1.3177e-03, PNorm = 34.0728, GNorm = 0.4378, lr_0 = 1.8723e-04
Loss = 9.9134e-04, PNorm = 34.0774, GNorm = 0.2544, lr_0 = 1.8866e-04
Loss = 5.3895e-04, PNorm = 34.0885, GNorm = 0.2986, lr_0 = 1.9009e-04
Loss = 9.9671e-04, PNorm = 34.0910, GNorm = 0.2729, lr_0 = 1.9151e-04
Loss = 1.3488e-03, PNorm = 34.0872, GNorm = 0.2433, lr_0 = 1.9294e-04
Loss = 7.4299e-04, PNorm = 34.0898, GNorm = 0.1241, lr_0 = 1.9437e-04
Loss = 1.0064e-03, PNorm = 34.0960, GNorm = 0.2473, lr_0 = 1.9580e-04
Loss = 1.1210e-03, PNorm = 34.0958, GNorm = 0.1881, lr_0 = 1.9722e-04
Loss = 5.6790e-04, PNorm = 34.1028, GNorm = 0.1102, lr_0 = 1.9865e-04
Loss = 5.1735e-04, PNorm = 34.1094, GNorm = 0.0624, lr_0 = 2.0008e-04
Loss = 1.1643e-03, PNorm = 34.1096, GNorm = 0.0940, lr_0 = 2.0151e-04
Loss = 9.1848e-04, PNorm = 34.1108, GNorm = 0.1975, lr_0 = 2.0293e-04
Loss = 1.2611e-03, PNorm = 34.1175, GNorm = 0.1879, lr_0 = 2.0436e-04
Loss = 1.4196e-03, PNorm = 34.1256, GNorm = 0.1237, lr_0 = 2.0579e-04
Loss = 1.4482e-03, PNorm = 34.1336, GNorm = 0.1006, lr_0 = 2.0722e-04
Loss = 5.8573e-04, PNorm = 34.1477, GNorm = 0.1089, lr_0 = 2.0865e-04
Loss = 7.2950e-04, PNorm = 34.1574, GNorm = 0.0666, lr_0 = 2.1007e-04
Loss = 9.7263e-04, PNorm = 34.1548, GNorm = 0.2076, lr_0 = 2.1150e-04
Loss = 1.2588e-03, PNorm = 34.1614, GNorm = 0.2137, lr_0 = 2.1293e-04
Loss = 8.7654e-04, PNorm = 34.1722, GNorm = 0.2319, lr_0 = 2.1436e-04
Loss = 5.2166e-04, PNorm = 34.1804, GNorm = 0.3812, lr_0 = 2.1578e-04
Loss = 2.9082e-04, PNorm = 34.1882, GNorm = 0.0660, lr_0 = 2.1721e-04
Loss = 1.7026e-03, PNorm = 34.1791, GNorm = 0.2650, lr_0 = 2.1864e-04
Loss = 8.6194e-04, PNorm = 34.1816, GNorm = 0.1705, lr_0 = 2.2007e-04
Loss = 8.7262e-04, PNorm = 34.1896, GNorm = 0.0744, lr_0 = 2.2149e-04
Loss = 7.7010e-04, PNorm = 34.1932, GNorm = 0.2932, lr_0 = 2.2292e-04
Loss = 1.0871e-03, PNorm = 34.1940, GNorm = 0.2492, lr_0 = 2.2435e-04
Loss = 5.3391e-04, PNorm = 34.1974, GNorm = 0.1464, lr_0 = 2.2578e-04
Loss = 3.0948e-04, PNorm = 34.2066, GNorm = 0.0680, lr_0 = 2.2720e-04
Loss = 9.4632e-04, PNorm = 34.2118, GNorm = 0.0947, lr_0 = 2.2863e-04
Loss = 1.1704e-03, PNorm = 34.2135, GNorm = 0.1931, lr_0 = 2.3006e-04
Loss = 9.2746e-04, PNorm = 34.2204, GNorm = 0.1512, lr_0 = 2.3149e-04
Loss = 3.2048e-04, PNorm = 34.2343, GNorm = 0.3878, lr_0 = 2.3292e-04
Loss = 1.5383e-03, PNorm = 34.2302, GNorm = 0.0883, lr_0 = 2.3434e-04
Loss = 1.2605e-03, PNorm = 34.2315, GNorm = 0.4119, lr_0 = 2.3577e-04
Loss = 8.3904e-04, PNorm = 34.2499, GNorm = 0.2760, lr_0 = 2.3720e-04
Loss = 1.1539e-03, PNorm = 34.2528, GNorm = 0.1984, lr_0 = 2.3863e-04
Loss = 9.5430e-04, PNorm = 34.2560, GNorm = 0.1821, lr_0 = 2.4005e-04
Loss = 7.0416e-04, PNorm = 34.2650, GNorm = 0.1005, lr_0 = 2.4148e-04
Loss = 5.0684e-04, PNorm = 34.2707, GNorm = 0.0543, lr_0 = 2.4291e-04
Loss = 7.5706e-04, PNorm = 34.2732, GNorm = 0.3248, lr_0 = 2.4434e-04
Loss = 9.1268e-04, PNorm = 34.2723, GNorm = 0.2308, lr_0 = 2.4576e-04
Loss = 3.5284e-04, PNorm = 34.2792, GNorm = 0.1117, lr_0 = 2.4719e-04
Loss = 2.0232e-03, PNorm = 34.2809, GNorm = 0.0886, lr_0 = 2.4862e-04
Loss = 4.4263e-04, PNorm = 34.3036, GNorm = 0.1086, lr_0 = 2.5005e-04
Loss = 4.7917e-04, PNorm = 34.3181, GNorm = 0.0306, lr_0 = 2.5148e-04
Loss = 9.4204e-04, PNorm = 34.3177, GNorm = 0.4699, lr_0 = 2.5290e-04
Loss = 1.0703e-03, PNorm = 34.2999, GNorm = 0.1324, lr_0 = 2.5433e-04
Loss = 1.0049e-03, PNorm = 34.3024, GNorm = 0.1066, lr_0 = 2.5576e-04
Loss = 1.1978e-03, PNorm = 34.3127, GNorm = 0.1394, lr_0 = 2.5719e-04
Loss = 9.4847e-04, PNorm = 34.3200, GNorm = 0.1501, lr_0 = 2.5861e-04
Loss = 6.6829e-04, PNorm = 34.3335, GNorm = 0.2404, lr_0 = 2.6004e-04
Loss = 5.2340e-04, PNorm = 34.3400, GNorm = 0.0589, lr_0 = 2.6147e-04
Loss = 1.7430e-03, PNorm = 34.3403, GNorm = 0.0899, lr_0 = 2.6290e-04
Loss = 1.0630e-03, PNorm = 34.3573, GNorm = 0.1493, lr_0 = 2.6432e-04
Loss = 8.4687e-04, PNorm = 34.3722, GNorm = 0.1344, lr_0 = 2.6575e-04
Loss = 7.2560e-04, PNorm = 34.3921, GNorm = 0.2391, lr_0 = 2.6718e-04
Loss = 1.0454e-03, PNorm = 34.4038, GNorm = 0.1401, lr_0 = 2.6861e-04
Loss = 6.6819e-04, PNorm = 34.4156, GNorm = 0.0766, lr_0 = 2.7003e-04
Loss = 1.5828e-03, PNorm = 34.4217, GNorm = 0.4094, lr_0 = 2.7146e-04
Loss = 1.0524e-03, PNorm = 34.4436, GNorm = 0.5631, lr_0 = 2.7289e-04
Loss = 4.8918e-04, PNorm = 34.4555, GNorm = 0.3193, lr_0 = 2.7432e-04
Loss = 7.6027e-04, PNorm = 34.4653, GNorm = 0.1078, lr_0 = 2.7575e-04
Loss = 3.2036e-04, PNorm = 34.4830, GNorm = 0.3305, lr_0 = 2.7717e-04
Loss = 7.7510e-04, PNorm = 34.4888, GNorm = 0.3364, lr_0 = 2.7860e-04
Loss = 2.4635e-04, PNorm = 34.4926, GNorm = 0.0954, lr_0 = 2.8003e-04
Loss = 8.7689e-04, PNorm = 34.5044, GNorm = 0.2992, lr_0 = 2.8146e-04
Loss = 1.3922e-03, PNorm = 34.5089, GNorm = 0.1496, lr_0 = 2.8288e-04
Loss = 6.8144e-04, PNorm = 34.5263, GNorm = 0.0844, lr_0 = 2.8431e-04
Loss = 2.4167e-04, PNorm = 34.5438, GNorm = 0.4005, lr_0 = 2.8574e-04
Loss = 9.1168e-04, PNorm = 34.5460, GNorm = 0.0558, lr_0 = 2.8717e-04
Loss = 1.2528e-03, PNorm = 34.5442, GNorm = 0.1391, lr_0 = 2.8859e-04
Loss = 1.0286e-03, PNorm = 34.5618, GNorm = 0.1062, lr_0 = 2.9002e-04
Loss = 8.2775e-04, PNorm = 34.5785, GNorm = 0.1027, lr_0 = 2.9145e-04
Loss = 8.4628e-04, PNorm = 34.5914, GNorm = 0.2164, lr_0 = 2.9288e-04
Loss = 5.0976e-04, PNorm = 34.6189, GNorm = 0.2617, lr_0 = 2.9431e-04
Loss = 6.5696e-04, PNorm = 34.6446, GNorm = 0.3317, lr_0 = 2.9573e-04
Loss = 9.7822e-04, PNorm = 34.6628, GNorm = 0.3549, lr_0 = 2.9716e-04
Loss = 5.2573e-04, PNorm = 34.6870, GNorm = 0.4459, lr_0 = 2.9859e-04
Loss = 3.0481e-04, PNorm = 34.7027, GNorm = 0.0584, lr_0 = 3.0002e-04
Loss = 9.5344e-04, PNorm = 34.7053, GNorm = 0.2722, lr_0 = 3.0144e-04
Loss = 1.1723e-03, PNorm = 34.7251, GNorm = 0.5174, lr_0 = 3.0287e-04
Loss = 9.7630e-04, PNorm = 34.7436, GNorm = 0.1230, lr_0 = 3.0430e-04
Loss = 8.6438e-04, PNorm = 34.7583, GNorm = 0.0640, lr_0 = 3.0573e-04
Loss = 1.0657e-03, PNorm = 34.7592, GNorm = 0.2012, lr_0 = 3.0715e-04
Loss = 5.9103e-04, PNorm = 34.7866, GNorm = 0.1244, lr_0 = 3.0858e-04
Loss = 1.1926e-03, PNorm = 34.7939, GNorm = 0.2176, lr_0 = 3.1001e-04
Loss = 1.1066e-03, PNorm = 34.8181, GNorm = 0.9001, lr_0 = 3.1144e-04
Loss = 8.8457e-04, PNorm = 34.8367, GNorm = 0.2619, lr_0 = 3.1286e-04
Loss = 4.3202e-04, PNorm = 34.8607, GNorm = 0.1868, lr_0 = 3.1429e-04
Loss = 2.5132e-04, PNorm = 34.8816, GNorm = 0.0213, lr_0 = 3.1572e-04
Loss = 1.0499e-03, PNorm = 34.8816, GNorm = 0.1912, lr_0 = 3.1715e-04
Loss = 7.6348e-04, PNorm = 34.9090, GNorm = 0.0523, lr_0 = 3.1858e-04
Loss = 6.7857e-04, PNorm = 34.9209, GNorm = 0.0199, lr_0 = 3.2000e-04
Loss = 5.6419e-04, PNorm = 34.9043, GNorm = 0.1425, lr_0 = 3.2143e-04
Loss = 6.2356e-04, PNorm = 34.9113, GNorm = 0.1223, lr_0 = 3.2286e-04
Loss = 7.7983e-04, PNorm = 34.9291, GNorm = 0.5335, lr_0 = 3.2429e-04
Loss = 2.7858e-04, PNorm = 34.9317, GNorm = 0.0474, lr_0 = 3.2571e-04
Loss = 1.1163e-03, PNorm = 34.9292, GNorm = 0.2309, lr_0 = 3.2714e-04
Loss = 1.0819e-03, PNorm = 34.9492, GNorm = 0.0854, lr_0 = 3.2857e-04
Loss = 8.0569e-04, PNorm = 34.9660, GNorm = 0.3409, lr_0 = 3.3000e-04
Loss = 9.7125e-04, PNorm = 34.9660, GNorm = 0.2889, lr_0 = 3.3142e-04
Loss = 1.4670e-03, PNorm = 34.9629, GNorm = 0.1730, lr_0 = 3.3285e-04
Loss = 7.1182e-04, PNorm = 34.9929, GNorm = 0.2446, lr_0 = 3.3428e-04
Loss = 1.0643e-03, PNorm = 35.0114, GNorm = 0.4860, lr_0 = 3.3571e-04
Loss = 7.2796e-04, PNorm = 35.0185, GNorm = 0.1377, lr_0 = 3.3714e-04
Loss = 7.5688e-04, PNorm = 35.0371, GNorm = 0.1930, lr_0 = 3.3856e-04
Loss = 8.0036e-04, PNorm = 35.0541, GNorm = 0.1255, lr_0 = 3.3999e-04
Loss = 3.9119e-04, PNorm = 35.0742, GNorm = 0.0353, lr_0 = 3.4142e-04
Loss = 4.7520e-04, PNorm = 35.0761, GNorm = 0.0563, lr_0 = 3.4285e-04
Loss = 5.6060e-04, PNorm = 35.0812, GNorm = 0.1794, lr_0 = 3.4427e-04
Loss = 4.9337e-04, PNorm = 35.0916, GNorm = 0.0514, lr_0 = 3.4570e-04
Loss = 8.3112e-05, PNorm = 35.1050, GNorm = 0.0522, lr_0 = 3.4713e-04
Loss = 7.2230e-04, PNorm = 35.1186, GNorm = 0.3055, lr_0 = 3.4856e-04
Loss = 1.1010e-03, PNorm = 35.1071, GNorm = 0.2880, lr_0 = 3.4998e-04
Loss = 4.6443e-04, PNorm = 35.1256, GNorm = 0.0286, lr_0 = 3.5141e-04
Loss = 1.0406e-03, PNorm = 35.1386, GNorm = 0.3441, lr_0 = 3.5284e-04
Loss = 1.4969e-03, PNorm = 35.1291, GNorm = 0.2277, lr_0 = 3.5427e-04
Loss = 8.5608e-04, PNorm = 35.1605, GNorm = 0.1168, lr_0 = 3.5569e-04
Loss = 5.5315e-04, PNorm = 35.1868, GNorm = 0.0317, lr_0 = 3.5712e-04
Loss = 3.0347e-04, PNorm = 35.1977, GNorm = 0.0230, lr_0 = 3.5855e-04
Loss = 1.0004e-03, PNorm = 35.1900, GNorm = 0.2306, lr_0 = 3.5998e-04
Loss = 5.4248e-04, PNorm = 35.1991, GNorm = 0.1081, lr_0 = 3.6141e-04
Loss = 8.8623e-04, PNorm = 35.2165, GNorm = 0.0988, lr_0 = 3.6283e-04
Loss = 7.4834e-04, PNorm = 35.2376, GNorm = 0.1106, lr_0 = 3.6426e-04
Loss = 5.3566e-04, PNorm = 35.2617, GNorm = 0.0612, lr_0 = 3.6569e-04
Loss = 1.2280e-03, PNorm = 35.2630, GNorm = 0.1663, lr_0 = 3.6712e-04
Loss = 7.7704e-04, PNorm = 35.2789, GNorm = 0.3194, lr_0 = 3.6854e-04
Loss = 5.8327e-04, PNorm = 35.2830, GNorm = 0.0812, lr_0 = 3.6997e-04
Loss = 1.1199e-03, PNorm = 35.2923, GNorm = 0.1085, lr_0 = 3.7140e-04
Loss = 1.0890e-03, PNorm = 35.3124, GNorm = 0.0930, lr_0 = 3.7283e-04
Loss = 5.1603e-04, PNorm = 35.3347, GNorm = 0.0343, lr_0 = 3.7425e-04
Loss = 5.2982e-04, PNorm = 35.3458, GNorm = 0.0229, lr_0 = 3.7568e-04
Loss = 6.9160e-04, PNorm = 35.3393, GNorm = 0.0853, lr_0 = 3.7711e-04
Loss = 7.2882e-04, PNorm = 35.3547, GNorm = 0.1697, lr_0 = 3.7854e-04
Loss = 6.1637e-04, PNorm = 35.3811, GNorm = 0.0407, lr_0 = 3.7997e-04
Loss = 5.0367e-04, PNorm = 35.3984, GNorm = 0.2310, lr_0 = 3.8139e-04
Loss = 3.0844e-04, PNorm = 35.4230, GNorm = 0.0547, lr_0 = 3.8282e-04
Loss = 7.3354e-04, PNorm = 35.4367, GNorm = 0.3692, lr_0 = 3.8425e-04
Loss = 3.9719e-04, PNorm = 35.4459, GNorm = 0.3070, lr_0 = 3.8568e-04
Loss = 6.7598e-04, PNorm = 35.4580, GNorm = 0.4204, lr_0 = 3.8710e-04
Loss = 1.0897e-03, PNorm = 35.4636, GNorm = 0.2403, lr_0 = 3.8853e-04
Loss = 3.3756e-04, PNorm = 35.4937, GNorm = 0.0568, lr_0 = 3.8996e-04
Loss = 5.4612e-04, PNorm = 35.5070, GNorm = 0.0444, lr_0 = 3.9139e-04
Loss = 6.9095e-04, PNorm = 35.4990, GNorm = 0.0708, lr_0 = 3.9281e-04
Loss = 1.1016e-03, PNorm = 35.5040, GNorm = 0.1427, lr_0 = 3.9424e-04
Loss = 1.8776e-04, PNorm = 35.5335, GNorm = 0.0595, lr_0 = 3.9567e-04
Loss = 8.7146e-04, PNorm = 35.5488, GNorm = 0.3288, lr_0 = 3.9710e-04
Loss = 1.1143e-03, PNorm = 35.5333, GNorm = 0.0949, lr_0 = 3.9852e-04
Loss = 8.4031e-04, PNorm = 35.5529, GNorm = 0.2189, lr_0 = 3.9995e-04
Loss = 4.0829e-04, PNorm = 35.5935, GNorm = 0.3229, lr_0 = 4.0138e-04
Loss = 8.1795e-04, PNorm = 35.5929, GNorm = 0.0425, lr_0 = 4.0281e-04
Loss = 6.8987e-04, PNorm = 35.5978, GNorm = 0.1545, lr_0 = 4.0424e-04
Loss = 1.0468e-03, PNorm = 35.6172, GNorm = 0.2249, lr_0 = 4.0566e-04
Loss = 1.2793e-03, PNorm = 35.6229, GNorm = 0.1448, lr_0 = 4.0709e-04
Loss = 4.2986e-04, PNorm = 35.6492, GNorm = 0.0774, lr_0 = 4.0852e-04
Loss = 4.8392e-04, PNorm = 35.6731, GNorm = 0.0323, lr_0 = 4.0995e-04
Loss = 4.9302e-04, PNorm = 35.6836, GNorm = 0.0879, lr_0 = 4.1137e-04
Loss = 1.3867e-03, PNorm = 35.6829, GNorm = 0.2150, lr_0 = 4.1280e-04
Loss = 8.5267e-04, PNorm = 35.7066, GNorm = 0.0776, lr_0 = 4.1423e-04
Loss = 9.5933e-04, PNorm = 35.7221, GNorm = 0.0497, lr_0 = 4.1566e-04
Loss = 5.3216e-04, PNorm = 35.7328, GNorm = 0.0374, lr_0 = 4.1708e-04
Loss = 9.8341e-04, PNorm = 35.7364, GNorm = 0.1466, lr_0 = 4.1851e-04
Loss = 6.2355e-04, PNorm = 35.7670, GNorm = 0.2233, lr_0 = 4.1994e-04
Loss = 6.7849e-04, PNorm = 35.7893, GNorm = 0.0853, lr_0 = 4.2137e-04
Loss = 6.6266e-04, PNorm = 35.8180, GNorm = 0.5302, lr_0 = 4.2280e-04
Loss = 6.1551e-04, PNorm = 35.8556, GNorm = 0.6522, lr_0 = 4.2422e-04
Loss = 2.8006e-04, PNorm = 35.8477, GNorm = 0.0257, lr_0 = 4.2565e-04
Loss = 3.7764e-04, PNorm = 35.8530, GNorm = 0.0900, lr_0 = 4.2708e-04
Loss = 6.0207e-04, PNorm = 35.8700, GNorm = 0.0640, lr_0 = 4.2851e-04
Loss = 8.5105e-04, PNorm = 35.8855, GNorm = 0.0831, lr_0 = 4.2993e-04
Loss = 5.1628e-04, PNorm = 35.9078, GNorm = 0.0747, lr_0 = 4.3136e-04
Loss = 8.1064e-04, PNorm = 35.9215, GNorm = 0.1549, lr_0 = 4.3279e-04
Loss = 4.5532e-04, PNorm = 35.9564, GNorm = 0.5258, lr_0 = 4.3422e-04
Loss = 6.4170e-04, PNorm = 36.0036, GNorm = 0.0235, lr_0 = 4.3564e-04
Loss = 4.7503e-04, PNorm = 36.0260, GNorm = 0.3828, lr_0 = 4.3707e-04
Loss = 1.4974e-03, PNorm = 35.9902, GNorm = 0.2469, lr_0 = 4.3850e-04
Loss = 2.6136e-04, PNorm = 36.0200, GNorm = 0.0283, lr_0 = 4.3993e-04
Loss = 1.2682e-03, PNorm = 36.0300, GNorm = 0.3154, lr_0 = 4.4135e-04
Loss = 1.0582e-03, PNorm = 36.0414, GNorm = 0.3397, lr_0 = 4.4278e-04
Loss = 5.4759e-04, PNorm = 36.0730, GNorm = 0.0702, lr_0 = 4.4421e-04
Loss = 3.3709e-04, PNorm = 36.0920, GNorm = 0.0181, lr_0 = 4.4564e-04
Loss = 1.1879e-03, PNorm = 36.0926, GNorm = 0.2184, lr_0 = 4.4707e-04
Loss = 4.0063e-04, PNorm = 36.1057, GNorm = 0.1028, lr_0 = 4.4849e-04
Loss = 5.6999e-04, PNorm = 36.1291, GNorm = 0.0410, lr_0 = 4.4992e-04
Loss = 2.8271e-04, PNorm = 36.1452, GNorm = 0.2764, lr_0 = 4.5135e-04
Loss = 5.3299e-04, PNorm = 36.1493, GNorm = 0.0287, lr_0 = 4.5278e-04
Loss = 1.3347e-03, PNorm = 36.1353, GNorm = 0.1657, lr_0 = 4.5420e-04
Loss = 2.1596e-04, PNorm = 36.1510, GNorm = 0.0389, lr_0 = 4.5563e-04
Loss = 7.4646e-04, PNorm = 36.1740, GNorm = 0.0729, lr_0 = 4.5706e-04
Loss = 1.0586e-03, PNorm = 36.1889, GNorm = 0.1761, lr_0 = 4.5849e-04
Loss = 8.8581e-04, PNorm = 36.2169, GNorm = 0.1960, lr_0 = 4.5991e-04
Loss = 1.1265e-03, PNorm = 36.2281, GNorm = 0.1817, lr_0 = 4.6134e-04
Loss = 4.3544e-04, PNorm = 36.2629, GNorm = 0.1093, lr_0 = 4.6277e-04
Loss = 1.1865e-03, PNorm = 36.2875, GNorm = 0.0698, lr_0 = 4.6420e-04
Loss = 7.4696e-04, PNorm = 36.3203, GNorm = 0.3621, lr_0 = 4.6563e-04
Loss = 3.0481e-04, PNorm = 36.3528, GNorm = 0.0381, lr_0 = 4.6705e-04
Loss = 8.8963e-04, PNorm = 36.3700, GNorm = 0.0844, lr_0 = 4.6848e-04
Loss = 5.2591e-04, PNorm = 36.3938, GNorm = 0.0603, lr_0 = 4.6991e-04
Loss = 5.4651e-04, PNorm = 36.4046, GNorm = 0.0329, lr_0 = 4.7134e-04
Loss = 2.9024e-04, PNorm = 36.4179, GNorm = 0.0309, lr_0 = 4.7276e-04
Loss = 2.8243e-04, PNorm = 36.4242, GNorm = 0.0374, lr_0 = 4.7419e-04
Loss = 5.2507e-04, PNorm = 36.4359, GNorm = 0.2719, lr_0 = 4.7562e-04
Loss = 5.4597e-04, PNorm = 36.4362, GNorm = 0.1911, lr_0 = 4.7705e-04
Loss = 5.0490e-04, PNorm = 36.4472, GNorm = 0.1228, lr_0 = 4.7847e-04
Loss = 7.3460e-05, PNorm = 36.4720, GNorm = 0.0179, lr_0 = 4.7990e-04
Loss = 7.3730e-04, PNorm = 36.4866, GNorm = 0.0729, lr_0 = 4.8133e-04
Loss = 5.2313e-04, PNorm = 36.5152, GNorm = 0.0422, lr_0 = 4.8276e-04
Loss = 4.8779e-04, PNorm = 36.5336, GNorm = 0.2882, lr_0 = 4.8418e-04
Loss = 5.9734e-04, PNorm = 36.5328, GNorm = 0.1515, lr_0 = 4.8561e-04
Loss = 5.8931e-04, PNorm = 36.5661, GNorm = 0.0786, lr_0 = 4.8704e-04
Loss = 4.1813e-04, PNorm = 36.5971, GNorm = 0.2082, lr_0 = 4.8847e-04
Loss = 8.4094e-04, PNorm = 36.6256, GNorm = 0.3259, lr_0 = 4.8990e-04
Loss = 1.3870e-03, PNorm = 36.6546, GNorm = 0.4193, lr_0 = 4.9132e-04
Loss = 6.7033e-04, PNorm = 36.6805, GNorm = 0.8671, lr_0 = 4.9275e-04
Loss = 6.7799e-04, PNorm = 36.6834, GNorm = 0.0959, lr_0 = 4.9418e-04
Loss = 1.0585e-03, PNorm = 36.7105, GNorm = 0.1131, lr_0 = 4.9561e-04
Loss = 4.2982e-04, PNorm = 36.7555, GNorm = 0.0456, lr_0 = 4.9703e-04
Loss = 3.5514e-04, PNorm = 36.7844, GNorm = 0.0245, lr_0 = 4.9846e-04
Loss = 5.0139e-04, PNorm = 36.8034, GNorm = 0.0873, lr_0 = 4.9989e-04
Loss = 7.3861e-04, PNorm = 36.8163, GNorm = 0.0281, lr_0 = 5.0132e-04
Loss = 2.4352e-04, PNorm = 36.8245, GNorm = 0.0412, lr_0 = 5.0274e-04
Loss = 7.0391e-05, PNorm = 36.8453, GNorm = 0.0685, lr_0 = 5.0417e-04
Loss = 6.0676e-04, PNorm = 36.8522, GNorm = 0.0313, lr_0 = 5.0560e-04
Loss = 3.6484e-04, PNorm = 36.8688, GNorm = 0.1295, lr_0 = 5.0703e-04
Loss = 7.1154e-04, PNorm = 36.8598, GNorm = 0.4252, lr_0 = 5.0845e-04
Loss = 5.1306e-04, PNorm = 36.8627, GNorm = 0.1818, lr_0 = 5.0988e-04
Loss = 1.0980e-03, PNorm = 36.8811, GNorm = 0.4212, lr_0 = 5.1131e-04
Loss = 5.7512e-04, PNorm = 36.9083, GNorm = 0.0589, lr_0 = 5.1274e-04
Loss = 1.4494e-04, PNorm = 36.9444, GNorm = 0.0376, lr_0 = 5.1417e-04
Loss = 3.0952e-04, PNorm = 36.9750, GNorm = 0.0194, lr_0 = 5.1559e-04
Loss = 3.6724e-04, PNorm = 36.9935, GNorm = 0.0518, lr_0 = 5.1702e-04
Loss = 3.9134e-04, PNorm = 37.0170, GNorm = 0.0451, lr_0 = 5.1845e-04
Loss = 4.5053e-04, PNorm = 37.0395, GNorm = 0.0495, lr_0 = 5.1988e-04
Loss = 9.8884e-04, PNorm = 37.0662, GNorm = 0.4119, lr_0 = 5.2130e-04
Loss = 3.7592e-04, PNorm = 37.1085, GNorm = 0.0118, lr_0 = 5.2273e-04
Loss = 7.4081e-04, PNorm = 37.1173, GNorm = 0.0670, lr_0 = 5.2416e-04
Loss = 5.2575e-04, PNorm = 37.1579, GNorm = 0.4478, lr_0 = 5.2559e-04
Loss = 7.0676e-04, PNorm = 37.2092, GNorm = 0.4756, lr_0 = 5.2701e-04
Loss = 3.0873e-04, PNorm = 37.2683, GNorm = 0.0100, lr_0 = 5.2844e-04
Loss = 1.2372e-04, PNorm = 37.2958, GNorm = 0.0031, lr_0 = 5.2987e-04
Loss = 1.0144e-03, PNorm = 37.2740, GNorm = 0.3040, lr_0 = 5.3130e-04
