Fold 0
{'activation': 'ReLU',
 'atom_messages': False,
 'batch_size': 50,
 'bias': False,
 'checkpoint_dir': None,
 'checkpoint_path': None,
 'checkpoint_paths': None,
 'config_path': None,
 'crossval_index_dir': None,
 'crossval_index_file': None,
 'cuda': True,
 'data_path': 'dataset/splitted_csv_files_mpnn_models/endoplasmic_reticulum_tr.csv',
 'dataset_type': 'classification',
 'depth': 3,
 'dropout': 0.0,
 'ensemble_size': 1,
 'epochs': 50,
 'features_generator': None,
 'features_only': False,
 'features_path': None,
 'features_scaling': True,
 'ffn_hidden_size': 300,
 'ffn_num_layers': 2,
 'final_lr': 0.0001,
 'folds_file': None,
 'gpu': None,
 'hidden_size': 300,
 'init_lr': 0.0001,
 'log_frequency': 10,
 'max_data_size': None,
 'max_lr': 0.001,
 'metric': 'cohen_k',
 'minimize_score': False,
 'multiclass_num_classes': 3,
 'no_cache': False,
 'num_folds': 1,
 'num_lrs': 1,
 'quiet': False,
 'save_dir': 'saved_models/endoplasmic_reticulum/fold_0',
 'save_smiles_splits': False,
 'seed': 0,
 'separate_test_features_path': None,
 'separate_test_path': 'dataset/splitted_csv_files_mpnn_models/endoplasmic_reticulum_te.csv',
 'separate_val_features_path': None,
 'separate_val_path': 'dataset/splitted_csv_files_mpnn_models/endoplasmic_reticulum_va.csv',
 'show_individual_scores': False,
 'split_sizes': [0.8, 0.1, 0.1],
 'split_type': 'random',
 'test': False,
 'test_fold_index': None,
 'undirected': False,
 'use_compound_names': False,
 'use_input_features': None,
 'val_fold_index': None,
 'warmup_epochs': 2.0}
Loading data
Number of tasks = 1
Splitting data with seed 0
Class sizes
Label 0: 96.91%, 1: 3.09%
Total size = 157,623 | train size = 157,623 | val size = 33,668 | test size = 33,758
Building model 0
MoleculeModel(
  (sigmoid): Sigmoid()
  (encoder): MPN(
    (encoder): MPNEncoder(
      (dropout_layer): Dropout(p=0.0, inplace=False)
      (act_func): ReLU()
      (W_i): Linear(in_features=147, out_features=300, bias=False)
      (W_h): Linear(in_features=300, out_features=300, bias=False)
      (W_o): Linear(in_features=433, out_features=300, bias=True)
    )
  )
  (ffn): Sequential(
    (0): Dropout(p=0.0, inplace=False)
    (1): Linear(in_features=300, out_features=300, bias=True)
    (2): ReLU()
    (3): Dropout(p=0.0, inplace=False)
    (4): Linear(in_features=300, out_features=1, bias=True)
  )
)
Number of parameters = 354,901
Moving model to cuda
Epoch 0
Loss = 8.9437e-03, PNorm = 33.9412, GNorm = 1.6793, lr_0 = 1.0157e-04
Loss = 3.4910e-03, PNorm = 33.9475, GNorm = 0.4049, lr_0 = 1.0300e-04
Loss = 3.0746e-03, PNorm = 33.9517, GNorm = 0.0704, lr_0 = 1.0443e-04
Loss = 2.3156e-03, PNorm = 33.9520, GNorm = 0.2891, lr_0 = 1.0585e-04
Loss = 2.5630e-03, PNorm = 33.9518, GNorm = 0.3171, lr_0 = 1.0728e-04
Loss = 2.2361e-03, PNorm = 33.9515, GNorm = 0.0923, lr_0 = 1.0871e-04
Loss = 2.7507e-03, PNorm = 33.9517, GNorm = 0.4175, lr_0 = 1.1014e-04
Loss = 2.4433e-03, PNorm = 33.9518, GNorm = 0.4065, lr_0 = 1.1156e-04
Loss = 2.1285e-03, PNorm = 33.9527, GNorm = 0.2169, lr_0 = 1.1299e-04
Loss = 2.4524e-03, PNorm = 33.9538, GNorm = 0.3360, lr_0 = 1.1442e-04
Loss = 3.0220e-03, PNorm = 33.9530, GNorm = 0.2063, lr_0 = 1.1585e-04
Loss = 2.1028e-03, PNorm = 33.9549, GNorm = 0.2152, lr_0 = 1.1727e-04
Loss = 3.8157e-03, PNorm = 33.9545, GNorm = 0.3745, lr_0 = 1.1870e-04
Loss = 3.0416e-03, PNorm = 33.9536, GNorm = 0.6093, lr_0 = 1.2013e-04
Loss = 3.9519e-03, PNorm = 33.9544, GNorm = 0.6010, lr_0 = 1.2156e-04
Loss = 2.1230e-03, PNorm = 33.9583, GNorm = 0.3282, lr_0 = 1.2299e-04
Loss = 2.0879e-03, PNorm = 33.9592, GNorm = 0.0532, lr_0 = 1.2441e-04
Loss = 2.0786e-03, PNorm = 33.9598, GNorm = 0.4264, lr_0 = 1.2584e-04
Loss = 3.1920e-03, PNorm = 33.9570, GNorm = 0.3100, lr_0 = 1.2727e-04
Loss = 2.9944e-03, PNorm = 33.9584, GNorm = 0.3165, lr_0 = 1.2870e-04
Loss = 2.2783e-03, PNorm = 33.9604, GNorm = 0.1318, lr_0 = 1.3012e-04
Loss = 3.7421e-03, PNorm = 33.9598, GNorm = 0.1907, lr_0 = 1.3155e-04
Loss = 3.0172e-03, PNorm = 33.9593, GNorm = 0.5658, lr_0 = 1.3298e-04
Loss = 1.6508e-03, PNorm = 33.9641, GNorm = 0.3134, lr_0 = 1.3441e-04
Loss = 3.4095e-03, PNorm = 33.9650, GNorm = 0.7060, lr_0 = 1.3583e-04
Loss = 1.7647e-03, PNorm = 33.9636, GNorm = 0.3993, lr_0 = 1.3726e-04
Loss = 3.2487e-03, PNorm = 33.9633, GNorm = 0.2873, lr_0 = 1.3869e-04
Loss = 3.8040e-03, PNorm = 33.9617, GNorm = 0.6612, lr_0 = 1.4012e-04
Loss = 3.3760e-03, PNorm = 33.9655, GNorm = 0.5788, lr_0 = 1.4155e-04
Loss = 2.4906e-03, PNorm = 33.9678, GNorm = 0.0891, lr_0 = 1.4297e-04
Loss = 2.8738e-03, PNorm = 33.9673, GNorm = 0.4413, lr_0 = 1.4440e-04
Loss = 2.8027e-03, PNorm = 33.9699, GNorm = 0.1694, lr_0 = 1.4583e-04
Loss = 2.2750e-03, PNorm = 33.9720, GNorm = 0.0994, lr_0 = 1.4726e-04
Loss = 2.4628e-03, PNorm = 33.9723, GNorm = 0.1090, lr_0 = 1.4868e-04
Loss = 2.1727e-03, PNorm = 33.9727, GNorm = 0.1233, lr_0 = 1.5011e-04
Loss = 2.8359e-03, PNorm = 33.9744, GNorm = 0.8287, lr_0 = 1.5154e-04
Loss = 2.4678e-03, PNorm = 33.9741, GNorm = 0.1085, lr_0 = 1.5297e-04
Loss = 2.5995e-03, PNorm = 33.9766, GNorm = 0.1511, lr_0 = 1.5439e-04
Loss = 2.6891e-03, PNorm = 33.9785, GNorm = 0.2461, lr_0 = 1.5582e-04
Loss = 3.3531e-03, PNorm = 33.9786, GNorm = 0.0748, lr_0 = 1.5725e-04
Loss = 2.0201e-03, PNorm = 33.9822, GNorm = 0.4058, lr_0 = 1.5868e-04
Loss = 2.7466e-03, PNorm = 33.9853, GNorm = 0.2746, lr_0 = 1.6010e-04
Loss = 2.4156e-03, PNorm = 33.9857, GNorm = 0.1342, lr_0 = 1.6153e-04
Loss = 2.5250e-03, PNorm = 33.9873, GNorm = 0.1842, lr_0 = 1.6296e-04
Loss = 3.5633e-03, PNorm = 33.9868, GNorm = 0.2346, lr_0 = 1.6439e-04
Loss = 2.8554e-03, PNorm = 33.9916, GNorm = 0.0762, lr_0 = 1.6582e-04
Loss = 2.9037e-03, PNorm = 33.9949, GNorm = 0.2993, lr_0 = 1.6724e-04
Loss = 1.7997e-03, PNorm = 33.9980, GNorm = 0.1259, lr_0 = 1.6867e-04
Loss = 3.0231e-03, PNorm = 33.9995, GNorm = 0.6180, lr_0 = 1.7010e-04
Loss = 3.7314e-03, PNorm = 34.0011, GNorm = 0.5179, lr_0 = 1.7153e-04
Loss = 1.6576e-03, PNorm = 34.0092, GNorm = 0.2720, lr_0 = 1.7295e-04
Loss = 3.0693e-03, PNorm = 34.0092, GNorm = 0.0858, lr_0 = 1.7438e-04
Loss = 3.6192e-03, PNorm = 34.0082, GNorm = 0.3487, lr_0 = 1.7581e-04
Loss = 3.1232e-03, PNorm = 34.0144, GNorm = 0.3368, lr_0 = 1.7724e-04
Loss = 2.2927e-03, PNorm = 34.0223, GNorm = 0.2453, lr_0 = 1.7866e-04
Loss = 3.3845e-03, PNorm = 34.0213, GNorm = 0.2486, lr_0 = 1.8009e-04
Loss = 2.2561e-03, PNorm = 34.0276, GNorm = 0.1586, lr_0 = 1.8152e-04
Loss = 2.4338e-03, PNorm = 34.0344, GNorm = 0.0983, lr_0 = 1.8295e-04
Loss = 2.4310e-03, PNorm = 34.0361, GNorm = 0.3467, lr_0 = 1.8438e-04
Loss = 2.8583e-03, PNorm = 34.0355, GNorm = 0.2869, lr_0 = 1.8580e-04
Loss = 3.2406e-03, PNorm = 34.0384, GNorm = 0.1009, lr_0 = 1.8723e-04
Loss = 2.2763e-03, PNorm = 34.0440, GNorm = 0.3522, lr_0 = 1.8866e-04
Loss = 2.3519e-03, PNorm = 34.0481, GNorm = 0.0869, lr_0 = 1.9009e-04
Loss = 2.6143e-03, PNorm = 34.0494, GNorm = 0.3293, lr_0 = 1.9151e-04
Loss = 2.1898e-03, PNorm = 34.0506, GNorm = 0.0827, lr_0 = 1.9294e-04
Loss = 1.9701e-03, PNorm = 34.0562, GNorm = 0.5950, lr_0 = 1.9437e-04
Loss = 2.0739e-03, PNorm = 34.0564, GNorm = 0.0907, lr_0 = 1.9580e-04
Loss = 2.3897e-03, PNorm = 34.0570, GNorm = 0.3934, lr_0 = 1.9722e-04
Loss = 2.6331e-03, PNorm = 34.0611, GNorm = 0.3446, lr_0 = 1.9865e-04
Loss = 2.4478e-03, PNorm = 34.0672, GNorm = 0.4775, lr_0 = 2.0008e-04
Loss = 3.1791e-03, PNorm = 34.0715, GNorm = 0.3471, lr_0 = 2.0151e-04
Loss = 3.0126e-03, PNorm = 34.0810, GNorm = 0.3464, lr_0 = 2.0293e-04
Loss = 2.5106e-03, PNorm = 34.0872, GNorm = 0.1492, lr_0 = 2.0436e-04
Loss = 2.9175e-03, PNorm = 34.0915, GNorm = 0.2871, lr_0 = 2.0579e-04
Loss = 3.2417e-03, PNorm = 34.0958, GNorm = 0.1117, lr_0 = 2.0722e-04
Loss = 2.1201e-03, PNorm = 34.1025, GNorm = 0.2338, lr_0 = 2.0865e-04
Loss = 1.5814e-03, PNorm = 34.1062, GNorm = 0.4402, lr_0 = 2.1007e-04
Loss = 1.1225e-03, PNorm = 34.1093, GNorm = 0.1812, lr_0 = 2.1150e-04
Loss = 2.9498e-03, PNorm = 34.1067, GNorm = 0.2075, lr_0 = 2.1293e-04
Loss = 2.5459e-03, PNorm = 34.1136, GNorm = 0.1820, lr_0 = 2.1436e-04
Loss = 2.8168e-03, PNorm = 34.1206, GNorm = 0.5928, lr_0 = 2.1578e-04
Loss = 2.7937e-03, PNorm = 34.1189, GNorm = 0.2004, lr_0 = 2.1721e-04
Loss = 3.0527e-03, PNorm = 34.1266, GNorm = 0.1498, lr_0 = 2.1864e-04
Loss = 2.1146e-03, PNorm = 34.1357, GNorm = 1.0279, lr_0 = 2.2007e-04
Loss = 2.1117e-03, PNorm = 34.1386, GNorm = 0.1898, lr_0 = 2.2149e-04
Loss = 1.9321e-03, PNorm = 34.1466, GNorm = 0.3411, lr_0 = 2.2292e-04
Loss = 2.8371e-03, PNorm = 34.1514, GNorm = 0.3745, lr_0 = 2.2435e-04
Loss = 2.0881e-03, PNorm = 34.1582, GNorm = 0.0855, lr_0 = 2.2578e-04
Loss = 1.7722e-03, PNorm = 34.1653, GNorm = 0.1679, lr_0 = 2.2720e-04
Loss = 3.0572e-03, PNorm = 34.1630, GNorm = 0.4376, lr_0 = 2.2863e-04
Loss = 2.7221e-03, PNorm = 34.1721, GNorm = 0.1213, lr_0 = 2.3006e-04
Loss = 2.5644e-03, PNorm = 34.1797, GNorm = 0.3052, lr_0 = 2.3149e-04
Loss = 3.1502e-03, PNorm = 34.1807, GNorm = 0.4144, lr_0 = 2.3292e-04
Loss = 2.4381e-03, PNorm = 34.1953, GNorm = 0.2253, lr_0 = 2.3434e-04
Loss = 1.5547e-03, PNorm = 34.2041, GNorm = 0.1445, lr_0 = 2.3577e-04
Loss = 2.1704e-03, PNorm = 34.2010, GNorm = 0.3094, lr_0 = 2.3720e-04
Loss = 2.8781e-03, PNorm = 34.2019, GNorm = 0.2037, lr_0 = 2.3863e-04
Loss = 2.8965e-03, PNorm = 34.2058, GNorm = 0.0901, lr_0 = 2.4005e-04
Loss = 2.3868e-03, PNorm = 34.2184, GNorm = 0.3067, lr_0 = 2.4148e-04
Loss = 2.8012e-03, PNorm = 34.2277, GNorm = 0.2364, lr_0 = 2.4291e-04
Loss = 1.9986e-03, PNorm = 34.2361, GNorm = 0.0784, lr_0 = 2.4434e-04
Loss = 2.9611e-03, PNorm = 34.2413, GNorm = 0.3949, lr_0 = 2.4576e-04
Loss = 3.1481e-03, PNorm = 34.2478, GNorm = 0.1129, lr_0 = 2.4719e-04
Loss = 3.2212e-03, PNorm = 34.2565, GNorm = 0.2424, lr_0 = 2.4862e-04
Loss = 2.4371e-03, PNorm = 34.2714, GNorm = 0.0822, lr_0 = 2.5005e-04
Loss = 2.7099e-03, PNorm = 34.2764, GNorm = 0.2366, lr_0 = 2.5148e-04
Loss = 2.7511e-03, PNorm = 34.2905, GNorm = 0.2454, lr_0 = 2.5290e-04
Loss = 2.3170e-03, PNorm = 34.3028, GNorm = 0.5843, lr_0 = 2.5433e-04
Loss = 2.2774e-03, PNorm = 34.3191, GNorm = 0.4405, lr_0 = 2.5576e-04
Loss = 2.2618e-03, PNorm = 34.3388, GNorm = 0.1696, lr_0 = 2.5719e-04
Loss = 1.8230e-03, PNorm = 34.3479, GNorm = 0.4011, lr_0 = 2.5861e-04
Loss = 3.3340e-03, PNorm = 34.3525, GNorm = 0.3068, lr_0 = 2.6004e-04
Loss = 2.4210e-03, PNorm = 34.3648, GNorm = 0.0883, lr_0 = 2.6147e-04
Loss = 3.0640e-03, PNorm = 34.3694, GNorm = 0.0986, lr_0 = 2.6290e-04
Loss = 2.8291e-03, PNorm = 34.3816, GNorm = 0.1187, lr_0 = 2.6432e-04
Loss = 3.0005e-03, PNorm = 34.3921, GNorm = 0.2806, lr_0 = 2.6575e-04
Loss = 2.2270e-03, PNorm = 34.4054, GNorm = 1.0380, lr_0 = 2.6718e-04
Loss = 2.7260e-03, PNorm = 34.4090, GNorm = 0.3971, lr_0 = 2.6861e-04
Loss = 2.0147e-03, PNorm = 34.4311, GNorm = 0.4372, lr_0 = 2.7003e-04
Loss = 2.4580e-03, PNorm = 34.4313, GNorm = 0.3528, lr_0 = 2.7146e-04
Loss = 2.3515e-03, PNorm = 34.4368, GNorm = 0.1157, lr_0 = 2.7289e-04
Loss = 1.6956e-03, PNorm = 34.4524, GNorm = 0.5981, lr_0 = 2.7432e-04
Loss = 2.5001e-03, PNorm = 34.4541, GNorm = 0.4225, lr_0 = 2.7575e-04
Loss = 2.2988e-03, PNorm = 34.4701, GNorm = 0.1357, lr_0 = 2.7717e-04
Loss = 3.1866e-03, PNorm = 34.4716, GNorm = 0.6452, lr_0 = 2.7860e-04
Loss = 2.4363e-03, PNorm = 34.4922, GNorm = 0.0989, lr_0 = 2.8003e-04
Loss = 2.8269e-03, PNorm = 34.5007, GNorm = 0.2935, lr_0 = 2.8146e-04
Loss = 3.2966e-03, PNorm = 34.5148, GNorm = 0.2575, lr_0 = 2.8288e-04
Loss = 2.0442e-03, PNorm = 34.5271, GNorm = 0.2603, lr_0 = 2.8431e-04
Loss = 3.3164e-03, PNorm = 34.5319, GNorm = 0.4868, lr_0 = 2.8574e-04
Loss = 1.9936e-03, PNorm = 34.5588, GNorm = 0.1551, lr_0 = 2.8717e-04
Loss = 1.2406e-03, PNorm = 34.5765, GNorm = 0.1912, lr_0 = 2.8859e-04
Loss = 2.2379e-03, PNorm = 34.5785, GNorm = 0.3647, lr_0 = 2.9002e-04
Loss = 2.7089e-03, PNorm = 34.5856, GNorm = 0.2263, lr_0 = 2.9145e-04
Loss = 1.9042e-03, PNorm = 34.6019, GNorm = 0.2518, lr_0 = 2.9288e-04
Loss = 3.3387e-03, PNorm = 34.6089, GNorm = 0.1166, lr_0 = 2.9431e-04
Loss = 2.7062e-03, PNorm = 34.6270, GNorm = 0.2358, lr_0 = 2.9573e-04
Loss = 2.5745e-03, PNorm = 34.6383, GNorm = 0.3364, lr_0 = 2.9716e-04
Loss = 2.5056e-03, PNorm = 34.6528, GNorm = 0.2068, lr_0 = 2.9859e-04
Loss = 2.1830e-03, PNorm = 34.6645, GNorm = 0.4151, lr_0 = 3.0002e-04
Loss = 2.7893e-03, PNorm = 34.6737, GNorm = 0.3256, lr_0 = 3.0144e-04
Loss = 3.0924e-03, PNorm = 34.6836, GNorm = 0.5136, lr_0 = 3.0287e-04
Loss = 2.5129e-03, PNorm = 34.7094, GNorm = 0.0884, lr_0 = 3.0430e-04
Loss = 2.2206e-03, PNorm = 34.7238, GNorm = 0.0881, lr_0 = 3.0573e-04
Loss = 3.0359e-03, PNorm = 34.7360, GNorm = 0.2856, lr_0 = 3.0715e-04
Loss = 2.0994e-03, PNorm = 34.7632, GNorm = 0.2216, lr_0 = 3.0858e-04
Loss = 2.3504e-03, PNorm = 34.7815, GNorm = 0.1481, lr_0 = 3.1001e-04
Loss = 2.9578e-03, PNorm = 34.8067, GNorm = 0.8106, lr_0 = 3.1144e-04
Loss = 2.7983e-03, PNorm = 34.8154, GNorm = 0.1362, lr_0 = 3.1286e-04
Loss = 1.7131e-03, PNorm = 34.8462, GNorm = 0.2170, lr_0 = 3.1429e-04
Loss = 2.6088e-03, PNorm = 34.8547, GNorm = 0.3423, lr_0 = 3.1572e-04
Loss = 2.5807e-03, PNorm = 34.8648, GNorm = 0.3655, lr_0 = 3.1715e-04
Loss = 3.5663e-03, PNorm = 34.8652, GNorm = 0.1797, lr_0 = 3.1858e-04
Loss = 2.5023e-03, PNorm = 34.8952, GNorm = 0.1254, lr_0 = 3.2000e-04
Loss = 3.0892e-03, PNorm = 34.9046, GNorm = 0.1321, lr_0 = 3.2143e-04
Loss = 2.7160e-03, PNorm = 34.9108, GNorm = 0.1123, lr_0 = 3.2286e-04
Loss = 1.8081e-03, PNorm = 34.9265, GNorm = 0.0920, lr_0 = 3.2429e-04
Loss = 2.3145e-03, PNorm = 34.9377, GNorm = 0.2845, lr_0 = 3.2571e-04
Loss = 2.5782e-03, PNorm = 34.9572, GNorm = 0.1652, lr_0 = 3.2714e-04
Loss = 2.8051e-03, PNorm = 34.9802, GNorm = 0.0908, lr_0 = 3.2857e-04
Loss = 2.7420e-03, PNorm = 34.9881, GNorm = 0.5497, lr_0 = 3.3000e-04
Loss = 2.4935e-03, PNorm = 35.0193, GNorm = 0.6098, lr_0 = 3.3142e-04
Loss = 1.5775e-03, PNorm = 35.0287, GNorm = 0.2016, lr_0 = 3.3285e-04
Loss = 3.2162e-03, PNorm = 35.0292, GNorm = 1.0640, lr_0 = 3.3428e-04
Loss = 2.1910e-03, PNorm = 35.0453, GNorm = 0.2196, lr_0 = 3.3571e-04
Loss = 2.6392e-03, PNorm = 35.0643, GNorm = 0.3386, lr_0 = 3.3714e-04
Loss = 3.9087e-03, PNorm = 35.0647, GNorm = 0.2883, lr_0 = 3.3856e-04
Loss = 3.7551e-03, PNorm = 35.0960, GNorm = 0.4161, lr_0 = 3.3999e-04
Loss = 2.6233e-03, PNorm = 35.1097, GNorm = 0.4063, lr_0 = 3.4142e-04
Loss = 1.8270e-03, PNorm = 35.1270, GNorm = 0.1039, lr_0 = 3.4285e-04
Loss = 2.0855e-03, PNorm = 35.1386, GNorm = 0.2762, lr_0 = 3.4427e-04
Loss = 2.6012e-03, PNorm = 35.1550, GNorm = 0.1474, lr_0 = 3.4570e-04
Loss = 2.0806e-03, PNorm = 35.1848, GNorm = 0.1610, lr_0 = 3.4713e-04
Loss = 2.7628e-03, PNorm = 35.2070, GNorm = 0.3778, lr_0 = 3.4856e-04
Loss = 2.5075e-03, PNorm = 35.2398, GNorm = 0.0790, lr_0 = 3.4998e-04
Loss = 2.4115e-03, PNorm = 35.2551, GNorm = 0.2222, lr_0 = 3.5141e-04
Loss = 2.7048e-03, PNorm = 35.2642, GNorm = 0.2050, lr_0 = 3.5284e-04
Loss = 1.9684e-03, PNorm = 35.2894, GNorm = 0.0763, lr_0 = 3.5427e-04
Loss = 2.7036e-03, PNorm = 35.2928, GNorm = 0.1998, lr_0 = 3.5569e-04
Loss = 3.3525e-03, PNorm = 35.2962, GNorm = 0.1998, lr_0 = 3.5712e-04
Loss = 2.1585e-03, PNorm = 35.3306, GNorm = 0.0835, lr_0 = 3.5855e-04
Loss = 3.3092e-03, PNorm = 35.3509, GNorm = 0.2437, lr_0 = 3.5998e-04
Loss = 1.9989e-03, PNorm = 35.3970, GNorm = 0.3594, lr_0 = 3.6141e-04
Loss = 1.5373e-03, PNorm = 35.4048, GNorm = 0.1082, lr_0 = 3.6283e-04
Loss = 2.1711e-03, PNorm = 35.4111, GNorm = 0.4095, lr_0 = 3.6426e-04
Loss = 3.0714e-03, PNorm = 35.4168, GNorm = 0.2912, lr_0 = 3.6569e-04
Loss = 2.8623e-03, PNorm = 35.4388, GNorm = 0.4825, lr_0 = 3.6712e-04
Loss = 2.0194e-03, PNorm = 35.4522, GNorm = 0.2939, lr_0 = 3.6854e-04
Loss = 2.4504e-03, PNorm = 35.4821, GNorm = 0.1506, lr_0 = 3.6997e-04
Loss = 1.9788e-03, PNorm = 35.5026, GNorm = 0.6214, lr_0 = 3.7140e-04
Loss = 3.4997e-03, PNorm = 35.5076, GNorm = 0.3840, lr_0 = 3.7283e-04
Loss = 2.7223e-03, PNorm = 35.5347, GNorm = 0.2321, lr_0 = 3.7425e-04
Loss = 3.0984e-03, PNorm = 35.5608, GNorm = 0.1347, lr_0 = 3.7568e-04
Loss = 2.6237e-03, PNorm = 35.5771, GNorm = 0.1406, lr_0 = 3.7711e-04
Loss = 2.6487e-03, PNorm = 35.5975, GNorm = 0.4447, lr_0 = 3.7854e-04
Loss = 2.7183e-03, PNorm = 35.6064, GNorm = 0.1301, lr_0 = 3.7997e-04
Loss = 2.1266e-03, PNorm = 35.6380, GNorm = 0.5295, lr_0 = 3.8139e-04
