Fold 0
{'activation': 'ReLU',
 'atom_messages': False,
 'batch_size': 50,
 'bias': False,
 'checkpoint_dir': None,
 'checkpoint_path': None,
 'checkpoint_paths': None,
 'config_path': None,
 'crossval_index_dir': None,
 'crossval_index_file': None,
 'cuda': True,
 'data_path': 'dataset/splitted_csv_files_mpnn_models/mitotic_spindle_tr.csv',
 'dataset_type': 'classification',
 'depth': 3,
 'dropout': 0.0,
 'ensemble_size': 1,
 'epochs': 50,
 'features_generator': None,
 'features_only': False,
 'features_path': None,
 'features_scaling': True,
 'ffn_hidden_size': 300,
 'ffn_num_layers': 2,
 'final_lr': 0.0001,
 'folds_file': None,
 'gpu': None,
 'hidden_size': 300,
 'init_lr': 0.0001,
 'log_frequency': 10,
 'max_data_size': None,
 'max_lr': 0.001,
 'metric': 'cohen_k',
 'minimize_score': False,
 'multiclass_num_classes': 3,
 'no_cache': False,
 'num_folds': 1,
 'num_lrs': 1,
 'quiet': False,
 'save_dir': 'saved_models/mitotic_spindle/fold_0',
 'save_smiles_splits': False,
 'seed': 0,
 'separate_test_features_path': None,
 'separate_test_path': 'dataset/splitted_csv_files_mpnn_models/mitotic_spindle_te.csv',
 'separate_val_features_path': None,
 'separate_val_path': 'dataset/splitted_csv_files_mpnn_models/mitotic_spindle_va.csv',
 'show_individual_scores': False,
 'split_sizes': [0.8, 0.1, 0.1],
 'split_type': 'random',
 'test': False,
 'test_fold_index': None,
 'undirected': False,
 'use_compound_names': False,
 'use_input_features': None,
 'val_fold_index': None,
 'warmup_epochs': 2.0}
Loading data
Number of tasks = 1
Splitting data with seed 0
Class sizes
Label 0: 99.59%, 1: 0.41%
Total size = 157,623 | train size = 157,623 | val size = 33,668 | test size = 33,758
Building model 0
MoleculeModel(
  (sigmoid): Sigmoid()
  (encoder): MPN(
    (encoder): MPNEncoder(
      (dropout_layer): Dropout(p=0.0, inplace=False)
      (act_func): ReLU()
      (W_i): Linear(in_features=147, out_features=300, bias=False)
      (W_h): Linear(in_features=300, out_features=300, bias=False)
      (W_o): Linear(in_features=433, out_features=300, bias=True)
    )
  )
  (ffn): Sequential(
    (0): Dropout(p=0.0, inplace=False)
    (1): Linear(in_features=300, out_features=300, bias=True)
    (2): ReLU()
    (3): Dropout(p=0.0, inplace=False)
    (4): Linear(in_features=300, out_features=1, bias=True)
  )
)
Number of parameters = 354,901
Moving model to cuda
Epoch 0
Loss = 1.0247e-02, PNorm = 33.9382, GNorm = 2.1585, lr_0 = 1.0157e-04
Loss = 3.0269e-03, PNorm = 33.9434, GNorm = 0.8259, lr_0 = 1.0300e-04
Loss = 1.2760e-03, PNorm = 33.9492, GNorm = 0.0809, lr_0 = 1.0443e-04
Loss = 1.8537e-04, PNorm = 33.9535, GNorm = 0.0948, lr_0 = 1.0585e-04
Loss = 5.2877e-04, PNorm = 33.9558, GNorm = 0.0604, lr_0 = 1.0728e-04
Loss = 1.2403e-03, PNorm = 33.9556, GNorm = 0.3770, lr_0 = 1.0871e-04
Loss = 3.2376e-04, PNorm = 33.9551, GNorm = 0.0800, lr_0 = 1.1014e-04
Loss = 5.1309e-04, PNorm = 33.9550, GNorm = 0.0812, lr_0 = 1.1156e-04
Loss = 5.2564e-04, PNorm = 33.9553, GNorm = 0.0716, lr_0 = 1.1299e-04
Loss = 7.4019e-04, PNorm = 33.9548, GNorm = 0.0919, lr_0 = 1.1442e-04
Loss = 3.3779e-04, PNorm = 33.9557, GNorm = 0.0793, lr_0 = 1.1585e-04
Loss = 9.6275e-04, PNorm = 33.9555, GNorm = 0.3064, lr_0 = 1.1727e-04
Loss = 5.0088e-04, PNorm = 33.9560, GNorm = 0.0908, lr_0 = 1.1870e-04
Loss = 9.5344e-05, PNorm = 33.9577, GNorm = 0.0760, lr_0 = 1.2013e-04
Loss = 1.1805e-03, PNorm = 33.9577, GNorm = 0.3444, lr_0 = 1.2156e-04
Loss = 4.9180e-04, PNorm = 33.9579, GNorm = 0.2979, lr_0 = 1.2299e-04
Loss = 2.8938e-04, PNorm = 33.9586, GNorm = 0.0946, lr_0 = 1.2441e-04
Loss = 7.4295e-04, PNorm = 33.9596, GNorm = 0.0821, lr_0 = 1.2584e-04
Loss = 6.9643e-04, PNorm = 33.9599, GNorm = 0.1037, lr_0 = 1.2727e-04
Loss = 7.1949e-04, PNorm = 33.9605, GNorm = 0.1167, lr_0 = 1.2870e-04
Loss = 7.0619e-04, PNorm = 33.9636, GNorm = 0.2869, lr_0 = 1.3012e-04
Loss = 7.8819e-05, PNorm = 33.9673, GNorm = 0.0677, lr_0 = 1.3155e-04
Loss = 9.8842e-04, PNorm = 33.9685, GNorm = 0.4004, lr_0 = 1.3298e-04
Loss = 5.4534e-04, PNorm = 33.9663, GNorm = 0.3284, lr_0 = 1.3441e-04
Loss = 8.6093e-04, PNorm = 33.9660, GNorm = 0.2218, lr_0 = 1.3583e-04
Loss = 5.3174e-04, PNorm = 33.9677, GNorm = 0.1321, lr_0 = 1.3726e-04
Loss = 5.5071e-04, PNorm = 33.9728, GNorm = 0.0691, lr_0 = 1.3869e-04
Loss = 2.9377e-04, PNorm = 33.9753, GNorm = 0.0523, lr_0 = 1.4012e-04
Loss = 2.7506e-04, PNorm = 33.9771, GNorm = 0.0501, lr_0 = 1.4155e-04
Loss = 5.0466e-04, PNorm = 33.9765, GNorm = 0.0538, lr_0 = 1.4297e-04
Loss = 2.6082e-04, PNorm = 33.9783, GNorm = 0.0611, lr_0 = 1.4440e-04
Loss = 5.1613e-04, PNorm = 33.9795, GNorm = 0.0562, lr_0 = 1.4583e-04
Loss = 7.0754e-04, PNorm = 33.9793, GNorm = 0.1137, lr_0 = 1.4726e-04
Loss = 5.2314e-04, PNorm = 33.9808, GNorm = 0.1177, lr_0 = 1.4868e-04
Loss = 2.7052e-04, PNorm = 33.9862, GNorm = 0.0750, lr_0 = 1.5011e-04
Loss = 4.8251e-04, PNorm = 33.9898, GNorm = 0.0602, lr_0 = 1.5154e-04
Loss = 9.4329e-04, PNorm = 33.9898, GNorm = 0.3355, lr_0 = 1.5297e-04
Loss = 1.0451e-03, PNorm = 33.9886, GNorm = 0.1495, lr_0 = 1.5439e-04
Loss = 3.9147e-04, PNorm = 33.9953, GNorm = 0.1054, lr_0 = 1.5582e-04
Loss = 7.1183e-04, PNorm = 34.0000, GNorm = 0.0968, lr_0 = 1.5725e-04
Loss = 2.7508e-04, PNorm = 34.0053, GNorm = 0.0668, lr_0 = 1.5868e-04
Loss = 7.0748e-04, PNorm = 34.0086, GNorm = 0.3926, lr_0 = 1.6010e-04
Loss = 6.8097e-05, PNorm = 34.0109, GNorm = 0.0563, lr_0 = 1.6153e-04
Loss = 4.4102e-04, PNorm = 34.0156, GNorm = 0.0515, lr_0 = 1.6296e-04
Loss = 4.7789e-04, PNorm = 34.0187, GNorm = 0.0686, lr_0 = 1.6439e-04
Loss = 1.1323e-03, PNorm = 34.0139, GNorm = 0.2016, lr_0 = 1.6582e-04
Loss = 9.0418e-04, PNorm = 34.0194, GNorm = 0.1413, lr_0 = 1.6724e-04
Loss = 2.8556e-04, PNorm = 34.0293, GNorm = 0.0736, lr_0 = 1.6867e-04
Loss = 3.7979e-05, PNorm = 34.0391, GNorm = 0.0276, lr_0 = 1.7010e-04
Loss = 3.5930e-04, PNorm = 34.0420, GNorm = 0.0093, lr_0 = 1.7153e-04
Loss = 2.4328e-04, PNorm = 34.0380, GNorm = 0.0309, lr_0 = 1.7295e-04
Loss = 7.1689e-04, PNorm = 34.0332, GNorm = 0.0825, lr_0 = 1.7438e-04
Loss = 4.6577e-04, PNorm = 34.0351, GNorm = 0.1236, lr_0 = 1.7581e-04
Loss = 2.6096e-04, PNorm = 34.0421, GNorm = 0.0656, lr_0 = 1.7724e-04
Loss = 3.8053e-05, PNorm = 34.0514, GNorm = 0.0199, lr_0 = 1.7866e-04
Loss = 2.3835e-04, PNorm = 34.0549, GNorm = 0.0149, lr_0 = 1.8009e-04
Loss = 2.5915e-04, PNorm = 34.0546, GNorm = 0.0256, lr_0 = 1.8152e-04
Loss = 7.9652e-04, PNorm = 34.0507, GNorm = 0.3626, lr_0 = 1.8295e-04
Loss = 9.9630e-04, PNorm = 34.0493, GNorm = 0.1543, lr_0 = 1.8438e-04
Loss = 5.3425e-04, PNorm = 34.0594, GNorm = 0.1259, lr_0 = 1.8580e-04
Loss = 3.2744e-04, PNorm = 34.0740, GNorm = 0.5075, lr_0 = 1.8723e-04
Loss = 4.5775e-04, PNorm = 34.0743, GNorm = 0.0549, lr_0 = 1.8866e-04
Loss = 5.9106e-05, PNorm = 34.0795, GNorm = 0.0430, lr_0 = 1.9009e-04
Loss = 4.3866e-04, PNorm = 34.0835, GNorm = 0.0520, lr_0 = 1.9151e-04
Loss = 4.1612e-04, PNorm = 34.0880, GNorm = 0.0575, lr_0 = 1.9294e-04
Loss = 1.0499e-03, PNorm = 34.0878, GNorm = 0.3180, lr_0 = 1.9437e-04
Loss = 4.7837e-04, PNorm = 34.0871, GNorm = 0.1541, lr_0 = 1.9580e-04
Loss = 3.1697e-04, PNorm = 34.1006, GNorm = 0.3735, lr_0 = 1.9722e-04
Loss = 6.9574e-04, PNorm = 34.1029, GNorm = 0.0977, lr_0 = 1.9865e-04
Loss = 6.6080e-04, PNorm = 34.1084, GNorm = 0.0976, lr_0 = 2.0008e-04
Loss = 6.9869e-04, PNorm = 34.1134, GNorm = 0.1987, lr_0 = 2.0151e-04
Loss = 5.5140e-04, PNorm = 34.1226, GNorm = 0.1255, lr_0 = 2.0293e-04
Loss = 8.0334e-04, PNorm = 34.1363, GNorm = 0.9563, lr_0 = 2.0436e-04
Loss = 4.5414e-04, PNorm = 34.1324, GNorm = 0.1318, lr_0 = 2.0579e-04
Loss = 6.0438e-04, PNorm = 34.1403, GNorm = 0.1020, lr_0 = 2.0722e-04
Loss = 2.4611e-04, PNorm = 34.1550, GNorm = 0.0648, lr_0 = 2.0865e-04
Loss = 5.1881e-04, PNorm = 34.1660, GNorm = 0.4207, lr_0 = 2.1007e-04
Loss = 9.1542e-04, PNorm = 34.1616, GNorm = 0.2234, lr_0 = 2.1150e-04
Loss = 5.0669e-04, PNorm = 34.1705, GNorm = 0.1976, lr_0 = 2.1293e-04
Loss = 3.2589e-04, PNorm = 34.1849, GNorm = 0.0312, lr_0 = 2.1436e-04
Loss = 6.4342e-04, PNorm = 34.1861, GNorm = 0.0654, lr_0 = 2.1578e-04
Loss = 7.4290e-04, PNorm = 34.1863, GNorm = 0.1618, lr_0 = 2.1721e-04
Loss = 4.2090e-04, PNorm = 34.1980, GNorm = 0.0789, lr_0 = 2.1864e-04
Loss = 4.2036e-04, PNorm = 34.2083, GNorm = 0.0595, lr_0 = 2.2007e-04
Loss = 4.5251e-04, PNorm = 34.2150, GNorm = 0.0433, lr_0 = 2.2149e-04
Loss = 6.0328e-05, PNorm = 34.2242, GNorm = 0.0384, lr_0 = 2.2292e-04
Loss = 2.5147e-04, PNorm = 34.2302, GNorm = 0.0206, lr_0 = 2.2435e-04
Loss = 6.0881e-04, PNorm = 34.2204, GNorm = 0.0740, lr_0 = 2.2578e-04
Loss = 7.5710e-04, PNorm = 34.2235, GNorm = 0.3599, lr_0 = 2.2720e-04
Loss = 4.7164e-04, PNorm = 34.2306, GNorm = 0.1372, lr_0 = 2.2863e-04
Loss = 7.6523e-04, PNorm = 34.2411, GNorm = 0.1102, lr_0 = 2.3006e-04
Loss = 6.4427e-04, PNorm = 34.2571, GNorm = 0.1097, lr_0 = 2.3149e-04
Loss = 2.8329e-04, PNorm = 34.2715, GNorm = 0.0560, lr_0 = 2.3292e-04
Loss = 7.5781e-04, PNorm = 34.2742, GNorm = 0.1227, lr_0 = 2.3434e-04
Loss = 6.5303e-04, PNorm = 34.2843, GNorm = 0.1299, lr_0 = 2.3577e-04
Loss = 4.9526e-04, PNorm = 34.2961, GNorm = 0.0567, lr_0 = 2.3720e-04
Loss = 4.5189e-04, PNorm = 34.2981, GNorm = 0.1169, lr_0 = 2.3863e-04
Loss = 2.9666e-04, PNorm = 34.3092, GNorm = 0.0443, lr_0 = 2.4005e-04
Loss = 3.1976e-04, PNorm = 34.3191, GNorm = 0.0079, lr_0 = 2.4148e-04
Loss = 1.6412e-05, PNorm = 34.3165, GNorm = 0.0266, lr_0 = 2.4291e-04
Loss = 2.7823e-04, PNorm = 34.3165, GNorm = 0.0509, lr_0 = 2.4434e-04
Loss = 2.4899e-04, PNorm = 34.3222, GNorm = 0.0475, lr_0 = 2.4576e-04
Loss = 2.8205e-04, PNorm = 34.3314, GNorm = 0.5479, lr_0 = 2.4719e-04
Loss = 5.8039e-04, PNorm = 34.3272, GNorm = 0.1989, lr_0 = 2.4862e-04
Loss = 2.5642e-04, PNorm = 34.3424, GNorm = 0.0907, lr_0 = 2.5005e-04
Loss = 3.2159e-04, PNorm = 34.3637, GNorm = 0.5884, lr_0 = 2.5148e-04
Loss = 4.5973e-04, PNorm = 34.3540, GNorm = 0.3192, lr_0 = 2.5290e-04
Loss = 4.4192e-04, PNorm = 34.3522, GNorm = 0.0874, lr_0 = 2.5433e-04
Loss = 3.8693e-04, PNorm = 34.3661, GNorm = 0.0561, lr_0 = 2.5576e-04
Loss = 5.9150e-04, PNorm = 34.3754, GNorm = 0.0974, lr_0 = 2.5719e-04
Loss = 2.5697e-04, PNorm = 34.3929, GNorm = 0.0399, lr_0 = 2.5861e-04
Loss = 6.7094e-04, PNorm = 34.3896, GNorm = 0.1075, lr_0 = 2.6004e-04
Loss = 4.8124e-04, PNorm = 34.3889, GNorm = 0.1021, lr_0 = 2.6147e-04
Loss = 2.3309e-04, PNorm = 34.4057, GNorm = 0.0148, lr_0 = 2.6290e-04
Loss = 8.7134e-06, PNorm = 34.4120, GNorm = 0.0054, lr_0 = 2.6432e-04
Loss = 2.2091e-04, PNorm = 34.4124, GNorm = 0.0148, lr_0 = 2.6575e-04
Loss = 2.0004e-05, PNorm = 34.4177, GNorm = 0.0242, lr_0 = 2.6718e-04
Loss = 5.7322e-04, PNorm = 34.4091, GNorm = 0.0716, lr_0 = 2.6861e-04
Loss = 4.1165e-04, PNorm = 34.4149, GNorm = 0.0953, lr_0 = 2.7003e-04
Loss = 4.8606e-05, PNorm = 34.4331, GNorm = 0.0259, lr_0 = 2.7146e-04
Loss = 3.0851e-04, PNorm = 34.4362, GNorm = 0.0137, lr_0 = 2.7289e-04
Loss = 6.3709e-04, PNorm = 34.4291, GNorm = 0.2742, lr_0 = 2.7432e-04
Loss = 4.7709e-04, PNorm = 34.4428, GNorm = 0.1082, lr_0 = 2.7575e-04
Loss = 6.6138e-04, PNorm = 34.4594, GNorm = 0.0628, lr_0 = 2.7717e-04
Loss = 4.0488e-04, PNorm = 34.4725, GNorm = 0.1046, lr_0 = 2.7860e-04
Loss = 6.4631e-04, PNorm = 34.4881, GNorm = 0.1361, lr_0 = 2.8003e-04
Loss = 5.7695e-04, PNorm = 34.5023, GNorm = 0.1408, lr_0 = 2.8146e-04
Loss = 6.1886e-04, PNorm = 34.5093, GNorm = 0.1461, lr_0 = 2.8288e-04
Loss = 5.4898e-05, PNorm = 34.5280, GNorm = 0.0127, lr_0 = 2.8431e-04
Loss = 3.0185e-04, PNorm = 34.5256, GNorm = 0.0155, lr_0 = 2.8574e-04
Loss = 1.9495e-04, PNorm = 34.5211, GNorm = 0.0438, lr_0 = 2.8717e-04
Loss = 4.4506e-05, PNorm = 34.5279, GNorm = 0.0454, lr_0 = 2.8859e-04
Loss = 2.8632e-04, PNorm = 34.5348, GNorm = 0.0136, lr_0 = 2.9002e-04
Loss = 2.6145e-04, PNorm = 34.5307, GNorm = 0.0319, lr_0 = 2.9145e-04
Loss = 1.2635e-03, PNorm = 34.5355, GNorm = 0.2609, lr_0 = 2.9288e-04
Loss = 4.5240e-04, PNorm = 34.5767, GNorm = 0.0143, lr_0 = 2.9431e-04
Loss = 2.3070e-04, PNorm = 34.5915, GNorm = 0.0190, lr_0 = 2.9573e-04
Loss = 9.3561e-04, PNorm = 34.5782, GNorm = 0.1256, lr_0 = 2.9716e-04
Loss = 4.0911e-04, PNorm = 34.5979, GNorm = 0.2504, lr_0 = 2.9859e-04
Loss = 3.9144e-04, PNorm = 34.6110, GNorm = 0.0442, lr_0 = 3.0002e-04
Loss = 2.6724e-04, PNorm = 34.6190, GNorm = 0.0373, lr_0 = 3.0144e-04
Loss = 2.2265e-04, PNorm = 34.6211, GNorm = 0.0245, lr_0 = 3.0287e-04
Loss = 3.0790e-05, PNorm = 34.6282, GNorm = 0.0228, lr_0 = 3.0430e-04
Loss = 1.2885e-05, PNorm = 34.6367, GNorm = 0.0128, lr_0 = 3.0573e-04
Loss = 7.4537e-04, PNorm = 34.6248, GNorm = 0.0852, lr_0 = 3.0715e-04
Loss = 9.5142e-05, PNorm = 34.6387, GNorm = 0.0424, lr_0 = 3.0858e-04
Loss = 2.5796e-04, PNorm = 34.6525, GNorm = 0.0280, lr_0 = 3.1001e-04
Loss = 2.9260e-04, PNorm = 34.6578, GNorm = 0.0139, lr_0 = 3.1144e-04
Loss = 3.8298e-04, PNorm = 34.6542, GNorm = 0.0721, lr_0 = 3.1286e-04
Loss = 3.8282e-04, PNorm = 34.6636, GNorm = 0.1631, lr_0 = 3.1429e-04
Loss = 5.2117e-04, PNorm = 34.6761, GNorm = 0.0730, lr_0 = 3.1572e-04
Loss = 4.9657e-05, PNorm = 34.7020, GNorm = 0.0256, lr_0 = 3.1715e-04
Loss = 4.3809e-04, PNorm = 34.7035, GNorm = 0.0296, lr_0 = 3.1858e-04
Loss = 3.4640e-04, PNorm = 34.7031, GNorm = 0.0707, lr_0 = 3.2000e-04
Loss = 5.6510e-04, PNorm = 34.7086, GNorm = 0.1803, lr_0 = 3.2143e-04
Loss = 3.9637e-04, PNorm = 34.7248, GNorm = 0.1231, lr_0 = 3.2286e-04
Loss = 1.0091e-03, PNorm = 34.7327, GNorm = 0.0880, lr_0 = 3.2429e-04
Loss = 6.0819e-04, PNorm = 34.7579, GNorm = 0.1934, lr_0 = 3.2571e-04
Loss = 6.7539e-04, PNorm = 34.7890, GNorm = 0.8730, lr_0 = 3.2714e-04
Loss = 6.1243e-04, PNorm = 34.7886, GNorm = 0.1932, lr_0 = 3.2857e-04
Loss = 4.8887e-04, PNorm = 34.8275, GNorm = 0.0573, lr_0 = 3.3000e-04
Loss = 1.4157e-04, PNorm = 34.8631, GNorm = 0.0254, lr_0 = 3.3142e-04
Loss = 3.0061e-04, PNorm = 34.8621, GNorm = 0.0355, lr_0 = 3.3285e-04
Loss = 3.2097e-05, PNorm = 34.8690, GNorm = 0.0195, lr_0 = 3.3428e-04
Loss = 1.6886e-04, PNorm = 34.8772, GNorm = 0.0253, lr_0 = 3.3571e-04
Loss = 3.2967e-04, PNorm = 34.8769, GNorm = 0.0554, lr_0 = 3.3714e-04
Loss = 6.8422e-04, PNorm = 34.8740, GNorm = 0.1419, lr_0 = 3.3856e-04
Loss = 5.0119e-04, PNorm = 34.8920, GNorm = 0.0486, lr_0 = 3.3999e-04
Loss = 5.8936e-04, PNorm = 34.9003, GNorm = 0.2368, lr_0 = 3.4142e-04
Loss = 4.4209e-04, PNorm = 34.9004, GNorm = 0.1195, lr_0 = 3.4285e-04
Loss = 3.5600e-05, PNorm = 34.9190, GNorm = 0.0116, lr_0 = 3.4427e-04
Loss = 6.2440e-04, PNorm = 34.9085, GNorm = 0.0756, lr_0 = 3.4570e-04
Loss = 2.2045e-04, PNorm = 34.9293, GNorm = 0.0616, lr_0 = 3.4713e-04
Loss = 2.1358e-04, PNorm = 34.9405, GNorm = 0.0074, lr_0 = 3.4856e-04
Loss = 5.4421e-04, PNorm = 34.9453, GNorm = 0.1579, lr_0 = 3.4998e-04
Loss = 2.0208e-04, PNorm = 34.9741, GNorm = 0.0381, lr_0 = 3.5141e-04
Loss = 1.6208e-05, PNorm = 34.9998, GNorm = 0.0103, lr_0 = 3.5284e-04
Loss = 2.3102e-04, PNorm = 34.9969, GNorm = 0.0293, lr_0 = 3.5427e-04
Loss = 2.5971e-04, PNorm = 34.9995, GNorm = 0.0304, lr_0 = 3.5569e-04
Loss = 4.1530e-04, PNorm = 35.0062, GNorm = 0.1802, lr_0 = 3.5712e-04
Loss = 5.1258e-04, PNorm = 35.0284, GNorm = 0.0204, lr_0 = 3.5855e-04
Loss = 1.6513e-04, PNorm = 35.0286, GNorm = 0.0526, lr_0 = 3.5998e-04
Loss = 4.5919e-04, PNorm = 35.0353, GNorm = 0.1292, lr_0 = 3.6141e-04
Loss = 4.6451e-04, PNorm = 35.0597, GNorm = 0.0531, lr_0 = 3.6283e-04
Loss = 1.6820e-04, PNorm = 35.0833, GNorm = 0.0195, lr_0 = 3.6426e-04
Loss = 3.5513e-04, PNorm = 35.0979, GNorm = 0.1294, lr_0 = 3.6569e-04
Loss = 3.3736e-04, PNorm = 35.1305, GNorm = 0.0965, lr_0 = 3.6712e-04
Loss = 4.2856e-05, PNorm = 35.1700, GNorm = 0.0147, lr_0 = 3.6854e-04
Loss = 3.0098e-04, PNorm = 35.1664, GNorm = 0.1524, lr_0 = 3.6997e-04
Loss = 1.9892e-04, PNorm = 35.1727, GNorm = 0.0471, lr_0 = 3.7140e-04
Loss = 1.0466e-04, PNorm = 35.1916, GNorm = 0.0668, lr_0 = 3.7283e-04
Loss = 2.4373e-04, PNorm = 35.2083, GNorm = 0.4565, lr_0 = 3.7425e-04
Loss = 1.4351e-04, PNorm = 35.2240, GNorm = 0.3994, lr_0 = 3.7568e-04
Loss = 4.8618e-04, PNorm = 35.2563, GNorm = 0.1322, lr_0 = 3.7711e-04
Loss = 6.0761e-04, PNorm = 35.2878, GNorm = 0.7381, lr_0 = 3.7854e-04
Loss = 1.1296e-03, PNorm = 35.2823, GNorm = 0.1364, lr_0 = 3.7997e-04
Loss = 3.5378e-04, PNorm = 35.3095, GNorm = 0.0194, lr_0 = 3.8139e-04
Loss = 7.1894e-04, PNorm = 35.3238, GNorm = 0.3364, lr_0 = 3.8282e-04
Loss = 2.3429e-04, PNorm = 35.3765, GNorm = 0.0368, lr_0 = 3.8425e-04
Loss = 1.1090e-03, PNorm = 35.3754, GNorm = 0.3276, lr_0 = 3.8568e-04
Loss = 3.0349e-04, PNorm = 35.4169, GNorm = 0.2691, lr_0 = 3.8710e-04
Loss = 2.3129e-05, PNorm = 35.4472, GNorm = 0.0074, lr_0 = 3.8853e-04
Loss = 2.7962e-04, PNorm = 35.4496, GNorm = 0.0075, lr_0 = 3.8996e-04
Loss = 5.1254e-04, PNorm = 35.4342, GNorm = 0.1796, lr_0 = 3.9139e-04
Loss = 1.3298e-04, PNorm = 35.4639, GNorm = 0.0413, lr_0 = 3.9281e-04
Loss = 3.0924e-04, PNorm = 35.4809, GNorm = 0.0077, lr_0 = 3.9424e-04
Loss = 3.8083e-04, PNorm = 35.4694, GNorm = 0.0508, lr_0 = 3.9567e-04
Loss = 2.7296e-04, PNorm = 35.4716, GNorm = 0.0572, lr_0 = 3.9710e-04
Loss = 1.8111e-04, PNorm = 35.4896, GNorm = 0.0371, lr_0 = 3.9852e-04
Loss = 4.8716e-04, PNorm = 35.4999, GNorm = 0.1303, lr_0 = 3.9995e-04
Loss = 1.1916e-04, PNorm = 35.5370, GNorm = 0.0294, lr_0 = 4.0138e-04
Loss = 4.9079e-04, PNorm = 35.5456, GNorm = 0.2387, lr_0 = 4.0281e-04
Loss = 4.4481e-04, PNorm = 35.5734, GNorm = 0.8193, lr_0 = 4.0424e-04
Loss = 3.6637e-04, PNorm = 35.6202, GNorm = 0.0066, lr_0 = 4.0566e-04
Loss = 6.0027e-04, PNorm = 35.6218, GNorm = 0.1252, lr_0 = 4.0709e-04
Loss = 1.4644e-04, PNorm = 35.6514, GNorm = 0.0255, lr_0 = 4.0852e-04
Loss = 7.6585e-05, PNorm = 35.6731, GNorm = 0.0174, lr_0 = 4.0995e-04
Loss = 1.7725e-04, PNorm = 35.6874, GNorm = 0.0380, lr_0 = 4.1137e-04
Loss = 2.4567e-04, PNorm = 35.7031, GNorm = 0.0516, lr_0 = 4.1280e-04
Loss = 3.4395e-04, PNorm = 35.7315, GNorm = 0.1084, lr_0 = 4.1423e-04
Loss = 4.1985e-04, PNorm = 35.7646, GNorm = 0.0656, lr_0 = 4.1566e-04
Loss = 1.2650e-04, PNorm = 35.7977, GNorm = 0.0371, lr_0 = 4.1708e-04
Loss = 4.8258e-04, PNorm = 35.8195, GNorm = 0.2872, lr_0 = 4.1851e-04
Loss = 1.3480e-04, PNorm = 35.8570, GNorm = 0.0195, lr_0 = 4.1994e-04
Loss = 6.1308e-04, PNorm = 35.8555, GNorm = 0.0788, lr_0 = 4.2137e-04
Loss = 5.7206e-04, PNorm = 35.8914, GNorm = 0.4751, lr_0 = 4.2280e-04
Loss = 5.3617e-04, PNorm = 35.9002, GNorm = 0.1307, lr_0 = 4.2422e-04
Loss = 8.7426e-04, PNorm = 35.9426, GNorm = 0.4220, lr_0 = 4.2565e-04
Loss = 8.2471e-05, PNorm = 35.9661, GNorm = 0.0242, lr_0 = 4.2708e-04
Loss = 5.9068e-04, PNorm = 35.9691, GNorm = 0.0681, lr_0 = 4.2851e-04
Loss = 1.4665e-04, PNorm = 35.9836, GNorm = 0.0482, lr_0 = 4.2993e-04
Loss = 2.4120e-05, PNorm = 36.0182, GNorm = 0.0062, lr_0 = 4.3136e-04
Loss = 7.5430e-04, PNorm = 35.9917, GNorm = 0.1098, lr_0 = 4.3279e-04
Loss = 3.3048e-04, PNorm = 36.0214, GNorm = 0.0846, lr_0 = 4.3422e-04
Loss = 5.8954e-05, PNorm = 36.0629, GNorm = 0.0067, lr_0 = 4.3564e-04
Loss = 3.8024e-04, PNorm = 36.0689, GNorm = 0.1026, lr_0 = 4.3707e-04
Loss = 1.9089e-04, PNorm = 36.0989, GNorm = 0.0790, lr_0 = 4.3850e-04
Loss = 1.4826e-04, PNorm = 36.1302, GNorm = 0.0140, lr_0 = 4.3993e-04
Loss = 5.1378e-04, PNorm = 36.1485, GNorm = 0.1403, lr_0 = 4.4135e-04
Loss = 4.6969e-05, PNorm = 36.1881, GNorm = 0.0039, lr_0 = 4.4278e-04
Loss = 5.6185e-04, PNorm = 36.1821, GNorm = 0.0551, lr_0 = 4.4421e-04
Loss = 2.2639e-04, PNorm = 36.1959, GNorm = 0.1356, lr_0 = 4.4564e-04
Loss = 1.2904e-04, PNorm = 36.2461, GNorm = 0.0105, lr_0 = 4.4707e-04
Loss = 8.1683e-06, PNorm = 36.2811, GNorm = 0.0023, lr_0 = 4.4849e-04
Loss = 2.0527e-04, PNorm = 36.2787, GNorm = 0.0073, lr_0 = 4.4992e-04
Loss = 5.8938e-05, PNorm = 36.2859, GNorm = 0.0446, lr_0 = 4.5135e-04
Loss = 2.8315e-04, PNorm = 36.3163, GNorm = 0.0586, lr_0 = 4.5278e-04
Loss = 4.5643e-04, PNorm = 36.3395, GNorm = 0.0355, lr_0 = 4.5420e-04
Loss = 2.3614e-06, PNorm = 36.3738, GNorm = 0.0023, lr_0 = 4.5563e-04
Loss = 1.4779e-07, PNorm = 36.3880, GNorm = 0.0002, lr_0 = 4.5706e-04
Loss = 1.3863e-03, PNorm = 36.3471, GNorm = 0.0560, lr_0 = 4.5849e-04
Loss = 7.2107e-04, PNorm = 36.3812, GNorm = 0.2604, lr_0 = 4.5991e-04
Loss = 2.5539e-05, PNorm = 36.4413, GNorm = 0.0022, lr_0 = 4.6134e-04
Loss = 5.1926e-04, PNorm = 36.4285, GNorm = 0.0455, lr_0 = 4.6277e-04
Loss = 6.7163e-04, PNorm = 36.4291, GNorm = 0.1632, lr_0 = 4.6420e-04
Loss = 4.9671e-04, PNorm = 36.4769, GNorm = 0.0648, lr_0 = 4.6563e-04
Loss = 5.1340e-04, PNorm = 36.5176, GNorm = 0.4004, lr_0 = 4.6705e-04
Loss = 4.0130e-04, PNorm = 36.5224, GNorm = 0.1390, lr_0 = 4.6848e-04
Loss = 7.3688e-04, PNorm = 36.5388, GNorm = 0.2201, lr_0 = 4.6991e-04
