Fold 0
{'activation': 'ReLU',
 'atom_messages': False,
 'batch_size': 50,
 'bias': False,
 'checkpoint_dir': None,
 'checkpoint_path': None,
 'checkpoint_paths': None,
 'config_path': None,
 'crossval_index_dir': None,
 'crossval_index_file': None,
 'cuda': True,
 'data_path': 'dataset/splitted_csv_files_mpnn_models/cytosol_tr.csv',
 'dataset_type': 'classification',
 'depth': 3,
 'dropout': 0.0,
 'ensemble_size': 1,
 'epochs': 50,
 'features_generator': None,
 'features_only': False,
 'features_path': None,
 'features_scaling': True,
 'ffn_hidden_size': 300,
 'ffn_num_layers': 2,
 'final_lr': 0.0001,
 'folds_file': None,
 'gpu': None,
 'hidden_size': 300,
 'init_lr': 0.0001,
 'log_frequency': 10,
 'max_data_size': None,
 'max_lr': 0.001,
 'metric': 'cohen_k',
 'minimize_score': False,
 'multiclass_num_classes': 3,
 'no_cache': False,
 'num_folds': 1,
 'num_lrs': 1,
 'quiet': False,
 'save_dir': 'saved_models/cytosol/fold_0',
 'save_smiles_splits': False,
 'seed': 0,
 'separate_test_features_path': None,
 'separate_test_path': 'dataset/splitted_csv_files_mpnn_models/cytosol_te.csv',
 'separate_val_features_path': None,
 'separate_val_path': 'dataset/splitted_csv_files_mpnn_models/cytosol_va.csv',
 'show_individual_scores': False,
 'split_sizes': [0.8, 0.1, 0.1],
 'split_type': 'random',
 'test': False,
 'test_fold_index': None,
 'undirected': False,
 'use_compound_names': False,
 'use_input_features': None,
 'val_fold_index': None,
 'warmup_epochs': 2.0}
Loading data
Number of tasks = 1
Splitting data with seed 0
Class sizes
Label 0: 73.06%, 1: 26.94%
Total size = 157,623 | train size = 157,623 | val size = 33,668 | test size = 33,758
Building model 0
MoleculeModel(
  (sigmoid): Sigmoid()
  (encoder): MPN(
    (encoder): MPNEncoder(
      (dropout_layer): Dropout(p=0.0, inplace=False)
      (act_func): ReLU()
      (W_i): Linear(in_features=147, out_features=300, bias=False)
      (W_h): Linear(in_features=300, out_features=300, bias=False)
      (W_o): Linear(in_features=433, out_features=300, bias=True)
    )
  )
  (ffn): Sequential(
    (0): Dropout(p=0.0, inplace=False)
    (1): Linear(in_features=300, out_features=300, bias=True)
    (2): ReLU()
    (3): Dropout(p=0.0, inplace=False)
    (4): Linear(in_features=300, out_features=1, bias=True)
  )
)
Number of parameters = 354,901
Moving model to cuda
Epoch 0
Loss = 1.2178e-02, PNorm = 33.9118, GNorm = 0.6122, lr_0 = 1.0157e-04
Loss = 1.1754e-02, PNorm = 33.9131, GNorm = 0.2728, lr_0 = 1.0300e-04
Loss = 1.2511e-02, PNorm = 33.9130, GNorm = 1.2645, lr_0 = 1.0443e-04
Loss = 1.1666e-02, PNorm = 33.9131, GNorm = 0.2528, lr_0 = 1.0585e-04
Loss = 1.1989e-02, PNorm = 33.9141, GNorm = 0.5693, lr_0 = 1.0728e-04
Loss = 1.1315e-02, PNorm = 33.9149, GNorm = 0.2334, lr_0 = 1.0871e-04
Loss = 1.1385e-02, PNorm = 33.9166, GNorm = 0.3064, lr_0 = 1.1014e-04
Loss = 1.1632e-02, PNorm = 33.9171, GNorm = 0.1907, lr_0 = 1.1156e-04
Loss = 1.0965e-02, PNorm = 33.9190, GNorm = 0.6541, lr_0 = 1.1299e-04
Loss = 1.1281e-02, PNorm = 33.9200, GNorm = 0.2724, lr_0 = 1.1442e-04
Loss = 1.0868e-02, PNorm = 33.9219, GNorm = 0.4733, lr_0 = 1.1585e-04
Loss = 1.1244e-02, PNorm = 33.9241, GNorm = 0.6709, lr_0 = 1.1727e-04
Loss = 1.1371e-02, PNorm = 33.9263, GNorm = 0.2637, lr_0 = 1.1870e-04
Loss = 1.1818e-02, PNorm = 33.9284, GNorm = 1.7284, lr_0 = 1.2013e-04
Loss = 1.1650e-02, PNorm = 33.9311, GNorm = 0.7085, lr_0 = 1.2156e-04
Loss = 1.0916e-02, PNorm = 33.9338, GNorm = 0.1993, lr_0 = 1.2299e-04
Loss = 1.1210e-02, PNorm = 33.9359, GNorm = 1.0264, lr_0 = 1.2441e-04
Loss = 1.0828e-02, PNorm = 33.9380, GNorm = 0.4138, lr_0 = 1.2584e-04
Loss = 1.0800e-02, PNorm = 33.9402, GNorm = 0.4942, lr_0 = 1.2727e-04
Loss = 1.1913e-02, PNorm = 33.9437, GNorm = 0.1808, lr_0 = 1.2870e-04
Loss = 1.1872e-02, PNorm = 33.9460, GNorm = 0.5524, lr_0 = 1.3012e-04
Loss = 1.1288e-02, PNorm = 33.9477, GNorm = 0.3471, lr_0 = 1.3155e-04
Loss = 1.1467e-02, PNorm = 33.9497, GNorm = 0.4842, lr_0 = 1.3298e-04
Loss = 1.1971e-02, PNorm = 33.9535, GNorm = 0.3179, lr_0 = 1.3441e-04
Loss = 1.2027e-02, PNorm = 33.9566, GNorm = 0.4793, lr_0 = 1.3583e-04
Loss = 1.0924e-02, PNorm = 33.9597, GNorm = 0.9426, lr_0 = 1.3726e-04
Loss = 1.1257e-02, PNorm = 33.9636, GNorm = 0.3790, lr_0 = 1.3869e-04
Loss = 1.1098e-02, PNorm = 33.9669, GNorm = 0.8513, lr_0 = 1.4012e-04
Loss = 1.1344e-02, PNorm = 33.9704, GNorm = 0.7148, lr_0 = 1.4155e-04
Loss = 1.1306e-02, PNorm = 33.9734, GNorm = 0.8531, lr_0 = 1.4297e-04
Loss = 1.1584e-02, PNorm = 33.9763, GNorm = 1.9801, lr_0 = 1.4440e-04
Loss = 1.1211e-02, PNorm = 33.9804, GNorm = 0.8604, lr_0 = 1.4583e-04
Loss = 1.1539e-02, PNorm = 33.9845, GNorm = 1.8697, lr_0 = 1.4726e-04
Loss = 1.0684e-02, PNorm = 33.9891, GNorm = 0.4874, lr_0 = 1.4868e-04
Loss = 1.2212e-02, PNorm = 33.9928, GNorm = 0.8406, lr_0 = 1.5011e-04
Loss = 1.1421e-02, PNorm = 33.9965, GNorm = 1.2190, lr_0 = 1.5154e-04
Loss = 1.2000e-02, PNorm = 34.0009, GNorm = 0.3931, lr_0 = 1.5297e-04
Loss = 1.1475e-02, PNorm = 34.0053, GNorm = 0.3660, lr_0 = 1.5439e-04
Loss = 1.1520e-02, PNorm = 34.0094, GNorm = 0.2725, lr_0 = 1.5582e-04
Loss = 1.0987e-02, PNorm = 34.0147, GNorm = 0.2460, lr_0 = 1.5725e-04
Loss = 1.1362e-02, PNorm = 34.0200, GNorm = 0.8671, lr_0 = 1.5868e-04
Loss = 1.1124e-02, PNorm = 34.0247, GNorm = 0.3535, lr_0 = 1.6010e-04
Loss = 1.0571e-02, PNorm = 34.0303, GNorm = 0.2562, lr_0 = 1.6153e-04
Loss = 1.0094e-02, PNorm = 34.0369, GNorm = 0.8008, lr_0 = 1.6296e-04
Loss = 1.0879e-02, PNorm = 34.0427, GNorm = 1.3648, lr_0 = 1.6439e-04
Loss = 1.1035e-02, PNorm = 34.0466, GNorm = 0.5214, lr_0 = 1.6582e-04
Loss = 1.1186e-02, PNorm = 34.0515, GNorm = 0.3685, lr_0 = 1.6724e-04
Loss = 1.0982e-02, PNorm = 34.0578, GNorm = 1.6156, lr_0 = 1.6867e-04
Loss = 1.1258e-02, PNorm = 34.0626, GNorm = 0.2766, lr_0 = 1.7010e-04
Loss = 1.1299e-02, PNorm = 34.0670, GNorm = 0.2265, lr_0 = 1.7153e-04
Loss = 1.1029e-02, PNorm = 34.0732, GNorm = 0.8221, lr_0 = 1.7295e-04
Loss = 1.0716e-02, PNorm = 34.0801, GNorm = 0.6131, lr_0 = 1.7438e-04
Loss = 1.1135e-02, PNorm = 34.0872, GNorm = 0.4624, lr_0 = 1.7581e-04
Loss = 1.1110e-02, PNorm = 34.0939, GNorm = 0.9162, lr_0 = 1.7724e-04
Loss = 1.1359e-02, PNorm = 34.1000, GNorm = 1.7486, lr_0 = 1.7866e-04
Loss = 1.0967e-02, PNorm = 34.1045, GNorm = 0.2206, lr_0 = 1.8009e-04
Loss = 1.0480e-02, PNorm = 34.1122, GNorm = 0.2924, lr_0 = 1.8152e-04
Loss = 1.0311e-02, PNorm = 34.1200, GNorm = 0.5337, lr_0 = 1.8295e-04
Loss = 1.1152e-02, PNorm = 34.1284, GNorm = 1.9229, lr_0 = 1.8438e-04
Loss = 1.1425e-02, PNorm = 34.1369, GNorm = 0.9913, lr_0 = 1.8580e-04
Loss = 1.1196e-02, PNorm = 34.1440, GNorm = 0.2844, lr_0 = 1.8723e-04
Loss = 1.1072e-02, PNorm = 34.1537, GNorm = 0.2081, lr_0 = 1.8866e-04
Loss = 1.0790e-02, PNorm = 34.1629, GNorm = 0.3615, lr_0 = 1.9009e-04
Loss = 1.0637e-02, PNorm = 34.1698, GNorm = 0.6170, lr_0 = 1.9151e-04
Loss = 1.1584e-02, PNorm = 34.1793, GNorm = 0.5712, lr_0 = 1.9294e-04
Loss = 1.0632e-02, PNorm = 34.1892, GNorm = 0.2531, lr_0 = 1.9437e-04
Loss = 1.0613e-02, PNorm = 34.2003, GNorm = 1.2636, lr_0 = 1.9580e-04
Loss = 1.1199e-02, PNorm = 34.2095, GNorm = 0.6579, lr_0 = 1.9722e-04
Loss = 1.1990e-02, PNorm = 34.2142, GNorm = 0.8005, lr_0 = 1.9865e-04
Loss = 1.1341e-02, PNorm = 34.2184, GNorm = 0.8962, lr_0 = 2.0008e-04
Loss = 1.0551e-02, PNorm = 34.2277, GNorm = 1.4033, lr_0 = 2.0151e-04
Loss = 1.1152e-02, PNorm = 34.2378, GNorm = 0.3899, lr_0 = 2.0293e-04
Loss = 1.0709e-02, PNorm = 34.2487, GNorm = 0.8621, lr_0 = 2.0436e-04
Loss = 1.0212e-02, PNorm = 34.2613, GNorm = 0.5901, lr_0 = 2.0579e-04
Loss = 1.1340e-02, PNorm = 34.2721, GNorm = 0.8477, lr_0 = 2.0722e-04
Loss = 1.1306e-02, PNorm = 34.2824, GNorm = 0.2998, lr_0 = 2.0865e-04
Loss = 1.1369e-02, PNorm = 34.2955, GNorm = 0.7091, lr_0 = 2.1007e-04
Loss = 1.0554e-02, PNorm = 34.3064, GNorm = 0.9888, lr_0 = 2.1150e-04
Loss = 1.0550e-02, PNorm = 34.3153, GNorm = 0.2897, lr_0 = 2.1293e-04
Loss = 1.1192e-02, PNorm = 34.3263, GNorm = 0.9954, lr_0 = 2.1436e-04
Loss = 1.0758e-02, PNorm = 34.3386, GNorm = 0.2650, lr_0 = 2.1578e-04
Loss = 1.0168e-02, PNorm = 34.3535, GNorm = 0.7046, lr_0 = 2.1721e-04
Loss = 1.0227e-02, PNorm = 34.3649, GNorm = 1.2384, lr_0 = 2.1864e-04
Loss = 1.0768e-02, PNorm = 34.3776, GNorm = 0.6349, lr_0 = 2.2007e-04
Loss = 1.0819e-02, PNorm = 34.3918, GNorm = 0.6198, lr_0 = 2.2149e-04
Loss = 1.0838e-02, PNorm = 34.4078, GNorm = 1.4875, lr_0 = 2.2292e-04
Loss = 1.1681e-02, PNorm = 34.4180, GNorm = 2.1321, lr_0 = 2.2435e-04
Loss = 1.1187e-02, PNorm = 34.4302, GNorm = 0.7423, lr_0 = 2.2578e-04
Loss = 1.0795e-02, PNorm = 34.4467, GNorm = 1.5561, lr_0 = 2.2720e-04
Loss = 1.0922e-02, PNorm = 34.4620, GNorm = 0.4807, lr_0 = 2.2863e-04
Loss = 1.0844e-02, PNorm = 34.4762, GNorm = 0.5346, lr_0 = 2.3006e-04
Loss = 1.1853e-02, PNorm = 34.4909, GNorm = 0.5592, lr_0 = 2.3149e-04
Loss = 1.1925e-02, PNorm = 34.5018, GNorm = 0.5630, lr_0 = 2.3292e-04
Loss = 1.0879e-02, PNorm = 34.5177, GNorm = 0.4353, lr_0 = 2.3434e-04
Loss = 1.0281e-02, PNorm = 34.5366, GNorm = 0.5475, lr_0 = 2.3577e-04
Loss = 1.0676e-02, PNorm = 34.5571, GNorm = 1.0048, lr_0 = 2.3720e-04
Loss = 1.0577e-02, PNorm = 34.5784, GNorm = 1.2197, lr_0 = 2.3863e-04
Loss = 1.0085e-02, PNorm = 34.5970, GNorm = 0.5433, lr_0 = 2.4005e-04
Loss = 1.0164e-02, PNorm = 34.6156, GNorm = 1.0880, lr_0 = 2.4148e-04
Loss = 1.1273e-02, PNorm = 34.6300, GNorm = 0.8627, lr_0 = 2.4291e-04
Loss = 1.0922e-02, PNorm = 34.6404, GNorm = 1.5868, lr_0 = 2.4434e-04
Loss = 1.0666e-02, PNorm = 34.6543, GNorm = 1.1866, lr_0 = 2.4576e-04
Loss = 1.0634e-02, PNorm = 34.6709, GNorm = 1.4617, lr_0 = 2.4719e-04
Loss = 1.0845e-02, PNorm = 34.6854, GNorm = 1.4321, lr_0 = 2.4862e-04
Loss = 1.0505e-02, PNorm = 34.7074, GNorm = 0.7401, lr_0 = 2.5005e-04
Loss = 1.0006e-02, PNorm = 34.7238, GNorm = 1.3875, lr_0 = 2.5148e-04
Loss = 1.0501e-02, PNorm = 34.7392, GNorm = 0.3883, lr_0 = 2.5290e-04
Loss = 1.0787e-02, PNorm = 34.7497, GNorm = 0.5146, lr_0 = 2.5433e-04
Loss = 1.1027e-02, PNorm = 34.7591, GNorm = 0.4629, lr_0 = 2.5576e-04
Loss = 1.1205e-02, PNorm = 34.7775, GNorm = 0.9846, lr_0 = 2.5719e-04
Loss = 1.0926e-02, PNorm = 34.7993, GNorm = 1.5668, lr_0 = 2.5861e-04
Loss = 1.0304e-02, PNorm = 34.8202, GNorm = 0.3258, lr_0 = 2.6004e-04
Loss = 1.0940e-02, PNorm = 34.8422, GNorm = 0.3974, lr_0 = 2.6147e-04
Loss = 1.0665e-02, PNorm = 34.8642, GNorm = 0.4840, lr_0 = 2.6290e-04
Loss = 1.1082e-02, PNorm = 34.8887, GNorm = 0.3724, lr_0 = 2.6432e-04
Loss = 1.0717e-02, PNorm = 34.9087, GNorm = 0.4576, lr_0 = 2.6575e-04
Loss = 1.0880e-02, PNorm = 34.9222, GNorm = 0.2683, lr_0 = 2.6718e-04
Loss = 1.1058e-02, PNorm = 34.9342, GNorm = 0.2541, lr_0 = 2.6861e-04
Loss = 1.0927e-02, PNorm = 34.9495, GNorm = 0.4540, lr_0 = 2.7003e-04
Loss = 1.0605e-02, PNorm = 34.9673, GNorm = 1.5495, lr_0 = 2.7146e-04
Loss = 1.0493e-02, PNorm = 34.9829, GNorm = 0.4670, lr_0 = 2.7289e-04
Loss = 1.0828e-02, PNorm = 35.0015, GNorm = 0.3733, lr_0 = 2.7432e-04
Loss = 1.0616e-02, PNorm = 35.0205, GNorm = 0.6973, lr_0 = 2.7575e-04
Loss = 1.0885e-02, PNorm = 35.0427, GNorm = 0.9640, lr_0 = 2.7717e-04
Loss = 1.0145e-02, PNorm = 35.0640, GNorm = 1.6463, lr_0 = 2.7860e-04
Loss = 9.4964e-03, PNorm = 35.0917, GNorm = 0.4620, lr_0 = 2.8003e-04
Loss = 1.0689e-02, PNorm = 35.1118, GNorm = 0.8921, lr_0 = 2.8146e-04
Loss = 1.1021e-02, PNorm = 35.1305, GNorm = 0.5122, lr_0 = 2.8288e-04
Loss = 1.0816e-02, PNorm = 35.1469, GNorm = 0.8236, lr_0 = 2.8431e-04
Loss = 9.9915e-03, PNorm = 35.1622, GNorm = 1.2112, lr_0 = 2.8574e-04
Loss = 1.0153e-02, PNorm = 35.1821, GNorm = 1.0192, lr_0 = 2.8717e-04
Loss = 1.0768e-02, PNorm = 35.1985, GNorm = 1.5432, lr_0 = 2.8859e-04
Loss = 1.0528e-02, PNorm = 35.2144, GNorm = 1.0321, lr_0 = 2.9002e-04
Loss = 1.0216e-02, PNorm = 35.2321, GNorm = 1.1433, lr_0 = 2.9145e-04
Loss = 9.6767e-03, PNorm = 35.2515, GNorm = 0.4423, lr_0 = 2.9288e-04
Loss = 1.0511e-02, PNorm = 35.2717, GNorm = 1.8958, lr_0 = 2.9431e-04
Loss = 1.1070e-02, PNorm = 35.2822, GNorm = 0.5671, lr_0 = 2.9573e-04
Loss = 9.9865e-03, PNorm = 35.2907, GNorm = 0.4324, lr_0 = 2.9716e-04
Loss = 9.7875e-03, PNorm = 35.3098, GNorm = 0.4842, lr_0 = 2.9859e-04
Loss = 1.0733e-02, PNorm = 35.3357, GNorm = 0.6380, lr_0 = 3.0002e-04
Loss = 1.0168e-02, PNorm = 35.3603, GNorm = 0.6095, lr_0 = 3.0144e-04
Loss = 1.0166e-02, PNorm = 35.3841, GNorm = 1.0114, lr_0 = 3.0287e-04
Loss = 9.7493e-03, PNorm = 35.4064, GNorm = 0.7022, lr_0 = 3.0430e-04
Loss = 1.0880e-02, PNorm = 35.4265, GNorm = 0.5404, lr_0 = 3.0573e-04
Loss = 1.0470e-02, PNorm = 35.4471, GNorm = 0.6572, lr_0 = 3.0715e-04
Loss = 1.0206e-02, PNorm = 35.4664, GNorm = 0.4891, lr_0 = 3.0858e-04
Loss = 1.0267e-02, PNorm = 35.4849, GNorm = 1.2661, lr_0 = 3.1001e-04
Loss = 9.7520e-03, PNorm = 35.5040, GNorm = 0.4864, lr_0 = 3.1144e-04
Loss = 1.0572e-02, PNorm = 35.5184, GNorm = 1.2882, lr_0 = 3.1286e-04
Loss = 1.0415e-02, PNorm = 35.5370, GNorm = 0.8708, lr_0 = 3.1429e-04
Loss = 1.0815e-02, PNorm = 35.5549, GNorm = 0.4157, lr_0 = 3.1572e-04
Loss = 1.0176e-02, PNorm = 35.5733, GNorm = 0.3810, lr_0 = 3.1715e-04
Loss = 1.0390e-02, PNorm = 35.5923, GNorm = 0.5461, lr_0 = 3.1858e-04
Loss = 1.0791e-02, PNorm = 35.6122, GNorm = 1.0245, lr_0 = 3.2000e-04
Loss = 1.0984e-02, PNorm = 35.6256, GNorm = 0.7038, lr_0 = 3.2143e-04
Loss = 1.0608e-02, PNorm = 35.6388, GNorm = 0.4685, lr_0 = 3.2286e-04
Loss = 9.3492e-03, PNorm = 35.6586, GNorm = 0.5714, lr_0 = 3.2429e-04
Loss = 1.0249e-02, PNorm = 35.6810, GNorm = 0.5405, lr_0 = 3.2571e-04
Loss = 9.6890e-03, PNorm = 35.6969, GNorm = 0.3949, lr_0 = 3.2714e-04
Loss = 1.0578e-02, PNorm = 35.7082, GNorm = 1.5212, lr_0 = 3.2857e-04
Loss = 1.0472e-02, PNorm = 35.7230, GNorm = 0.8058, lr_0 = 3.3000e-04
Loss = 1.0629e-02, PNorm = 35.7399, GNorm = 0.7280, lr_0 = 3.3142e-04
Loss = 1.0460e-02, PNorm = 35.7616, GNorm = 0.6887, lr_0 = 3.3285e-04
Loss = 1.0873e-02, PNorm = 35.7814, GNorm = 0.9078, lr_0 = 3.3428e-04
Loss = 1.0931e-02, PNorm = 35.7958, GNorm = 0.6723, lr_0 = 3.3571e-04
Loss = 9.7497e-03, PNorm = 35.8157, GNorm = 0.7816, lr_0 = 3.3714e-04
Loss = 1.1119e-02, PNorm = 35.8406, GNorm = 0.5343, lr_0 = 3.3856e-04
Loss = 9.9871e-03, PNorm = 35.8608, GNorm = 0.6054, lr_0 = 3.3999e-04
Loss = 1.1388e-02, PNorm = 35.8807, GNorm = 0.6201, lr_0 = 3.4142e-04
Loss = 9.8504e-03, PNorm = 35.9001, GNorm = 0.7230, lr_0 = 3.4285e-04
Loss = 1.0072e-02, PNorm = 35.9138, GNorm = 0.8793, lr_0 = 3.4427e-04
Loss = 9.8456e-03, PNorm = 35.9357, GNorm = 0.4211, lr_0 = 3.4570e-04
Loss = 1.0043e-02, PNorm = 35.9614, GNorm = 0.6005, lr_0 = 3.4713e-04
Loss = 9.8142e-03, PNorm = 35.9856, GNorm = 0.5631, lr_0 = 3.4856e-04
Loss = 1.0017e-02, PNorm = 36.0090, GNorm = 1.4522, lr_0 = 3.4998e-04
Loss = 9.6955e-03, PNorm = 36.0303, GNorm = 0.4743, lr_0 = 3.5141e-04
Loss = 1.0307e-02, PNorm = 36.0454, GNorm = 0.6291, lr_0 = 3.5284e-04
Loss = 1.0726e-02, PNorm = 36.0654, GNorm = 0.6530, lr_0 = 3.5427e-04
Loss = 1.0014e-02, PNorm = 36.0921, GNorm = 0.4466, lr_0 = 3.5569e-04
Loss = 1.0142e-02, PNorm = 36.1135, GNorm = 0.5489, lr_0 = 3.5712e-04
Loss = 9.6161e-03, PNorm = 36.1373, GNorm = 0.4985, lr_0 = 3.5855e-04
Loss = 1.0487e-02, PNorm = 36.1627, GNorm = 0.7713, lr_0 = 3.5998e-04
Loss = 1.0822e-02, PNorm = 36.1858, GNorm = 1.2822, lr_0 = 3.6141e-04
Loss = 1.0742e-02, PNorm = 36.2043, GNorm = 0.8713, lr_0 = 3.6283e-04
Loss = 9.8610e-03, PNorm = 36.2276, GNorm = 0.4690, lr_0 = 3.6426e-04
Loss = 1.0395e-02, PNorm = 36.2553, GNorm = 0.6759, lr_0 = 3.6569e-04
Loss = 9.6423e-03, PNorm = 36.2747, GNorm = 0.5376, lr_0 = 3.6712e-04
Loss = 8.7858e-03, PNorm = 36.2956, GNorm = 1.0245, lr_0 = 3.6854e-04
Loss = 9.2013e-03, PNorm = 36.3119, GNorm = 0.4680, lr_0 = 3.6997e-04
Loss = 9.2108e-03, PNorm = 36.3363, GNorm = 1.5460, lr_0 = 3.7140e-04
Loss = 1.0113e-02, PNorm = 36.3538, GNorm = 0.4840, lr_0 = 3.7283e-04
Loss = 9.9912e-03, PNorm = 36.3803, GNorm = 0.9275, lr_0 = 3.7425e-04
Loss = 9.2553e-03, PNorm = 36.4004, GNorm = 1.1154, lr_0 = 3.7568e-04
Loss = 9.9486e-03, PNorm = 36.4224, GNorm = 0.6545, lr_0 = 3.7711e-04
Loss = 1.0173e-02, PNorm = 36.4419, GNorm = 0.7864, lr_0 = 3.7854e-04
Loss = 1.0541e-02, PNorm = 36.4528, GNorm = 2.0791, lr_0 = 3.7997e-04
Loss = 1.0502e-02, PNorm = 36.4716, GNorm = 0.8884, lr_0 = 3.8139e-04
Loss = 1.0420e-02, PNorm = 36.4898, GNorm = 0.5608, lr_0 = 3.8282e-04
Loss = 9.8273e-03, PNorm = 36.5173, GNorm = 0.9436, lr_0 = 3.8425e-04
Loss = 9.6586e-03, PNorm = 36.5413, GNorm = 0.6106, lr_0 = 3.8568e-04
Loss = 9.4700e-03, PNorm = 36.5604, GNorm = 0.4720, lr_0 = 3.8710e-04
Loss = 9.1310e-03, PNorm = 36.5849, GNorm = 0.7126, lr_0 = 3.8853e-04
Loss = 9.8173e-03, PNorm = 36.6094, GNorm = 0.6114, lr_0 = 3.8996e-04
Loss = 1.0006e-02, PNorm = 36.6259, GNorm = 0.6928, lr_0 = 3.9139e-04
Loss = 1.0012e-02, PNorm = 36.6506, GNorm = 1.3782, lr_0 = 3.9281e-04
Loss = 9.7620e-03, PNorm = 36.6641, GNorm = 0.7195, lr_0 = 3.9424e-04
Loss = 1.0229e-02, PNorm = 36.6871, GNorm = 0.4913, lr_0 = 3.9567e-04
Loss = 1.0354e-02, PNorm = 36.7080, GNorm = 1.3050, lr_0 = 3.9710e-04
Loss = 1.0675e-02, PNorm = 36.7241, GNorm = 0.4375, lr_0 = 3.9852e-04
Loss = 9.5335e-03, PNorm = 36.7567, GNorm = 1.0261, lr_0 = 3.9995e-04
Loss = 9.7935e-03, PNorm = 36.7844, GNorm = 0.5498, lr_0 = 4.0138e-04
Loss = 9.6544e-03, PNorm = 36.8116, GNorm = 0.7384, lr_0 = 4.0281e-04
Loss = 8.8987e-03, PNorm = 36.8436, GNorm = 1.4373, lr_0 = 4.0424e-04
Loss = 1.0023e-02, PNorm = 36.8704, GNorm = 0.5382, lr_0 = 4.0566e-04
Loss = 9.1810e-03, PNorm = 36.8939, GNorm = 0.6191, lr_0 = 4.0709e-04
Loss = 9.4837e-03, PNorm = 36.9218, GNorm = 0.7714, lr_0 = 4.0852e-04
Loss = 9.0694e-03, PNorm = 36.9551, GNorm = 0.5243, lr_0 = 4.0995e-04
Loss = 9.6470e-03, PNorm = 36.9866, GNorm = 0.9672, lr_0 = 4.1137e-04
Loss = 9.6104e-03, PNorm = 37.0040, GNorm = 0.6714, lr_0 = 4.1280e-04
Loss = 1.0296e-02, PNorm = 37.0276, GNorm = 0.9688, lr_0 = 4.1423e-04
Loss = 9.7999e-03, PNorm = 37.0464, GNorm = 0.5258, lr_0 = 4.1566e-04
Loss = 1.0016e-02, PNorm = 37.0666, GNorm = 0.7251, lr_0 = 4.1708e-04
Loss = 1.0508e-02, PNorm = 37.0842, GNorm = 0.6886, lr_0 = 4.1851e-04
Loss = 9.8107e-03, PNorm = 37.1032, GNorm = 0.5650, lr_0 = 4.1994e-04
Loss = 9.5876e-03, PNorm = 37.1299, GNorm = 2.0487, lr_0 = 4.2137e-04
Loss = 9.4529e-03, PNorm = 37.1572, GNorm = 0.8246, lr_0 = 4.2280e-04
Loss = 1.0123e-02, PNorm = 37.1789, GNorm = 1.4991, lr_0 = 4.2422e-04
Loss = 1.0267e-02, PNorm = 37.2041, GNorm = 1.1038, lr_0 = 4.2565e-04
Loss = 1.0333e-02, PNorm = 37.2321, GNorm = 1.3795, lr_0 = 4.2708e-04
Loss = 9.7346e-03, PNorm = 37.2552, GNorm = 0.9806, lr_0 = 4.2851e-04
Loss = 9.8751e-03, PNorm = 37.2793, GNorm = 0.9715, lr_0 = 4.2993e-04
Loss = 9.7621e-03, PNorm = 37.3057, GNorm = 0.9166, lr_0 = 4.3136e-04
Loss = 9.3118e-03, PNorm = 37.3246, GNorm = 1.2431, lr_0 = 4.3279e-04
Loss = 9.8397e-03, PNorm = 37.3489, GNorm = 0.6613, lr_0 = 4.3422e-04
Loss = 9.5415e-03, PNorm = 37.3793, GNorm = 1.2234, lr_0 = 4.3564e-04
Loss = 1.0028e-02, PNorm = 37.4003, GNorm = 0.9535, lr_0 = 4.3707e-04
Loss = 9.3074e-03, PNorm = 37.4261, GNorm = 2.1995, lr_0 = 4.3850e-04
Loss = 9.8752e-03, PNorm = 37.4541, GNorm = 1.5280, lr_0 = 4.3993e-04
Loss = 9.0332e-03, PNorm = 37.4861, GNorm = 0.5400, lr_0 = 4.4135e-04
Loss = 9.2664e-03, PNorm = 37.5179, GNorm = 0.7775, lr_0 = 4.4278e-04
Loss = 9.4997e-03, PNorm = 37.5508, GNorm = 1.0003, lr_0 = 4.4421e-04
Loss = 9.3321e-03, PNorm = 37.5739, GNorm = 0.6661, lr_0 = 4.4564e-04
Loss = 1.0361e-02, PNorm = 37.5993, GNorm = 0.6286, lr_0 = 4.4707e-04
Loss = 9.4881e-03, PNorm = 37.6133, GNorm = 0.6438, lr_0 = 4.4849e-04
Loss = 9.9383e-03, PNorm = 37.6406, GNorm = 0.5595, lr_0 = 4.4992e-04
Loss = 8.9802e-03, PNorm = 37.6731, GNorm = 0.3914, lr_0 = 4.5135e-04
Loss = 9.8691e-03, PNorm = 37.7021, GNorm = 0.7437, lr_0 = 4.5278e-04
Loss = 9.6866e-03, PNorm = 37.7291, GNorm = 0.7168, lr_0 = 4.5420e-04
Loss = 1.0306e-02, PNorm = 37.7535, GNorm = 0.8181, lr_0 = 4.5563e-04
Loss = 9.5223e-03, PNorm = 37.7836, GNorm = 0.6997, lr_0 = 4.5706e-04
Loss = 1.0475e-02, PNorm = 37.8102, GNorm = 0.6659, lr_0 = 4.5849e-04
Loss = 9.7160e-03, PNorm = 37.8365, GNorm = 0.6833, lr_0 = 4.5991e-04
Loss = 9.6646e-03, PNorm = 37.8722, GNorm = 0.6129, lr_0 = 4.6134e-04
Loss = 9.7434e-03, PNorm = 37.8940, GNorm = 1.3480, lr_0 = 4.6277e-04
Loss = 9.0566e-03, PNorm = 37.9286, GNorm = 0.9574, lr_0 = 4.6420e-04
Loss = 1.0098e-02, PNorm = 37.9531, GNorm = 1.2011, lr_0 = 4.6563e-04
Loss = 9.5994e-03, PNorm = 37.9771, GNorm = 1.6881, lr_0 = 4.6705e-04
Loss = 9.3333e-03, PNorm = 38.0005, GNorm = 0.7113, lr_0 = 4.6848e-04
Loss = 8.6218e-03, PNorm = 38.0340, GNorm = 0.6885, lr_0 = 4.6991e-04
Loss = 9.5868e-03, PNorm = 38.0579, GNorm = 0.5057, lr_0 = 4.7134e-04
Loss = 9.5166e-03, PNorm = 38.0819, GNorm = 1.1108, lr_0 = 4.7276e-04
Loss = 9.3732e-03, PNorm = 38.0992, GNorm = 0.9083, lr_0 = 4.7419e-04
Loss = 9.0733e-03, PNorm = 38.1298, GNorm = 1.1194, lr_0 = 4.7562e-04
Loss = 9.8746e-03, PNorm = 38.1649, GNorm = 1.1140, lr_0 = 4.7705e-04
Loss = 8.7370e-03, PNorm = 38.1954, GNorm = 0.8284, lr_0 = 4.7847e-04
Loss = 9.3386e-03, PNorm = 38.2202, GNorm = 0.5605, lr_0 = 4.7990e-04
Loss = 9.0031e-03, PNorm = 38.2534, GNorm = 1.1152, lr_0 = 4.8133e-04
Loss = 9.2540e-03, PNorm = 38.2839, GNorm = 0.7964, lr_0 = 4.8276e-04
Loss = 9.1768e-03, PNorm = 38.3145, GNorm = 1.1756, lr_0 = 4.8418e-04
Loss = 9.7758e-03, PNorm = 38.3532, GNorm = 1.0112, lr_0 = 4.8561e-04
Loss = 9.8211e-03, PNorm = 38.3830, GNorm = 0.5510, lr_0 = 4.8704e-04
Loss = 9.1035e-03, PNorm = 38.4074, GNorm = 1.8298, lr_0 = 4.8847e-04
Loss = 9.6517e-03, PNorm = 38.4329, GNorm = 0.7934, lr_0 = 4.8990e-04
Loss = 8.4127e-03, PNorm = 38.4644, GNorm = 1.2017, lr_0 = 4.9132e-04
Loss = 9.5573e-03, PNorm = 38.5032, GNorm = 0.8250, lr_0 = 4.9275e-04
Loss = 1.0283e-02, PNorm = 38.5288, GNorm = 0.9300, lr_0 = 4.9418e-04
Loss = 9.2083e-03, PNorm = 38.5445, GNorm = 1.0019, lr_0 = 4.9561e-04
Loss = 8.4464e-03, PNorm = 38.5753, GNorm = 1.4789, lr_0 = 4.9703e-04
Loss = 9.5174e-03, PNorm = 38.6111, GNorm = 1.2932, lr_0 = 4.9846e-04
Loss = 8.6408e-03, PNorm = 38.6481, GNorm = 1.2201, lr_0 = 4.9989e-04
Loss = 9.6464e-03, PNorm = 38.6841, GNorm = 1.3349, lr_0 = 5.0132e-04
Loss = 1.0006e-02, PNorm = 38.7132, GNorm = 1.3657, lr_0 = 5.0274e-04
Loss = 9.0330e-03, PNorm = 38.7422, GNorm = 0.6748, lr_0 = 5.0417e-04
Loss = 8.5932e-03, PNorm = 38.7812, GNorm = 0.7658, lr_0 = 5.0560e-04
Loss = 9.7457e-03, PNorm = 38.8070, GNorm = 0.9846, lr_0 = 5.0703e-04
Loss = 9.3921e-03, PNorm = 38.8218, GNorm = 0.7395, lr_0 = 5.0845e-04
Loss = 9.4107e-03, PNorm = 38.8475, GNorm = 1.6918, lr_0 = 5.0988e-04
Loss = 9.3174e-03, PNorm = 38.8790, GNorm = 0.9877, lr_0 = 5.1131e-04
Loss = 9.2110e-03, PNorm = 38.9090, GNorm = 0.7374, lr_0 = 5.1274e-04
Loss = 9.0913e-03, PNorm = 38.9477, GNorm = 0.7351, lr_0 = 5.1417e-04
Loss = 9.4601e-03, PNorm = 38.9796, GNorm = 2.1289, lr_0 = 5.1559e-04
Loss = 9.4895e-03, PNorm = 39.0157, GNorm = 0.9556, lr_0 = 5.1702e-04
Loss = 9.8773e-03, PNorm = 39.0468, GNorm = 0.5676, lr_0 = 5.1845e-04
Loss = 8.6244e-03, PNorm = 39.0844, GNorm = 0.7008, lr_0 = 5.1988e-04
Loss = 9.0301e-03, PNorm = 39.1207, GNorm = 1.3352, lr_0 = 5.2130e-04
Loss = 8.6382e-03, PNorm = 39.1583, GNorm = 0.8982, lr_0 = 5.2273e-04
Loss = 9.4925e-03, PNorm = 39.1993, GNorm = 0.6242, lr_0 = 5.2416e-04
Loss = 9.1021e-03, PNorm = 39.2387, GNorm = 1.0267, lr_0 = 5.2559e-04
Loss = 8.8686e-03, PNorm = 39.2805, GNorm = 1.4559, lr_0 = 5.2701e-04
Loss = 8.6931e-03, PNorm = 39.3220, GNorm = 1.3926, lr_0 = 5.2844e-04
Loss = 9.3324e-03, PNorm = 39.3471, GNorm = 1.4183, lr_0 = 5.2987e-04
Loss = 8.2812e-03, PNorm = 39.3798, GNorm = 0.7557, lr_0 = 5.3130e-04
