Fold 0
{'activation': 'ReLU',
 'atom_messages': False,
 'batch_size': 50,
 'bias': False,
 'checkpoint_dir': None,
 'checkpoint_path': None,
 'checkpoint_paths': None,
 'config_path': None,
 'crossval_index_dir': None,
 'crossval_index_file': None,
 'cuda': True,
 'data_path': 'dataset/splitted_csv_files_mpnn_models/mitochondrial_protein_tr.csv',
 'dataset_type': 'classification',
 'depth': 3,
 'dropout': 0.0,
 'ensemble_size': 1,
 'epochs': 50,
 'features_generator': None,
 'features_only': False,
 'features_path': None,
 'features_scaling': True,
 'ffn_hidden_size': 300,
 'ffn_num_layers': 2,
 'final_lr': 0.0001,
 'folds_file': None,
 'gpu': None,
 'hidden_size': 300,
 'init_lr': 0.0001,
 'log_frequency': 10,
 'max_data_size': None,
 'max_lr': 0.001,
 'metric': 'cohen_k',
 'minimize_score': False,
 'multiclass_num_classes': 3,
 'no_cache': False,
 'num_folds': 1,
 'num_lrs': 1,
 'quiet': False,
 'save_dir': 'saved_models/mitochondrial_protein/fold_0',
 'save_smiles_splits': False,
 'seed': 0,
 'separate_test_features_path': None,
 'separate_test_path': 'dataset/splitted_csv_files_mpnn_models/mitochondrial_protein_te.csv',
 'separate_val_features_path': None,
 'separate_val_path': 'dataset/splitted_csv_files_mpnn_models/mitochondrial_protein_va.csv',
 'show_individual_scores': False,
 'split_sizes': [0.8, 0.1, 0.1],
 'split_type': 'random',
 'test': False,
 'test_fold_index': None,
 'undirected': False,
 'use_compound_names': False,
 'use_input_features': None,
 'val_fold_index': None,
 'warmup_epochs': 2.0}
Loading data
Number of tasks = 1
Splitting data with seed 0
Class sizes
Label 0: 98.79%, 1: 1.21%
Total size = 157,623 | train size = 157,623 | val size = 33,668 | test size = 33,758
Building model 0
MoleculeModel(
  (sigmoid): Sigmoid()
  (encoder): MPN(
    (encoder): MPNEncoder(
      (dropout_layer): Dropout(p=0.0, inplace=False)
      (act_func): ReLU()
      (W_i): Linear(in_features=147, out_features=300, bias=False)
      (W_h): Linear(in_features=300, out_features=300, bias=False)
      (W_o): Linear(in_features=433, out_features=300, bias=True)
    )
  )
  (ffn): Sequential(
    (0): Dropout(p=0.0, inplace=False)
    (1): Linear(in_features=300, out_features=300, bias=True)
    (2): ReLU()
    (3): Dropout(p=0.0, inplace=False)
    (4): Linear(in_features=300, out_features=1, bias=True)
  )
)
Number of parameters = 354,901
Moving model to cuda
Epoch 0
Loss = 6.6965e-03, PNorm = 33.9588, GNorm = 1.3553, lr_0 = 1.0157e-04
Loss = 1.9852e-03, PNorm = 33.9638, GNorm = 0.3255, lr_0 = 1.0300e-04
Loss = 1.5071e-03, PNorm = 33.9667, GNorm = 0.2692, lr_0 = 1.0443e-04
Loss = 1.3400e-03, PNorm = 33.9669, GNorm = 0.1349, lr_0 = 1.0585e-04
Loss = 1.1992e-03, PNorm = 33.9666, GNorm = 0.1506, lr_0 = 1.0728e-04
Loss = 1.5399e-03, PNorm = 33.9659, GNorm = 0.2015, lr_0 = 1.0871e-04
Loss = 1.4961e-03, PNorm = 33.9659, GNorm = 0.1567, lr_0 = 1.1014e-04
Loss = 1.5379e-03, PNorm = 33.9658, GNorm = 0.2717, lr_0 = 1.1156e-04
Loss = 1.3445e-03, PNorm = 33.9671, GNorm = 0.2174, lr_0 = 1.1299e-04
Loss = 7.5152e-04, PNorm = 33.9686, GNorm = 0.2914, lr_0 = 1.1442e-04
Loss = 1.4597e-03, PNorm = 33.9684, GNorm = 0.1929, lr_0 = 1.1585e-04
Loss = 1.5252e-03, PNorm = 33.9683, GNorm = 0.2476, lr_0 = 1.1727e-04
Loss = 8.1508e-04, PNorm = 33.9708, GNorm = 0.1622, lr_0 = 1.1870e-04
Loss = 1.4706e-03, PNorm = 33.9716, GNorm = 0.2202, lr_0 = 1.2013e-04
Loss = 1.4239e-03, PNorm = 33.9722, GNorm = 0.2123, lr_0 = 1.2156e-04
Loss = 1.1481e-03, PNorm = 33.9745, GNorm = 0.2806, lr_0 = 1.2299e-04
Loss = 1.1114e-03, PNorm = 33.9751, GNorm = 0.2429, lr_0 = 1.2441e-04
Loss = 7.2407e-04, PNorm = 33.9771, GNorm = 0.1722, lr_0 = 1.2584e-04
Loss = 1.2406e-03, PNorm = 33.9792, GNorm = 1.0883, lr_0 = 1.2727e-04
Loss = 5.5866e-04, PNorm = 33.9788, GNorm = 0.1622, lr_0 = 1.2870e-04
Loss = 2.2400e-03, PNorm = 33.9760, GNorm = 0.1132, lr_0 = 1.3012e-04
Loss = 1.5502e-03, PNorm = 33.9772, GNorm = 0.1084, lr_0 = 1.3155e-04
Loss = 1.2249e-03, PNorm = 33.9821, GNorm = 0.2291, lr_0 = 1.3298e-04
Loss = 1.2307e-03, PNorm = 33.9870, GNorm = 0.2694, lr_0 = 1.3441e-04
Loss = 6.6426e-04, PNorm = 33.9879, GNorm = 0.1292, lr_0 = 1.3583e-04
Loss = 5.3375e-04, PNorm = 33.9917, GNorm = 0.3497, lr_0 = 1.3726e-04
Loss = 1.2938e-03, PNorm = 33.9895, GNorm = 0.3566, lr_0 = 1.3869e-04
Loss = 1.1066e-03, PNorm = 33.9885, GNorm = 0.0822, lr_0 = 1.4012e-04
Loss = 2.3329e-03, PNorm = 33.9884, GNorm = 0.0849, lr_0 = 1.4155e-04
Loss = 7.2713e-04, PNorm = 33.9949, GNorm = 0.2928, lr_0 = 1.4297e-04
Loss = 1.6286e-03, PNorm = 33.9957, GNorm = 0.1717, lr_0 = 1.4440e-04
Loss = 8.8325e-04, PNorm = 33.9962, GNorm = 0.1754, lr_0 = 1.4583e-04
Loss = 9.6415e-04, PNorm = 33.9992, GNorm = 0.2861, lr_0 = 1.4726e-04
Loss = 8.8642e-04, PNorm = 33.9980, GNorm = 0.1900, lr_0 = 1.4868e-04
Loss = 1.5706e-03, PNorm = 33.9979, GNorm = 0.1053, lr_0 = 1.5011e-04
Loss = 1.1975e-03, PNorm = 34.0007, GNorm = 0.2401, lr_0 = 1.5154e-04
Loss = 1.0550e-03, PNorm = 34.0042, GNorm = 0.1726, lr_0 = 1.5297e-04
Loss = 6.8548e-04, PNorm = 34.0075, GNorm = 0.1037, lr_0 = 1.5439e-04
Loss = 1.7897e-03, PNorm = 34.0059, GNorm = 0.1490, lr_0 = 1.5582e-04
Loss = 9.3986e-04, PNorm = 34.0076, GNorm = 0.1169, lr_0 = 1.5725e-04
Loss = 1.0970e-03, PNorm = 34.0101, GNorm = 0.1480, lr_0 = 1.5868e-04
Loss = 1.1860e-03, PNorm = 34.0134, GNorm = 0.1661, lr_0 = 1.6010e-04
Loss = 1.6743e-03, PNorm = 34.0145, GNorm = 0.4000, lr_0 = 1.6153e-04
Loss = 1.2414e-03, PNorm = 34.0162, GNorm = 0.4784, lr_0 = 1.6296e-04
Loss = 1.0857e-03, PNorm = 34.0207, GNorm = 0.2094, lr_0 = 1.6439e-04
Loss = 1.7636e-03, PNorm = 34.0194, GNorm = 0.4872, lr_0 = 1.6582e-04
Loss = 1.5626e-03, PNorm = 34.0215, GNorm = 0.2931, lr_0 = 1.6724e-04
Loss = 9.5644e-04, PNorm = 34.0296, GNorm = 0.1923, lr_0 = 1.6867e-04
Loss = 5.4607e-04, PNorm = 34.0389, GNorm = 0.0498, lr_0 = 1.7010e-04
Loss = 2.0395e-03, PNorm = 34.0325, GNorm = 0.2447, lr_0 = 1.7153e-04
Loss = 1.6701e-03, PNorm = 34.0323, GNorm = 0.1720, lr_0 = 1.7295e-04
Loss = 1.5020e-03, PNorm = 34.0410, GNorm = 0.2240, lr_0 = 1.7438e-04
Loss = 8.7050e-04, PNorm = 34.0503, GNorm = 0.3014, lr_0 = 1.7581e-04
Loss = 9.6231e-04, PNorm = 34.0471, GNorm = 0.2732, lr_0 = 1.7724e-04
Loss = 8.5254e-04, PNorm = 34.0480, GNorm = 0.1775, lr_0 = 1.7866e-04
Loss = 1.3219e-03, PNorm = 34.0492, GNorm = 0.1386, lr_0 = 1.8009e-04
Loss = 1.1860e-03, PNorm = 34.0520, GNorm = 0.2365, lr_0 = 1.8152e-04
Loss = 8.0897e-04, PNorm = 34.0606, GNorm = 0.0874, lr_0 = 1.8295e-04
Loss = 4.7571e-04, PNorm = 34.0661, GNorm = 0.3065, lr_0 = 1.8438e-04
Loss = 1.6121e-03, PNorm = 34.0585, GNorm = 0.2182, lr_0 = 1.8580e-04
Loss = 1.4817e-03, PNorm = 34.0585, GNorm = 0.2988, lr_0 = 1.8723e-04
Loss = 6.8853e-04, PNorm = 34.0657, GNorm = 0.1246, lr_0 = 1.8866e-04
Loss = 1.6242e-03, PNorm = 34.0650, GNorm = 0.1145, lr_0 = 1.9009e-04
Loss = 1.5029e-03, PNorm = 34.0625, GNorm = 0.2454, lr_0 = 1.9151e-04
Loss = 1.5414e-03, PNorm = 34.0669, GNorm = 0.0888, lr_0 = 1.9294e-04
Loss = 1.0743e-03, PNorm = 34.0749, GNorm = 0.1624, lr_0 = 1.9437e-04
Loss = 1.4064e-03, PNorm = 34.0778, GNorm = 0.2746, lr_0 = 1.9580e-04
Loss = 1.3963e-03, PNorm = 34.0770, GNorm = 0.3000, lr_0 = 1.9722e-04
Loss = 1.0806e-03, PNorm = 34.0883, GNorm = 0.5549, lr_0 = 1.9865e-04
Loss = 1.1931e-03, PNorm = 34.0908, GNorm = 0.1463, lr_0 = 2.0008e-04
Loss = 1.5655e-03, PNorm = 34.0928, GNorm = 0.2630, lr_0 = 2.0151e-04
Loss = 1.3850e-03, PNorm = 34.1012, GNorm = 0.2380, lr_0 = 2.0293e-04
Loss = 1.0259e-03, PNorm = 34.1127, GNorm = 0.2413, lr_0 = 2.0436e-04
Loss = 1.7372e-03, PNorm = 34.1134, GNorm = 0.0675, lr_0 = 2.0579e-04
Loss = 1.1188e-03, PNorm = 34.1257, GNorm = 0.5677, lr_0 = 2.0722e-04
Loss = 1.5486e-03, PNorm = 34.1266, GNorm = 0.2030, lr_0 = 2.0865e-04
Loss = 1.0408e-03, PNorm = 34.1337, GNorm = 0.4618, lr_0 = 2.1007e-04
Loss = 1.2313e-03, PNorm = 34.1380, GNorm = 0.1548, lr_0 = 2.1150e-04
Loss = 1.1558e-03, PNorm = 34.1422, GNorm = 0.1165, lr_0 = 2.1293e-04
Loss = 1.2433e-03, PNorm = 34.1518, GNorm = 0.7713, lr_0 = 2.1436e-04
Loss = 1.2146e-03, PNorm = 34.1579, GNorm = 0.2073, lr_0 = 2.1578e-04
Loss = 4.9137e-04, PNorm = 34.1724, GNorm = 0.0967, lr_0 = 2.1721e-04
Loss = 6.4678e-04, PNorm = 34.1815, GNorm = 0.0525, lr_0 = 2.1864e-04
Loss = 1.3445e-03, PNorm = 34.1756, GNorm = 0.1629, lr_0 = 2.2007e-04
Loss = 1.9917e-03, PNorm = 34.1782, GNorm = 0.4864, lr_0 = 2.2149e-04
Loss = 1.3044e-03, PNorm = 34.1953, GNorm = 0.5598, lr_0 = 2.2292e-04
Loss = 8.8897e-04, PNorm = 34.2006, GNorm = 0.2608, lr_0 = 2.2435e-04
Loss = 6.9900e-04, PNorm = 34.2034, GNorm = 0.2640, lr_0 = 2.2578e-04
Loss = 1.0292e-03, PNorm = 34.2042, GNorm = 0.1840, lr_0 = 2.2720e-04
Loss = 9.7286e-04, PNorm = 34.2078, GNorm = 0.2349, lr_0 = 2.2863e-04
Loss = 1.2089e-03, PNorm = 34.2146, GNorm = 0.1628, lr_0 = 2.3006e-04
Loss = 1.3526e-03, PNorm = 34.2192, GNorm = 0.4163, lr_0 = 2.3149e-04
Loss = 1.8190e-03, PNorm = 34.2245, GNorm = 0.0793, lr_0 = 2.3292e-04
Loss = 7.2525e-04, PNorm = 34.2382, GNorm = 0.3817, lr_0 = 2.3434e-04
Loss = 7.7315e-04, PNorm = 34.2430, GNorm = 0.0749, lr_0 = 2.3577e-04
Loss = 1.2718e-03, PNorm = 34.2394, GNorm = 0.1234, lr_0 = 2.3720e-04
Loss = 9.5260e-04, PNorm = 34.2477, GNorm = 0.0979, lr_0 = 2.3863e-04
Loss = 9.3435e-04, PNorm = 34.2580, GNorm = 0.1213, lr_0 = 2.4005e-04
Loss = 8.3963e-04, PNorm = 34.2651, GNorm = 0.2050, lr_0 = 2.4148e-04
Loss = 8.4530e-04, PNorm = 34.2705, GNorm = 0.2325, lr_0 = 2.4291e-04
Loss = 1.0668e-03, PNorm = 34.2822, GNorm = 0.4645, lr_0 = 2.4434e-04
Loss = 1.4921e-03, PNorm = 34.2876, GNorm = 0.1577, lr_0 = 2.4576e-04
Loss = 6.6709e-04, PNorm = 34.3021, GNorm = 0.1445, lr_0 = 2.4719e-04
Loss = 1.3622e-03, PNorm = 34.3054, GNorm = 0.2605, lr_0 = 2.4862e-04
Loss = 1.3141e-03, PNorm = 34.3056, GNorm = 0.3630, lr_0 = 2.5005e-04
Loss = 1.1445e-03, PNorm = 34.3162, GNorm = 0.2216, lr_0 = 2.5148e-04
Loss = 6.5995e-04, PNorm = 34.3381, GNorm = 0.0622, lr_0 = 2.5290e-04
Loss = 1.2554e-03, PNorm = 34.3385, GNorm = 0.2380, lr_0 = 2.5433e-04
Loss = 1.2266e-03, PNorm = 34.3423, GNorm = 0.1181, lr_0 = 2.5576e-04
Loss = 8.1550e-04, PNorm = 34.3606, GNorm = 0.1233, lr_0 = 2.5719e-04
Loss = 1.1976e-03, PNorm = 34.3666, GNorm = 0.0617, lr_0 = 2.5861e-04
Loss = 1.0077e-03, PNorm = 34.3578, GNorm = 0.2394, lr_0 = 2.6004e-04
Loss = 1.3782e-03, PNorm = 34.3687, GNorm = 0.1843, lr_0 = 2.6147e-04
Loss = 1.7292e-03, PNorm = 34.3834, GNorm = 0.2592, lr_0 = 2.6290e-04
Loss = 8.8459e-04, PNorm = 34.4018, GNorm = 0.1403, lr_0 = 2.6432e-04
Loss = 1.0972e-03, PNorm = 34.4117, GNorm = 0.1788, lr_0 = 2.6575e-04
Loss = 1.1741e-03, PNorm = 34.4275, GNorm = 0.4288, lr_0 = 2.6718e-04
Loss = 1.2314e-03, PNorm = 34.4454, GNorm = 0.2914, lr_0 = 2.6861e-04
Loss = 1.1998e-03, PNorm = 34.4634, GNorm = 0.2438, lr_0 = 2.7003e-04
Loss = 1.1980e-03, PNorm = 34.4697, GNorm = 0.0861, lr_0 = 2.7146e-04
Loss = 6.7742e-04, PNorm = 34.4929, GNorm = 0.5485, lr_0 = 2.7289e-04
Loss = 1.3877e-03, PNorm = 34.5008, GNorm = 0.4794, lr_0 = 2.7432e-04
Loss = 1.0771e-03, PNorm = 34.5142, GNorm = 0.6360, lr_0 = 2.7575e-04
Loss = 8.8233e-04, PNorm = 34.5160, GNorm = 0.1119, lr_0 = 2.7717e-04
Loss = 8.5118e-04, PNorm = 34.5232, GNorm = 0.2281, lr_0 = 2.7860e-04
Loss = 9.4490e-04, PNorm = 34.5331, GNorm = 0.1031, lr_0 = 2.8003e-04
Loss = 1.4653e-03, PNorm = 34.5477, GNorm = 0.2467, lr_0 = 2.8146e-04
Loss = 1.2638e-03, PNorm = 34.5696, GNorm = 0.1491, lr_0 = 2.8288e-04
Loss = 1.1222e-03, PNorm = 34.5826, GNorm = 0.5390, lr_0 = 2.8431e-04
Loss = 1.3393e-03, PNorm = 34.5985, GNorm = 0.4305, lr_0 = 2.8574e-04
Loss = 1.5566e-03, PNorm = 34.6078, GNorm = 0.6821, lr_0 = 2.8717e-04
Loss = 1.2261e-03, PNorm = 34.6267, GNorm = 0.2271, lr_0 = 2.8859e-04
Loss = 1.3670e-03, PNorm = 34.6481, GNorm = 0.1874, lr_0 = 2.9002e-04
Loss = 9.9422e-04, PNorm = 34.6631, GNorm = 0.3376, lr_0 = 2.9145e-04
Loss = 6.6512e-04, PNorm = 34.6733, GNorm = 0.1808, lr_0 = 2.9288e-04
Loss = 8.7825e-04, PNorm = 34.6824, GNorm = 0.2027, lr_0 = 2.9431e-04
Loss = 3.7412e-04, PNorm = 34.7070, GNorm = 0.0368, lr_0 = 2.9573e-04
Loss = 6.6397e-04, PNorm = 34.7089, GNorm = 0.0675, lr_0 = 2.9716e-04
Loss = 1.1846e-03, PNorm = 34.7034, GNorm = 0.1614, lr_0 = 2.9859e-04
Loss = 1.1309e-03, PNorm = 34.7185, GNorm = 0.2930, lr_0 = 3.0002e-04
Loss = 1.2101e-03, PNorm = 34.7337, GNorm = 0.0897, lr_0 = 3.0144e-04
Loss = 1.0226e-03, PNorm = 34.7338, GNorm = 0.1890, lr_0 = 3.0287e-04
Loss = 8.5061e-04, PNorm = 34.7482, GNorm = 0.1416, lr_0 = 3.0430e-04
Loss = 7.4873e-04, PNorm = 34.7645, GNorm = 0.0652, lr_0 = 3.0573e-04
Loss = 5.9872e-04, PNorm = 34.7733, GNorm = 0.0875, lr_0 = 3.0715e-04
Loss = 1.1335e-03, PNorm = 34.7723, GNorm = 0.1729, lr_0 = 3.0858e-04
Loss = 1.1556e-03, PNorm = 34.7805, GNorm = 0.1834, lr_0 = 3.1001e-04
Loss = 8.9790e-04, PNorm = 34.8021, GNorm = 0.1016, lr_0 = 3.1144e-04
Loss = 1.0217e-03, PNorm = 34.8138, GNorm = 0.1676, lr_0 = 3.1286e-04
Loss = 1.0857e-03, PNorm = 34.8268, GNorm = 0.4741, lr_0 = 3.1429e-04
Loss = 9.3742e-04, PNorm = 34.8375, GNorm = 0.2824, lr_0 = 3.1572e-04
Loss = 1.1344e-03, PNorm = 34.8507, GNorm = 0.2355, lr_0 = 3.1715e-04
Loss = 1.3783e-03, PNorm = 34.8640, GNorm = 0.1087, lr_0 = 3.1858e-04
Loss = 1.4362e-03, PNorm = 34.8808, GNorm = 0.1500, lr_0 = 3.2000e-04
Loss = 8.0285e-04, PNorm = 34.8889, GNorm = 0.1661, lr_0 = 3.2143e-04
Loss = 1.1101e-03, PNorm = 34.9040, GNorm = 0.1116, lr_0 = 3.2286e-04
Loss = 1.4938e-03, PNorm = 34.9132, GNorm = 0.2189, lr_0 = 3.2429e-04
Loss = 1.5718e-03, PNorm = 34.9402, GNorm = 0.4441, lr_0 = 3.2571e-04
Loss = 1.2797e-03, PNorm = 34.9670, GNorm = 0.1015, lr_0 = 3.2714e-04
Loss = 1.6586e-03, PNorm = 34.9874, GNorm = 0.2397, lr_0 = 3.2857e-04
Loss = 6.6593e-04, PNorm = 35.0178, GNorm = 0.0795, lr_0 = 3.3000e-04
Loss = 1.1520e-03, PNorm = 35.0252, GNorm = 0.0701, lr_0 = 3.3142e-04
Loss = 7.4989e-04, PNorm = 35.0305, GNorm = 0.5439, lr_0 = 3.3285e-04
Loss = 1.2132e-03, PNorm = 35.0229, GNorm = 0.1857, lr_0 = 3.3428e-04
Loss = 1.2121e-03, PNorm = 35.0411, GNorm = 0.1091, lr_0 = 3.3571e-04
Loss = 8.2445e-04, PNorm = 35.0662, GNorm = 0.0711, lr_0 = 3.3714e-04
Loss = 1.1888e-03, PNorm = 35.0827, GNorm = 0.1068, lr_0 = 3.3856e-04
Loss = 1.2644e-03, PNorm = 35.0980, GNorm = 0.1273, lr_0 = 3.3999e-04
Loss = 1.8354e-03, PNorm = 35.0967, GNorm = 0.4792, lr_0 = 3.4142e-04
Loss = 1.2974e-03, PNorm = 35.1168, GNorm = 0.1470, lr_0 = 3.4285e-04
Loss = 6.8393e-04, PNorm = 35.1405, GNorm = 0.0830, lr_0 = 3.4427e-04
Loss = 1.1658e-03, PNorm = 35.1575, GNorm = 0.2923, lr_0 = 3.4570e-04
Loss = 5.9981e-04, PNorm = 35.1981, GNorm = 0.0554, lr_0 = 3.4713e-04
Loss = 1.7975e-03, PNorm = 35.1993, GNorm = 0.2495, lr_0 = 3.4856e-04
Loss = 1.3602e-03, PNorm = 35.2194, GNorm = 0.1605, lr_0 = 3.4998e-04
Loss = 1.4547e-03, PNorm = 35.2407, GNorm = 0.1580, lr_0 = 3.5141e-04
Loss = 8.0988e-04, PNorm = 35.2702, GNorm = 0.3087, lr_0 = 3.5284e-04
Loss = 5.7707e-04, PNorm = 35.2855, GNorm = 0.3181, lr_0 = 3.5427e-04
Loss = 7.2277e-04, PNorm = 35.2860, GNorm = 0.2449, lr_0 = 3.5569e-04
Loss = 1.5168e-03, PNorm = 35.2977, GNorm = 0.2505, lr_0 = 3.5712e-04
Loss = 7.6621e-04, PNorm = 35.3350, GNorm = 0.0478, lr_0 = 3.5855e-04
Loss = 8.5087e-04, PNorm = 35.3545, GNorm = 0.3070, lr_0 = 3.5998e-04
Loss = 1.5825e-03, PNorm = 35.3602, GNorm = 0.2161, lr_0 = 3.6141e-04
Loss = 7.4809e-04, PNorm = 35.3737, GNorm = 0.0826, lr_0 = 3.6283e-04
Loss = 9.1365e-04, PNorm = 35.3839, GNorm = 0.3812, lr_0 = 3.6426e-04
Loss = 1.3841e-03, PNorm = 35.3993, GNorm = 0.3128, lr_0 = 3.6569e-04
Loss = 1.5143e-03, PNorm = 35.4259, GNorm = 0.2709, lr_0 = 3.6712e-04
Loss = 9.4711e-04, PNorm = 35.4647, GNorm = 0.0736, lr_0 = 3.6854e-04
Loss = 8.3988e-04, PNorm = 35.4900, GNorm = 0.2748, lr_0 = 3.6997e-04
Loss = 1.5239e-03, PNorm = 35.5071, GNorm = 0.2842, lr_0 = 3.7140e-04
Loss = 7.8379e-04, PNorm = 35.5446, GNorm = 0.7205, lr_0 = 3.7283e-04
Loss = 1.0349e-03, PNorm = 35.5520, GNorm = 0.4403, lr_0 = 3.7425e-04
Loss = 5.9333e-04, PNorm = 35.5710, GNorm = 0.1238, lr_0 = 3.7568e-04
Loss = 6.5406e-04, PNorm = 35.5811, GNorm = 0.1741, lr_0 = 3.7711e-04
Loss = 1.0348e-03, PNorm = 35.6004, GNorm = 0.1681, lr_0 = 3.7854e-04
Loss = 1.6568e-03, PNorm = 35.6089, GNorm = 0.6163, lr_0 = 3.7997e-04
Loss = 5.9752e-04, PNorm = 35.6504, GNorm = 0.0194, lr_0 = 3.8139e-04
Loss = 8.5155e-04, PNorm = 35.6606, GNorm = 0.7258, lr_0 = 3.8282e-04
Loss = 1.0748e-03, PNorm = 35.6559, GNorm = 0.3008, lr_0 = 3.8425e-04
Loss = 1.3487e-03, PNorm = 35.6942, GNorm = 0.1310, lr_0 = 3.8568e-04
Loss = 1.1270e-03, PNorm = 35.7171, GNorm = 0.1846, lr_0 = 3.8710e-04
Loss = 1.4208e-03, PNorm = 35.7386, GNorm = 0.2123, lr_0 = 3.8853e-04
Loss = 1.1747e-03, PNorm = 35.7802, GNorm = 0.3070, lr_0 = 3.8996e-04
Loss = 9.2381e-04, PNorm = 35.8040, GNorm = 0.2771, lr_0 = 3.9139e-04
Loss = 8.7168e-04, PNorm = 35.8289, GNorm = 0.5092, lr_0 = 3.9281e-04
Loss = 1.1289e-03, PNorm = 35.8534, GNorm = 0.2799, lr_0 = 3.9424e-04
Loss = 7.1659e-04, PNorm = 35.8898, GNorm = 0.3563, lr_0 = 3.9567e-04
Loss = 8.9619e-04, PNorm = 35.9018, GNorm = 0.3356, lr_0 = 3.9710e-04
Loss = 1.4914e-03, PNorm = 35.9195, GNorm = 0.2690, lr_0 = 3.9852e-04
Loss = 1.1015e-03, PNorm = 35.9630, GNorm = 0.3751, lr_0 = 3.9995e-04
Loss = 8.2913e-04, PNorm = 36.0073, GNorm = 0.3018, lr_0 = 4.0138e-04
Loss = 1.4625e-03, PNorm = 36.0355, GNorm = 0.4343, lr_0 = 4.0281e-04
Loss = 7.5218e-04, PNorm = 36.0353, GNorm = 0.2295, lr_0 = 4.0424e-04
Loss = 1.3822e-03, PNorm = 36.0417, GNorm = 0.2546, lr_0 = 4.0566e-04
Loss = 1.5746e-03, PNorm = 36.0764, GNorm = 0.1234, lr_0 = 4.0709e-04
Loss = 1.4373e-03, PNorm = 36.1029, GNorm = 0.0468, lr_0 = 4.0852e-04
Loss = 1.1464e-03, PNorm = 36.1029, GNorm = 0.1905, lr_0 = 4.0995e-04
Loss = 1.1202e-03, PNorm = 36.1332, GNorm = 0.1126, lr_0 = 4.1137e-04
Loss = 1.1117e-03, PNorm = 36.1622, GNorm = 0.1067, lr_0 = 4.1280e-04
Loss = 2.1012e-03, PNorm = 36.1667, GNorm = 0.3597, lr_0 = 4.1423e-04
Loss = 7.4554e-04, PNorm = 36.2103, GNorm = 0.0676, lr_0 = 4.1566e-04
Loss = 1.0812e-03, PNorm = 36.2285, GNorm = 0.6201, lr_0 = 4.1708e-04
Loss = 5.7462e-04, PNorm = 36.2243, GNorm = 0.1972, lr_0 = 4.1851e-04
Loss = 9.6962e-04, PNorm = 36.2422, GNorm = 0.1971, lr_0 = 4.1994e-04
Loss = 1.3205e-03, PNorm = 36.2639, GNorm = 0.3097, lr_0 = 4.2137e-04
Loss = 1.0287e-03, PNorm = 36.2663, GNorm = 0.3481, lr_0 = 4.2280e-04
Loss = 9.7802e-04, PNorm = 36.3144, GNorm = 0.1123, lr_0 = 4.2422e-04
Loss = 1.2928e-03, PNorm = 36.3337, GNorm = 0.3717, lr_0 = 4.2565e-04
Loss = 8.7504e-04, PNorm = 36.3534, GNorm = 0.1660, lr_0 = 4.2708e-04
Loss = 6.1704e-04, PNorm = 36.3924, GNorm = 0.6834, lr_0 = 4.2851e-04
Loss = 1.6413e-03, PNorm = 36.3826, GNorm = 0.1279, lr_0 = 4.2993e-04
Loss = 6.1504e-04, PNorm = 36.4193, GNorm = 0.2397, lr_0 = 4.3136e-04
Loss = 1.5096e-03, PNorm = 36.4338, GNorm = 0.3453, lr_0 = 4.3279e-04
Loss = 1.2333e-03, PNorm = 36.4574, GNorm = 0.2690, lr_0 = 4.3422e-04
Loss = 1.5564e-03, PNorm = 36.4808, GNorm = 0.3566, lr_0 = 4.3564e-04
Loss = 9.0794e-04, PNorm = 36.5031, GNorm = 0.1350, lr_0 = 4.3707e-04
Loss = 1.3626e-03, PNorm = 36.5256, GNorm = 0.2613, lr_0 = 4.3850e-04
Loss = 8.6048e-04, PNorm = 36.5662, GNorm = 0.3982, lr_0 = 4.3993e-04
Loss = 4.3511e-04, PNorm = 36.5914, GNorm = 0.0584, lr_0 = 4.4135e-04
Loss = 1.3321e-03, PNorm = 36.6006, GNorm = 0.3120, lr_0 = 4.4278e-04
Loss = 1.2425e-03, PNorm = 36.6328, GNorm = 0.2600, lr_0 = 4.4421e-04
Loss = 5.8148e-04, PNorm = 36.6580, GNorm = 0.0519, lr_0 = 4.4564e-04
Loss = 1.1655e-03, PNorm = 36.6750, GNorm = 0.1922, lr_0 = 4.4707e-04
Loss = 1.4789e-03, PNorm = 36.7152, GNorm = 0.2239, lr_0 = 4.4849e-04
Loss = 8.5131e-04, PNorm = 36.7696, GNorm = 0.0309, lr_0 = 4.4992e-04
Loss = 9.8039e-04, PNorm = 36.7996, GNorm = 0.2013, lr_0 = 4.5135e-04
Loss = 8.6808e-04, PNorm = 36.8276, GNorm = 0.2394, lr_0 = 4.5278e-04
Loss = 3.2415e-04, PNorm = 36.8561, GNorm = 0.0444, lr_0 = 4.5420e-04
Loss = 1.1533e-03, PNorm = 36.8613, GNorm = 0.2595, lr_0 = 4.5563e-04
Loss = 1.0988e-03, PNorm = 36.8908, GNorm = 0.1039, lr_0 = 4.5706e-04
Loss = 1.1063e-03, PNorm = 36.9296, GNorm = 0.0636, lr_0 = 4.5849e-04
Loss = 1.7909e-03, PNorm = 36.9200, GNorm = 0.2878, lr_0 = 4.5991e-04
Loss = 1.1404e-03, PNorm = 36.9590, GNorm = 0.1036, lr_0 = 4.6134e-04
Loss = 3.7045e-04, PNorm = 37.0050, GNorm = 0.0216, lr_0 = 4.6277e-04
Loss = 5.8790e-04, PNorm = 37.0311, GNorm = 0.0618, lr_0 = 4.6420e-04
Loss = 7.7298e-04, PNorm = 37.0422, GNorm = 0.0826, lr_0 = 4.6563e-04
Loss = 2.4851e-04, PNorm = 37.0574, GNorm = 0.0321, lr_0 = 4.6705e-04
Loss = 1.3294e-03, PNorm = 37.0655, GNorm = 0.2260, lr_0 = 4.6848e-04
Loss = 1.5332e-03, PNorm = 37.0910, GNorm = 0.2677, lr_0 = 4.6991e-04
Loss = 9.7367e-04, PNorm = 37.1331, GNorm = 0.0891, lr_0 = 4.7134e-04
Loss = 5.7686e-04, PNorm = 37.1560, GNorm = 0.1883, lr_0 = 4.7276e-04
Loss = 5.4368e-04, PNorm = 37.1988, GNorm = 0.0911, lr_0 = 4.7419e-04
Loss = 1.0871e-03, PNorm = 37.2143, GNorm = 0.0174, lr_0 = 4.7562e-04
Loss = 1.2624e-03, PNorm = 37.2051, GNorm = 0.2607, lr_0 = 4.7705e-04
Loss = 1.2647e-03, PNorm = 37.2205, GNorm = 0.1292, lr_0 = 4.7847e-04
Loss = 1.1813e-03, PNorm = 37.2497, GNorm = 0.4174, lr_0 = 4.7990e-04
Loss = 8.1121e-04, PNorm = 37.2720, GNorm = 0.2342, lr_0 = 4.8133e-04
Loss = 1.1664e-03, PNorm = 37.2808, GNorm = 0.1711, lr_0 = 4.8276e-04
Loss = 6.4614e-04, PNorm = 37.3124, GNorm = 0.0517, lr_0 = 4.8418e-04
Loss = 7.3887e-04, PNorm = 37.3248, GNorm = 0.0258, lr_0 = 4.8561e-04
Loss = 1.0961e-03, PNorm = 37.3225, GNorm = 0.4554, lr_0 = 4.8704e-04
Loss = 8.3416e-04, PNorm = 37.3396, GNorm = 0.1381, lr_0 = 4.8847e-04
Loss = 7.0236e-04, PNorm = 37.3762, GNorm = 0.2622, lr_0 = 4.8990e-04
Loss = 4.7408e-04, PNorm = 37.3952, GNorm = 0.1396, lr_0 = 4.9132e-04
Loss = 5.2281e-04, PNorm = 37.4117, GNorm = 0.0610, lr_0 = 4.9275e-04
Loss = 8.4086e-04, PNorm = 37.4114, GNorm = 0.1040, lr_0 = 4.9418e-04
Loss = 8.1086e-04, PNorm = 37.4241, GNorm = 0.0719, lr_0 = 4.9561e-04
Loss = 8.2406e-04, PNorm = 37.4370, GNorm = 0.1984, lr_0 = 4.9703e-04
Loss = 4.2102e-04, PNorm = 37.4583, GNorm = 0.1276, lr_0 = 4.9846e-04
Loss = 1.0096e-03, PNorm = 37.4648, GNorm = 0.2855, lr_0 = 4.9989e-04
Loss = 8.9026e-04, PNorm = 37.4883, GNorm = 0.5184, lr_0 = 5.0132e-04
Loss = 8.1125e-04, PNorm = 37.5286, GNorm = 0.1746, lr_0 = 5.0274e-04
Loss = 2.7164e-04, PNorm = 37.5658, GNorm = 0.0412, lr_0 = 5.0417e-04
Loss = 5.0741e-04, PNorm = 37.5879, GNorm = 0.0127, lr_0 = 5.0560e-04
Loss = 1.1114e-03, PNorm = 37.5894, GNorm = 0.1794, lr_0 = 5.0703e-04
Loss = 4.4928e-04, PNorm = 37.6228, GNorm = 0.0488, lr_0 = 5.0845e-04
Loss = 1.5067e-03, PNorm = 37.6515, GNorm = 0.2007, lr_0 = 5.0988e-04
Loss = 1.2192e-03, PNorm = 37.6862, GNorm = 0.3971, lr_0 = 5.1131e-04
Loss = 8.3432e-04, PNorm = 37.7164, GNorm = 0.2093, lr_0 = 5.1274e-04
Loss = 1.3068e-03, PNorm = 37.7376, GNorm = 0.0629, lr_0 = 5.1417e-04
Loss = 8.4189e-04, PNorm = 37.7478, GNorm = 0.1660, lr_0 = 5.1559e-04
Loss = 4.4444e-04, PNorm = 37.7943, GNorm = 0.6184, lr_0 = 5.1702e-04
Loss = 1.6783e-03, PNorm = 37.8141, GNorm = 0.3698, lr_0 = 5.1845e-04
Loss = 7.7481e-04, PNorm = 37.8568, GNorm = 0.2953, lr_0 = 5.1988e-04
Loss = 1.0449e-03, PNorm = 37.8706, GNorm = 0.2385, lr_0 = 5.2130e-04
Loss = 5.5004e-04, PNorm = 37.9155, GNorm = 0.1620, lr_0 = 5.2273e-04
Loss = 6.1157e-04, PNorm = 37.9412, GNorm = 0.0416, lr_0 = 5.2416e-04
Loss = 1.0480e-03, PNorm = 37.9460, GNorm = 0.6743, lr_0 = 5.2559e-04
Loss = 2.9766e-04, PNorm = 37.9531, GNorm = 0.2225, lr_0 = 5.2701e-04
Loss = 3.2904e-04, PNorm = 37.9631, GNorm = 0.0487, lr_0 = 5.2844e-04
Loss = 8.6057e-04, PNorm = 37.9578, GNorm = 0.1014, lr_0 = 5.2987e-04
Loss = 4.8233e-04, PNorm = 37.9841, GNorm = 0.0766, lr_0 = 5.3130e-04
