Fold 0
{'activation': 'ReLU',
 'atom_messages': False,
 'batch_size': 50,
 'bias': False,
 'checkpoint_dir': None,
 'checkpoint_path': None,
 'checkpoint_paths': None,
 'config_path': None,
 'crossval_index_dir': None,
 'crossval_index_file': None,
 'cuda': True,
 'data_path': 'dataset/splitted_csv_files_mpnn_models/cytoplasmic_bodies_tr.csv',
 'dataset_type': 'classification',
 'depth': 3,
 'dropout': 0.0,
 'ensemble_size': 1,
 'epochs': 50,
 'features_generator': None,
 'features_only': False,
 'features_path': None,
 'features_scaling': True,
 'ffn_hidden_size': 300,
 'ffn_num_layers': 2,
 'final_lr': 0.0001,
 'folds_file': None,
 'gpu': None,
 'hidden_size': 300,
 'init_lr': 0.0001,
 'log_frequency': 10,
 'max_data_size': None,
 'max_lr': 0.001,
 'metric': 'cohen_k',
 'minimize_score': False,
 'multiclass_num_classes': 3,
 'no_cache': False,
 'num_folds': 1,
 'num_lrs': 1,
 'quiet': False,
 'save_dir': 'saved_models/cytoplasmic_bodies/fold_0',
 'save_smiles_splits': False,
 'seed': 0,
 'separate_test_features_path': None,
 'separate_test_path': 'dataset/splitted_csv_files_mpnn_models/cytoplasmic_bodies_te.csv',
 'separate_val_features_path': None,
 'separate_val_path': 'dataset/splitted_csv_files_mpnn_models/cytoplasmic_bodies_va.csv',
 'show_individual_scores': False,
 'split_sizes': [0.8, 0.1, 0.1],
 'split_type': 'random',
 'test': False,
 'test_fold_index': None,
 'undirected': False,
 'use_compound_names': False,
 'use_input_features': None,
 'val_fold_index': None,
 'warmup_epochs': 2.0}
Loading data
Number of tasks = 1
Splitting data with seed 0
Class sizes
Label 0: 99.88%, 1: 0.12%
Total size = 157,623 | train size = 157,623 | val size = 33,668 | test size = 33,758
Building model 0
MoleculeModel(
  (sigmoid): Sigmoid()
  (encoder): MPN(
    (encoder): MPNEncoder(
      (dropout_layer): Dropout(p=0.0, inplace=False)
      (act_func): ReLU()
      (W_i): Linear(in_features=147, out_features=300, bias=False)
      (W_h): Linear(in_features=300, out_features=300, bias=False)
      (W_o): Linear(in_features=433, out_features=300, bias=True)
    )
  )
  (ffn): Sequential(
    (0): Dropout(p=0.0, inplace=False)
    (1): Linear(in_features=300, out_features=300, bias=True)
    (2): ReLU()
    (3): Dropout(p=0.0, inplace=False)
    (4): Linear(in_features=300, out_features=1, bias=True)
  )
)
Number of parameters = 354,901
Moving model to cuda
Epoch 0
Loss = 8.8904e-03, PNorm = 33.9545, GNorm = 1.9130, lr_0 = 1.0157e-04
Loss = 2.0538e-03, PNorm = 33.9604, GNorm = 0.6044, lr_0 = 1.0300e-04
Loss = 4.1608e-04, PNorm = 33.9663, GNorm = 0.1770, lr_0 = 1.0443e-04
Loss = 9.9186e-05, PNorm = 33.9705, GNorm = 0.0583, lr_0 = 1.0585e-04
Loss = 3.1134e-04, PNorm = 33.9728, GNorm = 0.0298, lr_0 = 1.0728e-04
Loss = 2.6357e-04, PNorm = 33.9730, GNorm = 0.0255, lr_0 = 1.0871e-04
Loss = 4.2741e-05, PNorm = 33.9736, GNorm = 0.0212, lr_0 = 1.1014e-04
Loss = 1.9057e-05, PNorm = 33.9745, GNorm = 0.0234, lr_0 = 1.1156e-04
Loss = 1.3150e-05, PNorm = 33.9754, GNorm = 0.0165, lr_0 = 1.1299e-04
Loss = 1.0105e-05, PNorm = 33.9764, GNorm = 0.0127, lr_0 = 1.1442e-04
Loss = 6.9629e-06, PNorm = 33.9774, GNorm = 0.0072, lr_0 = 1.1585e-04
Loss = 3.4402e-04, PNorm = 33.9762, GNorm = 0.0119, lr_0 = 1.1727e-04
Loss = 8.5503e-06, PNorm = 33.9760, GNorm = 0.0115, lr_0 = 1.1870e-04
Loss = 1.1706e-05, PNorm = 33.9765, GNorm = 0.0110, lr_0 = 1.2013e-04
Loss = 3.6351e-04, PNorm = 33.9758, GNorm = 0.0157, lr_0 = 1.2156e-04
Loss = 1.2134e-05, PNorm = 33.9755, GNorm = 0.0173, lr_0 = 1.2299e-04
Loss = 1.1524e-05, PNorm = 33.9761, GNorm = 0.0134, lr_0 = 1.2441e-04
Loss = 9.6041e-06, PNorm = 33.9770, GNorm = 0.0114, lr_0 = 1.2584e-04
Loss = 6.5086e-04, PNorm = 33.9741, GNorm = 0.0219, lr_0 = 1.2727e-04
Loss = 2.4336e-05, PNorm = 33.9738, GNorm = 0.0258, lr_0 = 1.2870e-04
Loss = 5.5889e-04, PNorm = 33.9721, GNorm = 0.0496, lr_0 = 1.3012e-04
Loss = 3.9862e-05, PNorm = 33.9728, GNorm = 0.0390, lr_0 = 1.3155e-04
Loss = 3.1311e-04, PNorm = 33.9730, GNorm = 0.0400, lr_0 = 1.3298e-04
Loss = 3.2102e-04, PNorm = 33.9733, GNorm = 0.0329, lr_0 = 1.3441e-04
Loss = 3.2725e-05, PNorm = 33.9739, GNorm = 0.0324, lr_0 = 1.3583e-04
Loss = 2.7557e-05, PNorm = 33.9753, GNorm = 0.0247, lr_0 = 1.3726e-04
Loss = 3.0065e-04, PNorm = 33.9754, GNorm = 0.0248, lr_0 = 1.3869e-04
Loss = 6.0306e-04, PNorm = 33.9743, GNorm = 0.0484, lr_0 = 1.4012e-04
Loss = 4.3636e-05, PNorm = 33.9745, GNorm = 0.0456, lr_0 = 1.4155e-04
Loss = 3.0645e-04, PNorm = 33.9751, GNorm = 0.0485, lr_0 = 1.4297e-04
Loss = 2.9466e-04, PNorm = 33.9757, GNorm = 0.0411, lr_0 = 1.4440e-04
Loss = 4.7396e-04, PNorm = 33.9763, GNorm = 0.4235, lr_0 = 1.4583e-04
Loss = 4.2813e-05, PNorm = 33.9767, GNorm = 0.0388, lr_0 = 1.4726e-04
Loss = 2.7932e-04, PNorm = 33.9776, GNorm = 0.0405, lr_0 = 1.4868e-04
Loss = 3.0531e-04, PNorm = 33.9788, GNorm = 0.0368, lr_0 = 1.5011e-04
Loss = 2.9325e-05, PNorm = 33.9805, GNorm = 0.0275, lr_0 = 1.5154e-04
Loss = 5.9362e-04, PNorm = 33.9784, GNorm = 0.0525, lr_0 = 1.5297e-04
Loss = 3.2559e-04, PNorm = 33.9788, GNorm = 0.0503, lr_0 = 1.5439e-04
Loss = 4.4759e-05, PNorm = 33.9802, GNorm = 0.0372, lr_0 = 1.5582e-04
Loss = 2.8447e-05, PNorm = 33.9831, GNorm = 0.0283, lr_0 = 1.5725e-04
Loss = 1.3303e-05, PNorm = 33.9857, GNorm = 0.0119, lr_0 = 1.5868e-04
Loss = 3.5135e-04, PNorm = 33.9855, GNorm = 0.0115, lr_0 = 1.6010e-04
Loss = 1.3460e-05, PNorm = 33.9847, GNorm = 0.0171, lr_0 = 1.6153e-04
Loss = 1.6895e-05, PNorm = 33.9863, GNorm = 0.0155, lr_0 = 1.6296e-04
Loss = 3.3054e-04, PNorm = 33.9854, GNorm = 0.0247, lr_0 = 1.6439e-04
Loss = 5.7843e-04, PNorm = 33.9839, GNorm = 0.4394, lr_0 = 1.6582e-04
Loss = 4.7792e-05, PNorm = 33.9850, GNorm = 0.0471, lr_0 = 1.6724e-04
Loss = 3.2527e-04, PNorm = 33.9885, GNorm = 0.5069, lr_0 = 1.6867e-04
Loss = 2.4821e-05, PNorm = 33.9891, GNorm = 0.0301, lr_0 = 1.7010e-04
Loss = 1.9511e-05, PNorm = 33.9918, GNorm = 0.0203, lr_0 = 1.7153e-04
Loss = 1.1379e-05, PNorm = 33.9955, GNorm = 0.0091, lr_0 = 1.7295e-04
Loss = 4.2277e-06, PNorm = 33.9988, GNorm = 0.0043, lr_0 = 1.7438e-04
Loss = 6.7191e-04, PNorm = 33.9950, GNorm = 0.5551, lr_0 = 1.7581e-04
Loss = 8.2681e-04, PNorm = 33.9880, GNorm = 0.0883, lr_0 = 1.7724e-04
Loss = 2.4831e-04, PNorm = 33.9900, GNorm = 0.1183, lr_0 = 1.7866e-04
Loss = 5.0832e-04, PNorm = 33.9955, GNorm = 0.0571, lr_0 = 1.8009e-04
Loss = 3.0048e-04, PNorm = 33.9985, GNorm = 0.0553, lr_0 = 1.8152e-04
Loss = 2.8810e-04, PNorm = 34.0006, GNorm = 0.0336, lr_0 = 1.8295e-04
Loss = 3.0326e-04, PNorm = 33.9995, GNorm = 0.0448, lr_0 = 1.8438e-04
Loss = 3.4438e-05, PNorm = 34.0020, GNorm = 0.0313, lr_0 = 1.8580e-04
Loss = 1.9492e-05, PNorm = 34.0057, GNorm = 0.0154, lr_0 = 1.8723e-04
Loss = 3.0930e-04, PNorm = 34.0055, GNorm = 0.0191, lr_0 = 1.8866e-04
Loss = 1.6579e-05, PNorm = 34.0072, GNorm = 0.0180, lr_0 = 1.9009e-04
Loss = 1.1054e-05, PNorm = 34.0097, GNorm = 0.0122, lr_0 = 1.9151e-04
Loss = 4.1883e-04, PNorm = 34.0069, GNorm = 0.0133, lr_0 = 1.9294e-04
Loss = 2.0042e-05, PNorm = 34.0035, GNorm = 0.0261, lr_0 = 1.9437e-04
Loss = 2.0494e-05, PNorm = 34.0045, GNorm = 0.0190, lr_0 = 1.9580e-04
Loss = 5.5150e-04, PNorm = 34.0005, GNorm = 0.0334, lr_0 = 1.9722e-04
Loss = 3.9131e-05, PNorm = 33.9999, GNorm = 0.0391, lr_0 = 1.9865e-04
Loss = 3.1269e-04, PNorm = 34.0016, GNorm = 0.0247, lr_0 = 2.0008e-04
Loss = 3.3470e-04, PNorm = 34.0009, GNorm = 0.0334, lr_0 = 2.0151e-04
Loss = 3.8663e-05, PNorm = 34.0004, GNorm = 0.0412, lr_0 = 2.0293e-04
Loss = 2.7836e-05, PNorm = 34.0030, GNorm = 0.0213, lr_0 = 2.0436e-04
Loss = 5.4499e-04, PNorm = 34.0018, GNorm = 0.0332, lr_0 = 2.0579e-04
Loss = 3.7710e-05, PNorm = 34.0034, GNorm = 0.0384, lr_0 = 2.0722e-04
Loss = 2.2474e-05, PNorm = 34.0086, GNorm = 0.0134, lr_0 = 2.0865e-04
Loss = 6.2068e-06, PNorm = 34.0153, GNorm = 0.0034, lr_0 = 2.1007e-04
Loss = 1.2623e-06, PNorm = 34.0210, GNorm = 0.0010, lr_0 = 2.1150e-04
Loss = 3.9895e-07, PNorm = 34.0249, GNorm = 0.0005, lr_0 = 2.1293e-04
Loss = 5.2508e-04, PNorm = 34.0229, GNorm = 0.0007, lr_0 = 2.1436e-04
Loss = 2.2145e-06, PNorm = 34.0172, GNorm = 0.0065, lr_0 = 2.1578e-04
Loss = 6.4758e-04, PNorm = 34.0091, GNorm = 0.0573, lr_0 = 2.1721e-04
Loss = 2.9277e-04, PNorm = 34.0091, GNorm = 0.0855, lr_0 = 2.1864e-04
Loss = 4.4150e-05, PNorm = 34.0151, GNorm = 0.0230, lr_0 = 2.2007e-04
Loss = 1.1065e-05, PNorm = 34.0203, GNorm = 0.0083, lr_0 = 2.2149e-04
Loss = 4.0180e-04, PNorm = 34.0204, GNorm = 0.0051, lr_0 = 2.2292e-04
Loss = 7.0972e-04, PNorm = 34.0104, GNorm = 0.0800, lr_0 = 2.2435e-04
Loss = 3.2178e-04, PNorm = 34.0114, GNorm = 0.1001, lr_0 = 2.2578e-04
Loss = 2.7760e-04, PNorm = 34.0155, GNorm = 0.0427, lr_0 = 2.2720e-04
Loss = 2.7392e-05, PNorm = 34.0191, GNorm = 0.0190, lr_0 = 2.2863e-04
Loss = 1.0119e-05, PNorm = 34.0221, GNorm = 0.0085, lr_0 = 2.3006e-04
Loss = 5.4472e-06, PNorm = 34.0241, GNorm = 0.0053, lr_0 = 2.3149e-04
Loss = 6.9937e-04, PNorm = 34.0208, GNorm = 0.0120, lr_0 = 2.3292e-04
Loss = 3.2335e-04, PNorm = 34.0156, GNorm = 0.0810, lr_0 = 2.3434e-04
Loss = 7.2478e-05, PNorm = 34.0187, GNorm = 0.0521, lr_0 = 2.3577e-04
Loss = 2.9544e-05, PNorm = 34.0244, GNorm = 0.0199, lr_0 = 2.3720e-04
Loss = 1.1340e-05, PNorm = 34.0292, GNorm = 0.0079, lr_0 = 2.3863e-04
Loss = 3.8600e-06, PNorm = 34.0322, GNorm = 0.0043, lr_0 = 2.4005e-04
Loss = 4.0705e-04, PNorm = 34.0291, GNorm = 0.0121, lr_0 = 2.4148e-04
Loss = 1.1819e-05, PNorm = 34.0310, GNorm = 0.0152, lr_0 = 2.4291e-04
Loss = 8.1347e-04, PNorm = 34.0283, GNorm = 0.3069, lr_0 = 2.4434e-04
Loss = 3.1427e-04, PNorm = 34.0276, GNorm = 0.1009, lr_0 = 2.4576e-04
Loss = 7.6339e-05, PNorm = 34.0360, GNorm = 0.0347, lr_0 = 2.4719e-04
Loss = 3.0252e-04, PNorm = 34.0393, GNorm = 0.0275, lr_0 = 2.4862e-04
Loss = 1.8051e-05, PNorm = 34.0430, GNorm = 0.0134, lr_0 = 2.5005e-04
Loss = 7.8819e-06, PNorm = 34.0486, GNorm = 0.0050, lr_0 = 2.5148e-04
Loss = 3.6721e-04, PNorm = 34.0499, GNorm = 0.0050, lr_0 = 2.5290e-04
Loss = 7.5110e-06, PNorm = 34.0484, GNorm = 0.0091, lr_0 = 2.5433e-04
Loss = 7.0022e-06, PNorm = 34.0538, GNorm = 0.0054, lr_0 = 2.5576e-04
Loss = 2.8044e-06, PNorm = 34.0613, GNorm = 0.0023, lr_0 = 2.5719e-04
Loss = 1.0480e-06, PNorm = 34.0674, GNorm = 0.0009, lr_0 = 2.5861e-04
Loss = 7.1367e-07, PNorm = 34.0720, GNorm = 0.0005, lr_0 = 2.6004e-04
Loss = 3.5044e-07, PNorm = 34.0754, GNorm = 0.0003, lr_0 = 2.6147e-04
Loss = 1.6616e-07, PNorm = 34.0783, GNorm = 0.0002, lr_0 = 2.6290e-04
Loss = 5.1659e-04, PNorm = 34.0785, GNorm = 0.7539, lr_0 = 2.6432e-04
Loss = 4.1905e-04, PNorm = 34.0595, GNorm = 0.0145, lr_0 = 2.6575e-04
Loss = 3.1841e-04, PNorm = 34.0538, GNorm = 0.0630, lr_0 = 2.6718e-04
Loss = 6.0729e-05, PNorm = 34.0591, GNorm = 0.0425, lr_0 = 2.6861e-04
Loss = 2.1279e-05, PNorm = 34.0679, GNorm = 0.0115, lr_0 = 2.7003e-04
Loss = 4.3162e-06, PNorm = 34.0787, GNorm = 0.0024, lr_0 = 2.7146e-04
Loss = 7.6669e-04, PNorm = 34.0716, GNorm = 0.0079, lr_0 = 2.7289e-04
Loss = 6.2879e-04, PNorm = 34.0609, GNorm = 0.1295, lr_0 = 2.7432e-04
Loss = 5.6063e-04, PNorm = 34.0700, GNorm = 0.1023, lr_0 = 2.7575e-04
Loss = 5.1485e-05, PNorm = 34.0869, GNorm = 0.0167, lr_0 = 2.7717e-04
Loss = 5.4835e-06, PNorm = 34.1037, GNorm = 0.0022, lr_0 = 2.7860e-04
Loss = 3.8653e-04, PNorm = 34.1106, GNorm = 0.0008, lr_0 = 2.8003e-04
Loss = 2.0263e-06, PNorm = 34.1023, GNorm = 0.0038, lr_0 = 2.8146e-04
Loss = 3.4184e-04, PNorm = 34.0962, GNorm = 0.0142, lr_0 = 2.8288e-04
Loss = 3.0129e-04, PNorm = 34.0960, GNorm = 0.4389, lr_0 = 2.8431e-04
Loss = 3.9350e-05, PNorm = 34.1008, GNorm = 0.0324, lr_0 = 2.8574e-04
Loss = 1.5645e-05, PNorm = 34.1152, GNorm = 0.0053, lr_0 = 2.8717e-04
Loss = 4.8822e-04, PNorm = 34.1253, GNorm = 0.7952, lr_0 = 2.8859e-04
Loss = 3.8399e-06, PNorm = 34.1152, GNorm = 0.0097, lr_0 = 2.9002e-04
Loss = 1.2997e-05, PNorm = 34.1152, GNorm = 0.0173, lr_0 = 2.9145e-04
Loss = 5.8688e-04, PNorm = 34.1137, GNorm = 0.4124, lr_0 = 2.9288e-04
Loss = 6.2696e-05, PNorm = 34.1172, GNorm = 0.0596, lr_0 = 2.9431e-04
Loss = 3.0696e-04, PNorm = 34.1287, GNorm = 0.4448, lr_0 = 2.9573e-04
Loss = 2.1076e-05, PNorm = 34.1307, GNorm = 0.0212, lr_0 = 2.9716e-04
Loss = 2.9120e-04, PNorm = 34.1310, GNorm = 0.0336, lr_0 = 2.9859e-04
Loss = 2.5158e-05, PNorm = 34.1391, GNorm = 0.0195, lr_0 = 3.0002e-04
Loss = 1.0226e-05, PNorm = 34.1486, GNorm = 0.0079, lr_0 = 3.0144e-04
Loss = 3.7504e-06, PNorm = 34.1571, GNorm = 0.0034, lr_0 = 3.0287e-04
Loss = 1.3183e-06, PNorm = 34.1647, GNorm = 0.0012, lr_0 = 3.0430e-04
Loss = 1.3037e-03, PNorm = 34.1418, GNorm = 0.0950, lr_0 = 3.0573e-04
Loss = 3.5158e-04, PNorm = 34.1501, GNorm = 0.1152, lr_0 = 3.0715e-04
Loss = 2.6716e-04, PNorm = 34.1667, GNorm = 0.0350, lr_0 = 3.0858e-04
Loss = 1.1291e-05, PNorm = 34.1880, GNorm = 0.0024, lr_0 = 3.1001e-04
Loss = 3.9083e-07, PNorm = 34.2039, GNorm = 0.0002, lr_0 = 3.1144e-04
Loss = 5.7042e-04, PNorm = 34.1982, GNorm = 0.0014, lr_0 = 3.1286e-04
Loss = 3.1951e-06, PNorm = 34.1936, GNorm = 0.0068, lr_0 = 3.1429e-04
Loss = 7.5962e-06, PNorm = 34.1946, GNorm = 0.0098, lr_0 = 3.1572e-04
Loss = 7.4892e-06, PNorm = 34.1984, GNorm = 0.0088, lr_0 = 3.1715e-04
Loss = 5.1621e-06, PNorm = 34.2029, GNorm = 0.0049, lr_0 = 3.1858e-04
Loss = 3.4532e-06, PNorm = 34.2073, GNorm = 0.0044, lr_0 = 3.2000e-04
Loss = 2.5204e-06, PNorm = 34.2113, GNorm = 0.0026, lr_0 = 3.2143e-04
Loss = 7.3576e-04, PNorm = 34.2012, GNorm = 0.0254, lr_0 = 3.2286e-04
Loss = 3.3246e-04, PNorm = 34.2009, GNorm = 0.0942, lr_0 = 3.2429e-04
Loss = 6.4780e-05, PNorm = 34.2194, GNorm = 0.0287, lr_0 = 3.2571e-04
Loss = 1.1196e-05, PNorm = 34.2337, GNorm = 0.0064, lr_0 = 3.2714e-04
Loss = 2.9058e-06, PNorm = 34.2412, GNorm = 0.0024, lr_0 = 3.2857e-04
Loss = 3.8551e-04, PNorm = 34.2354, GNorm = 0.0084, lr_0 = 3.3000e-04
Loss = 1.1037e-05, PNorm = 34.2337, GNorm = 0.0151, lr_0 = 3.3142e-04
Loss = 2.9060e-04, PNorm = 34.2338, GNorm = 0.0195, lr_0 = 3.3285e-04
Loss = 5.1577e-04, PNorm = 34.2327, GNorm = 0.0482, lr_0 = 3.3428e-04
Loss = 7.6767e-05, PNorm = 34.2402, GNorm = 0.0611, lr_0 = 3.3571e-04
Loss = 4.9932e-04, PNorm = 34.2523, GNorm = 0.0679, lr_0 = 3.3714e-04
Loss = 2.6859e-04, PNorm = 34.2689, GNorm = 0.0348, lr_0 = 3.3856e-04
Loss = 2.3351e-05, PNorm = 34.2874, GNorm = 0.0136, lr_0 = 3.3999e-04
Loss = 5.3731e-06, PNorm = 34.3056, GNorm = 0.0029, lr_0 = 3.4142e-04
Loss = 1.1539e-06, PNorm = 34.3193, GNorm = 0.0009, lr_0 = 3.4285e-04
Loss = 3.2925e-07, PNorm = 34.3275, GNorm = 0.0004, lr_0 = 3.4427e-04
Loss = 1.6912e-07, PNorm = 34.3331, GNorm = 0.0001, lr_0 = 3.4570e-04
Loss = 7.0247e-08, PNorm = 34.3372, GNorm = 0.0001, lr_0 = 3.4713e-04
Loss = 4.8737e-04, PNorm = 34.3176, GNorm = 0.0065, lr_0 = 3.4856e-04
Loss = 5.3242e-04, PNorm = 34.3131, GNorm = 0.0199, lr_0 = 3.4998e-04
Loss = 6.7892e-05, PNorm = 34.3195, GNorm = 0.0696, lr_0 = 3.5141e-04
Loss = 3.1661e-04, PNorm = 34.3359, GNorm = 0.0489, lr_0 = 3.5284e-04
Loss = 2.3305e-05, PNorm = 34.3609, GNorm = 0.0088, lr_0 = 3.5427e-04
Loss = 4.4827e-04, PNorm = 34.3690, GNorm = 0.0025, lr_0 = 3.5569e-04
Loss = 8.4639e-04, PNorm = 34.3516, GNorm = 0.3544, lr_0 = 3.5712e-04
Loss = 1.6945e-04, PNorm = 34.3533, GNorm = 0.1016, lr_0 = 3.5855e-04
Loss = 4.9936e-05, PNorm = 34.3808, GNorm = 0.0124, lr_0 = 3.5998e-04
Loss = 4.1735e-06, PNorm = 34.3999, GNorm = 0.0018, lr_0 = 3.6141e-04
Loss = 3.9197e-04, PNorm = 34.4008, GNorm = 0.0030, lr_0 = 3.6283e-04
Loss = 3.0960e-04, PNorm = 34.3966, GNorm = 0.4127, lr_0 = 3.6426e-04
Loss = 1.8362e-05, PNorm = 34.3903, GNorm = 0.0266, lr_0 = 3.6569e-04
Loss = 2.3003e-05, PNorm = 34.3954, GNorm = 0.0168, lr_0 = 3.6712e-04
Loss = 1.4390e-05, PNorm = 34.4030, GNorm = 0.0120, lr_0 = 3.6854e-04
Loss = 6.8628e-06, PNorm = 34.4092, GNorm = 0.0046, lr_0 = 3.6997e-04
Loss = 3.3738e-04, PNorm = 34.4080, GNorm = 0.0074, lr_0 = 3.7140e-04
Loss = 2.8393e-04, PNorm = 34.4024, GNorm = 0.0259, lr_0 = 3.7283e-04
Loss = 3.5414e-05, PNorm = 34.4072, GNorm = 0.0292, lr_0 = 3.7425e-04
Loss = 2.3155e-05, PNorm = 34.4182, GNorm = 0.0147, lr_0 = 3.7568e-04
Loss = 3.1615e-04, PNorm = 34.4173, GNorm = 0.0175, lr_0 = 3.7711e-04
Loss = 8.3830e-04, PNorm = 34.4150, GNorm = 0.8065, lr_0 = 3.7854e-04
Loss = 3.9436e-04, PNorm = 34.4085, GNorm = 0.1251, lr_0 = 3.7997e-04
Loss = 3.0734e-04, PNorm = 34.4322, GNorm = 0.0471, lr_0 = 3.8139e-04
Loss = 3.4322e-04, PNorm = 34.4514, GNorm = 0.0130, lr_0 = 3.8282e-04
Loss = 1.5138e-05, PNorm = 34.4571, GNorm = 0.0117, lr_0 = 3.8425e-04
Loss = 1.0065e-05, PNorm = 34.4678, GNorm = 0.0092, lr_0 = 3.8568e-04
Loss = 3.0717e-04, PNorm = 34.4666, GNorm = 0.0153, lr_0 = 3.8710e-04
Loss = 1.6670e-05, PNorm = 34.4739, GNorm = 0.0137, lr_0 = 3.8853e-04
Loss = 1.0814e-05, PNorm = 34.4847, GNorm = 0.0074, lr_0 = 3.8996e-04
Loss = 4.0665e-06, PNorm = 34.4964, GNorm = 0.0030, lr_0 = 3.9139e-04
Loss = 1.2724e-06, PNorm = 34.5072, GNorm = 0.0011, lr_0 = 3.9281e-04
Loss = 4.1900e-07, PNorm = 34.5156, GNorm = 0.0004, lr_0 = 3.9424e-04
Loss = 4.4183e-04, PNorm = 34.4965, GNorm = 0.0071, lr_0 = 3.9567e-04
Loss = 2.9250e-04, PNorm = 34.4901, GNorm = 0.0314, lr_0 = 3.9710e-04
Loss = 3.6594e-05, PNorm = 34.4979, GNorm = 0.0303, lr_0 = 3.9852e-04
Loss = 3.0017e-04, PNorm = 34.5090, GNorm = 0.3754, lr_0 = 3.9995e-04
Loss = 3.5781e-04, PNorm = 34.5031, GNorm = 0.0492, lr_0 = 4.0138e-04
Loss = 3.0854e-04, PNorm = 34.5118, GNorm = 0.0400, lr_0 = 4.0281e-04
Loss = 2.9758e-04, PNorm = 34.5194, GNorm = 0.0403, lr_0 = 4.0424e-04
Loss = 3.4296e-05, PNorm = 34.5349, GNorm = 0.0180, lr_0 = 4.0566e-04
Loss = 5.3934e-04, PNorm = 34.5390, GNorm = 0.0293, lr_0 = 4.0709e-04
Loss = 2.8349e-04, PNorm = 34.5482, GNorm = 0.0470, lr_0 = 4.0852e-04
Loss = 4.3848e-05, PNorm = 34.5715, GNorm = 0.0234, lr_0 = 4.0995e-04
Loss = 3.3042e-04, PNorm = 34.5786, GNorm = 0.0172, lr_0 = 4.1137e-04
Loss = 3.4081e-04, PNorm = 34.5746, GNorm = 0.0353, lr_0 = 4.1280e-04
Loss = 2.7440e-04, PNorm = 34.5821, GNorm = 0.0299, lr_0 = 4.1423e-04
Loss = 3.8946e-05, PNorm = 34.5941, GNorm = 0.0281, lr_0 = 4.1566e-04
Loss = 2.8500e-04, PNorm = 34.6018, GNorm = 0.0210, lr_0 = 4.1708e-04
Loss = 2.1032e-05, PNorm = 34.6105, GNorm = 0.0142, lr_0 = 4.1851e-04
Loss = 3.0059e-04, PNorm = 34.6157, GNorm = 0.0160, lr_0 = 4.1994e-04
Loss = 6.1823e-04, PNorm = 34.6066, GNorm = 0.0700, lr_0 = 4.2137e-04
Loss = 7.4635e-04, PNorm = 34.6264, GNorm = 0.5650, lr_0 = 4.2280e-04
Loss = 8.6794e-05, PNorm = 34.6458, GNorm = 0.0622, lr_0 = 4.2422e-04
Loss = 2.9880e-04, PNorm = 34.6746, GNorm = 0.0228, lr_0 = 4.2565e-04
Loss = 2.1986e-05, PNorm = 34.6926, GNorm = 0.0169, lr_0 = 4.2708e-04
Loss = 8.4402e-04, PNorm = 34.6930, GNorm = 0.0625, lr_0 = 4.2851e-04
Loss = 9.3709e-05, PNorm = 34.7218, GNorm = 0.0492, lr_0 = 4.2993e-04
Loss = 3.4890e-05, PNorm = 34.7614, GNorm = 0.0133, lr_0 = 4.3136e-04
Loss = 6.4755e-06, PNorm = 34.7950, GNorm = 0.0019, lr_0 = 4.3279e-04
Loss = 4.6513e-04, PNorm = 34.8060, GNorm = 0.0004, lr_0 = 4.3422e-04
Loss = 3.5947e-04, PNorm = 34.7865, GNorm = 0.0231, lr_0 = 4.3564e-04
Loss = 2.9841e-04, PNorm = 34.7959, GNorm = 0.0591, lr_0 = 4.3707e-04
Loss = 6.0787e-05, PNorm = 34.8371, GNorm = 0.0270, lr_0 = 4.3850e-04
Loss = 9.9384e-06, PNorm = 34.8875, GNorm = 0.0012, lr_0 = 4.3993e-04
Loss = 5.4987e-04, PNorm = 34.8763, GNorm = 0.0089, lr_0 = 4.4135e-04
Loss = 5.3782e-04, PNorm = 34.8667, GNorm = 0.3061, lr_0 = 4.4278e-04
Loss = 9.7517e-05, PNorm = 34.8778, GNorm = 0.0642, lr_0 = 4.4421e-04
Loss = 3.7558e-05, PNorm = 34.9049, GNorm = 0.0158, lr_0 = 4.4564e-04
Loss = 7.4092e-06, PNorm = 34.9225, GNorm = 0.0040, lr_0 = 4.4707e-04
Loss = 1.9853e-06, PNorm = 34.9333, GNorm = 0.0017, lr_0 = 4.4849e-04
Loss = 6.3288e-07, PNorm = 34.9425, GNorm = 0.0006, lr_0 = 4.4992e-04
Loss = 2.4375e-07, PNorm = 34.9501, GNorm = 0.0002, lr_0 = 4.5135e-04
Loss = 1.0287e-07, PNorm = 34.9557, GNorm = 0.0001, lr_0 = 4.5278e-04
Loss = 5.1710e-04, PNorm = 34.9407, GNorm = 0.0056, lr_0 = 4.5420e-04
Loss = 1.1946e-05, PNorm = 34.9403, GNorm = 0.0153, lr_0 = 4.5563e-04
Loss = 1.3617e-05, PNorm = 34.9483, GNorm = 0.0113, lr_0 = 4.5706e-04
Loss = 3.1172e-04, PNorm = 34.9532, GNorm = 0.0209, lr_0 = 4.5849e-04
Loss = 2.4254e-05, PNorm = 34.9661, GNorm = 0.0208, lr_0 = 4.5991e-04
Loss = 5.7831e-04, PNorm = 34.9703, GNorm = 0.0353, lr_0 = 4.6134e-04
Loss = 6.0371e-05, PNorm = 34.9893, GNorm = 0.0441, lr_0 = 4.6277e-04
Loss = 2.8162e-05, PNorm = 35.0238, GNorm = 0.0128, lr_0 = 4.6420e-04
Loss = 3.5322e-04, PNorm = 35.0355, GNorm = 0.0150, lr_0 = 4.6563e-04
Loss = 2.8799e-04, PNorm = 35.0473, GNorm = 0.0226, lr_0 = 4.6705e-04
Loss = 3.0555e-04, PNorm = 35.0643, GNorm = 0.0551, lr_0 = 4.6848e-04
Loss = 4.5564e-05, PNorm = 35.1033, GNorm = 0.0204, lr_0 = 4.6991e-04
Loss = 1.1106e-05, PNorm = 35.1327, GNorm = 0.0059, lr_0 = 4.7134e-04
Loss = 3.6791e-04, PNorm = 35.1222, GNorm = 0.0104, lr_0 = 4.7276e-04
Loss = 1.3788e-05, PNorm = 35.1163, GNorm = 0.0136, lr_0 = 4.7419e-04
Loss = 1.2369e-05, PNorm = 35.1210, GNorm = 0.0098, lr_0 = 4.7562e-04
Loss = 3.0226e-04, PNorm = 35.1214, GNorm = 0.0139, lr_0 = 4.7705e-04
Loss = 1.8377e-05, PNorm = 35.1273, GNorm = 0.0167, lr_0 = 4.7847e-04
Loss = 1.3234e-05, PNorm = 35.1371, GNorm = 0.0099, lr_0 = 4.7990e-04
Loss = 3.2669e-04, PNorm = 35.1381, GNorm = 0.0139, lr_0 = 4.8133e-04
Loss = 3.0834e-04, PNorm = 35.1361, GNorm = 0.0454, lr_0 = 4.8276e-04
Loss = 2.7319e-04, PNorm = 35.1510, GNorm = 0.0303, lr_0 = 4.8418e-04
Loss = 2.8727e-04, PNorm = 35.1667, GNorm = 0.0379, lr_0 = 4.8561e-04
Loss = 3.6114e-05, PNorm = 35.1925, GNorm = 0.0206, lr_0 = 4.8704e-04
Loss = 1.2525e-05, PNorm = 35.2139, GNorm = 0.0065, lr_0 = 4.8847e-04
Loss = 3.8049e-04, PNorm = 35.2066, GNorm = 0.0142, lr_0 = 4.8990e-04
Loss = 6.6333e-04, PNorm = 35.1744, GNorm = 0.0739, lr_0 = 4.9132e-04
Loss = 3.1034e-04, PNorm = 35.1929, GNorm = 0.0555, lr_0 = 4.9275e-04
Loss = 3.0246e-04, PNorm = 35.2061, GNorm = 0.0314, lr_0 = 4.9418e-04
Loss = 2.2954e-05, PNorm = 35.2179, GNorm = 0.0113, lr_0 = 4.9561e-04
Loss = 8.0476e-06, PNorm = 35.2270, GNorm = 0.0051, lr_0 = 4.9703e-04
Loss = 3.5334e-06, PNorm = 35.2324, GNorm = 0.0031, lr_0 = 4.9846e-04
Loss = 3.5684e-04, PNorm = 35.2248, GNorm = 0.0119, lr_0 = 4.9989e-04
Loss = 1.5354e-05, PNorm = 35.2289, GNorm = 0.0119, lr_0 = 5.0132e-04
Loss = 3.1102e-04, PNorm = 35.2266, GNorm = 0.0218, lr_0 = 5.0274e-04
Loss = 2.5318e-05, PNorm = 35.2334, GNorm = 0.0171, lr_0 = 5.0417e-04
Loss = 1.2336e-05, PNorm = 35.2421, GNorm = 0.0086, lr_0 = 5.0560e-04
Loss = 5.7114e-06, PNorm = 35.2490, GNorm = 0.0044, lr_0 = 5.0703e-04
Loss = 3.1768e-06, PNorm = 35.2539, GNorm = 0.0028, lr_0 = 5.0845e-04
Loss = 2.1536e-06, PNorm = 35.2574, GNorm = 0.0022, lr_0 = 5.0988e-04
Loss = 1.5721e-06, PNorm = 35.2600, GNorm = 0.0020, lr_0 = 5.1131e-04
Loss = 1.2400e-06, PNorm = 35.2622, GNorm = 0.0014, lr_0 = 5.1274e-04
Loss = 7.0951e-04, PNorm = 35.2510, GNorm = 0.4160, lr_0 = 5.1417e-04
Loss = 7.6137e-04, PNorm = 35.2345, GNorm = 0.1640, lr_0 = 5.1559e-04
Loss = 1.7187e-04, PNorm = 35.2626, GNorm = 0.0571, lr_0 = 5.1702e-04
Loss = 3.0826e-04, PNorm = 35.2926, GNorm = 0.0131, lr_0 = 5.1845e-04
Loss = 1.4900e-05, PNorm = 35.3068, GNorm = 0.0138, lr_0 = 5.1988e-04
Loss = 7.6801e-06, PNorm = 35.3193, GNorm = 0.0056, lr_0 = 5.2130e-04
Loss = 3.4255e-04, PNorm = 35.3252, GNorm = 0.4211, lr_0 = 5.2273e-04
Loss = 5.8379e-04, PNorm = 35.3130, GNorm = 0.0399, lr_0 = 5.2416e-04
Loss = 8.3399e-05, PNorm = 35.3260, GNorm = 0.0487, lr_0 = 5.2559e-04
Loss = 5.1498e-04, PNorm = 35.3454, GNorm = 0.2613, lr_0 = 5.2701e-04
Loss = 2.8687e-04, PNorm = 35.3588, GNorm = 0.0405, lr_0 = 5.2844e-04
Loss = 2.6540e-04, PNorm = 35.3820, GNorm = 0.0300, lr_0 = 5.2987e-04
Loss = 2.7105e-05, PNorm = 35.4061, GNorm = 0.0135, lr_0 = 5.3130e-04
