Fold 0
{'activation': 'ReLU',
 'atom_messages': False,
 'batch_size': 50,
 'bias': False,
 'checkpoint_dir': None,
 'checkpoint_path': None,
 'checkpoint_paths': None,
 'config_path': None,
 'crossval_index_dir': None,
 'crossval_index_file': None,
 'cuda': True,
 'data_path': 'dataset/splitted_csv_files_mpnn_models/nucleoplasm_tr.csv',
 'dataset_type': 'classification',
 'depth': 3,
 'dropout': 0.0,
 'ensemble_size': 1,
 'epochs': 50,
 'features_generator': None,
 'features_only': False,
 'features_path': None,
 'features_scaling': True,
 'ffn_hidden_size': 300,
 'ffn_num_layers': 2,
 'final_lr': 0.0001,
 'folds_file': None,
 'gpu': None,
 'hidden_size': 300,
 'init_lr': 0.0001,
 'log_frequency': 10,
 'max_data_size': None,
 'max_lr': 0.001,
 'metric': 'cohen_k',
 'minimize_score': False,
 'multiclass_num_classes': 3,
 'no_cache': False,
 'num_folds': 1,
 'num_lrs': 1,
 'quiet': False,
 'save_dir': 'saved_models/nucleoplasm/fold_0',
 'save_smiles_splits': False,
 'seed': 0,
 'separate_test_features_path': None,
 'separate_test_path': 'dataset/splitted_csv_files_mpnn_models/nucleoplasm_te.csv',
 'separate_val_features_path': None,
 'separate_val_path': 'dataset/splitted_csv_files_mpnn_models/nucleoplasm_va.csv',
 'show_individual_scores': False,
 'split_sizes': [0.8, 0.1, 0.1],
 'split_type': 'random',
 'test': False,
 'test_fold_index': None,
 'undirected': False,
 'use_compound_names': False,
 'use_input_features': None,
 'val_fold_index': None,
 'warmup_epochs': 2.0}
Loading data
Number of tasks = 1
Splitting data with seed 0
Class sizes
Label 0: 87.49%, 1: 12.51%
Total size = 157,623 | train size = 157,623 | val size = 33,668 | test size = 33,758
Building model 0
MoleculeModel(
  (sigmoid): Sigmoid()
  (encoder): MPN(
    (encoder): MPNEncoder(
      (dropout_layer): Dropout(p=0.0, inplace=False)
      (act_func): ReLU()
      (W_i): Linear(in_features=147, out_features=300, bias=False)
      (W_h): Linear(in_features=300, out_features=300, bias=False)
      (W_o): Linear(in_features=433, out_features=300, bias=True)
    )
  )
  (ffn): Sequential(
    (0): Dropout(p=0.0, inplace=False)
    (1): Linear(in_features=300, out_features=300, bias=True)
    (2): ReLU()
    (3): Dropout(p=0.0, inplace=False)
    (4): Linear(in_features=300, out_features=1, bias=True)
  )
)
Number of parameters = 354,901
Moving model to cuda
Epoch 0
Loss = 1.1556e-02, PNorm = 33.9690, GNorm = 0.3786, lr_0 = 1.0157e-04
Loss = 9.1190e-03, PNorm = 33.9714, GNorm = 1.4463, lr_0 = 1.0300e-04
Loss = 8.1386e-03, PNorm = 33.9716, GNorm = 0.1636, lr_0 = 1.0443e-04
Loss = 8.0684e-03, PNorm = 33.9721, GNorm = 0.2456, lr_0 = 1.0585e-04
Loss = 7.0866e-03, PNorm = 33.9729, GNorm = 0.7155, lr_0 = 1.0728e-04
Loss = 7.9229e-03, PNorm = 33.9737, GNorm = 0.1064, lr_0 = 1.0871e-04
Loss = 7.5723e-03, PNorm = 33.9738, GNorm = 0.1286, lr_0 = 1.1014e-04
Loss = 7.2850e-03, PNorm = 33.9746, GNorm = 0.4992, lr_0 = 1.1156e-04
Loss = 7.2658e-03, PNorm = 33.9757, GNorm = 0.7382, lr_0 = 1.1299e-04
Loss = 8.0739e-03, PNorm = 33.9752, GNorm = 1.3378, lr_0 = 1.1442e-04
Loss = 7.3613e-03, PNorm = 33.9769, GNorm = 0.2174, lr_0 = 1.1585e-04
Loss = 8.0577e-03, PNorm = 33.9777, GNorm = 0.5938, lr_0 = 1.1727e-04
Loss = 7.4098e-03, PNorm = 33.9785, GNorm = 0.9176, lr_0 = 1.1870e-04
Loss = 7.4214e-03, PNorm = 33.9804, GNorm = 0.2549, lr_0 = 1.2013e-04
Loss = 7.3273e-03, PNorm = 33.9812, GNorm = 0.6711, lr_0 = 1.2156e-04
Loss = 8.0907e-03, PNorm = 33.9811, GNorm = 0.5174, lr_0 = 1.2299e-04
Loss = 6.5639e-03, PNorm = 33.9843, GNorm = 0.1724, lr_0 = 1.2441e-04
Loss = 6.4573e-03, PNorm = 33.9848, GNorm = 0.8916, lr_0 = 1.2584e-04
Loss = 6.2624e-03, PNorm = 33.9859, GNorm = 0.9715, lr_0 = 1.2727e-04
Loss = 7.2436e-03, PNorm = 33.9858, GNorm = 0.4578, lr_0 = 1.2870e-04
Loss = 7.6394e-03, PNorm = 33.9864, GNorm = 0.2448, lr_0 = 1.3012e-04
Loss = 7.0332e-03, PNorm = 33.9886, GNorm = 0.7335, lr_0 = 1.3155e-04
Loss = 7.3424e-03, PNorm = 33.9876, GNorm = 0.4688, lr_0 = 1.3298e-04
Loss = 8.4855e-03, PNorm = 33.9894, GNorm = 0.7433, lr_0 = 1.3441e-04
Loss = 5.3650e-03, PNorm = 33.9946, GNorm = 0.1704, lr_0 = 1.3583e-04
Loss = 7.6370e-03, PNorm = 33.9939, GNorm = 0.5791, lr_0 = 1.3726e-04
Loss = 7.0153e-03, PNorm = 33.9950, GNorm = 0.4265, lr_0 = 1.3869e-04
Loss = 7.2921e-03, PNorm = 33.9981, GNorm = 0.1872, lr_0 = 1.4012e-04
Loss = 7.9438e-03, PNorm = 33.9998, GNorm = 0.2011, lr_0 = 1.4155e-04
Loss = 7.5674e-03, PNorm = 34.0024, GNorm = 0.2622, lr_0 = 1.4297e-04
Loss = 7.5851e-03, PNorm = 34.0060, GNorm = 0.1052, lr_0 = 1.4440e-04
Loss = 7.9154e-03, PNorm = 34.0071, GNorm = 0.5491, lr_0 = 1.4583e-04
Loss = 7.7768e-03, PNorm = 34.0095, GNorm = 0.4481, lr_0 = 1.4726e-04
Loss = 7.6251e-03, PNorm = 34.0131, GNorm = 0.6729, lr_0 = 1.4868e-04
Loss = 6.7021e-03, PNorm = 34.0163, GNorm = 0.1974, lr_0 = 1.5011e-04
Loss = 7.2872e-03, PNorm = 34.0183, GNorm = 0.5913, lr_0 = 1.5154e-04
Loss = 6.9799e-03, PNorm = 34.0220, GNorm = 0.4465, lr_0 = 1.5297e-04
Loss = 8.3763e-03, PNorm = 34.0234, GNorm = 0.2133, lr_0 = 1.5439e-04
Loss = 7.5153e-03, PNorm = 34.0278, GNorm = 1.0337, lr_0 = 1.5582e-04
Loss = 7.7888e-03, PNorm = 34.0285, GNorm = 0.5904, lr_0 = 1.5725e-04
Loss = 8.0460e-03, PNorm = 34.0317, GNorm = 1.3428, lr_0 = 1.5868e-04
Loss = 7.2387e-03, PNorm = 34.0354, GNorm = 0.0975, lr_0 = 1.6010e-04
Loss = 7.4183e-03, PNorm = 34.0398, GNorm = 0.5240, lr_0 = 1.6153e-04
Loss = 7.3578e-03, PNorm = 34.0431, GNorm = 0.1575, lr_0 = 1.6296e-04
Loss = 7.9804e-03, PNorm = 34.0462, GNorm = 0.3189, lr_0 = 1.6439e-04
Loss = 7.8910e-03, PNorm = 34.0513, GNorm = 0.5234, lr_0 = 1.6582e-04
Loss = 7.9866e-03, PNorm = 34.0543, GNorm = 0.8052, lr_0 = 1.6724e-04
Loss = 7.4244e-03, PNorm = 34.0590, GNorm = 0.8210, lr_0 = 1.6867e-04
Loss = 7.2291e-03, PNorm = 34.0613, GNorm = 0.3217, lr_0 = 1.7010e-04
Loss = 6.7910e-03, PNorm = 34.0663, GNorm = 0.5346, lr_0 = 1.7153e-04
Loss = 7.0524e-03, PNorm = 34.0691, GNorm = 0.5482, lr_0 = 1.7295e-04
Loss = 7.0297e-03, PNorm = 34.0739, GNorm = 0.2398, lr_0 = 1.7438e-04
Loss = 7.4142e-03, PNorm = 34.0785, GNorm = 0.1552, lr_0 = 1.7581e-04
Loss = 6.9878e-03, PNorm = 34.0842, GNorm = 0.1634, lr_0 = 1.7724e-04
Loss = 7.4652e-03, PNorm = 34.0891, GNorm = 0.1980, lr_0 = 1.7866e-04
Loss = 7.3277e-03, PNorm = 34.0963, GNorm = 1.0440, lr_0 = 1.8009e-04
Loss = 7.5375e-03, PNorm = 34.0999, GNorm = 0.2356, lr_0 = 1.8152e-04
Loss = 7.2055e-03, PNorm = 34.1056, GNorm = 0.1918, lr_0 = 1.8295e-04
Loss = 7.4704e-03, PNorm = 34.1111, GNorm = 0.2359, lr_0 = 1.8438e-04
Loss = 7.6723e-03, PNorm = 34.1179, GNorm = 0.3598, lr_0 = 1.8580e-04
Loss = 6.9916e-03, PNorm = 34.1246, GNorm = 0.5749, lr_0 = 1.8723e-04
Loss = 7.5791e-03, PNorm = 34.1251, GNorm = 0.8606, lr_0 = 1.8866e-04
Loss = 7.8548e-03, PNorm = 34.1289, GNorm = 1.0783, lr_0 = 1.9009e-04
Loss = 6.7631e-03, PNorm = 34.1338, GNorm = 0.9983, lr_0 = 1.9151e-04
Loss = 6.6693e-03, PNorm = 34.1412, GNorm = 0.1882, lr_0 = 1.9294e-04
Loss = 6.5446e-03, PNorm = 34.1462, GNorm = 0.2662, lr_0 = 1.9437e-04
Loss = 7.5899e-03, PNorm = 34.1503, GNorm = 0.6633, lr_0 = 1.9580e-04
Loss = 7.2355e-03, PNorm = 34.1578, GNorm = 0.8119, lr_0 = 1.9722e-04
Loss = 7.3275e-03, PNorm = 34.1645, GNorm = 0.5639, lr_0 = 1.9865e-04
Loss = 8.6346e-03, PNorm = 34.1709, GNorm = 1.3680, lr_0 = 2.0008e-04
Loss = 7.8507e-03, PNorm = 34.1791, GNorm = 0.4973, lr_0 = 2.0151e-04
Loss = 6.8839e-03, PNorm = 34.1875, GNorm = 0.2226, lr_0 = 2.0293e-04
Loss = 7.9955e-03, PNorm = 34.1890, GNorm = 0.2436, lr_0 = 2.0436e-04
Loss = 7.8125e-03, PNorm = 34.1983, GNorm = 0.9946, lr_0 = 2.0579e-04
Loss = 8.7138e-03, PNorm = 34.2044, GNorm = 0.3153, lr_0 = 2.0722e-04
Loss = 7.5121e-03, PNorm = 34.2163, GNorm = 0.8799, lr_0 = 2.0865e-04
Loss = 6.9641e-03, PNorm = 34.2257, GNorm = 0.7377, lr_0 = 2.1007e-04
Loss = 7.5766e-03, PNorm = 34.2328, GNorm = 0.7280, lr_0 = 2.1150e-04
Loss = 7.3903e-03, PNorm = 34.2447, GNorm = 0.2174, lr_0 = 2.1293e-04
Loss = 7.3538e-03, PNorm = 34.2506, GNorm = 0.2283, lr_0 = 2.1436e-04
Loss = 7.4119e-03, PNorm = 34.2606, GNorm = 0.5016, lr_0 = 2.1578e-04
Loss = 6.8172e-03, PNorm = 34.2698, GNorm = 0.7842, lr_0 = 2.1721e-04
Loss = 8.0140e-03, PNorm = 34.2805, GNorm = 0.2352, lr_0 = 2.1864e-04
Loss = 7.2035e-03, PNorm = 34.2879, GNorm = 0.7678, lr_0 = 2.2007e-04
Loss = 8.0162e-03, PNorm = 34.2944, GNorm = 0.5847, lr_0 = 2.2149e-04
Loss = 6.8417e-03, PNorm = 34.3017, GNorm = 0.4656, lr_0 = 2.2292e-04
Loss = 7.6548e-03, PNorm = 34.3085, GNorm = 0.1646, lr_0 = 2.2435e-04
Loss = 7.1679e-03, PNorm = 34.3186, GNorm = 0.1913, lr_0 = 2.2578e-04
Loss = 7.9839e-03, PNorm = 34.3247, GNorm = 0.2136, lr_0 = 2.2720e-04
Loss = 6.4483e-03, PNorm = 34.3408, GNorm = 0.1319, lr_0 = 2.2863e-04
Loss = 7.1995e-03, PNorm = 34.3457, GNorm = 0.1221, lr_0 = 2.3006e-04
Loss = 7.6133e-03, PNorm = 34.3530, GNorm = 0.2075, lr_0 = 2.3149e-04
Loss = 7.5244e-03, PNorm = 34.3642, GNorm = 0.7261, lr_0 = 2.3292e-04
Loss = 8.3447e-03, PNorm = 34.3681, GNorm = 0.3886, lr_0 = 2.3434e-04
Loss = 7.4266e-03, PNorm = 34.3784, GNorm = 0.3028, lr_0 = 2.3577e-04
Loss = 7.9659e-03, PNorm = 34.3873, GNorm = 0.6347, lr_0 = 2.3720e-04
Loss = 7.4642e-03, PNorm = 34.4012, GNorm = 0.2198, lr_0 = 2.3863e-04
Loss = 7.7209e-03, PNorm = 34.4091, GNorm = 0.7763, lr_0 = 2.4005e-04
Loss = 7.5008e-03, PNorm = 34.4175, GNorm = 0.8783, lr_0 = 2.4148e-04
Loss = 7.1828e-03, PNorm = 34.4274, GNorm = 0.7593, lr_0 = 2.4291e-04
Loss = 6.6801e-03, PNorm = 34.4414, GNorm = 0.1765, lr_0 = 2.4434e-04
Loss = 7.5723e-03, PNorm = 34.4494, GNorm = 0.3157, lr_0 = 2.4576e-04
Loss = 7.2960e-03, PNorm = 34.4634, GNorm = 0.3906, lr_0 = 2.4719e-04
Loss = 7.0684e-03, PNorm = 34.4704, GNorm = 0.1761, lr_0 = 2.4862e-04
Loss = 7.5807e-03, PNorm = 34.4794, GNorm = 0.4822, lr_0 = 2.5005e-04
Loss = 6.7558e-03, PNorm = 34.4873, GNorm = 0.1918, lr_0 = 2.5148e-04
Loss = 7.0653e-03, PNorm = 34.4943, GNorm = 0.2577, lr_0 = 2.5290e-04
Loss = 7.3829e-03, PNorm = 34.5054, GNorm = 0.4451, lr_0 = 2.5433e-04
Loss = 7.1465e-03, PNorm = 34.5193, GNorm = 0.3664, lr_0 = 2.5576e-04
Loss = 7.2013e-03, PNorm = 34.5291, GNorm = 0.1784, lr_0 = 2.5719e-04
Loss = 6.9380e-03, PNorm = 34.5410, GNorm = 0.8101, lr_0 = 2.5861e-04
Loss = 6.8286e-03, PNorm = 34.5619, GNorm = 0.6993, lr_0 = 2.6004e-04
Loss = 6.6094e-03, PNorm = 34.5751, GNorm = 0.9338, lr_0 = 2.6147e-04
Loss = 7.4376e-03, PNorm = 34.5860, GNorm = 0.3997, lr_0 = 2.6290e-04
Loss = 7.4135e-03, PNorm = 34.5957, GNorm = 0.4870, lr_0 = 2.6432e-04
Loss = 7.2660e-03, PNorm = 34.6066, GNorm = 0.2820, lr_0 = 2.6575e-04
Loss = 7.1513e-03, PNorm = 34.6153, GNorm = 0.4146, lr_0 = 2.6718e-04
Loss = 7.7341e-03, PNorm = 34.6211, GNorm = 0.7073, lr_0 = 2.6861e-04
Loss = 7.0962e-03, PNorm = 34.6333, GNorm = 0.5428, lr_0 = 2.7003e-04
Loss = 6.7737e-03, PNorm = 34.6414, GNorm = 0.2764, lr_0 = 2.7146e-04
Loss = 8.0222e-03, PNorm = 34.6490, GNorm = 0.3595, lr_0 = 2.7289e-04
Loss = 7.3009e-03, PNorm = 34.6653, GNorm = 0.1890, lr_0 = 2.7432e-04
Loss = 6.6601e-03, PNorm = 34.6793, GNorm = 0.6028, lr_0 = 2.7575e-04
Loss = 7.2037e-03, PNorm = 34.6923, GNorm = 0.2891, lr_0 = 2.7717e-04
Loss = 6.8106e-03, PNorm = 34.7121, GNorm = 1.0600, lr_0 = 2.7860e-04
Loss = 7.5952e-03, PNorm = 34.7182, GNorm = 0.7194, lr_0 = 2.8003e-04
Loss = 7.3694e-03, PNorm = 34.7284, GNorm = 0.1648, lr_0 = 2.8146e-04
Loss = 6.4207e-03, PNorm = 34.7433, GNorm = 0.2662, lr_0 = 2.8288e-04
Loss = 7.4681e-03, PNorm = 34.7549, GNorm = 0.4539, lr_0 = 2.8431e-04
Loss = 8.3552e-03, PNorm = 34.7723, GNorm = 0.4858, lr_0 = 2.8574e-04
Loss = 7.1515e-03, PNorm = 34.7928, GNorm = 0.4063, lr_0 = 2.8717e-04
Loss = 7.0108e-03, PNorm = 34.8073, GNorm = 0.2185, lr_0 = 2.8859e-04
Loss = 7.0382e-03, PNorm = 34.8222, GNorm = 0.4298, lr_0 = 2.9002e-04
Loss = 6.1300e-03, PNorm = 34.8409, GNorm = 0.6496, lr_0 = 2.9145e-04
Loss = 6.3118e-03, PNorm = 34.8563, GNorm = 0.2293, lr_0 = 2.9288e-04
Loss = 6.0935e-03, PNorm = 34.8710, GNorm = 0.7442, lr_0 = 2.9431e-04
Loss = 7.8276e-03, PNorm = 34.8892, GNorm = 0.2494, lr_0 = 2.9573e-04
Loss = 6.2787e-03, PNorm = 34.9137, GNorm = 0.7666, lr_0 = 2.9716e-04
Loss = 6.5562e-03, PNorm = 34.9333, GNorm = 0.2024, lr_0 = 2.9859e-04
Loss = 6.7771e-03, PNorm = 34.9552, GNorm = 0.6410, lr_0 = 3.0002e-04
Loss = 6.7569e-03, PNorm = 34.9776, GNorm = 0.4109, lr_0 = 3.0144e-04
Loss = 7.5994e-03, PNorm = 34.9967, GNorm = 1.0166, lr_0 = 3.0287e-04
Loss = 7.0523e-03, PNorm = 35.0151, GNorm = 0.6700, lr_0 = 3.0430e-04
Loss = 7.0147e-03, PNorm = 35.0317, GNorm = 0.4097, lr_0 = 3.0573e-04
Loss = 7.5848e-03, PNorm = 35.0542, GNorm = 1.1673, lr_0 = 3.0715e-04
Loss = 7.3181e-03, PNorm = 35.0676, GNorm = 0.5033, lr_0 = 3.0858e-04
Loss = 6.8617e-03, PNorm = 35.0857, GNorm = 1.7021, lr_0 = 3.1001e-04
Loss = 7.1555e-03, PNorm = 35.0916, GNorm = 0.2283, lr_0 = 3.1144e-04
Loss = 7.3214e-03, PNorm = 35.1100, GNorm = 0.1410, lr_0 = 3.1286e-04
Loss = 6.6445e-03, PNorm = 35.1346, GNorm = 0.9421, lr_0 = 3.1429e-04
Loss = 7.4532e-03, PNorm = 35.1505, GNorm = 0.2755, lr_0 = 3.1572e-04
Loss = 7.0492e-03, PNorm = 35.1772, GNorm = 0.4943, lr_0 = 3.1715e-04
Loss = 6.5202e-03, PNorm = 35.2036, GNorm = 0.2966, lr_0 = 3.1858e-04
Loss = 7.0688e-03, PNorm = 35.2238, GNorm = 0.6904, lr_0 = 3.2000e-04
Loss = 5.7223e-03, PNorm = 35.2458, GNorm = 0.2705, lr_0 = 3.2143e-04
Loss = 7.6643e-03, PNorm = 35.2558, GNorm = 0.3672, lr_0 = 3.2286e-04
Loss = 7.6233e-03, PNorm = 35.2776, GNorm = 0.3763, lr_0 = 3.2429e-04
Loss = 6.2730e-03, PNorm = 35.3090, GNorm = 1.4808, lr_0 = 3.2571e-04
Loss = 5.7631e-03, PNorm = 35.3416, GNorm = 0.3196, lr_0 = 3.2714e-04
Loss = 7.9918e-03, PNorm = 35.3650, GNorm = 0.4508, lr_0 = 3.2857e-04
Loss = 6.8345e-03, PNorm = 35.3760, GNorm = 0.2137, lr_0 = 3.3000e-04
Loss = 7.3351e-03, PNorm = 35.3947, GNorm = 1.3354, lr_0 = 3.3142e-04
Loss = 6.8501e-03, PNorm = 35.4162, GNorm = 0.6604, lr_0 = 3.3285e-04
Loss = 6.8631e-03, PNorm = 35.4375, GNorm = 0.6197, lr_0 = 3.3428e-04
Loss = 6.8648e-03, PNorm = 35.4652, GNorm = 0.5465, lr_0 = 3.3571e-04
Loss = 7.3781e-03, PNorm = 35.4929, GNorm = 0.6851, lr_0 = 3.3714e-04
Loss = 7.3816e-03, PNorm = 35.5127, GNorm = 0.6290, lr_0 = 3.3856e-04
Loss = 6.8512e-03, PNorm = 35.5280, GNorm = 0.3574, lr_0 = 3.3999e-04
Loss = 8.3219e-03, PNorm = 35.5382, GNorm = 0.7469, lr_0 = 3.4142e-04
Loss = 7.4943e-03, PNorm = 35.5657, GNorm = 0.4312, lr_0 = 3.4285e-04
Loss = 6.6896e-03, PNorm = 35.5775, GNorm = 0.3386, lr_0 = 3.4427e-04
Loss = 7.0417e-03, PNorm = 35.5933, GNorm = 0.4101, lr_0 = 3.4570e-04
Loss = 5.9622e-03, PNorm = 35.6201, GNorm = 0.1747, lr_0 = 3.4713e-04
Loss = 6.1853e-03, PNorm = 35.6441, GNorm = 0.3462, lr_0 = 3.4856e-04
Loss = 7.5371e-03, PNorm = 35.6686, GNorm = 0.7402, lr_0 = 3.4998e-04
Loss = 7.0881e-03, PNorm = 35.6847, GNorm = 0.2659, lr_0 = 3.5141e-04
Loss = 7.7026e-03, PNorm = 35.6950, GNorm = 0.2210, lr_0 = 3.5284e-04
Loss = 6.8402e-03, PNorm = 35.7141, GNorm = 0.3129, lr_0 = 3.5427e-04
Loss = 7.2438e-03, PNorm = 35.7366, GNorm = 0.5097, lr_0 = 3.5569e-04
Loss = 5.7007e-03, PNorm = 35.7693, GNorm = 1.4527, lr_0 = 3.5712e-04
Loss = 6.3846e-03, PNorm = 35.7850, GNorm = 0.5100, lr_0 = 3.5855e-04
Loss = 7.0372e-03, PNorm = 35.8045, GNorm = 0.3886, lr_0 = 3.5998e-04
Loss = 6.1027e-03, PNorm = 35.8183, GNorm = 0.3158, lr_0 = 3.6141e-04
Loss = 8.4060e-03, PNorm = 35.8311, GNorm = 0.8889, lr_0 = 3.6283e-04
Loss = 7.4153e-03, PNorm = 35.8664, GNorm = 1.7089, lr_0 = 3.6426e-04
Loss = 7.0080e-03, PNorm = 35.8919, GNorm = 0.2236, lr_0 = 3.6569e-04
Loss = 6.9822e-03, PNorm = 35.9124, GNorm = 0.3929, lr_0 = 3.6712e-04
Loss = 5.5850e-03, PNorm = 35.9407, GNorm = 0.2819, lr_0 = 3.6854e-04
Loss = 6.5021e-03, PNorm = 35.9577, GNorm = 0.3243, lr_0 = 3.6997e-04
Loss = 6.7010e-03, PNorm = 35.9755, GNorm = 0.6658, lr_0 = 3.7140e-04
Loss = 6.4797e-03, PNorm = 35.9915, GNorm = 0.4139, lr_0 = 3.7283e-04
Loss = 8.3101e-03, PNorm = 36.0104, GNorm = 0.4447, lr_0 = 3.7425e-04
Loss = 6.2397e-03, PNorm = 36.0417, GNorm = 0.6296, lr_0 = 3.7568e-04
Loss = 6.2248e-03, PNorm = 36.0571, GNorm = 0.2851, lr_0 = 3.7711e-04
Loss = 5.7055e-03, PNorm = 36.0886, GNorm = 0.4778, lr_0 = 3.7854e-04
Loss = 6.6394e-03, PNorm = 36.0987, GNorm = 0.7944, lr_0 = 3.7997e-04
Loss = 6.3503e-03, PNorm = 36.1207, GNorm = 0.9090, lr_0 = 3.8139e-04
Loss = 6.8246e-03, PNorm = 36.1467, GNorm = 0.6132, lr_0 = 3.8282e-04
Loss = 6.1454e-03, PNorm = 36.1695, GNorm = 0.5491, lr_0 = 3.8425e-04
Loss = 6.2536e-03, PNorm = 36.1913, GNorm = 0.3793, lr_0 = 3.8568e-04
Loss = 6.4758e-03, PNorm = 36.2197, GNorm = 0.3757, lr_0 = 3.8710e-04
Loss = 7.1176e-03, PNorm = 36.2358, GNorm = 0.5760, lr_0 = 3.8853e-04
Loss = 6.0865e-03, PNorm = 36.2412, GNorm = 0.4909, lr_0 = 3.8996e-04
Loss = 6.2037e-03, PNorm = 36.2568, GNorm = 0.3554, lr_0 = 3.9139e-04
Loss = 6.0887e-03, PNorm = 36.2761, GNorm = 0.4403, lr_0 = 3.9281e-04
Loss = 7.0796e-03, PNorm = 36.2941, GNorm = 0.4053, lr_0 = 3.9424e-04
Loss = 6.6804e-03, PNorm = 36.3219, GNorm = 0.2772, lr_0 = 3.9567e-04
Loss = 6.4631e-03, PNorm = 36.3427, GNorm = 0.5283, lr_0 = 3.9710e-04
Loss = 6.7838e-03, PNorm = 36.3671, GNorm = 0.4327, lr_0 = 3.9852e-04
Loss = 6.8177e-03, PNorm = 36.3868, GNorm = 0.3164, lr_0 = 3.9995e-04
Loss = 6.9370e-03, PNorm = 36.4149, GNorm = 0.3368, lr_0 = 4.0138e-04
Loss = 6.2990e-03, PNorm = 36.4407, GNorm = 0.6888, lr_0 = 4.0281e-04
Loss = 6.6645e-03, PNorm = 36.4655, GNorm = 0.4272, lr_0 = 4.0424e-04
Loss = 7.3124e-03, PNorm = 36.4842, GNorm = 0.3328, lr_0 = 4.0566e-04
Loss = 6.7157e-03, PNorm = 36.5120, GNorm = 0.4351, lr_0 = 4.0709e-04
Loss = 7.1259e-03, PNorm = 36.5314, GNorm = 0.5508, lr_0 = 4.0852e-04
Loss = 7.0247e-03, PNorm = 36.5608, GNorm = 0.3679, lr_0 = 4.0995e-04
Loss = 6.7301e-03, PNorm = 36.5950, GNorm = 0.4176, lr_0 = 4.1137e-04
Loss = 6.1586e-03, PNorm = 36.6287, GNorm = 0.3577, lr_0 = 4.1280e-04
Loss = 5.9129e-03, PNorm = 36.6577, GNorm = 0.4699, lr_0 = 4.1423e-04
Loss = 6.0597e-03, PNorm = 36.6779, GNorm = 0.5974, lr_0 = 4.1566e-04
Loss = 6.9676e-03, PNorm = 36.7047, GNorm = 0.4249, lr_0 = 4.1708e-04
Loss = 6.9934e-03, PNorm = 36.7224, GNorm = 0.2840, lr_0 = 4.1851e-04
Loss = 5.8712e-03, PNorm = 36.7481, GNorm = 0.7750, lr_0 = 4.1994e-04
Loss = 6.5990e-03, PNorm = 36.7788, GNorm = 0.4087, lr_0 = 4.2137e-04
Loss = 7.0154e-03, PNorm = 36.8132, GNorm = 0.9302, lr_0 = 4.2280e-04
Loss = 6.6387e-03, PNorm = 36.8357, GNorm = 0.6630, lr_0 = 4.2422e-04
Loss = 6.2900e-03, PNorm = 36.8457, GNorm = 0.7452, lr_0 = 4.2565e-04
Loss = 5.9019e-03, PNorm = 36.8710, GNorm = 0.3417, lr_0 = 4.2708e-04
Loss = 7.1584e-03, PNorm = 36.9072, GNorm = 0.7922, lr_0 = 4.2851e-04
Loss = 6.7746e-03, PNorm = 36.9433, GNorm = 0.5315, lr_0 = 4.2993e-04
Loss = 6.1735e-03, PNorm = 36.9723, GNorm = 0.3772, lr_0 = 4.3136e-04
Loss = 5.6946e-03, PNorm = 37.0045, GNorm = 0.8270, lr_0 = 4.3279e-04
Loss = 6.4314e-03, PNorm = 37.0450, GNorm = 0.5533, lr_0 = 4.3422e-04
Loss = 6.0647e-03, PNorm = 37.0867, GNorm = 0.4681, lr_0 = 4.3564e-04
Loss = 6.8255e-03, PNorm = 37.1145, GNorm = 0.4464, lr_0 = 4.3707e-04
Loss = 6.4754e-03, PNorm = 37.1439, GNorm = 0.6060, lr_0 = 4.3850e-04
Loss = 6.7202e-03, PNorm = 37.1779, GNorm = 1.1951, lr_0 = 4.3993e-04
Loss = 6.8376e-03, PNorm = 37.2115, GNorm = 0.7210, lr_0 = 4.4135e-04
Loss = 6.3162e-03, PNorm = 37.2393, GNorm = 0.4441, lr_0 = 4.4278e-04
Loss = 6.4380e-03, PNorm = 37.2660, GNorm = 0.4833, lr_0 = 4.4421e-04
Loss = 5.9937e-03, PNorm = 37.2964, GNorm = 0.4980, lr_0 = 4.4564e-04
Loss = 6.6748e-03, PNorm = 37.3074, GNorm = 0.3726, lr_0 = 4.4707e-04
Loss = 6.0107e-03, PNorm = 37.3441, GNorm = 0.6716, lr_0 = 4.4849e-04
Loss = 6.9964e-03, PNorm = 37.3750, GNorm = 0.4191, lr_0 = 4.4992e-04
Loss = 7.1236e-03, PNorm = 37.4131, GNorm = 0.3386, lr_0 = 4.5135e-04
Loss = 6.0371e-03, PNorm = 37.4449, GNorm = 0.4153, lr_0 = 4.5278e-04
Loss = 6.2541e-03, PNorm = 37.4709, GNorm = 1.0233, lr_0 = 4.5420e-04
Loss = 6.4756e-03, PNorm = 37.4906, GNorm = 0.4351, lr_0 = 4.5563e-04
Loss = 6.8877e-03, PNorm = 37.5024, GNorm = 0.6198, lr_0 = 4.5706e-04
Loss = 6.9884e-03, PNorm = 37.5279, GNorm = 0.4734, lr_0 = 4.5849e-04
Loss = 5.6719e-03, PNorm = 37.5645, GNorm = 0.7135, lr_0 = 4.5991e-04
Loss = 5.3914e-03, PNorm = 37.5974, GNorm = 0.5858, lr_0 = 4.6134e-04
Loss = 6.8118e-03, PNorm = 37.6231, GNorm = 0.7964, lr_0 = 4.6277e-04
Loss = 6.3524e-03, PNorm = 37.6590, GNorm = 0.4896, lr_0 = 4.6420e-04
Loss = 6.4508e-03, PNorm = 37.6970, GNorm = 0.3556, lr_0 = 4.6563e-04
Loss = 6.0904e-03, PNorm = 37.7371, GNorm = 0.7160, lr_0 = 4.6705e-04
Loss = 6.3385e-03, PNorm = 37.7722, GNorm = 0.5423, lr_0 = 4.6848e-04
Loss = 6.6074e-03, PNorm = 37.8080, GNorm = 1.0271, lr_0 = 4.6991e-04
Loss = 6.4763e-03, PNorm = 37.8442, GNorm = 0.5756, lr_0 = 4.7134e-04
Loss = 6.8697e-03, PNorm = 37.8815, GNorm = 0.3964, lr_0 = 4.7276e-04
Loss = 6.5708e-03, PNorm = 37.9229, GNorm = 0.4064, lr_0 = 4.7419e-04
Loss = 5.4717e-03, PNorm = 37.9669, GNorm = 0.9390, lr_0 = 4.7562e-04
Loss = 5.7152e-03, PNorm = 38.0097, GNorm = 0.4665, lr_0 = 4.7705e-04
Loss = 6.0764e-03, PNorm = 38.0388, GNorm = 0.4738, lr_0 = 4.7847e-04
Loss = 6.3466e-03, PNorm = 38.0667, GNorm = 0.4706, lr_0 = 4.7990e-04
Loss = 7.0016e-03, PNorm = 38.0975, GNorm = 0.4647, lr_0 = 4.8133e-04
Loss = 5.9946e-03, PNorm = 38.1272, GNorm = 0.3509, lr_0 = 4.8276e-04
Loss = 6.1907e-03, PNorm = 38.1637, GNorm = 0.4489, lr_0 = 4.8418e-04
Loss = 5.4121e-03, PNorm = 38.2064, GNorm = 0.6233, lr_0 = 4.8561e-04
Loss = 6.6549e-03, PNorm = 38.2371, GNorm = 0.6387, lr_0 = 4.8704e-04
Loss = 6.9434e-03, PNorm = 38.2664, GNorm = 0.9638, lr_0 = 4.8847e-04
Loss = 5.6318e-03, PNorm = 38.3069, GNorm = 0.4639, lr_0 = 4.8990e-04
Loss = 5.5882e-03, PNorm = 38.3500, GNorm = 0.5002, lr_0 = 4.9132e-04
Loss = 6.5128e-03, PNorm = 38.3942, GNorm = 1.4054, lr_0 = 4.9275e-04
Loss = 5.8336e-03, PNorm = 38.4310, GNorm = 0.3673, lr_0 = 4.9418e-04
Loss = 5.6024e-03, PNorm = 38.4744, GNorm = 0.6199, lr_0 = 4.9561e-04
Loss = 5.7326e-03, PNorm = 38.5058, GNorm = 0.3108, lr_0 = 4.9703e-04
Loss = 6.2267e-03, PNorm = 38.5321, GNorm = 1.0325, lr_0 = 4.9846e-04
Loss = 6.1891e-03, PNorm = 38.5622, GNorm = 0.5477, lr_0 = 4.9989e-04
Loss = 5.9079e-03, PNorm = 38.5916, GNorm = 0.4216, lr_0 = 5.0132e-04
Loss = 6.0090e-03, PNorm = 38.6205, GNorm = 0.4528, lr_0 = 5.0274e-04
Loss = 5.3175e-03, PNorm = 38.6516, GNorm = 0.3747, lr_0 = 5.0417e-04
Loss = 5.3013e-03, PNorm = 38.6881, GNorm = 0.6273, lr_0 = 5.0560e-04
Loss = 6.0853e-03, PNorm = 38.7226, GNorm = 0.5252, lr_0 = 5.0703e-04
Loss = 6.6951e-03, PNorm = 38.7570, GNorm = 1.0487, lr_0 = 5.0845e-04
Loss = 5.3811e-03, PNorm = 38.7971, GNorm = 1.5876, lr_0 = 5.0988e-04
Loss = 5.9813e-03, PNorm = 38.8387, GNorm = 0.6369, lr_0 = 5.1131e-04
Loss = 5.7518e-03, PNorm = 38.8785, GNorm = 0.8113, lr_0 = 5.1274e-04
Loss = 7.2574e-03, PNorm = 38.8950, GNorm = 0.5644, lr_0 = 5.1417e-04
Loss = 6.8496e-03, PNorm = 38.9253, GNorm = 0.4375, lr_0 = 5.1559e-04
Loss = 6.0398e-03, PNorm = 38.9619, GNorm = 0.4956, lr_0 = 5.1702e-04
Loss = 6.7583e-03, PNorm = 39.0030, GNorm = 0.3469, lr_0 = 5.1845e-04
Loss = 4.9517e-03, PNorm = 39.0379, GNorm = 1.1380, lr_0 = 5.1988e-04
Loss = 6.9639e-03, PNorm = 39.0668, GNorm = 0.9080, lr_0 = 5.2130e-04
Loss = 6.8303e-03, PNorm = 39.1218, GNorm = 0.7625, lr_0 = 5.2273e-04
Loss = 6.1140e-03, PNorm = 39.1727, GNorm = 0.4949, lr_0 = 5.2416e-04
Loss = 5.8832e-03, PNorm = 39.2157, GNorm = 0.9994, lr_0 = 5.2559e-04
Loss = 6.3338e-03, PNorm = 39.2553, GNorm = 0.4864, lr_0 = 5.2701e-04
Loss = 5.3621e-03, PNorm = 39.2907, GNorm = 0.5610, lr_0 = 5.2844e-04
Loss = 6.3246e-03, PNorm = 39.3248, GNorm = 0.9121, lr_0 = 5.2987e-04
Loss = 6.1252e-03, PNorm = 39.3670, GNorm = 1.0466, lr_0 = 5.3130e-04
Loss = 4.9100e-03, PNorm = 39.4054, GNorm = 0.7761, lr_0 = 5.3273e-04
Loss = 6.2704e-03, PNorm = 39.4396, GNorm = 0.7097, lr_0 = 5.3415e-04
Loss = 6.0994e-03, PNorm = 39.4654, GNorm = 0.5228, lr_0 = 5.3558e-04
Loss = 6.0620e-03, PNorm = 39.5017, GNorm = 0.4532, lr_0 = 5.3701e-04
