Fold 0
{'activation': 'ReLU',
 'atom_messages': False,
 'batch_size': 50,
 'bias': False,
 'checkpoint_dir': None,
 'checkpoint_path': None,
 'checkpoint_paths': None,
 'config_path': None,
 'crossval_index_dir': None,
 'crossval_index_file': None,
 'cuda': True,
 'data_path': 'dataset/splitted_csv_files_mpnn_models/focal_adhesions_tr.csv',
 'dataset_type': 'classification',
 'depth': 3,
 'dropout': 0.0,
 'ensemble_size': 1,
 'epochs': 50,
 'features_generator': None,
 'features_only': False,
 'features_path': None,
 'features_scaling': True,
 'ffn_hidden_size': 300,
 'ffn_num_layers': 2,
 'final_lr': 0.0001,
 'folds_file': None,
 'gpu': None,
 'hidden_size': 300,
 'init_lr': 0.0001,
 'log_frequency': 10,
 'max_data_size': None,
 'max_lr': 0.001,
 'metric': 'cohen_k',
 'minimize_score': False,
 'multiclass_num_classes': 3,
 'no_cache': False,
 'num_folds': 1,
 'num_lrs': 1,
 'quiet': False,
 'save_dir': 'saved_models/focal_adhesions/fold_0',
 'save_smiles_splits': False,
 'seed': 0,
 'separate_test_features_path': None,
 'separate_test_path': 'dataset/splitted_csv_files_mpnn_models/focal_adhesions_te.csv',
 'separate_val_features_path': None,
 'separate_val_path': 'dataset/splitted_csv_files_mpnn_models/focal_adhesions_va.csv',
 'show_individual_scores': False,
 'split_sizes': [0.8, 0.1, 0.1],
 'split_type': 'random',
 'test': False,
 'test_fold_index': None,
 'undirected': False,
 'use_compound_names': False,
 'use_input_features': None,
 'val_fold_index': None,
 'warmup_epochs': 2.0}
Loading data
Number of tasks = 1
Splitting data with seed 0
Class sizes
Label 0: 97.68%, 1: 2.32%
Total size = 157,623 | train size = 157,623 | val size = 33,668 | test size = 33,758
Building model 0
MoleculeModel(
  (sigmoid): Sigmoid()
  (encoder): MPN(
    (encoder): MPNEncoder(
      (dropout_layer): Dropout(p=0.0, inplace=False)
      (act_func): ReLU()
      (W_i): Linear(in_features=147, out_features=300, bias=False)
      (W_h): Linear(in_features=300, out_features=300, bias=False)
      (W_o): Linear(in_features=433, out_features=300, bias=True)
    )
  )
  (ffn): Sequential(
    (0): Dropout(p=0.0, inplace=False)
    (1): Linear(in_features=300, out_features=300, bias=True)
    (2): ReLU()
    (3): Dropout(p=0.0, inplace=False)
    (4): Linear(in_features=300, out_features=1, bias=True)
  )
)
Number of parameters = 354,901
Moving model to cuda
Epoch 0
Loss = 9.7855e-03, PNorm = 33.9598, GNorm = 1.7719, lr_0 = 1.0157e-04
Loss = 2.5815e-03, PNorm = 33.9652, GNorm = 0.5901, lr_0 = 1.0300e-04
Loss = 1.6799e-03, PNorm = 33.9691, GNorm = 0.2245, lr_0 = 1.0443e-04
Loss = 2.7214e-03, PNorm = 33.9697, GNorm = 0.1775, lr_0 = 1.0585e-04
Loss = 1.0234e-03, PNorm = 33.9690, GNorm = 0.2167, lr_0 = 1.0728e-04
Loss = 3.1523e-03, PNorm = 33.9678, GNorm = 0.7050, lr_0 = 1.0871e-04
Loss = 2.7502e-03, PNorm = 33.9664, GNorm = 0.1427, lr_0 = 1.1014e-04
Loss = 2.4412e-03, PNorm = 33.9664, GNorm = 0.1442, lr_0 = 1.1156e-04
Loss = 1.4516e-03, PNorm = 33.9677, GNorm = 0.3978, lr_0 = 1.1299e-04
Loss = 2.1708e-03, PNorm = 33.9697, GNorm = 0.0651, lr_0 = 1.1442e-04
Loss = 2.3090e-03, PNorm = 33.9705, GNorm = 0.3775, lr_0 = 1.1585e-04
Loss = 2.3929e-03, PNorm = 33.9713, GNorm = 0.2401, lr_0 = 1.1727e-04
Loss = 1.6838e-03, PNorm = 33.9730, GNorm = 0.3540, lr_0 = 1.1870e-04
Loss = 2.6979e-03, PNorm = 33.9736, GNorm = 0.1005, lr_0 = 1.2013e-04
Loss = 1.2218e-03, PNorm = 33.9768, GNorm = 0.7520, lr_0 = 1.2156e-04
Loss = 1.8998e-03, PNorm = 33.9777, GNorm = 0.1824, lr_0 = 1.2299e-04
Loss = 2.7878e-03, PNorm = 33.9768, GNorm = 0.5393, lr_0 = 1.2441e-04
Loss = 2.7847e-03, PNorm = 33.9785, GNorm = 0.4182, lr_0 = 1.2584e-04
Loss = 1.7394e-03, PNorm = 33.9832, GNorm = 0.0476, lr_0 = 1.2727e-04
Loss = 2.8867e-03, PNorm = 33.9846, GNorm = 0.4610, lr_0 = 1.2870e-04
Loss = 2.9245e-03, PNorm = 33.9868, GNorm = 0.1646, lr_0 = 1.3012e-04
Loss = 2.0333e-03, PNorm = 33.9892, GNorm = 0.4580, lr_0 = 1.3155e-04
Loss = 1.8207e-03, PNorm = 33.9938, GNorm = 0.2920, lr_0 = 1.3298e-04
Loss = 1.1507e-03, PNorm = 33.9983, GNorm = 0.1984, lr_0 = 1.3441e-04
Loss = 2.6638e-03, PNorm = 33.9972, GNorm = 0.0742, lr_0 = 1.3583e-04
Loss = 1.6063e-03, PNorm = 33.9993, GNorm = 0.0902, lr_0 = 1.3726e-04
Loss = 2.5870e-03, PNorm = 34.0018, GNorm = 0.0709, lr_0 = 1.3869e-04
Loss = 2.1471e-03, PNorm = 34.0045, GNorm = 0.1230, lr_0 = 1.4012e-04
Loss = 1.6645e-03, PNorm = 34.0093, GNorm = 0.3638, lr_0 = 1.4155e-04
Loss = 2.8121e-03, PNorm = 34.0102, GNorm = 0.1300, lr_0 = 1.4297e-04
Loss = 2.8090e-03, PNorm = 34.0120, GNorm = 0.3321, lr_0 = 1.4440e-04
Loss = 1.9047e-03, PNorm = 34.0204, GNorm = 0.3336, lr_0 = 1.4583e-04
Loss = 1.5728e-03, PNorm = 34.0283, GNorm = 1.2009, lr_0 = 1.4726e-04
Loss = 2.8450e-03, PNorm = 34.0244, GNorm = 0.2279, lr_0 = 1.4868e-04
Loss = 2.7051e-03, PNorm = 34.0285, GNorm = 0.3545, lr_0 = 1.5011e-04
Loss = 3.0424e-03, PNorm = 34.0366, GNorm = 0.1807, lr_0 = 1.5154e-04
Loss = 2.0738e-03, PNorm = 34.0461, GNorm = 0.0792, lr_0 = 1.5297e-04
Loss = 9.7402e-04, PNorm = 34.0575, GNorm = 0.1612, lr_0 = 1.5439e-04
Loss = 2.1484e-03, PNorm = 34.0575, GNorm = 0.1191, lr_0 = 1.5582e-04
Loss = 1.9973e-03, PNorm = 34.0575, GNorm = 0.4771, lr_0 = 1.5725e-04
Loss = 2.3343e-03, PNorm = 34.0657, GNorm = 0.4010, lr_0 = 1.5868e-04
Loss = 3.0360e-03, PNorm = 34.0708, GNorm = 0.1773, lr_0 = 1.6010e-04
Loss = 1.9994e-03, PNorm = 34.0790, GNorm = 1.0377, lr_0 = 1.6153e-04
Loss = 1.8674e-03, PNorm = 34.0866, GNorm = 0.3081, lr_0 = 1.6296e-04
Loss = 1.8441e-03, PNorm = 34.0937, GNorm = 0.3712, lr_0 = 1.6439e-04
Loss = 1.6327e-03, PNorm = 34.1021, GNorm = 0.1658, lr_0 = 1.6582e-04
Loss = 1.7752e-03, PNorm = 34.1066, GNorm = 0.4028, lr_0 = 1.6724e-04
Loss = 2.5936e-03, PNorm = 34.1157, GNorm = 0.4806, lr_0 = 1.6867e-04
Loss = 1.9869e-03, PNorm = 34.1243, GNorm = 0.4129, lr_0 = 1.7010e-04
Loss = 1.5911e-03, PNorm = 34.1298, GNorm = 0.2612, lr_0 = 1.7153e-04
Loss = 2.0846e-03, PNorm = 34.1356, GNorm = 1.2204, lr_0 = 1.7295e-04
Loss = 2.8765e-03, PNorm = 34.1368, GNorm = 0.4887, lr_0 = 1.7438e-04
Loss = 1.8649e-03, PNorm = 34.1521, GNorm = 0.0937, lr_0 = 1.7581e-04
Loss = 2.1844e-03, PNorm = 34.1622, GNorm = 0.2336, lr_0 = 1.7724e-04
Loss = 1.6696e-03, PNorm = 34.1708, GNorm = 0.1690, lr_0 = 1.7866e-04
Loss = 1.5947e-03, PNorm = 34.1874, GNorm = 0.0961, lr_0 = 1.8009e-04
Loss = 2.1180e-03, PNorm = 34.1940, GNorm = 0.2008, lr_0 = 1.8152e-04
Loss = 2.3220e-03, PNorm = 34.1933, GNorm = 0.1029, lr_0 = 1.8295e-04
Loss = 2.2105e-03, PNorm = 34.2043, GNorm = 0.3215, lr_0 = 1.8438e-04
Loss = 1.6171e-03, PNorm = 34.2121, GNorm = 0.2155, lr_0 = 1.8580e-04
Loss = 1.5733e-03, PNorm = 34.2147, GNorm = 0.0723, lr_0 = 1.8723e-04
Loss = 2.4252e-03, PNorm = 34.2204, GNorm = 0.1447, lr_0 = 1.8866e-04
Loss = 1.9956e-03, PNorm = 34.2376, GNorm = 0.0829, lr_0 = 1.9009e-04
Loss = 2.3823e-03, PNorm = 34.2505, GNorm = 0.1677, lr_0 = 1.9151e-04
Loss = 1.8123e-03, PNorm = 34.2691, GNorm = 0.5064, lr_0 = 1.9294e-04
Loss = 1.8467e-03, PNorm = 34.2834, GNorm = 0.2991, lr_0 = 1.9437e-04
Loss = 1.9140e-03, PNorm = 34.2943, GNorm = 0.1048, lr_0 = 1.9580e-04
Loss = 2.1629e-03, PNorm = 34.3009, GNorm = 0.5779, lr_0 = 1.9722e-04
Loss = 1.9423e-03, PNorm = 34.3047, GNorm = 0.2214, lr_0 = 1.9865e-04
Loss = 2.4594e-03, PNorm = 34.3183, GNorm = 0.2760, lr_0 = 2.0008e-04
Loss = 2.2210e-03, PNorm = 34.3340, GNorm = 0.3365, lr_0 = 2.0151e-04
Loss = 1.8412e-03, PNorm = 34.3493, GNorm = 0.1463, lr_0 = 2.0293e-04
Loss = 1.3337e-03, PNorm = 34.3614, GNorm = 0.2418, lr_0 = 2.0436e-04
Loss = 1.8448e-03, PNorm = 34.3718, GNorm = 0.5680, lr_0 = 2.0579e-04
Loss = 2.1283e-03, PNorm = 34.3852, GNorm = 0.5772, lr_0 = 2.0722e-04
Loss = 2.0473e-03, PNorm = 34.3962, GNorm = 0.8260, lr_0 = 2.0865e-04
Loss = 1.2588e-03, PNorm = 34.4153, GNorm = 0.2632, lr_0 = 2.1007e-04
Loss = 2.7241e-03, PNorm = 34.4163, GNorm = 0.2007, lr_0 = 2.1150e-04
Loss = 2.0873e-03, PNorm = 34.4341, GNorm = 0.4503, lr_0 = 2.1293e-04
Loss = 2.7053e-03, PNorm = 34.4464, GNorm = 0.4655, lr_0 = 2.1436e-04
Loss = 1.8652e-03, PNorm = 34.4700, GNorm = 0.7740, lr_0 = 2.1578e-04
Loss = 1.5914e-03, PNorm = 34.4847, GNorm = 0.4874, lr_0 = 2.1721e-04
Loss = 2.6131e-03, PNorm = 34.4989, GNorm = 0.2909, lr_0 = 2.1864e-04
Loss = 2.9521e-03, PNorm = 34.5112, GNorm = 0.2170, lr_0 = 2.2007e-04
Loss = 1.2561e-03, PNorm = 34.5373, GNorm = 0.1844, lr_0 = 2.2149e-04
Loss = 1.5302e-03, PNorm = 34.5471, GNorm = 0.2230, lr_0 = 2.2292e-04
Loss = 1.9462e-03, PNorm = 34.5501, GNorm = 0.3005, lr_0 = 2.2435e-04
Loss = 2.5507e-03, PNorm = 34.5589, GNorm = 0.4413, lr_0 = 2.2578e-04
Loss = 1.5916e-03, PNorm = 34.5751, GNorm = 0.1478, lr_0 = 2.2720e-04
Loss = 2.4898e-03, PNorm = 34.5877, GNorm = 0.2566, lr_0 = 2.2863e-04
Loss = 2.2191e-03, PNorm = 34.6134, GNorm = 0.2709, lr_0 = 2.3006e-04
Loss = 1.8533e-03, PNorm = 34.6297, GNorm = 0.1365, lr_0 = 2.3149e-04
Loss = 1.8148e-03, PNorm = 34.6381, GNorm = 0.1902, lr_0 = 2.3292e-04
Loss = 1.7602e-03, PNorm = 34.6633, GNorm = 0.1065, lr_0 = 2.3434e-04
Loss = 1.6048e-03, PNorm = 34.6804, GNorm = 0.0982, lr_0 = 2.3577e-04
Loss = 1.6411e-03, PNorm = 34.6967, GNorm = 0.4777, lr_0 = 2.3720e-04
Loss = 2.4697e-03, PNorm = 34.7085, GNorm = 0.2373, lr_0 = 2.3863e-04
Loss = 1.7995e-03, PNorm = 34.7120, GNorm = 0.4900, lr_0 = 2.4005e-04
Loss = 2.1879e-03, PNorm = 34.7284, GNorm = 0.1546, lr_0 = 2.4148e-04
Loss = 1.9034e-03, PNorm = 34.7402, GNorm = 0.4610, lr_0 = 2.4291e-04
Loss = 1.7241e-03, PNorm = 34.7650, GNorm = 0.1733, lr_0 = 2.4434e-04
Loss = 2.2311e-03, PNorm = 34.7833, GNorm = 0.2037, lr_0 = 2.4576e-04
Loss = 1.8603e-03, PNorm = 34.8124, GNorm = 0.2609, lr_0 = 2.4719e-04
Loss = 2.7069e-03, PNorm = 34.8200, GNorm = 0.2916, lr_0 = 2.4862e-04
Loss = 1.7454e-03, PNorm = 34.8443, GNorm = 0.9244, lr_0 = 2.5005e-04
Loss = 1.3527e-03, PNorm = 34.8632, GNorm = 0.3003, lr_0 = 2.5148e-04
Loss = 2.0038e-03, PNorm = 34.8881, GNorm = 0.2171, lr_0 = 2.5290e-04
Loss = 1.2359e-03, PNorm = 34.9277, GNorm = 0.3933, lr_0 = 2.5433e-04
Loss = 2.2224e-03, PNorm = 34.9442, GNorm = 0.3716, lr_0 = 2.5576e-04
Loss = 1.6466e-03, PNorm = 34.9719, GNorm = 1.0084, lr_0 = 2.5719e-04
Loss = 1.1272e-03, PNorm = 34.9801, GNorm = 0.2996, lr_0 = 2.5861e-04
Loss = 9.7956e-04, PNorm = 35.0012, GNorm = 0.1931, lr_0 = 2.6004e-04
Loss = 1.7989e-03, PNorm = 35.0096, GNorm = 0.2859, lr_0 = 2.6147e-04
Loss = 1.1928e-03, PNorm = 35.0311, GNorm = 0.2479, lr_0 = 2.6290e-04
Loss = 2.0610e-03, PNorm = 35.0449, GNorm = 0.7051, lr_0 = 2.6432e-04
Loss = 1.2621e-03, PNorm = 35.0769, GNorm = 0.1994, lr_0 = 2.6575e-04
Loss = 1.3706e-03, PNorm = 35.0985, GNorm = 0.5184, lr_0 = 2.6718e-04
Loss = 1.4393e-03, PNorm = 35.1078, GNorm = 0.8190, lr_0 = 2.6861e-04
Loss = 1.4201e-03, PNorm = 35.1220, GNorm = 0.2728, lr_0 = 2.7003e-04
Loss = 1.1077e-03, PNorm = 35.1426, GNorm = 0.1800, lr_0 = 2.7146e-04
Loss = 1.3640e-03, PNorm = 35.1591, GNorm = 0.3722, lr_0 = 2.7289e-04
Loss = 2.0917e-03, PNorm = 35.1608, GNorm = 0.1493, lr_0 = 2.7432e-04
Loss = 1.8292e-03, PNorm = 35.1725, GNorm = 0.2157, lr_0 = 2.7575e-04
Loss = 2.0595e-03, PNorm = 35.1905, GNorm = 0.2743, lr_0 = 2.7717e-04
Loss = 1.8621e-03, PNorm = 35.2176, GNorm = 0.9289, lr_0 = 2.7860e-04
Loss = 1.5129e-03, PNorm = 35.2288, GNorm = 0.1584, lr_0 = 2.8003e-04
Loss = 1.8135e-03, PNorm = 35.2410, GNorm = 0.3721, lr_0 = 2.8146e-04
Loss = 2.2480e-03, PNorm = 35.2530, GNorm = 0.3419, lr_0 = 2.8288e-04
Loss = 1.0240e-03, PNorm = 35.2880, GNorm = 0.2748, lr_0 = 2.8431e-04
Loss = 1.5611e-03, PNorm = 35.2959, GNorm = 0.8641, lr_0 = 2.8574e-04
Loss = 2.6035e-03, PNorm = 35.2814, GNorm = 0.2853, lr_0 = 2.8717e-04
Loss = 1.7696e-03, PNorm = 35.3161, GNorm = 0.5445, lr_0 = 2.8859e-04
Loss = 1.6234e-03, PNorm = 35.3375, GNorm = 0.1630, lr_0 = 2.9002e-04
Loss = 1.4483e-03, PNorm = 35.3574, GNorm = 0.5890, lr_0 = 2.9145e-04
Loss = 1.6757e-03, PNorm = 35.3888, GNorm = 0.8655, lr_0 = 2.9288e-04
Loss = 1.9754e-03, PNorm = 35.4244, GNorm = 0.1322, lr_0 = 2.9431e-04
Loss = 1.8309e-03, PNorm = 35.4367, GNorm = 1.0660, lr_0 = 2.9573e-04
Loss = 1.2537e-03, PNorm = 35.4742, GNorm = 0.1896, lr_0 = 2.9716e-04
Loss = 2.4633e-03, PNorm = 35.4868, GNorm = 0.2363, lr_0 = 2.9859e-04
Loss = 1.9827e-03, PNorm = 35.4970, GNorm = 0.2076, lr_0 = 3.0002e-04
Loss = 2.5989e-03, PNorm = 35.5060, GNorm = 0.3071, lr_0 = 3.0144e-04
Loss = 1.3535e-03, PNorm = 35.5358, GNorm = 0.2137, lr_0 = 3.0287e-04
Loss = 1.6765e-03, PNorm = 35.5406, GNorm = 0.4529, lr_0 = 3.0430e-04
Loss = 1.1319e-03, PNorm = 35.5567, GNorm = 0.1414, lr_0 = 3.0573e-04
Loss = 1.3754e-03, PNorm = 35.5925, GNorm = 0.6713, lr_0 = 3.0715e-04
Loss = 1.5902e-03, PNorm = 35.6062, GNorm = 0.6516, lr_0 = 3.0858e-04
Loss = 1.7226e-03, PNorm = 35.6217, GNorm = 0.3159, lr_0 = 3.1001e-04
Loss = 2.6461e-03, PNorm = 35.6318, GNorm = 0.3233, lr_0 = 3.1144e-04
Loss = 1.9297e-03, PNorm = 35.6477, GNorm = 0.1992, lr_0 = 3.1286e-04
Loss = 1.4387e-03, PNorm = 35.6713, GNorm = 0.4111, lr_0 = 3.1429e-04
Loss = 1.7010e-03, PNorm = 35.6838, GNorm = 0.4225, lr_0 = 3.1572e-04
Loss = 1.9624e-03, PNorm = 35.7157, GNorm = 0.2987, lr_0 = 3.1715e-04
Loss = 1.2299e-03, PNorm = 35.7392, GNorm = 0.3934, lr_0 = 3.1858e-04
Loss = 1.5429e-03, PNorm = 35.7450, GNorm = 0.2906, lr_0 = 3.2000e-04
Loss = 1.2070e-03, PNorm = 35.7613, GNorm = 0.3091, lr_0 = 3.2143e-04
Loss = 1.5946e-03, PNorm = 35.7654, GNorm = 0.2315, lr_0 = 3.2286e-04
Loss = 1.7098e-03, PNorm = 35.7846, GNorm = 0.2031, lr_0 = 3.2429e-04
Loss = 1.5373e-03, PNorm = 35.8152, GNorm = 0.2285, lr_0 = 3.2571e-04
Loss = 1.4343e-03, PNorm = 35.8430, GNorm = 0.2637, lr_0 = 3.2714e-04
Loss = 1.3714e-03, PNorm = 35.8631, GNorm = 0.3135, lr_0 = 3.2857e-04
Loss = 1.7043e-03, PNorm = 35.8655, GNorm = 0.4627, lr_0 = 3.3000e-04
Loss = 9.2682e-04, PNorm = 35.8922, GNorm = 0.0997, lr_0 = 3.3142e-04
Loss = 1.4998e-03, PNorm = 35.9140, GNorm = 0.6641, lr_0 = 3.3285e-04
Loss = 8.8055e-04, PNorm = 35.9331, GNorm = 0.2261, lr_0 = 3.3428e-04
Loss = 1.2001e-03, PNorm = 35.9464, GNorm = 0.8165, lr_0 = 3.3571e-04
Loss = 1.6377e-03, PNorm = 35.9633, GNorm = 0.4769, lr_0 = 3.3714e-04
Loss = 1.1923e-03, PNorm = 35.9878, GNorm = 0.2044, lr_0 = 3.3856e-04
Loss = 1.2021e-03, PNorm = 36.0005, GNorm = 0.6010, lr_0 = 3.3999e-04
Loss = 1.6410e-03, PNorm = 36.0193, GNorm = 0.2255, lr_0 = 3.4142e-04
Loss = 1.2980e-03, PNorm = 36.0411, GNorm = 0.2824, lr_0 = 3.4285e-04
Loss = 1.1394e-03, PNorm = 36.0711, GNorm = 0.2429, lr_0 = 3.4427e-04
Loss = 1.4907e-03, PNorm = 36.0904, GNorm = 0.1794, lr_0 = 3.4570e-04
Loss = 2.0830e-03, PNorm = 36.0938, GNorm = 0.5025, lr_0 = 3.4713e-04
Loss = 1.3334e-03, PNorm = 36.1198, GNorm = 0.7163, lr_0 = 3.4856e-04
Loss = 2.0581e-03, PNorm = 36.1237, GNorm = 0.5694, lr_0 = 3.4998e-04
Loss = 1.6425e-03, PNorm = 36.1513, GNorm = 0.5183, lr_0 = 3.5141e-04
Loss = 1.3207e-03, PNorm = 36.1730, GNorm = 0.1982, lr_0 = 3.5284e-04
Loss = 1.2737e-03, PNorm = 36.1873, GNorm = 0.1647, lr_0 = 3.5427e-04
Loss = 2.0205e-03, PNorm = 36.1925, GNorm = 0.3579, lr_0 = 3.5569e-04
Loss = 1.7712e-03, PNorm = 36.2084, GNorm = 0.8987, lr_0 = 3.5712e-04
Loss = 1.4479e-03, PNorm = 36.2164, GNorm = 0.2286, lr_0 = 3.5855e-04
Loss = 1.2244e-03, PNorm = 36.2478, GNorm = 0.3123, lr_0 = 3.5998e-04
Loss = 2.0555e-03, PNorm = 36.2654, GNorm = 0.3966, lr_0 = 3.6141e-04
Loss = 9.9677e-04, PNorm = 36.2820, GNorm = 0.1543, lr_0 = 3.6283e-04
Loss = 2.1552e-03, PNorm = 36.2784, GNorm = 0.4777, lr_0 = 3.6426e-04
Loss = 1.6201e-03, PNorm = 36.3061, GNorm = 0.2252, lr_0 = 3.6569e-04
Loss = 1.9355e-03, PNorm = 36.3320, GNorm = 0.3082, lr_0 = 3.6712e-04
Loss = 9.7199e-04, PNorm = 36.3604, GNorm = 0.1978, lr_0 = 3.6854e-04
Loss = 1.7875e-03, PNorm = 36.3757, GNorm = 0.1266, lr_0 = 3.6997e-04
Loss = 1.3471e-03, PNorm = 36.3847, GNorm = 0.2982, lr_0 = 3.7140e-04
Loss = 1.2411e-03, PNorm = 36.4239, GNorm = 0.1546, lr_0 = 3.7283e-04
Loss = 1.2050e-03, PNorm = 36.4440, GNorm = 0.1370, lr_0 = 3.7425e-04
Loss = 1.2593e-03, PNorm = 36.4598, GNorm = 0.1444, lr_0 = 3.7568e-04
Loss = 1.2607e-03, PNorm = 36.4738, GNorm = 0.3575, lr_0 = 3.7711e-04
Loss = 1.9189e-03, PNorm = 36.4954, GNorm = 0.2698, lr_0 = 3.7854e-04
Loss = 1.6711e-03, PNorm = 36.5253, GNorm = 0.9507, lr_0 = 3.7997e-04
Loss = 1.5752e-03, PNorm = 36.5400, GNorm = 0.3813, lr_0 = 3.8139e-04
Loss = 2.0224e-03, PNorm = 36.5593, GNorm = 0.3599, lr_0 = 3.8282e-04
Loss = 1.0930e-03, PNorm = 36.5967, GNorm = 0.1375, lr_0 = 3.8425e-04
Loss = 1.5308e-03, PNorm = 36.6185, GNorm = 0.4379, lr_0 = 3.8568e-04
Loss = 1.8541e-03, PNorm = 36.6399, GNorm = 0.1241, lr_0 = 3.8710e-04
Loss = 1.5782e-03, PNorm = 36.6552, GNorm = 0.2096, lr_0 = 3.8853e-04
Loss = 1.0262e-03, PNorm = 36.6901, GNorm = 0.0774, lr_0 = 3.8996e-04
Loss = 1.3165e-03, PNorm = 36.7243, GNorm = 0.4540, lr_0 = 3.9139e-04
Loss = 1.4448e-03, PNorm = 36.7556, GNorm = 0.3049, lr_0 = 3.9281e-04
Loss = 7.3801e-04, PNorm = 36.7881, GNorm = 0.3948, lr_0 = 3.9424e-04
Loss = 1.6497e-03, PNorm = 36.8084, GNorm = 0.5449, lr_0 = 3.9567e-04
Loss = 1.5350e-03, PNorm = 36.8342, GNorm = 0.2833, lr_0 = 3.9710e-04
Loss = 1.3597e-03, PNorm = 36.8632, GNorm = 0.0800, lr_0 = 3.9852e-04
Loss = 1.7407e-03, PNorm = 36.8588, GNorm = 0.2985, lr_0 = 3.9995e-04
Loss = 1.5065e-03, PNorm = 36.8958, GNorm = 0.0683, lr_0 = 4.0138e-04
Loss = 1.4281e-03, PNorm = 36.9137, GNorm = 0.4230, lr_0 = 4.0281e-04
Loss = 1.3970e-03, PNorm = 36.9385, GNorm = 0.4305, lr_0 = 4.0424e-04
Loss = 1.2226e-03, PNorm = 36.9894, GNorm = 0.4239, lr_0 = 4.0566e-04
Loss = 1.2581e-03, PNorm = 36.9859, GNorm = 0.1468, lr_0 = 4.0709e-04
Loss = 9.6212e-04, PNorm = 37.0009, GNorm = 0.7047, lr_0 = 4.0852e-04
Loss = 1.0393e-03, PNorm = 37.0267, GNorm = 0.3652, lr_0 = 4.0995e-04
Loss = 1.0208e-03, PNorm = 37.0389, GNorm = 0.1988, lr_0 = 4.1137e-04
Loss = 1.5709e-03, PNorm = 37.0548, GNorm = 0.5137, lr_0 = 4.1280e-04
Loss = 1.5174e-03, PNorm = 37.0828, GNorm = 0.2505, lr_0 = 4.1423e-04
Loss = 1.5467e-03, PNorm = 37.1231, GNorm = 0.4134, lr_0 = 4.1566e-04
Loss = 1.9206e-03, PNorm = 37.1157, GNorm = 0.2190, lr_0 = 4.1708e-04
Loss = 1.1830e-03, PNorm = 37.1441, GNorm = 0.1994, lr_0 = 4.1851e-04
Loss = 9.0719e-04, PNorm = 37.1601, GNorm = 0.4779, lr_0 = 4.1994e-04
Loss = 1.5068e-03, PNorm = 37.1681, GNorm = 0.2968, lr_0 = 4.2137e-04
Loss = 1.2522e-03, PNorm = 37.2035, GNorm = 0.0919, lr_0 = 4.2280e-04
Loss = 2.0628e-03, PNorm = 37.2176, GNorm = 0.5164, lr_0 = 4.2422e-04
Loss = 1.4463e-03, PNorm = 37.2552, GNorm = 0.3920, lr_0 = 4.2565e-04
Loss = 1.7173e-03, PNorm = 37.2728, GNorm = 0.1817, lr_0 = 4.2708e-04
Loss = 1.4627e-03, PNorm = 37.3039, GNorm = 0.5363, lr_0 = 4.2851e-04
Loss = 2.6097e-03, PNorm = 37.3336, GNorm = 0.7414, lr_0 = 4.2993e-04
Loss = 8.8587e-04, PNorm = 37.3739, GNorm = 0.3804, lr_0 = 4.3136e-04
Loss = 1.5786e-03, PNorm = 37.3916, GNorm = 0.3806, lr_0 = 4.3279e-04
Loss = 1.1977e-03, PNorm = 37.4083, GNorm = 0.1953, lr_0 = 4.3422e-04
Loss = 1.0962e-03, PNorm = 37.4317, GNorm = 0.1363, lr_0 = 4.3564e-04
Loss = 1.6362e-03, PNorm = 37.4446, GNorm = 0.3536, lr_0 = 4.3707e-04
Loss = 1.7339e-03, PNorm = 37.4739, GNorm = 0.2122, lr_0 = 4.3850e-04
Loss = 1.4239e-03, PNorm = 37.5068, GNorm = 0.2779, lr_0 = 4.3993e-04
Loss = 1.5508e-03, PNorm = 37.5209, GNorm = 0.5532, lr_0 = 4.4135e-04
Loss = 1.3003e-03, PNorm = 37.5769, GNorm = 0.3839, lr_0 = 4.4278e-04
Loss = 1.6225e-03, PNorm = 37.6001, GNorm = 0.4052, lr_0 = 4.4421e-04
Loss = 1.6238e-03, PNorm = 37.6552, GNorm = 0.0890, lr_0 = 4.4564e-04
Loss = 1.5872e-03, PNorm = 37.6753, GNorm = 0.6187, lr_0 = 4.4707e-04
Loss = 1.6876e-03, PNorm = 37.7216, GNorm = 0.8195, lr_0 = 4.4849e-04
Loss = 1.3657e-03, PNorm = 37.7638, GNorm = 0.2190, lr_0 = 4.4992e-04
Loss = 9.5108e-04, PNorm = 37.7955, GNorm = 0.4964, lr_0 = 4.5135e-04
Loss = 1.1634e-03, PNorm = 37.8019, GNorm = 0.1706, lr_0 = 4.5278e-04
Loss = 9.3639e-04, PNorm = 37.8341, GNorm = 0.6977, lr_0 = 4.5420e-04
Loss = 1.1808e-04, PNorm = 37.8563, GNorm = 0.0720, lr_0 = 4.5563e-04
Loss = 1.1666e-03, PNorm = 37.8696, GNorm = 0.4030, lr_0 = 4.5706e-04
Loss = 1.3529e-03, PNorm = 37.8761, GNorm = 0.9740, lr_0 = 4.5849e-04
Loss = 1.1054e-03, PNorm = 37.9088, GNorm = 0.5804, lr_0 = 4.5991e-04
Loss = 1.3236e-03, PNorm = 37.9065, GNorm = 0.2654, lr_0 = 4.6134e-04
Loss = 1.1781e-03, PNorm = 37.9207, GNorm = 0.1903, lr_0 = 4.6277e-04
Loss = 1.1884e-03, PNorm = 37.9257, GNorm = 0.4093, lr_0 = 4.6420e-04
Loss = 1.4749e-03, PNorm = 37.9406, GNorm = 0.2610, lr_0 = 4.6563e-04
Loss = 1.1500e-03, PNorm = 37.9758, GNorm = 0.3816, lr_0 = 4.6705e-04
Loss = 2.0243e-03, PNorm = 37.9790, GNorm = 0.2654, lr_0 = 4.6848e-04
Loss = 1.5828e-03, PNorm = 38.0213, GNorm = 0.2658, lr_0 = 4.6991e-04
Loss = 1.0109e-03, PNorm = 38.0461, GNorm = 0.0989, lr_0 = 4.7134e-04
Loss = 1.9367e-03, PNorm = 38.0588, GNorm = 0.2676, lr_0 = 4.7276e-04
Loss = 1.2405e-03, PNorm = 38.0808, GNorm = 0.1160, lr_0 = 4.7419e-04
Loss = 8.9121e-04, PNorm = 38.1039, GNorm = 0.2699, lr_0 = 4.7562e-04
Loss = 1.0956e-03, PNorm = 38.1395, GNorm = 0.0693, lr_0 = 4.7705e-04
Loss = 1.0611e-03, PNorm = 38.1597, GNorm = 0.2007, lr_0 = 4.7847e-04
Loss = 1.0456e-03, PNorm = 38.1720, GNorm = 0.1672, lr_0 = 4.7990e-04
Loss = 1.3928e-03, PNorm = 38.1727, GNorm = 0.2956, lr_0 = 4.8133e-04
Loss = 1.1287e-03, PNorm = 38.1825, GNorm = 0.1980, lr_0 = 4.8276e-04
Loss = 8.0814e-04, PNorm = 38.2024, GNorm = 0.2267, lr_0 = 4.8418e-04
Loss = 1.4831e-03, PNorm = 38.2214, GNorm = 0.6993, lr_0 = 4.8561e-04
Loss = 1.5785e-03, PNorm = 38.2121, GNorm = 0.3538, lr_0 = 4.8704e-04
Loss = 6.2073e-04, PNorm = 38.2582, GNorm = 0.0403, lr_0 = 4.8847e-04
Loss = 2.4415e-03, PNorm = 38.2487, GNorm = 0.3035, lr_0 = 4.8990e-04
Loss = 1.6203e-03, PNorm = 38.2629, GNorm = 0.1748, lr_0 = 4.9132e-04
Loss = 1.3338e-03, PNorm = 38.2938, GNorm = 0.2742, lr_0 = 4.9275e-04
Loss = 1.9486e-03, PNorm = 38.3227, GNorm = 0.2809, lr_0 = 4.9418e-04
Loss = 1.1883e-03, PNorm = 38.3453, GNorm = 0.0688, lr_0 = 4.9561e-04
Loss = 1.2079e-03, PNorm = 38.3671, GNorm = 0.5034, lr_0 = 4.9703e-04
Loss = 6.4551e-04, PNorm = 38.4080, GNorm = 0.2472, lr_0 = 4.9846e-04
Loss = 1.1643e-03, PNorm = 38.4277, GNorm = 0.1971, lr_0 = 4.9989e-04
Loss = 8.7355e-04, PNorm = 38.4566, GNorm = 0.0454, lr_0 = 5.0132e-04
Loss = 1.1816e-03, PNorm = 38.4648, GNorm = 0.3192, lr_0 = 5.0274e-04
Loss = 9.8408e-04, PNorm = 38.5013, GNorm = 0.7043, lr_0 = 5.0417e-04
Loss = 9.0519e-04, PNorm = 38.4994, GNorm = 0.1050, lr_0 = 5.0560e-04
Loss = 1.0095e-03, PNorm = 38.5032, GNorm = 0.1723, lr_0 = 5.0703e-04
Loss = 1.5006e-03, PNorm = 38.5227, GNorm = 0.4579, lr_0 = 5.0845e-04
Loss = 9.2582e-04, PNorm = 38.5629, GNorm = 0.2995, lr_0 = 5.0988e-04
Loss = 7.7744e-04, PNorm = 38.5843, GNorm = 0.1006, lr_0 = 5.1131e-04
Loss = 1.9177e-03, PNorm = 38.5833, GNorm = 0.3228, lr_0 = 5.1274e-04
Loss = 9.3333e-04, PNorm = 38.6175, GNorm = 0.0346, lr_0 = 5.1417e-04
Loss = 1.5894e-03, PNorm = 38.6122, GNorm = 0.3522, lr_0 = 5.1559e-04
Loss = 9.1583e-04, PNorm = 38.6360, GNorm = 0.2265, lr_0 = 5.1702e-04
Loss = 1.7834e-03, PNorm = 38.6580, GNorm = 0.2781, lr_0 = 5.1845e-04
Loss = 7.2734e-04, PNorm = 38.6998, GNorm = 0.0854, lr_0 = 5.1988e-04
Loss = 5.6588e-04, PNorm = 38.7373, GNorm = 0.2010, lr_0 = 5.2130e-04
Loss = 1.4297e-03, PNorm = 38.7631, GNorm = 0.0457, lr_0 = 5.2273e-04
Loss = 1.3622e-03, PNorm = 38.7599, GNorm = 0.3110, lr_0 = 5.2416e-04
Loss = 1.0485e-03, PNorm = 38.7990, GNorm = 0.2403, lr_0 = 5.2559e-04
Loss = 1.4227e-03, PNorm = 38.8144, GNorm = 0.3545, lr_0 = 5.2701e-04
Loss = 6.2342e-04, PNorm = 38.8628, GNorm = 0.0450, lr_0 = 5.2844e-04
Loss = 1.1541e-03, PNorm = 38.8664, GNorm = 0.0562, lr_0 = 5.2987e-04
Loss = 6.6964e-04, PNorm = 38.8737, GNorm = 0.4360, lr_0 = 5.3130e-04
Loss = 1.1303e-03, PNorm = 38.9074, GNorm = 0.2664, lr_0 = 5.3273e-04
Loss = 1.0325e-03, PNorm = 38.9149, GNorm = 0.2730, lr_0 = 5.3415e-04
