Fold 0
{'activation': 'ReLU',
 'atom_messages': False,
 'batch_size': 50,
 'bias': False,
 'checkpoint_dir': None,
 'checkpoint_path': None,
 'checkpoint_paths': None,
 'config_path': None,
 'crossval_index_dir': None,
 'crossval_index_file': None,
 'cuda': True,
 'data_path': 'dataset/splitted_csv_files_mpnn_models/er_membrane_tr.csv',
 'dataset_type': 'classification',
 'depth': 3,
 'dropout': 0.0,
 'ensemble_size': 1,
 'epochs': 50,
 'features_generator': None,
 'features_only': False,
 'features_path': None,
 'features_scaling': True,
 'ffn_hidden_size': 300,
 'ffn_num_layers': 2,
 'final_lr': 0.0001,
 'folds_file': None,
 'gpu': None,
 'hidden_size': 300,
 'init_lr': 0.0001,
 'log_frequency': 10,
 'max_data_size': None,
 'max_lr': 0.001,
 'metric': 'cohen_k',
 'minimize_score': False,
 'multiclass_num_classes': 3,
 'no_cache': False,
 'num_folds': 1,
 'num_lrs': 1,
 'quiet': False,
 'save_dir': 'saved_models/er_membrane/fold_0',
 'save_smiles_splits': False,
 'seed': 0,
 'separate_test_features_path': None,
 'separate_test_path': 'dataset/splitted_csv_files_mpnn_models/er_membrane_te.csv',
 'separate_val_features_path': None,
 'separate_val_path': 'dataset/splitted_csv_files_mpnn_models/er_membrane_va.csv',
 'show_individual_scores': False,
 'split_sizes': [0.8, 0.1, 0.1],
 'split_type': 'random',
 'test': False,
 'test_fold_index': None,
 'undirected': False,
 'use_compound_names': False,
 'use_input_features': None,
 'val_fold_index': None,
 'warmup_epochs': 2.0}
Loading data
Number of tasks = 1
Splitting data with seed 0
Class sizes
Label 0: 96.16%, 1: 3.84%
Total size = 157,623 | train size = 157,623 | val size = 33,668 | test size = 33,758
Building model 0
MoleculeModel(
  (sigmoid): Sigmoid()
  (encoder): MPN(
    (encoder): MPNEncoder(
      (dropout_layer): Dropout(p=0.0, inplace=False)
      (act_func): ReLU()
      (W_i): Linear(in_features=147, out_features=300, bias=False)
      (W_h): Linear(in_features=300, out_features=300, bias=False)
      (W_o): Linear(in_features=433, out_features=300, bias=True)
    )
  )
  (ffn): Sequential(
    (0): Dropout(p=0.0, inplace=False)
    (1): Linear(in_features=300, out_features=300, bias=True)
    (2): ReLU()
    (3): Dropout(p=0.0, inplace=False)
    (4): Linear(in_features=300, out_features=1, bias=True)
  )
)
Number of parameters = 354,901
Moving model to cuda
Epoch 0
Loss = 8.6923e-03, PNorm = 33.9537, GNorm = 1.5379, lr_0 = 1.0157e-04
Loss = 2.7330e-03, PNorm = 33.9599, GNorm = 0.1351, lr_0 = 1.0300e-04
Loss = 3.6608e-03, PNorm = 33.9620, GNorm = 0.1461, lr_0 = 1.0443e-04
Loss = 3.5147e-03, PNorm = 33.9607, GNorm = 0.1831, lr_0 = 1.0585e-04
Loss = 3.9593e-03, PNorm = 33.9593, GNorm = 0.6850, lr_0 = 1.0728e-04
Loss = 3.6343e-03, PNorm = 33.9589, GNorm = 0.3713, lr_0 = 1.0871e-04
Loss = 2.6647e-03, PNorm = 33.9608, GNorm = 0.2628, lr_0 = 1.1014e-04
Loss = 3.4347e-03, PNorm = 33.9615, GNorm = 0.4923, lr_0 = 1.1156e-04
Loss = 3.0117e-03, PNorm = 33.9625, GNorm = 0.1707, lr_0 = 1.1299e-04
Loss = 3.5823e-03, PNorm = 33.9630, GNorm = 0.0616, lr_0 = 1.1442e-04
Loss = 2.8533e-03, PNorm = 33.9645, GNorm = 0.2614, lr_0 = 1.1585e-04
Loss = 2.5321e-03, PNorm = 33.9668, GNorm = 0.6881, lr_0 = 1.1727e-04
Loss = 2.7394e-03, PNorm = 33.9676, GNorm = 0.4488, lr_0 = 1.1870e-04
Loss = 2.9949e-03, PNorm = 33.9684, GNorm = 0.2681, lr_0 = 1.2013e-04
Loss = 2.7311e-03, PNorm = 33.9704, GNorm = 0.1866, lr_0 = 1.2156e-04
Loss = 2.2606e-03, PNorm = 33.9725, GNorm = 0.1341, lr_0 = 1.2299e-04
Loss = 2.1448e-03, PNorm = 33.9759, GNorm = 0.2412, lr_0 = 1.2441e-04
Loss = 4.0312e-03, PNorm = 33.9758, GNorm = 0.6385, lr_0 = 1.2584e-04
Loss = 3.4115e-03, PNorm = 33.9794, GNorm = 0.2800, lr_0 = 1.2727e-04
Loss = 3.8799e-03, PNorm = 33.9810, GNorm = 0.3304, lr_0 = 1.2870e-04
Loss = 3.2680e-03, PNorm = 33.9828, GNorm = 0.0908, lr_0 = 1.3012e-04
Loss = 2.9423e-03, PNorm = 33.9861, GNorm = 0.2922, lr_0 = 1.3155e-04
Loss = 2.4640e-03, PNorm = 33.9903, GNorm = 0.1048, lr_0 = 1.3298e-04
Loss = 3.2755e-03, PNorm = 33.9908, GNorm = 0.4451, lr_0 = 1.3441e-04
Loss = 2.7249e-03, PNorm = 33.9973, GNorm = 0.3230, lr_0 = 1.3583e-04
Loss = 3.8581e-03, PNorm = 33.9979, GNorm = 0.3953, lr_0 = 1.3726e-04
Loss = 2.6633e-03, PNorm = 34.0049, GNorm = 0.2602, lr_0 = 1.3869e-04
Loss = 2.4315e-03, PNorm = 34.0092, GNorm = 0.1236, lr_0 = 1.4012e-04
Loss = 3.5131e-03, PNorm = 34.0072, GNorm = 0.4328, lr_0 = 1.4155e-04
Loss = 2.3523e-03, PNorm = 34.0139, GNorm = 0.1112, lr_0 = 1.4297e-04
Loss = 3.4330e-03, PNorm = 34.0149, GNorm = 0.1825, lr_0 = 1.4440e-04
Loss = 2.9681e-03, PNorm = 34.0177, GNorm = 0.3459, lr_0 = 1.4583e-04
Loss = 3.0707e-03, PNorm = 34.0225, GNorm = 0.0994, lr_0 = 1.4726e-04
Loss = 2.8145e-03, PNorm = 34.0278, GNorm = 0.5704, lr_0 = 1.4868e-04
Loss = 3.1517e-03, PNorm = 34.0319, GNorm = 0.2357, lr_0 = 1.5011e-04
Loss = 2.6875e-03, PNorm = 34.0396, GNorm = 0.2597, lr_0 = 1.5154e-04
Loss = 3.1308e-03, PNorm = 34.0453, GNorm = 0.4672, lr_0 = 1.5297e-04
Loss = 3.1447e-03, PNorm = 34.0493, GNorm = 1.1967, lr_0 = 1.5439e-04
Loss = 3.6285e-03, PNorm = 34.0536, GNorm = 1.4358, lr_0 = 1.5582e-04
Loss = 3.3935e-03, PNorm = 34.0597, GNorm = 0.7417, lr_0 = 1.5725e-04
Loss = 3.6870e-03, PNorm = 34.0650, GNorm = 0.6124, lr_0 = 1.5868e-04
Loss = 3.5255e-03, PNorm = 34.0727, GNorm = 0.2401, lr_0 = 1.6010e-04
Loss = 3.1340e-03, PNorm = 34.0759, GNorm = 0.6056, lr_0 = 1.6153e-04
Loss = 2.3768e-03, PNorm = 34.0812, GNorm = 0.1304, lr_0 = 1.6296e-04
Loss = 2.4439e-03, PNorm = 34.0821, GNorm = 0.2009, lr_0 = 1.6439e-04
Loss = 2.5454e-03, PNorm = 34.0894, GNorm = 0.2340, lr_0 = 1.6582e-04
Loss = 2.9474e-03, PNorm = 34.0933, GNorm = 0.2892, lr_0 = 1.6724e-04
Loss = 3.5488e-03, PNorm = 34.1004, GNorm = 0.8385, lr_0 = 1.6867e-04
Loss = 1.8833e-03, PNorm = 34.1100, GNorm = 0.2303, lr_0 = 1.7010e-04
Loss = 2.7933e-03, PNorm = 34.1075, GNorm = 0.5894, lr_0 = 1.7153e-04
Loss = 3.5133e-03, PNorm = 34.1150, GNorm = 0.9682, lr_0 = 1.7295e-04
Loss = 3.2599e-03, PNorm = 34.1193, GNorm = 0.3921, lr_0 = 1.7438e-04
Loss = 3.3657e-03, PNorm = 34.1275, GNorm = 0.9875, lr_0 = 1.7581e-04
Loss = 2.5634e-03, PNorm = 34.1371, GNorm = 0.1397, lr_0 = 1.7724e-04
Loss = 2.9266e-03, PNorm = 34.1422, GNorm = 1.1444, lr_0 = 1.7866e-04
Loss = 3.2786e-03, PNorm = 34.1458, GNorm = 0.7049, lr_0 = 1.8009e-04
Loss = 3.3054e-03, PNorm = 34.1518, GNorm = 0.3892, lr_0 = 1.8152e-04
Loss = 2.5693e-03, PNorm = 34.1575, GNorm = 0.6523, lr_0 = 1.8295e-04
Loss = 3.7580e-03, PNorm = 34.1617, GNorm = 0.4566, lr_0 = 1.8438e-04
Loss = 3.7324e-03, PNorm = 34.1617, GNorm = 1.0099, lr_0 = 1.8580e-04
Loss = 2.0724e-03, PNorm = 34.1733, GNorm = 0.3811, lr_0 = 1.8723e-04
Loss = 2.5779e-03, PNorm = 34.1737, GNorm = 0.5763, lr_0 = 1.8866e-04
Loss = 2.6652e-03, PNorm = 34.1794, GNorm = 0.4111, lr_0 = 1.9009e-04
Loss = 3.4728e-03, PNorm = 34.1873, GNorm = 0.7248, lr_0 = 1.9151e-04
Loss = 2.4504e-03, PNorm = 34.1963, GNorm = 0.1858, lr_0 = 1.9294e-04
Loss = 2.4674e-03, PNorm = 34.1990, GNorm = 0.4441, lr_0 = 1.9437e-04
Loss = 1.9464e-03, PNorm = 34.2059, GNorm = 0.1473, lr_0 = 1.9580e-04
Loss = 2.8750e-03, PNorm = 34.2067, GNorm = 1.1395, lr_0 = 1.9722e-04
Loss = 2.9995e-03, PNorm = 34.2139, GNorm = 0.8430, lr_0 = 1.9865e-04
Loss = 2.7021e-03, PNorm = 34.2248, GNorm = 0.6984, lr_0 = 2.0008e-04
Loss = 2.1457e-03, PNorm = 34.2302, GNorm = 0.4287, lr_0 = 2.0151e-04
Loss = 3.1870e-03, PNorm = 34.2380, GNorm = 0.6311, lr_0 = 2.0293e-04
Loss = 1.8318e-03, PNorm = 34.2473, GNorm = 0.2698, lr_0 = 2.0436e-04
Loss = 3.6314e-03, PNorm = 34.2410, GNorm = 0.4079, lr_0 = 2.0579e-04
Loss = 3.1065e-03, PNorm = 34.2474, GNorm = 0.4591, lr_0 = 2.0722e-04
Loss = 2.7219e-03, PNorm = 34.2477, GNorm = 0.4256, lr_0 = 2.0865e-04
Loss = 2.9060e-03, PNorm = 34.2544, GNorm = 0.3510, lr_0 = 2.1007e-04
Loss = 2.9555e-03, PNorm = 34.2599, GNorm = 0.6715, lr_0 = 2.1150e-04
Loss = 2.5493e-03, PNorm = 34.2697, GNorm = 0.1785, lr_0 = 2.1293e-04
Loss = 2.1010e-03, PNorm = 34.2779, GNorm = 0.4547, lr_0 = 2.1436e-04
Loss = 2.2845e-03, PNorm = 34.2858, GNorm = 0.5378, lr_0 = 2.1578e-04
Loss = 2.3635e-03, PNorm = 34.2946, GNorm = 1.0847, lr_0 = 2.1721e-04
Loss = 2.8046e-03, PNorm = 34.3016, GNorm = 0.3576, lr_0 = 2.1864e-04
Loss = 3.8786e-03, PNorm = 34.3024, GNorm = 0.7486, lr_0 = 2.2007e-04
Loss = 2.6300e-03, PNorm = 34.3130, GNorm = 0.4293, lr_0 = 2.2149e-04
Loss = 2.6627e-03, PNorm = 34.3150, GNorm = 0.3065, lr_0 = 2.2292e-04
Loss = 3.1512e-03, PNorm = 34.3238, GNorm = 1.0835, lr_0 = 2.2435e-04
Loss = 2.4717e-03, PNorm = 34.3323, GNorm = 0.1336, lr_0 = 2.2578e-04
Loss = 1.9099e-03, PNorm = 34.3381, GNorm = 0.4900, lr_0 = 2.2720e-04
Loss = 3.1171e-03, PNorm = 34.3381, GNorm = 0.2191, lr_0 = 2.2863e-04
Loss = 2.5706e-03, PNorm = 34.3462, GNorm = 0.8748, lr_0 = 2.3006e-04
Loss = 2.7857e-03, PNorm = 34.3497, GNorm = 0.7312, lr_0 = 2.3149e-04
Loss = 3.4167e-03, PNorm = 34.3583, GNorm = 0.6717, lr_0 = 2.3292e-04
Loss = 2.3834e-03, PNorm = 34.3657, GNorm = 0.3146, lr_0 = 2.3434e-04
Loss = 2.3433e-03, PNorm = 34.3785, GNorm = 0.2587, lr_0 = 2.3577e-04
Loss = 2.7929e-03, PNorm = 34.3839, GNorm = 1.0205, lr_0 = 2.3720e-04
Loss = 2.6102e-03, PNorm = 34.3949, GNorm = 0.8781, lr_0 = 2.3863e-04
Loss = 2.4782e-03, PNorm = 34.4018, GNorm = 0.2074, lr_0 = 2.4005e-04
Loss = 2.7557e-03, PNorm = 34.4062, GNorm = 1.3446, lr_0 = 2.4148e-04
Loss = 3.3464e-03, PNorm = 34.4103, GNorm = 0.3505, lr_0 = 2.4291e-04
Loss = 2.7241e-03, PNorm = 34.4195, GNorm = 0.6175, lr_0 = 2.4434e-04
Loss = 2.6382e-03, PNorm = 34.4295, GNorm = 0.2380, lr_0 = 2.4576e-04
Loss = 2.2384e-03, PNorm = 34.4372, GNorm = 0.5035, lr_0 = 2.4719e-04
Loss = 1.5999e-03, PNorm = 34.4439, GNorm = 0.3343, lr_0 = 2.4862e-04
Loss = 3.0490e-03, PNorm = 34.4376, GNorm = 0.1902, lr_0 = 2.5005e-04
Loss = 2.5094e-03, PNorm = 34.4495, GNorm = 0.6732, lr_0 = 2.5148e-04
Loss = 2.2792e-03, PNorm = 34.4541, GNorm = 0.1806, lr_0 = 2.5290e-04
Loss = 3.4691e-03, PNorm = 34.4628, GNorm = 0.2037, lr_0 = 2.5433e-04
Loss = 3.5243e-03, PNorm = 34.4734, GNorm = 0.2878, lr_0 = 2.5576e-04
Loss = 2.8265e-03, PNorm = 34.4867, GNorm = 0.2698, lr_0 = 2.5719e-04
Loss = 2.6107e-03, PNorm = 34.4941, GNorm = 0.7888, lr_0 = 2.5861e-04
Loss = 3.1694e-03, PNorm = 34.5090, GNorm = 1.4510, lr_0 = 2.6004e-04
Loss = 2.9532e-03, PNorm = 34.5239, GNorm = 0.8348, lr_0 = 2.6147e-04
Loss = 2.9263e-03, PNorm = 34.5350, GNorm = 0.4341, lr_0 = 2.6290e-04
Loss = 2.4120e-03, PNorm = 34.5504, GNorm = 0.7154, lr_0 = 2.6432e-04
Loss = 2.5205e-03, PNorm = 34.5544, GNorm = 0.4996, lr_0 = 2.6575e-04
Loss = 2.5893e-03, PNorm = 34.5746, GNorm = 0.4444, lr_0 = 2.6718e-04
Loss = 2.1582e-03, PNorm = 34.5788, GNorm = 0.2421, lr_0 = 2.6861e-04
Loss = 2.8073e-03, PNorm = 34.5883, GNorm = 0.3729, lr_0 = 2.7003e-04
Loss = 2.8013e-03, PNorm = 34.5971, GNorm = 0.1829, lr_0 = 2.7146e-04
Loss = 2.8046e-03, PNorm = 34.6040, GNorm = 0.3034, lr_0 = 2.7289e-04
Loss = 2.3337e-03, PNorm = 34.6161, GNorm = 0.4213, lr_0 = 2.7432e-04
Loss = 2.2859e-03, PNorm = 34.6266, GNorm = 0.5007, lr_0 = 2.7575e-04
Loss = 2.3509e-03, PNorm = 34.6343, GNorm = 0.4879, lr_0 = 2.7717e-04
Loss = 2.0698e-03, PNorm = 34.6486, GNorm = 0.1691, lr_0 = 2.7860e-04
Loss = 2.4171e-03, PNorm = 34.6586, GNorm = 0.9298, lr_0 = 2.8003e-04
Loss = 3.1071e-03, PNorm = 34.6705, GNorm = 0.4838, lr_0 = 2.8146e-04
Loss = 3.4484e-03, PNorm = 34.6725, GNorm = 0.7267, lr_0 = 2.8288e-04
Loss = 2.6563e-03, PNorm = 34.6835, GNorm = 0.2463, lr_0 = 2.8431e-04
Loss = 2.7383e-03, PNorm = 34.6931, GNorm = 0.5647, lr_0 = 2.8574e-04
Loss = 2.4644e-03, PNorm = 34.7071, GNorm = 0.1692, lr_0 = 2.8717e-04
Loss = 2.7063e-03, PNorm = 34.7175, GNorm = 0.2643, lr_0 = 2.8859e-04
Loss = 2.0763e-03, PNorm = 34.7310, GNorm = 0.1689, lr_0 = 2.9002e-04
Loss = 2.9287e-03, PNorm = 34.7356, GNorm = 0.8446, lr_0 = 2.9145e-04
Loss = 2.4251e-03, PNorm = 34.7513, GNorm = 0.2136, lr_0 = 2.9288e-04
Loss = 2.5481e-03, PNorm = 34.7573, GNorm = 0.1912, lr_0 = 2.9431e-04
Loss = 2.6187e-03, PNorm = 34.7732, GNorm = 0.2936, lr_0 = 2.9573e-04
Loss = 3.0836e-03, PNorm = 34.7838, GNorm = 0.2979, lr_0 = 2.9716e-04
Loss = 2.3793e-03, PNorm = 34.7991, GNorm = 0.4564, lr_0 = 2.9859e-04
Loss = 2.4315e-03, PNorm = 34.8137, GNorm = 0.7043, lr_0 = 3.0002e-04
Loss = 2.1435e-03, PNorm = 34.8417, GNorm = 0.1709, lr_0 = 3.0144e-04
Loss = 2.7748e-03, PNorm = 34.8496, GNorm = 1.4720, lr_0 = 3.0287e-04
Loss = 2.1040e-03, PNorm = 34.8670, GNorm = 0.3203, lr_0 = 3.0430e-04
Loss = 3.3469e-03, PNorm = 34.8741, GNorm = 0.7439, lr_0 = 3.0573e-04
Loss = 2.8706e-03, PNorm = 34.8883, GNorm = 0.7558, lr_0 = 3.0715e-04
Loss = 2.5633e-03, PNorm = 34.9138, GNorm = 3.1088, lr_0 = 3.0858e-04
Loss = 2.1376e-03, PNorm = 34.9330, GNorm = 0.3671, lr_0 = 3.1001e-04
Loss = 1.9679e-03, PNorm = 34.9487, GNorm = 0.9762, lr_0 = 3.1144e-04
Loss = 2.4595e-03, PNorm = 34.9486, GNorm = 0.7499, lr_0 = 3.1286e-04
Loss = 2.3472e-03, PNorm = 34.9652, GNorm = 0.2663, lr_0 = 3.1429e-04
Loss = 3.1061e-03, PNorm = 34.9726, GNorm = 0.8586, lr_0 = 3.1572e-04
Loss = 1.9568e-03, PNorm = 34.9970, GNorm = 0.2323, lr_0 = 3.1715e-04
Loss = 2.7504e-03, PNorm = 34.9992, GNorm = 0.3089, lr_0 = 3.1858e-04
Loss = 2.7046e-03, PNorm = 35.0230, GNorm = 0.6386, lr_0 = 3.2000e-04
Loss = 3.5121e-03, PNorm = 35.0285, GNorm = 0.5303, lr_0 = 3.2143e-04
Loss = 2.7729e-03, PNorm = 35.0565, GNorm = 0.4063, lr_0 = 3.2286e-04
Loss = 2.7301e-03, PNorm = 35.0615, GNorm = 0.4120, lr_0 = 3.2429e-04
Loss = 2.3744e-03, PNorm = 35.0821, GNorm = 0.5396, lr_0 = 3.2571e-04
Loss = 2.5262e-03, PNorm = 35.0960, GNorm = 0.6571, lr_0 = 3.2714e-04
Loss = 2.9021e-03, PNorm = 35.1077, GNorm = 0.8193, lr_0 = 3.2857e-04
Loss = 2.6987e-03, PNorm = 35.1266, GNorm = 0.1096, lr_0 = 3.3000e-04
Loss = 2.1086e-03, PNorm = 35.1450, GNorm = 0.2027, lr_0 = 3.3142e-04
Loss = 2.0277e-03, PNorm = 35.1606, GNorm = 0.3964, lr_0 = 3.3285e-04
Loss = 2.7195e-03, PNorm = 35.1696, GNorm = 1.0469, lr_0 = 3.3428e-04
Loss = 2.8096e-03, PNorm = 35.1927, GNorm = 0.3254, lr_0 = 3.3571e-04
Loss = 2.1761e-03, PNorm = 35.2157, GNorm = 0.1594, lr_0 = 3.3714e-04
Loss = 2.2450e-03, PNorm = 35.2234, GNorm = 0.2495, lr_0 = 3.3856e-04
Loss = 2.5086e-03, PNorm = 35.2442, GNorm = 0.3738, lr_0 = 3.3999e-04
Loss = 2.0486e-03, PNorm = 35.2668, GNorm = 0.7570, lr_0 = 3.4142e-04
Loss = 2.4818e-03, PNorm = 35.2962, GNorm = 0.4263, lr_0 = 3.4285e-04
Loss = 1.7124e-03, PNorm = 35.3191, GNorm = 1.7711, lr_0 = 3.4427e-04
Loss = 2.1399e-03, PNorm = 35.3268, GNorm = 0.6623, lr_0 = 3.4570e-04
Loss = 1.7255e-03, PNorm = 35.3562, GNorm = 0.4783, lr_0 = 3.4713e-04
Loss = 2.0686e-03, PNorm = 35.3585, GNorm = 0.4858, lr_0 = 3.4856e-04
Loss = 2.6080e-03, PNorm = 35.3735, GNorm = 0.8501, lr_0 = 3.4998e-04
Loss = 1.8614e-03, PNorm = 35.4017, GNorm = 0.2708, lr_0 = 3.5141e-04
Loss = 2.4008e-03, PNorm = 35.4119, GNorm = 0.2293, lr_0 = 3.5284e-04
Loss = 2.9496e-03, PNorm = 35.4204, GNorm = 1.8740, lr_0 = 3.5427e-04
Loss = 2.4395e-03, PNorm = 35.4384, GNorm = 0.5351, lr_0 = 3.5569e-04
Loss = 2.2542e-03, PNorm = 35.4595, GNorm = 0.2035, lr_0 = 3.5712e-04
Loss = 2.2069e-03, PNorm = 35.4792, GNorm = 0.3273, lr_0 = 3.5855e-04
Loss = 2.1359e-03, PNorm = 35.5060, GNorm = 1.6051, lr_0 = 3.5998e-04
Loss = 2.5668e-03, PNorm = 35.5244, GNorm = 0.2314, lr_0 = 3.6141e-04
Loss = 1.9236e-03, PNorm = 35.5449, GNorm = 0.2323, lr_0 = 3.6283e-04
Loss = 1.4881e-03, PNorm = 35.5590, GNorm = 0.6071, lr_0 = 3.6426e-04
Loss = 2.7319e-03, PNorm = 35.5839, GNorm = 0.3739, lr_0 = 3.6569e-04
Loss = 2.1749e-03, PNorm = 35.5961, GNorm = 0.9636, lr_0 = 3.6712e-04
Loss = 2.3269e-03, PNorm = 35.6178, GNorm = 0.1624, lr_0 = 3.6854e-04
Loss = 3.0399e-03, PNorm = 35.6327, GNorm = 0.5057, lr_0 = 3.6997e-04
Loss = 2.9024e-03, PNorm = 35.6573, GNorm = 0.2775, lr_0 = 3.7140e-04
Loss = 2.2211e-03, PNorm = 35.6776, GNorm = 0.4577, lr_0 = 3.7283e-04
Loss = 3.2676e-03, PNorm = 35.6776, GNorm = 1.0264, lr_0 = 3.7425e-04
Loss = 2.8618e-03, PNorm = 35.6893, GNorm = 0.5021, lr_0 = 3.7568e-04
Loss = 3.0080e-03, PNorm = 35.7071, GNorm = 0.5399, lr_0 = 3.7711e-04
Loss = 2.4482e-03, PNorm = 35.7329, GNorm = 0.5411, lr_0 = 3.7854e-04
Loss = 2.6031e-03, PNorm = 35.7622, GNorm = 0.5241, lr_0 = 3.7997e-04
Loss = 1.6958e-03, PNorm = 35.7974, GNorm = 1.2776, lr_0 = 3.8139e-04
Loss = 2.5735e-03, PNorm = 35.8173, GNorm = 0.3852, lr_0 = 3.8282e-04
Loss = 2.7571e-03, PNorm = 35.8392, GNorm = 0.7122, lr_0 = 3.8425e-04
Loss = 1.8868e-03, PNorm = 35.8693, GNorm = 0.3528, lr_0 = 3.8568e-04
Loss = 2.1715e-03, PNorm = 35.8804, GNorm = 0.4011, lr_0 = 3.8710e-04
Loss = 2.6888e-03, PNorm = 35.9094, GNorm = 0.2356, lr_0 = 3.8853e-04
Loss = 2.7514e-03, PNorm = 35.9220, GNorm = 0.2405, lr_0 = 3.8996e-04
Loss = 2.4536e-03, PNorm = 35.9442, GNorm = 0.4216, lr_0 = 3.9139e-04
Loss = 1.8862e-03, PNorm = 35.9620, GNorm = 0.4288, lr_0 = 3.9281e-04
Loss = 2.0872e-03, PNorm = 35.9839, GNorm = 0.5832, lr_0 = 3.9424e-04
Loss = 2.1082e-03, PNorm = 36.0119, GNorm = 0.4846, lr_0 = 3.9567e-04
Loss = 2.1888e-03, PNorm = 36.0396, GNorm = 0.3064, lr_0 = 3.9710e-04
Loss = 1.7933e-03, PNorm = 36.0788, GNorm = 0.2175, lr_0 = 3.9852e-04
Loss = 2.0678e-03, PNorm = 36.0958, GNorm = 0.3233, lr_0 = 3.9995e-04
Loss = 2.2823e-03, PNorm = 36.1264, GNorm = 0.5674, lr_0 = 4.0138e-04
Loss = 1.7115e-03, PNorm = 36.1583, GNorm = 0.6769, lr_0 = 4.0281e-04
Loss = 2.6573e-03, PNorm = 36.1761, GNorm = 0.5405, lr_0 = 4.0424e-04
Loss = 2.4758e-03, PNorm = 36.1900, GNorm = 0.3172, lr_0 = 4.0566e-04
Loss = 2.3683e-03, PNorm = 36.2007, GNorm = 0.9186, lr_0 = 4.0709e-04
Loss = 2.4290e-03, PNorm = 36.2201, GNorm = 0.4063, lr_0 = 4.0852e-04
Loss = 2.8788e-03, PNorm = 36.2331, GNorm = 0.5164, lr_0 = 4.0995e-04
Loss = 1.8791e-03, PNorm = 36.2702, GNorm = 0.4681, lr_0 = 4.1137e-04
Loss = 2.1918e-03, PNorm = 36.2890, GNorm = 0.3199, lr_0 = 4.1280e-04
Loss = 2.0100e-03, PNorm = 36.3004, GNorm = 0.4789, lr_0 = 4.1423e-04
Loss = 2.7364e-03, PNorm = 36.3299, GNorm = 0.3243, lr_0 = 4.1566e-04
Loss = 2.7343e-03, PNorm = 36.3573, GNorm = 0.8018, lr_0 = 4.1708e-04
Loss = 1.9842e-03, PNorm = 36.3906, GNorm = 0.3956, lr_0 = 4.1851e-04
Loss = 1.9740e-03, PNorm = 36.4243, GNorm = 0.4448, lr_0 = 4.1994e-04
Loss = 3.2685e-03, PNorm = 36.4432, GNorm = 0.8569, lr_0 = 4.2137e-04
Loss = 1.8620e-03, PNorm = 36.4545, GNorm = 0.1588, lr_0 = 4.2280e-04
Loss = 1.5514e-03, PNorm = 36.4827, GNorm = 0.3432, lr_0 = 4.2422e-04
Loss = 2.6412e-03, PNorm = 36.4982, GNorm = 0.4347, lr_0 = 4.2565e-04
Loss = 2.5368e-03, PNorm = 36.5250, GNorm = 0.4173, lr_0 = 4.2708e-04
Loss = 2.5185e-03, PNorm = 36.5656, GNorm = 0.6213, lr_0 = 4.2851e-04
Loss = 2.4496e-03, PNorm = 36.5859, GNorm = 0.3447, lr_0 = 4.2993e-04
Loss = 2.7205e-03, PNorm = 36.6257, GNorm = 0.7880, lr_0 = 4.3136e-04
Loss = 2.1777e-03, PNorm = 36.6566, GNorm = 0.5827, lr_0 = 4.3279e-04
Loss = 2.0302e-03, PNorm = 36.6889, GNorm = 0.3535, lr_0 = 4.3422e-04
Loss = 2.1823e-03, PNorm = 36.7371, GNorm = 0.7139, lr_0 = 4.3564e-04
Loss = 1.8750e-03, PNorm = 36.7778, GNorm = 0.5108, lr_0 = 4.3707e-04
Loss = 1.4044e-03, PNorm = 36.8194, GNorm = 0.2612, lr_0 = 4.3850e-04
Loss = 2.9130e-03, PNorm = 36.8251, GNorm = 0.8460, lr_0 = 4.3993e-04
Loss = 3.2724e-03, PNorm = 36.8394, GNorm = 0.4246, lr_0 = 4.4135e-04
Loss = 2.5336e-03, PNorm = 36.8626, GNorm = 0.4737, lr_0 = 4.4278e-04
Loss = 2.4395e-03, PNorm = 36.8862, GNorm = 0.2856, lr_0 = 4.4421e-04
Loss = 2.6262e-03, PNorm = 36.9035, GNorm = 0.5165, lr_0 = 4.4564e-04
Loss = 2.1936e-03, PNorm = 36.9317, GNorm = 0.2951, lr_0 = 4.4707e-04
Loss = 2.1172e-03, PNorm = 36.9632, GNorm = 0.4372, lr_0 = 4.4849e-04
Loss = 1.9535e-03, PNorm = 36.9948, GNorm = 0.8365, lr_0 = 4.4992e-04
Loss = 2.0617e-03, PNorm = 37.0383, GNorm = 0.5164, lr_0 = 4.5135e-04
Loss = 2.0021e-03, PNorm = 37.0673, GNorm = 0.7464, lr_0 = 4.5278e-04
Loss = 1.8685e-03, PNorm = 37.0803, GNorm = 1.4376, lr_0 = 4.5420e-04
Loss = 3.0894e-03, PNorm = 37.1088, GNorm = 0.6808, lr_0 = 4.5563e-04
Loss = 1.9008e-03, PNorm = 37.1448, GNorm = 0.9766, lr_0 = 4.5706e-04
Loss = 2.8952e-03, PNorm = 37.1806, GNorm = 0.6018, lr_0 = 4.5849e-04
Loss = 2.6479e-03, PNorm = 37.1939, GNorm = 0.4447, lr_0 = 4.5991e-04
Loss = 3.1893e-03, PNorm = 37.2308, GNorm = 0.2512, lr_0 = 4.6134e-04
Loss = 2.3870e-03, PNorm = 37.2633, GNorm = 0.2756, lr_0 = 4.6277e-04
Loss = 1.5917e-03, PNorm = 37.2877, GNorm = 0.2538, lr_0 = 4.6420e-04
Loss = 1.7518e-03, PNorm = 37.3257, GNorm = 0.2850, lr_0 = 4.6563e-04
Loss = 1.9706e-03, PNorm = 37.3617, GNorm = 0.6119, lr_0 = 4.6705e-04
Loss = 2.2657e-03, PNorm = 37.3814, GNorm = 0.8829, lr_0 = 4.6848e-04
Loss = 1.7232e-03, PNorm = 37.4125, GNorm = 0.4878, lr_0 = 4.6991e-04
Loss = 1.7884e-03, PNorm = 37.4438, GNorm = 0.5559, lr_0 = 4.7134e-04
Loss = 1.8393e-03, PNorm = 37.4765, GNorm = 0.2492, lr_0 = 4.7276e-04
Loss = 2.4771e-03, PNorm = 37.5053, GNorm = 0.3784, lr_0 = 4.7419e-04
Loss = 2.4621e-03, PNorm = 37.5183, GNorm = 0.8151, lr_0 = 4.7562e-04
Loss = 2.6834e-03, PNorm = 37.5481, GNorm = 0.5723, lr_0 = 4.7705e-04
Loss = 1.8477e-03, PNorm = 37.5582, GNorm = 0.3766, lr_0 = 4.7847e-04
Loss = 1.9444e-03, PNorm = 37.5826, GNorm = 0.3721, lr_0 = 4.7990e-04
Loss = 2.8240e-03, PNorm = 37.6056, GNorm = 0.4281, lr_0 = 4.8133e-04
Loss = 2.9436e-03, PNorm = 37.6286, GNorm = 0.3536, lr_0 = 4.8276e-04
Loss = 2.3032e-03, PNorm = 37.6675, GNorm = 0.2327, lr_0 = 4.8418e-04
Loss = 2.0536e-03, PNorm = 37.7143, GNorm = 0.4376, lr_0 = 4.8561e-04
Loss = 1.9222e-03, PNorm = 37.7444, GNorm = 0.4123, lr_0 = 4.8704e-04
Loss = 1.8968e-03, PNorm = 37.7663, GNorm = 1.3036, lr_0 = 4.8847e-04
Loss = 2.4322e-03, PNorm = 37.8012, GNorm = 0.3631, lr_0 = 4.8990e-04
Loss = 2.5426e-03, PNorm = 37.8222, GNorm = 1.0057, lr_0 = 4.9132e-04
Loss = 1.8079e-03, PNorm = 37.8747, GNorm = 0.5114, lr_0 = 4.9275e-04
Loss = 1.3314e-03, PNorm = 37.9135, GNorm = 0.9297, lr_0 = 4.9418e-04
Loss = 2.5538e-03, PNorm = 37.9283, GNorm = 0.3601, lr_0 = 4.9561e-04
Loss = 1.8913e-03, PNorm = 37.9451, GNorm = 0.4489, lr_0 = 4.9703e-04
Loss = 2.0972e-03, PNorm = 37.9697, GNorm = 0.4120, lr_0 = 4.9846e-04
Loss = 1.6360e-03, PNorm = 37.9930, GNorm = 0.2781, lr_0 = 4.9989e-04
Loss = 1.1849e-03, PNorm = 38.0142, GNorm = 0.3670, lr_0 = 5.0132e-04
Loss = 2.2992e-03, PNorm = 38.0357, GNorm = 0.9832, lr_0 = 5.0274e-04
Loss = 1.7671e-03, PNorm = 38.0560, GNorm = 0.5058, lr_0 = 5.0417e-04
Loss = 1.3910e-03, PNorm = 38.1019, GNorm = 0.2909, lr_0 = 5.0560e-04
Loss = 1.7976e-03, PNorm = 38.1147, GNorm = 0.2865, lr_0 = 5.0703e-04
Loss = 1.8881e-03, PNorm = 38.1437, GNorm = 0.3578, lr_0 = 5.0845e-04
Loss = 1.8117e-03, PNorm = 38.1724, GNorm = 0.7009, lr_0 = 5.0988e-04
Loss = 1.9135e-03, PNorm = 38.2020, GNorm = 0.8319, lr_0 = 5.1131e-04
Loss = 1.8285e-03, PNorm = 38.2275, GNorm = 0.3165, lr_0 = 5.1274e-04
Loss = 2.1661e-03, PNorm = 38.2674, GNorm = 0.2792, lr_0 = 5.1417e-04
Loss = 1.6652e-03, PNorm = 38.3114, GNorm = 0.7257, lr_0 = 5.1559e-04
Loss = 2.6235e-03, PNorm = 38.3423, GNorm = 0.3486, lr_0 = 5.1702e-04
Loss = 2.0392e-03, PNorm = 38.3668, GNorm = 0.8999, lr_0 = 5.1845e-04
Loss = 2.6651e-03, PNorm = 38.3912, GNorm = 0.7764, lr_0 = 5.1988e-04
Loss = 2.3059e-03, PNorm = 38.4230, GNorm = 0.2534, lr_0 = 5.2130e-04
Loss = 1.9923e-03, PNorm = 38.4627, GNorm = 0.3190, lr_0 = 5.2273e-04
Loss = 1.8854e-03, PNorm = 38.5043, GNorm = 0.3060, lr_0 = 5.2416e-04
Loss = 2.0185e-03, PNorm = 38.5376, GNorm = 0.5369, lr_0 = 5.2559e-04
Loss = 2.3824e-03, PNorm = 38.5576, GNorm = 1.0562, lr_0 = 5.2701e-04
Loss = 2.0619e-03, PNorm = 38.5885, GNorm = 0.7650, lr_0 = 5.2844e-04
Loss = 1.0540e-03, PNorm = 38.6133, GNorm = 0.3012, lr_0 = 5.2987e-04
Loss = 1.5044e-03, PNorm = 38.6491, GNorm = 0.4793, lr_0 = 5.3130e-04
Loss = 1.9829e-03, PNorm = 38.6812, GNorm = 0.5332, lr_0 = 5.3273e-04
Loss = 1.6055e-03, PNorm = 38.7056, GNorm = 0.9373, lr_0 = 5.3415e-04
Loss = 2.2385e-03, PNorm = 38.7296, GNorm = 0.8240, lr_0 = 5.3558e-04
Loss = 9.9266e-04, PNorm = 38.7811, GNorm = 0.2884, lr_0 = 5.3701e-04
Loss = 1.9496e-03, PNorm = 38.7894, GNorm = 0.8197, lr_0 = 5.3844e-04
Loss = 2.8500e-03, PNorm = 38.8117, GNorm = 1.5712, lr_0 = 5.3986e-04
Loss = 1.9951e-03, PNorm = 38.8461, GNorm = 0.3643, lr_0 = 5.4129e-04
Loss = 2.2429e-03, PNorm = 38.8620, GNorm = 0.3575, lr_0 = 5.4272e-04
Loss = 1.1905e-03, PNorm = 38.9122, GNorm = 0.1465, lr_0 = 5.4415e-04
Loss = 3.1267e-03, PNorm = 38.9297, GNorm = 0.5439, lr_0 = 5.4557e-04
Loss = 1.5854e-03, PNorm = 38.9787, GNorm = 0.1330, lr_0 = 5.4700e-04
Loss = 2.4590e-03, PNorm = 38.9834, GNorm = 0.2038, lr_0 = 5.4843e-04
Loss = 2.0301e-03, PNorm = 39.0120, GNorm = 0.6356, lr_0 = 5.4986e-04
Validation cohen_k = 0.501267
Epoch 1
Loss = 1.9495e-03, PNorm = 39.0282, GNorm = 0.3128, lr_0 = 5.5128e-04
Loss = 2.0481e-03, PNorm = 39.0605, GNorm = 0.3980, lr_0 = 5.5271e-04
Loss = 1.9233e-03, PNorm = 39.0794, GNorm = 0.4414, lr_0 = 5.5414e-04
Loss = 1.7459e-03, PNorm = 39.1029, GNorm = 0.2757, lr_0 = 5.5557e-04
Loss = 1.6470e-03, PNorm = 39.1200, GNorm = 0.3197, lr_0 = 5.5700e-04
Loss = 1.0132e-03, PNorm = 39.1641, GNorm = 0.2411, lr_0 = 5.5842e-04
Loss = 2.2485e-03, PNorm = 39.1734, GNorm = 0.6165, lr_0 = 5.5985e-04
Loss = 2.2286e-03, PNorm = 39.1939, GNorm = 0.4209, lr_0 = 5.6128e-04
Loss = 1.7961e-03, PNorm = 39.2256, GNorm = 0.2447, lr_0 = 5.6271e-04
Loss = 2.4782e-03, PNorm = 39.2505, GNorm = 0.4719, lr_0 = 5.6413e-04
Loss = 2.2923e-03, PNorm = 39.2859, GNorm = 0.2868, lr_0 = 5.6556e-04
Loss = 1.4158e-03, PNorm = 39.3211, GNorm = 0.4167, lr_0 = 5.6699e-04
Loss = 2.0280e-03, PNorm = 39.3414, GNorm = 0.4798, lr_0 = 5.6842e-04
Loss = 1.7024e-03, PNorm = 39.3721, GNorm = 0.9324, lr_0 = 5.6984e-04
Loss = 1.5351e-03, PNorm = 39.4132, GNorm = 0.5693, lr_0 = 5.7127e-04
Loss = 2.0209e-03, PNorm = 39.4458, GNorm = 0.9756, lr_0 = 5.7270e-04
Loss = 2.7284e-03, PNorm = 39.4676, GNorm = 0.7519, lr_0 = 5.7413e-04
Loss = 2.3813e-03, PNorm = 39.5002, GNorm = 0.7428, lr_0 = 5.7556e-04
Loss = 1.4551e-03, PNorm = 39.5390, GNorm = 0.4309, lr_0 = 5.7698e-04
Loss = 1.3041e-03, PNorm = 39.5686, GNorm = 0.5880, lr_0 = 5.7841e-04
Loss = 1.3737e-03, PNorm = 39.6026, GNorm = 0.4418, lr_0 = 5.7984e-04
Loss = 1.7299e-03, PNorm = 39.6196, GNorm = 0.2698, lr_0 = 5.8127e-04
Loss = 1.3397e-03, PNorm = 39.6499, GNorm = 0.2610, lr_0 = 5.8269e-04
Loss = 1.5664e-03, PNorm = 39.6757, GNorm = 0.3248, lr_0 = 5.8412e-04
Loss = 1.9866e-03, PNorm = 39.7009, GNorm = 0.4253, lr_0 = 5.8555e-04
Loss = 1.7640e-03, PNorm = 39.7266, GNorm = 1.1142, lr_0 = 5.8698e-04
Loss = 1.0910e-03, PNorm = 39.7644, GNorm = 0.1102, lr_0 = 5.8840e-04
Loss = 1.4697e-03, PNorm = 39.7919, GNorm = 0.6157, lr_0 = 5.8983e-04
Loss = 2.6410e-03, PNorm = 39.8183, GNorm = 0.8153, lr_0 = 5.9126e-04
Loss = 1.3417e-03, PNorm = 39.8653, GNorm = 0.6127, lr_0 = 5.9269e-04
Loss = 1.3431e-03, PNorm = 39.9039, GNorm = 0.3243, lr_0 = 5.9411e-04
Loss = 2.3314e-03, PNorm = 39.9198, GNorm = 0.4666, lr_0 = 5.9554e-04
Loss = 1.4657e-03, PNorm = 39.9373, GNorm = 0.5350, lr_0 = 5.9697e-04
Loss = 2.1463e-03, PNorm = 39.9505, GNorm = 0.6131, lr_0 = 5.9840e-04
Loss = 1.7844e-03, PNorm = 39.9989, GNorm = 0.3332, lr_0 = 5.9983e-04
Loss = 1.9914e-03, PNorm = 40.0484, GNorm = 0.4509, lr_0 = 6.0125e-04
Loss = 1.2641e-03, PNorm = 40.0774, GNorm = 0.1592, lr_0 = 6.0268e-04
Loss = 2.3983e-03, PNorm = 40.0861, GNorm = 0.7548, lr_0 = 6.0411e-04
Loss = 1.7919e-03, PNorm = 40.1143, GNorm = 1.0456, lr_0 = 6.0554e-04
Loss = 1.1848e-03, PNorm = 40.1521, GNorm = 0.1308, lr_0 = 6.0696e-04
Loss = 1.8408e-03, PNorm = 40.1779, GNorm = 0.2742, lr_0 = 6.0839e-04
Loss = 1.9266e-03, PNorm = 40.2095, GNorm = 0.2479, lr_0 = 6.0982e-04
Loss = 1.7872e-03, PNorm = 40.2535, GNorm = 0.6289, lr_0 = 6.1125e-04
Loss = 1.8221e-03, PNorm = 40.2960, GNorm = 0.6744, lr_0 = 6.1267e-04
Loss = 1.4404e-03, PNorm = 40.3175, GNorm = 0.8957, lr_0 = 6.1410e-04
Loss = 1.7189e-03, PNorm = 40.3503, GNorm = 1.0499, lr_0 = 6.1553e-04
Loss = 1.8403e-03, PNorm = 40.3800, GNorm = 0.3323, lr_0 = 6.1696e-04
Loss = 1.8542e-03, PNorm = 40.3924, GNorm = 0.7008, lr_0 = 6.1839e-04
Loss = 1.5655e-03, PNorm = 40.4182, GNorm = 0.5254, lr_0 = 6.1981e-04
Loss = 1.4297e-03, PNorm = 40.4640, GNorm = 0.6985, lr_0 = 6.2124e-04
Loss = 2.1642e-03, PNorm = 40.4803, GNorm = 0.3607, lr_0 = 6.2267e-04
Loss = 1.2392e-03, PNorm = 40.5255, GNorm = 0.1743, lr_0 = 6.2410e-04
Loss = 2.4012e-03, PNorm = 40.5619, GNorm = 0.3982, lr_0 = 6.2552e-04
Loss = 1.1465e-03, PNorm = 40.5945, GNorm = 0.4017, lr_0 = 6.2695e-04
Loss = 1.4800e-03, PNorm = 40.6186, GNorm = 0.5919, lr_0 = 6.2838e-04
Loss = 1.2050e-03, PNorm = 40.6409, GNorm = 0.4205, lr_0 = 6.2981e-04
Loss = 1.3181e-03, PNorm = 40.6616, GNorm = 0.4276, lr_0 = 6.3123e-04
Loss = 1.4588e-03, PNorm = 40.6782, GNorm = 0.3131, lr_0 = 6.3266e-04
Loss = 1.3145e-03, PNorm = 40.7134, GNorm = 0.3503, lr_0 = 6.3409e-04
Loss = 1.5170e-03, PNorm = 40.7349, GNorm = 0.2808, lr_0 = 6.3552e-04
Loss = 1.4708e-03, PNorm = 40.7682, GNorm = 0.5767, lr_0 = 6.3694e-04
Loss = 1.2862e-03, PNorm = 40.7939, GNorm = 0.1998, lr_0 = 6.3837e-04
Loss = 1.9212e-03, PNorm = 40.8100, GNorm = 0.3299, lr_0 = 6.3980e-04
Loss = 1.3674e-03, PNorm = 40.8420, GNorm = 0.3215, lr_0 = 6.4123e-04
Loss = 1.7625e-03, PNorm = 40.8674, GNorm = 0.5283, lr_0 = 6.4266e-04
Loss = 1.3430e-03, PNorm = 40.8916, GNorm = 0.5606, lr_0 = 6.4408e-04
Loss = 1.8600e-03, PNorm = 40.9364, GNorm = 0.2907, lr_0 = 6.4551e-04
Loss = 1.4160e-03, PNorm = 40.9539, GNorm = 0.5616, lr_0 = 6.4694e-04
Loss = 1.8198e-03, PNorm = 40.9724, GNorm = 0.3535, lr_0 = 6.4837e-04
Loss = 1.4717e-03, PNorm = 40.9909, GNorm = 0.2094, lr_0 = 6.4979e-04
Loss = 1.7524e-03, PNorm = 41.0100, GNorm = 0.4766, lr_0 = 6.5122e-04
Loss = 1.2501e-03, PNorm = 41.0387, GNorm = 0.2860, lr_0 = 6.5265e-04
Loss = 1.0915e-03, PNorm = 41.0726, GNorm = 0.5201, lr_0 = 6.5408e-04
Loss = 1.6178e-03, PNorm = 41.1161, GNorm = 0.2248, lr_0 = 6.5550e-04
Loss = 1.6064e-03, PNorm = 41.1368, GNorm = 0.3546, lr_0 = 6.5693e-04
Loss = 1.4111e-03, PNorm = 41.1656, GNorm = 0.6249, lr_0 = 6.5836e-04
Loss = 2.2016e-03, PNorm = 41.1813, GNorm = 0.8886, lr_0 = 6.5979e-04
Loss = 1.6702e-03, PNorm = 41.2171, GNorm = 0.1453, lr_0 = 6.6122e-04
Loss = 1.9273e-03, PNorm = 41.2599, GNorm = 0.7157, lr_0 = 6.6264e-04
Loss = 1.0240e-03, PNorm = 41.2975, GNorm = 0.4993, lr_0 = 6.6407e-04
Loss = 2.3200e-03, PNorm = 41.3255, GNorm = 1.0021, lr_0 = 6.6550e-04
Loss = 1.8583e-03, PNorm = 41.3391, GNorm = 0.9727, lr_0 = 6.6693e-04
Loss = 1.3337e-03, PNorm = 41.3730, GNorm = 0.4175, lr_0 = 6.6835e-04
Loss = 1.2964e-03, PNorm = 41.4001, GNorm = 0.8105, lr_0 = 6.6978e-04
Loss = 1.5316e-03, PNorm = 41.4249, GNorm = 0.4040, lr_0 = 6.7121e-04
Loss = 1.7373e-03, PNorm = 41.4516, GNorm = 0.5341, lr_0 = 6.7264e-04
Loss = 1.8071e-03, PNorm = 41.4870, GNorm = 0.4061, lr_0 = 6.7406e-04
Loss = 1.5627e-03, PNorm = 41.5382, GNorm = 0.3496, lr_0 = 6.7549e-04
Loss = 1.6270e-03, PNorm = 41.5670, GNorm = 0.6701, lr_0 = 6.7692e-04
Loss = 2.0218e-03, PNorm = 41.5874, GNorm = 1.3616, lr_0 = 6.7835e-04
Loss = 1.4417e-03, PNorm = 41.6017, GNorm = 0.5648, lr_0 = 6.7977e-04
Loss = 9.4248e-04, PNorm = 41.6376, GNorm = 0.1542, lr_0 = 6.8120e-04
Loss = 1.2590e-03, PNorm = 41.6575, GNorm = 0.4028, lr_0 = 6.8263e-04
Loss = 1.5176e-03, PNorm = 41.6686, GNorm = 0.2980, lr_0 = 6.8406e-04
Loss = 1.2936e-03, PNorm = 41.6875, GNorm = 0.2465, lr_0 = 6.8549e-04
Loss = 1.4470e-03, PNorm = 41.7422, GNorm = 0.3872, lr_0 = 6.8691e-04
Loss = 1.2066e-03, PNorm = 41.7860, GNorm = 0.5013, lr_0 = 6.8834e-04
Loss = 1.4629e-03, PNorm = 41.8114, GNorm = 0.4137, lr_0 = 6.8977e-04
Loss = 1.3345e-03, PNorm = 41.8271, GNorm = 0.2779, lr_0 = 6.9120e-04
Loss = 1.5835e-03, PNorm = 41.8495, GNorm = 0.9902, lr_0 = 6.9262e-04
Loss = 1.3221e-03, PNorm = 41.8717, GNorm = 0.2273, lr_0 = 6.9405e-04
Loss = 1.1527e-03, PNorm = 41.8903, GNorm = 0.2538, lr_0 = 6.9548e-04
Loss = 1.3819e-03, PNorm = 41.9175, GNorm = 0.2808, lr_0 = 6.9691e-04
Loss = 1.7814e-03, PNorm = 41.9575, GNorm = 0.2206, lr_0 = 6.9833e-04
Loss = 1.8941e-03, PNorm = 41.9922, GNorm = 0.3912, lr_0 = 6.9976e-04
Loss = 1.5170e-03, PNorm = 42.0268, GNorm = 0.3254, lr_0 = 7.0119e-04
Loss = 1.6559e-03, PNorm = 42.0464, GNorm = 0.5906, lr_0 = 7.0262e-04
Loss = 1.0728e-03, PNorm = 42.0681, GNorm = 0.5457, lr_0 = 7.0405e-04
Loss = 1.4125e-03, PNorm = 42.1033, GNorm = 0.9969, lr_0 = 7.0547e-04
Loss = 8.0144e-04, PNorm = 42.1431, GNorm = 0.2343, lr_0 = 7.0690e-04
Loss = 8.4330e-04, PNorm = 42.1679, GNorm = 0.2955, lr_0 = 7.0833e-04
Loss = 1.8040e-03, PNorm = 42.1887, GNorm = 0.7480, lr_0 = 7.0976e-04
Loss = 1.7813e-03, PNorm = 42.2179, GNorm = 0.6297, lr_0 = 7.1118e-04
Loss = 2.0093e-03, PNorm = 42.2391, GNorm = 0.3503, lr_0 = 7.1261e-04
Loss = 8.5854e-04, PNorm = 42.2993, GNorm = 0.1942, lr_0 = 7.1404e-04
Loss = 2.0246e-03, PNorm = 42.3105, GNorm = 0.3531, lr_0 = 7.1547e-04
Loss = 1.4797e-03, PNorm = 42.3520, GNorm = 0.2021, lr_0 = 7.1689e-04
Loss = 1.9603e-03, PNorm = 42.3824, GNorm = 0.2037, lr_0 = 7.1832e-04
Loss = 1.0360e-03, PNorm = 42.4242, GNorm = 0.3646, lr_0 = 7.1975e-04
Loss = 1.3282e-03, PNorm = 42.4529, GNorm = 0.1622, lr_0 = 7.2118e-04
Loss = 1.2142e-03, PNorm = 42.4808, GNorm = 0.2221, lr_0 = 7.2260e-04
Loss = 1.7832e-03, PNorm = 42.5259, GNorm = 0.7414, lr_0 = 7.2403e-04
Loss = 1.6171e-03, PNorm = 42.5490, GNorm = 0.2669, lr_0 = 7.2546e-04
Loss = 1.0714e-03, PNorm = 42.5848, GNorm = 0.4500, lr_0 = 7.2689e-04
Loss = 1.3969e-03, PNorm = 42.6085, GNorm = 0.6976, lr_0 = 7.2832e-04
Loss = 1.6698e-03, PNorm = 42.6448, GNorm = 0.8847, lr_0 = 7.2974e-04
Loss = 1.8168e-03, PNorm = 42.6727, GNorm = 0.7612, lr_0 = 7.3117e-04
Loss = 1.4249e-03, PNorm = 42.6901, GNorm = 0.7291, lr_0 = 7.3260e-04
Loss = 1.1984e-03, PNorm = 42.7201, GNorm = 0.7279, lr_0 = 7.3403e-04
Loss = 1.2399e-03, PNorm = 42.7502, GNorm = 0.2777, lr_0 = 7.3545e-04
Loss = 1.1466e-03, PNorm = 42.7908, GNorm = 0.5705, lr_0 = 7.3688e-04
Loss = 1.4790e-03, PNorm = 42.8154, GNorm = 0.1796, lr_0 = 7.3831e-04
Loss = 9.0171e-04, PNorm = 42.8383, GNorm = 0.1915, lr_0 = 7.3974e-04
Loss = 1.4613e-03, PNorm = 42.8656, GNorm = 0.8461, lr_0 = 7.4116e-04
Loss = 2.1172e-03, PNorm = 42.8901, GNorm = 1.3150, lr_0 = 7.4259e-04
Loss = 1.2336e-03, PNorm = 42.9278, GNorm = 0.5639, lr_0 = 7.4402e-04
Loss = 1.4383e-03, PNorm = 42.9778, GNorm = 1.2110, lr_0 = 7.4545e-04
Loss = 1.2255e-03, PNorm = 43.0045, GNorm = 1.0880, lr_0 = 7.4688e-04
Loss = 1.0464e-03, PNorm = 43.0411, GNorm = 0.2230, lr_0 = 7.4830e-04
Loss = 1.6204e-03, PNorm = 43.0718, GNorm = 0.6447, lr_0 = 7.4973e-04
Loss = 1.6122e-03, PNorm = 43.0883, GNorm = 0.4730, lr_0 = 7.5116e-04
Loss = 1.7657e-03, PNorm = 43.1029, GNorm = 0.3780, lr_0 = 7.5259e-04
Loss = 1.7460e-03, PNorm = 43.1339, GNorm = 0.4250, lr_0 = 7.5401e-04
Loss = 1.4100e-03, PNorm = 43.1718, GNorm = 0.4852, lr_0 = 7.5544e-04
Loss = 1.9102e-03, PNorm = 43.1817, GNorm = 1.0045, lr_0 = 7.5687e-04
Loss = 1.5360e-03, PNorm = 43.2218, GNorm = 0.5700, lr_0 = 7.5830e-04
Loss = 2.2069e-03, PNorm = 43.2412, GNorm = 0.3103, lr_0 = 7.5972e-04
Loss = 1.8553e-03, PNorm = 43.2662, GNorm = 0.2597, lr_0 = 7.6115e-04
Loss = 1.4562e-03, PNorm = 43.2984, GNorm = 0.2822, lr_0 = 7.6258e-04
Loss = 1.1902e-03, PNorm = 43.3253, GNorm = 0.1758, lr_0 = 7.6401e-04
Loss = 1.6137e-03, PNorm = 43.3391, GNorm = 0.7096, lr_0 = 7.6543e-04
Loss = 1.1101e-03, PNorm = 43.3593, GNorm = 0.5028, lr_0 = 7.6686e-04
Loss = 6.1541e-04, PNorm = 43.3791, GNorm = 0.0989, lr_0 = 7.6829e-04
Loss = 1.1794e-03, PNorm = 43.4064, GNorm = 0.4725, lr_0 = 7.6972e-04
Loss = 2.8351e-03, PNorm = 43.4040, GNorm = 0.5134, lr_0 = 7.7115e-04
Loss = 1.9825e-03, PNorm = 43.4478, GNorm = 0.5042, lr_0 = 7.7257e-04
Loss = 1.5331e-03, PNorm = 43.4864, GNorm = 0.3611, lr_0 = 7.7400e-04
Loss = 1.3742e-03, PNorm = 43.5152, GNorm = 0.2621, lr_0 = 7.7543e-04
Loss = 1.5115e-03, PNorm = 43.5247, GNorm = 0.3005, lr_0 = 7.7686e-04
Loss = 6.7227e-04, PNorm = 43.5626, GNorm = 0.0825, lr_0 = 7.7828e-04
Loss = 1.0983e-03, PNorm = 43.5916, GNorm = 0.1675, lr_0 = 7.7971e-04
Loss = 1.5290e-03, PNorm = 43.6277, GNorm = 0.5922, lr_0 = 7.8114e-04
Loss = 1.8185e-03, PNorm = 43.6529, GNorm = 0.5703, lr_0 = 7.8257e-04
Loss = 1.5516e-03, PNorm = 43.6905, GNorm = 0.4866, lr_0 = 7.8399e-04
Loss = 1.4028e-03, PNorm = 43.7283, GNorm = 0.3065, lr_0 = 7.8542e-04
Loss = 1.3415e-03, PNorm = 43.7422, GNorm = 0.9086, lr_0 = 7.8685e-04
Loss = 1.5402e-03, PNorm = 43.7721, GNorm = 1.5600, lr_0 = 7.8828e-04
Loss = 1.7133e-03, PNorm = 43.7820, GNorm = 0.3753, lr_0 = 7.8970e-04
Loss = 1.3341e-03, PNorm = 43.8091, GNorm = 0.1433, lr_0 = 7.9113e-04
Loss = 1.3672e-03, PNorm = 43.8445, GNorm = 0.1881, lr_0 = 7.9256e-04
Loss = 1.3823e-03, PNorm = 43.8610, GNorm = 0.5337, lr_0 = 7.9399e-04
Loss = 1.2872e-03, PNorm = 43.9085, GNorm = 0.2195, lr_0 = 7.9542e-04
Loss = 1.5919e-03, PNorm = 43.9222, GNorm = 0.1146, lr_0 = 7.9684e-04
Loss = 1.2540e-03, PNorm = 43.9510, GNorm = 0.3334, lr_0 = 7.9827e-04
Loss = 1.0891e-03, PNorm = 43.9999, GNorm = 0.1445, lr_0 = 7.9970e-04
Loss = 2.4048e-03, PNorm = 44.0301, GNorm = 0.7077, lr_0 = 8.0113e-04
Loss = 1.5224e-03, PNorm = 44.0521, GNorm = 0.1835, lr_0 = 8.0255e-04
Loss = 1.4605e-03, PNorm = 44.1133, GNorm = 0.2460, lr_0 = 8.0398e-04
Loss = 1.1267e-03, PNorm = 44.1710, GNorm = 0.0843, lr_0 = 8.0541e-04
Loss = 1.2243e-03, PNorm = 44.2010, GNorm = 0.8161, lr_0 = 8.0684e-04
Loss = 1.0915e-03, PNorm = 44.2324, GNorm = 0.0744, lr_0 = 8.0826e-04
Loss = 1.8070e-03, PNorm = 44.2486, GNorm = 0.6277, lr_0 = 8.0969e-04
Loss = 2.0800e-03, PNorm = 44.3309, GNorm = 0.0216, lr_0 = 8.1112e-04
Loss = 1.9627e-03, PNorm = 44.3428, GNorm = 0.4011, lr_0 = 8.1255e-04
Loss = 1.4241e-03, PNorm = 44.4174, GNorm = 0.4131, lr_0 = 8.1398e-04
Loss = 1.3148e-03, PNorm = 44.4719, GNorm = 0.4511, lr_0 = 8.1540e-04
Loss = 1.1400e-03, PNorm = 44.4931, GNorm = 0.3897, lr_0 = 8.1683e-04
Loss = 1.6801e-03, PNorm = 44.5072, GNorm = 0.2840, lr_0 = 8.1826e-04
Loss = 1.1975e-03, PNorm = 44.5348, GNorm = 0.2647, lr_0 = 8.1969e-04
Loss = 1.9032e-03, PNorm = 44.5612, GNorm = 0.3283, lr_0 = 8.2111e-04
Loss = 1.2030e-03, PNorm = 44.6030, GNorm = 1.0443, lr_0 = 8.2254e-04
Loss = 1.5463e-03, PNorm = 44.6405, GNorm = 0.5062, lr_0 = 8.2397e-04
Loss = 3.2290e-03, PNorm = 44.6248, GNorm = 0.7370, lr_0 = 8.2540e-04
Loss = 1.5507e-03, PNorm = 44.6706, GNorm = 0.3987, lr_0 = 8.2682e-04
Loss = 1.8135e-03, PNorm = 44.6681, GNorm = 0.2485, lr_0 = 8.2825e-04
Loss = 1.6291e-03, PNorm = 44.7298, GNorm = 0.2870, lr_0 = 8.2968e-04
Loss = 1.6937e-03, PNorm = 44.7680, GNorm = 0.2508, lr_0 = 8.3111e-04
Loss = 1.3015e-03, PNorm = 44.7871, GNorm = 0.7953, lr_0 = 8.3253e-04
Loss = 8.7116e-04, PNorm = 44.8040, GNorm = 0.2838, lr_0 = 8.3396e-04
Loss = 1.6933e-03, PNorm = 44.8369, GNorm = 0.1180, lr_0 = 8.3539e-04
Loss = 1.5905e-03, PNorm = 44.8625, GNorm = 0.1891, lr_0 = 8.3682e-04
Loss = 1.1972e-03, PNorm = 44.9005, GNorm = 0.2240, lr_0 = 8.3825e-04
Loss = 1.0054e-03, PNorm = 44.9365, GNorm = 0.1900, lr_0 = 8.3967e-04
Loss = 9.1933e-04, PNorm = 44.9821, GNorm = 0.5038, lr_0 = 8.4110e-04
Loss = 1.0755e-03, PNorm = 45.0206, GNorm = 0.5614, lr_0 = 8.4253e-04
Loss = 1.3318e-03, PNorm = 45.0098, GNorm = 0.2995, lr_0 = 8.4396e-04
Loss = 1.0055e-03, PNorm = 45.0416, GNorm = 0.5540, lr_0 = 8.4538e-04
Loss = 1.1663e-03, PNorm = 45.0730, GNorm = 0.2742, lr_0 = 8.4681e-04
Loss = 1.2056e-03, PNorm = 45.1165, GNorm = 0.1408, lr_0 = 8.4824e-04
Loss = 1.0117e-03, PNorm = 45.1489, GNorm = 0.6903, lr_0 = 8.4967e-04
Loss = 7.7861e-04, PNorm = 45.2023, GNorm = 0.1573, lr_0 = 8.5109e-04
Loss = 9.5092e-04, PNorm = 45.2463, GNorm = 0.4993, lr_0 = 8.5252e-04
Loss = 1.8536e-03, PNorm = 45.2918, GNorm = 0.9101, lr_0 = 8.5395e-04
Loss = 1.5639e-03, PNorm = 45.2860, GNorm = 0.2766, lr_0 = 8.5538e-04
Loss = 1.8216e-03, PNorm = 45.3089, GNorm = 0.3239, lr_0 = 8.5681e-04
Loss = 1.5196e-03, PNorm = 45.3552, GNorm = 0.4240, lr_0 = 8.5823e-04
