Fold 0
{'activation': 'ReLU',
 'atom_messages': False,
 'batch_size': 50,
 'bias': False,
 'checkpoint_dir': None,
 'checkpoint_path': None,
 'checkpoint_paths': None,
 'config_path': None,
 'crossval_index_dir': None,
 'crossval_index_file': None,
 'cuda': True,
 'data_path': 'dataset/splitted_csv_files_mpnn_models/microtubule_organizing_center_tr.csv',
 'dataset_type': 'classification',
 'depth': 3,
 'dropout': 0.0,
 'ensemble_size': 1,
 'epochs': 50,
 'features_generator': None,
 'features_only': False,
 'features_path': None,
 'features_scaling': True,
 'ffn_hidden_size': 300,
 'ffn_num_layers': 2,
 'final_lr': 0.0001,
 'folds_file': None,
 'gpu': None,
 'hidden_size': 300,
 'init_lr': 0.0001,
 'log_frequency': 10,
 'max_data_size': None,
 'max_lr': 0.001,
 'metric': 'cohen_k',
 'minimize_score': False,
 'multiclass_num_classes': 3,
 'no_cache': False,
 'num_folds': 1,
 'num_lrs': 1,
 'quiet': False,
 'save_dir': 'saved_models/microtubule_organizing_center/fold_0',
 'save_smiles_splits': False,
 'seed': 0,
 'separate_test_features_path': None,
 'separate_test_path': 'dataset/splitted_csv_files_mpnn_models/microtubule_organizing_center_te.csv',
 'separate_val_features_path': None,
 'separate_val_path': 'dataset/splitted_csv_files_mpnn_models/microtubule_organizing_center_va.csv',
 'show_individual_scores': False,
 'split_sizes': [0.8, 0.1, 0.1],
 'split_type': 'random',
 'test': False,
 'test_fold_index': None,
 'undirected': False,
 'use_compound_names': False,
 'use_input_features': None,
 'val_fold_index': None,
 'warmup_epochs': 2.0}
Loading data
Number of tasks = 1
Splitting data with seed 0
Class sizes
Label 0: 99.29%, 1: 0.71%
Total size = 157,623 | train size = 157,623 | val size = 33,668 | test size = 33,758
Building model 0
MoleculeModel(
  (sigmoid): Sigmoid()
  (encoder): MPN(
    (encoder): MPNEncoder(
      (dropout_layer): Dropout(p=0.0, inplace=False)
      (act_func): ReLU()
      (W_i): Linear(in_features=147, out_features=300, bias=False)
      (W_h): Linear(in_features=300, out_features=300, bias=False)
      (W_o): Linear(in_features=433, out_features=300, bias=True)
    )
  )
  (ffn): Sequential(
    (0): Dropout(p=0.0, inplace=False)
    (1): Linear(in_features=300, out_features=300, bias=True)
    (2): ReLU()
    (3): Dropout(p=0.0, inplace=False)
    (4): Linear(in_features=300, out_features=1, bias=True)
  )
)
Number of parameters = 354,901
Moving model to cuda
Epoch 0
Loss = 7.1703e-03, PNorm = 33.9320, GNorm = 1.5713, lr_0 = 1.0157e-04
Loss = 2.2230e-03, PNorm = 33.9385, GNorm = 0.5241, lr_0 = 1.0300e-04
Loss = 7.5577e-04, PNorm = 33.9445, GNorm = 0.1806, lr_0 = 1.0443e-04
Loss = 5.8655e-04, PNorm = 33.9485, GNorm = 0.7551, lr_0 = 1.0585e-04
Loss = 1.4918e-03, PNorm = 33.9488, GNorm = 0.7056, lr_0 = 1.0728e-04
Loss = 1.6659e-03, PNorm = 33.9467, GNorm = 0.2476, lr_0 = 1.0871e-04
Loss = 7.4322e-04, PNorm = 33.9459, GNorm = 0.1601, lr_0 = 1.1014e-04
Loss = 7.7410e-04, PNorm = 33.9466, GNorm = 0.1645, lr_0 = 1.1156e-04
Loss = 3.5443e-04, PNorm = 33.9489, GNorm = 0.1133, lr_0 = 1.1299e-04
Loss = 1.1886e-03, PNorm = 33.9494, GNorm = 0.1185, lr_0 = 1.1442e-04
Loss = 3.1279e-04, PNorm = 33.9509, GNorm = 0.0876, lr_0 = 1.1585e-04
Loss = 7.5550e-04, PNorm = 33.9520, GNorm = 0.0848, lr_0 = 1.1727e-04
Loss = 2.9773e-04, PNorm = 33.9536, GNorm = 0.0745, lr_0 = 1.1870e-04
Loss = 7.2679e-04, PNorm = 33.9550, GNorm = 0.3306, lr_0 = 1.2013e-04
Loss = 1.0161e-03, PNorm = 33.9539, GNorm = 0.2717, lr_0 = 1.2156e-04
Loss = 8.9592e-04, PNorm = 33.9548, GNorm = 0.6258, lr_0 = 1.2299e-04
Loss = 6.4299e-04, PNorm = 33.9540, GNorm = 0.1439, lr_0 = 1.2441e-04
Loss = 3.1889e-04, PNorm = 33.9571, GNorm = 0.0815, lr_0 = 1.2584e-04
Loss = 9.7319e-04, PNorm = 33.9589, GNorm = 0.0825, lr_0 = 1.2727e-04
Loss = 7.3089e-04, PNorm = 33.9588, GNorm = 0.0847, lr_0 = 1.2870e-04
Loss = 3.0644e-04, PNorm = 33.9602, GNorm = 0.1006, lr_0 = 1.3012e-04
Loss = 1.1523e-03, PNorm = 33.9590, GNorm = 0.1358, lr_0 = 1.3155e-04
Loss = 8.9400e-04, PNorm = 33.9604, GNorm = 0.1399, lr_0 = 1.3298e-04
Loss = 5.0554e-04, PNorm = 33.9637, GNorm = 0.0926, lr_0 = 1.3441e-04
Loss = 1.3236e-03, PNorm = 33.9637, GNorm = 0.1061, lr_0 = 1.3583e-04
Loss = 1.1395e-03, PNorm = 33.9631, GNorm = 0.2320, lr_0 = 1.3726e-04
Loss = 9.6345e-04, PNorm = 33.9668, GNorm = 0.1801, lr_0 = 1.3869e-04
Loss = 1.4848e-03, PNorm = 33.9702, GNorm = 0.2186, lr_0 = 1.4012e-04
Loss = 3.5285e-04, PNorm = 33.9734, GNorm = 0.2873, lr_0 = 1.4155e-04
Loss = 4.6358e-04, PNorm = 33.9770, GNorm = 0.0715, lr_0 = 1.4297e-04
Loss = 3.0012e-04, PNorm = 33.9808, GNorm = 0.0472, lr_0 = 1.4440e-04
Loss = 1.0957e-03, PNorm = 33.9799, GNorm = 0.0698, lr_0 = 1.4583e-04
Loss = 3.4365e-04, PNorm = 33.9791, GNorm = 0.1225, lr_0 = 1.4726e-04
Loss = 4.5303e-04, PNorm = 33.9851, GNorm = 0.0614, lr_0 = 1.4868e-04
Loss = 9.5342e-04, PNorm = 33.9864, GNorm = 0.7261, lr_0 = 1.5011e-04
Loss = 9.6044e-04, PNorm = 33.9848, GNorm = 0.2880, lr_0 = 1.5154e-04
Loss = 1.0592e-03, PNorm = 33.9847, GNorm = 0.1326, lr_0 = 1.5297e-04
Loss = 1.0647e-03, PNorm = 33.9896, GNorm = 0.1459, lr_0 = 1.5439e-04
Loss = 1.3045e-03, PNorm = 33.9876, GNorm = 0.2013, lr_0 = 1.5582e-04
Loss = 4.0927e-04, PNorm = 33.9936, GNorm = 0.1226, lr_0 = 1.5725e-04
Loss = 6.2370e-05, PNorm = 34.0032, GNorm = 0.0278, lr_0 = 1.5868e-04
Loss = 1.0682e-03, PNorm = 34.0040, GNorm = 0.0199, lr_0 = 1.6010e-04
Loss = 1.4228e-03, PNorm = 33.9934, GNorm = 0.1806, lr_0 = 1.6153e-04
Loss = 6.4091e-04, PNorm = 33.9981, GNorm = 0.1527, lr_0 = 1.6296e-04
Loss = 1.2100e-03, PNorm = 34.0039, GNorm = 0.1494, lr_0 = 1.6439e-04
Loss = 9.7394e-04, PNorm = 34.0082, GNorm = 0.1451, lr_0 = 1.6582e-04
Loss = 7.0674e-04, PNorm = 34.0150, GNorm = 0.0959, lr_0 = 1.6724e-04
Loss = 1.2887e-03, PNorm = 34.0130, GNorm = 0.1659, lr_0 = 1.6867e-04
Loss = 1.1895e-03, PNorm = 34.0173, GNorm = 0.2175, lr_0 = 1.7010e-04
Loss = 5.2287e-04, PNorm = 34.0283, GNorm = 0.0841, lr_0 = 1.7153e-04
Loss = 9.1641e-04, PNorm = 34.0308, GNorm = 0.2151, lr_0 = 1.7295e-04
Loss = 4.8542e-04, PNorm = 34.0342, GNorm = 0.0953, lr_0 = 1.7438e-04
Loss = 3.7348e-04, PNorm = 34.0386, GNorm = 0.0844, lr_0 = 1.7581e-04
Loss = 1.6625e-03, PNorm = 34.0355, GNorm = 0.1478, lr_0 = 1.7724e-04
Loss = 1.2051e-03, PNorm = 34.0433, GNorm = 0.0835, lr_0 = 1.7866e-04
Loss = 1.0745e-03, PNorm = 34.0522, GNorm = 0.1678, lr_0 = 1.8009e-04
Loss = 1.2004e-03, PNorm = 34.0557, GNorm = 0.2205, lr_0 = 1.8152e-04
Loss = 4.7757e-04, PNorm = 34.0628, GNorm = 0.0838, lr_0 = 1.8295e-04
Loss = 9.6432e-04, PNorm = 34.0650, GNorm = 0.2454, lr_0 = 1.8438e-04
Loss = 5.1386e-04, PNorm = 34.0676, GNorm = 0.1273, lr_0 = 1.8580e-04
Loss = 1.1058e-03, PNorm = 34.0725, GNorm = 0.1049, lr_0 = 1.8723e-04
Loss = 5.3595e-04, PNorm = 34.0759, GNorm = 0.1490, lr_0 = 1.8866e-04
Loss = 7.0886e-04, PNorm = 34.0850, GNorm = 0.0604, lr_0 = 1.9009e-04
Loss = 8.1520e-04, PNorm = 34.0830, GNorm = 0.1109, lr_0 = 1.9151e-04
Loss = 8.8129e-04, PNorm = 34.0860, GNorm = 0.1913, lr_0 = 1.9294e-04
Loss = 6.4807e-04, PNorm = 34.0931, GNorm = 0.1042, lr_0 = 1.9437e-04
Loss = 7.5926e-04, PNorm = 34.1011, GNorm = 0.0794, lr_0 = 1.9580e-04
Loss = 5.1330e-04, PNorm = 34.0996, GNorm = 0.1186, lr_0 = 1.9722e-04
Loss = 8.9859e-04, PNorm = 34.1059, GNorm = 0.3137, lr_0 = 1.9865e-04
Loss = 9.7548e-04, PNorm = 34.1051, GNorm = 0.1445, lr_0 = 2.0008e-04
Loss = 4.9897e-04, PNorm = 34.1147, GNorm = 0.0998, lr_0 = 2.0151e-04
Loss = 5.5491e-04, PNorm = 34.1235, GNorm = 0.0648, lr_0 = 2.0293e-04
Loss = 1.0182e-03, PNorm = 34.1190, GNorm = 0.1204, lr_0 = 2.0436e-04
Loss = 1.3269e-03, PNorm = 34.1245, GNorm = 0.2848, lr_0 = 2.0579e-04
Loss = 4.9917e-04, PNorm = 34.1427, GNorm = 0.0858, lr_0 = 2.0722e-04
Loss = 4.6287e-04, PNorm = 34.1518, GNorm = 0.0340, lr_0 = 2.0865e-04
Loss = 6.4744e-04, PNorm = 34.1511, GNorm = 0.0879, lr_0 = 2.1007e-04
Loss = 4.6147e-04, PNorm = 34.1548, GNorm = 0.0901, lr_0 = 2.1150e-04
Loss = 1.5362e-03, PNorm = 34.1464, GNorm = 0.1189, lr_0 = 2.1293e-04
Loss = 6.2477e-04, PNorm = 34.1606, GNorm = 0.1389, lr_0 = 2.1436e-04
Loss = 4.1001e-04, PNorm = 34.1761, GNorm = 0.0357, lr_0 = 2.1578e-04
Loss = 1.5058e-03, PNorm = 34.1694, GNorm = 0.5805, lr_0 = 2.1721e-04
Loss = 9.7180e-04, PNorm = 34.1646, GNorm = 0.2777, lr_0 = 2.1864e-04
Loss = 1.0484e-03, PNorm = 34.1790, GNorm = 0.1289, lr_0 = 2.2007e-04
Loss = 6.5897e-04, PNorm = 34.1864, GNorm = 0.0943, lr_0 = 2.2149e-04
Loss = 3.0204e-04, PNorm = 34.1936, GNorm = 0.0510, lr_0 = 2.2292e-04
Loss = 9.7981e-04, PNorm = 34.1930, GNorm = 0.0876, lr_0 = 2.2435e-04
Loss = 9.2630e-04, PNorm = 34.1947, GNorm = 0.0996, lr_0 = 2.2578e-04
Loss = 3.7576e-04, PNorm = 34.2077, GNorm = 0.0931, lr_0 = 2.2720e-04
Loss = 1.3818e-03, PNorm = 34.2078, GNorm = 0.1769, lr_0 = 2.2863e-04
Loss = 6.1734e-04, PNorm = 34.2127, GNorm = 0.1381, lr_0 = 2.3006e-04
Loss = 1.1083e-03, PNorm = 34.2210, GNorm = 0.1049, lr_0 = 2.3149e-04
Loss = 1.1494e-03, PNorm = 34.2239, GNorm = 0.1499, lr_0 = 2.3292e-04
Loss = 1.0871e-03, PNorm = 34.2334, GNorm = 0.2347, lr_0 = 2.3434e-04
Loss = 8.3003e-04, PNorm = 34.2396, GNorm = 0.4259, lr_0 = 2.3577e-04
Loss = 1.0551e-03, PNorm = 34.2448, GNorm = 0.2780, lr_0 = 2.3720e-04
Loss = 8.9971e-04, PNorm = 34.2489, GNorm = 0.1079, lr_0 = 2.3863e-04
Loss = 9.0661e-04, PNorm = 34.2596, GNorm = 0.3242, lr_0 = 2.4005e-04
Loss = 6.5767e-04, PNorm = 34.2618, GNorm = 0.1116, lr_0 = 2.4148e-04
Loss = 2.9208e-04, PNorm = 34.2731, GNorm = 0.0626, lr_0 = 2.4291e-04
Loss = 7.2558e-04, PNorm = 34.2791, GNorm = 0.0344, lr_0 = 2.4434e-04
Loss = 1.2217e-03, PNorm = 34.2736, GNorm = 0.0868, lr_0 = 2.4576e-04
Loss = 7.8632e-04, PNorm = 34.2945, GNorm = 0.2332, lr_0 = 2.4719e-04
Loss = 5.2269e-04, PNorm = 34.3056, GNorm = 0.0497, lr_0 = 2.4862e-04
Loss = 9.0006e-04, PNorm = 34.3052, GNorm = 0.1017, lr_0 = 2.5005e-04
Loss = 6.2262e-04, PNorm = 34.3094, GNorm = 0.1130, lr_0 = 2.5148e-04
Loss = 3.1250e-04, PNorm = 34.3217, GNorm = 0.0686, lr_0 = 2.5290e-04
Loss = 7.1233e-04, PNorm = 34.3133, GNorm = 0.0566, lr_0 = 2.5433e-04
Loss = 1.0447e-03, PNorm = 34.3081, GNorm = 0.1933, lr_0 = 2.5576e-04
Loss = 1.3841e-03, PNorm = 34.3169, GNorm = 0.1110, lr_0 = 2.5719e-04
Loss = 1.3046e-03, PNorm = 34.3251, GNorm = 0.1029, lr_0 = 2.5861e-04
Loss = 5.2919e-04, PNorm = 34.3434, GNorm = 0.0997, lr_0 = 2.6004e-04
Loss = 7.3745e-04, PNorm = 34.3548, GNorm = 0.0735, lr_0 = 2.6147e-04
Loss = 2.6396e-04, PNorm = 34.3725, GNorm = 0.0224, lr_0 = 2.6290e-04
Loss = 5.1398e-04, PNorm = 34.3668, GNorm = 0.0689, lr_0 = 2.6432e-04
Loss = 7.0717e-04, PNorm = 34.3663, GNorm = 0.1399, lr_0 = 2.6575e-04
Loss = 9.8894e-04, PNorm = 34.3747, GNorm = 0.1396, lr_0 = 2.6718e-04
Loss = 3.4580e-04, PNorm = 34.3964, GNorm = 0.3318, lr_0 = 2.6861e-04
Loss = 7.5056e-04, PNorm = 34.3973, GNorm = 0.0522, lr_0 = 2.7003e-04
Loss = 7.7649e-04, PNorm = 34.3920, GNorm = 0.1471, lr_0 = 2.7146e-04
Loss = 8.1671e-04, PNorm = 34.4088, GNorm = 0.1355, lr_0 = 2.7289e-04
Loss = 6.9688e-04, PNorm = 34.4270, GNorm = 0.0702, lr_0 = 2.7432e-04
Loss = 6.3194e-04, PNorm = 34.4345, GNorm = 0.1105, lr_0 = 2.7575e-04
Loss = 1.3476e-03, PNorm = 34.4359, GNorm = 0.2006, lr_0 = 2.7717e-04
Loss = 4.8034e-04, PNorm = 34.4651, GNorm = 0.0539, lr_0 = 2.7860e-04
Loss = 4.5587e-04, PNorm = 34.4735, GNorm = 0.0471, lr_0 = 2.8003e-04
Loss = 8.5302e-04, PNorm = 34.4725, GNorm = 0.1255, lr_0 = 2.8146e-04
Loss = 4.6383e-04, PNorm = 34.4895, GNorm = 0.0535, lr_0 = 2.8288e-04
Loss = 1.2914e-03, PNorm = 34.4872, GNorm = 0.4499, lr_0 = 2.8431e-04
Loss = 7.7039e-04, PNorm = 34.4975, GNorm = 0.1525, lr_0 = 2.8574e-04
Loss = 2.7169e-04, PNorm = 34.5259, GNorm = 0.0397, lr_0 = 2.8717e-04
Loss = 7.0149e-04, PNorm = 34.5346, GNorm = 0.7455, lr_0 = 2.8859e-04
Loss = 9.7887e-04, PNorm = 34.5183, GNorm = 0.2421, lr_0 = 2.9002e-04
Loss = 7.1676e-04, PNorm = 34.5401, GNorm = 0.0786, lr_0 = 2.9145e-04
Loss = 6.7842e-04, PNorm = 34.5441, GNorm = 0.1431, lr_0 = 2.9288e-04
Loss = 1.2820e-03, PNorm = 34.5501, GNorm = 0.4080, lr_0 = 2.9431e-04
Loss = 1.1679e-03, PNorm = 34.5594, GNorm = 0.2095, lr_0 = 2.9573e-04
Loss = 6.3441e-04, PNorm = 34.5830, GNorm = 0.0803, lr_0 = 2.9716e-04
Loss = 1.0622e-03, PNorm = 34.5908, GNorm = 0.2015, lr_0 = 2.9859e-04
Loss = 8.1623e-04, PNorm = 34.5858, GNorm = 0.1510, lr_0 = 3.0002e-04
Loss = 4.5447e-04, PNorm = 34.5920, GNorm = 0.0664, lr_0 = 3.0144e-04
Loss = 8.8652e-04, PNorm = 34.5927, GNorm = 0.0904, lr_0 = 3.0287e-04
Loss = 4.2333e-04, PNorm = 34.6055, GNorm = 0.1870, lr_0 = 3.0430e-04
Loss = 3.9408e-04, PNorm = 34.6180, GNorm = 0.0533, lr_0 = 3.0573e-04
Loss = 2.4349e-04, PNorm = 34.6279, GNorm = 0.0441, lr_0 = 3.0715e-04
Loss = 2.8666e-05, PNorm = 34.6411, GNorm = 0.0127, lr_0 = 3.0858e-04
Loss = 5.1641e-04, PNorm = 34.6384, GNorm = 0.3914, lr_0 = 3.1001e-04
Loss = 1.2362e-03, PNorm = 34.6194, GNorm = 0.2316, lr_0 = 3.1144e-04
Loss = 6.7280e-04, PNorm = 34.6398, GNorm = 0.2348, lr_0 = 3.1286e-04
Loss = 3.7107e-04, PNorm = 34.6589, GNorm = 0.0419, lr_0 = 3.1429e-04
Loss = 8.5120e-04, PNorm = 34.6629, GNorm = 0.0749, lr_0 = 3.1572e-04
Loss = 8.9236e-04, PNorm = 34.6708, GNorm = 0.1665, lr_0 = 3.1715e-04
Loss = 1.4841e-03, PNorm = 34.6829, GNorm = 0.4844, lr_0 = 3.1858e-04
Loss = 6.4608e-04, PNorm = 34.6961, GNorm = 0.1166, lr_0 = 3.2000e-04
Loss = 1.3762e-03, PNorm = 34.7040, GNorm = 0.1848, lr_0 = 3.2143e-04
Loss = 8.1919e-04, PNorm = 34.7358, GNorm = 0.1215, lr_0 = 3.2286e-04
Loss = 8.6263e-04, PNorm = 34.7518, GNorm = 0.4604, lr_0 = 3.2429e-04
Loss = 1.1982e-03, PNorm = 34.7589, GNorm = 0.3593, lr_0 = 3.2571e-04
Loss = 4.0640e-04, PNorm = 34.7944, GNorm = 0.0257, lr_0 = 3.2714e-04
Loss = 6.4377e-04, PNorm = 34.7981, GNorm = 0.0578, lr_0 = 3.2857e-04
Loss = 3.8408e-04, PNorm = 34.8086, GNorm = 0.1007, lr_0 = 3.3000e-04
Loss = 3.5676e-04, PNorm = 34.8250, GNorm = 0.0610, lr_0 = 3.3142e-04
Loss = 1.0055e-03, PNorm = 34.8207, GNorm = 0.1493, lr_0 = 3.3285e-04
Loss = 4.9145e-04, PNorm = 34.8470, GNorm = 0.0930, lr_0 = 3.3428e-04
Loss = 1.0984e-03, PNorm = 34.8618, GNorm = 0.1330, lr_0 = 3.3571e-04
Loss = 6.3930e-04, PNorm = 34.8823, GNorm = 0.1662, lr_0 = 3.3714e-04
Loss = 1.1016e-03, PNorm = 34.8802, GNorm = 0.2343, lr_0 = 3.3856e-04
Loss = 3.2419e-04, PNorm = 34.9069, GNorm = 0.0558, lr_0 = 3.3999e-04
Loss = 5.3706e-04, PNorm = 34.9246, GNorm = 0.0405, lr_0 = 3.4142e-04
Loss = 4.1881e-04, PNorm = 34.9265, GNorm = 0.0974, lr_0 = 3.4285e-04
Loss = 4.3068e-04, PNorm = 34.9452, GNorm = 0.0441, lr_0 = 3.4427e-04
Loss = 3.7455e-04, PNorm = 34.9535, GNorm = 0.0748, lr_0 = 3.4570e-04
Loss = 7.5937e-04, PNorm = 34.9603, GNorm = 0.0610, lr_0 = 3.4713e-04
Loss = 4.4980e-04, PNorm = 34.9693, GNorm = 0.0899, lr_0 = 3.4856e-04
Loss = 8.3289e-04, PNorm = 34.9904, GNorm = 0.2432, lr_0 = 3.4998e-04
Loss = 4.5918e-04, PNorm = 35.0122, GNorm = 0.0361, lr_0 = 3.5141e-04
Loss = 5.6124e-04, PNorm = 35.0139, GNorm = 0.1270, lr_0 = 3.5284e-04
Loss = 3.5433e-04, PNorm = 35.0440, GNorm = 0.0592, lr_0 = 3.5427e-04
Loss = 1.2183e-03, PNorm = 35.0457, GNorm = 0.1791, lr_0 = 3.5569e-04
Loss = 7.2631e-04, PNorm = 35.0805, GNorm = 0.1120, lr_0 = 3.5712e-04
Loss = 4.5687e-04, PNorm = 35.1077, GNorm = 0.0293, lr_0 = 3.5855e-04
Loss = 1.2260e-03, PNorm = 35.0885, GNorm = 0.1501, lr_0 = 3.5998e-04
Loss = 7.4892e-04, PNorm = 35.1108, GNorm = 0.7589, lr_0 = 3.6141e-04
Loss = 6.0378e-04, PNorm = 35.1041, GNorm = 0.1152, lr_0 = 3.6283e-04
Loss = 7.4970e-04, PNorm = 35.1158, GNorm = 0.0624, lr_0 = 3.6426e-04
Loss = 1.2587e-03, PNorm = 35.1059, GNorm = 0.1060, lr_0 = 3.6569e-04
Loss = 5.9961e-04, PNorm = 35.1300, GNorm = 0.0759, lr_0 = 3.6712e-04
Loss = 1.6687e-03, PNorm = 35.1318, GNorm = 0.1286, lr_0 = 3.6854e-04
Loss = 5.3637e-04, PNorm = 35.1550, GNorm = 0.1178, lr_0 = 3.6997e-04
Loss = 8.8070e-04, PNorm = 35.1723, GNorm = 0.0797, lr_0 = 3.7140e-04
Loss = 8.1439e-04, PNorm = 35.1844, GNorm = 0.1288, lr_0 = 3.7283e-04
Loss = 2.8442e-04, PNorm = 35.2059, GNorm = 0.0284, lr_0 = 3.7425e-04
Loss = 8.9619e-04, PNorm = 35.2123, GNorm = 0.0326, lr_0 = 3.7568e-04
Loss = 7.7333e-04, PNorm = 35.2123, GNorm = 0.3540, lr_0 = 3.7711e-04
Loss = 7.1620e-04, PNorm = 35.2366, GNorm = 0.1444, lr_0 = 3.7854e-04
Loss = 5.0706e-04, PNorm = 35.2732, GNorm = 0.1133, lr_0 = 3.7997e-04
Loss = 6.0230e-04, PNorm = 35.3023, GNorm = 0.0502, lr_0 = 3.8139e-04
Loss = 7.6865e-04, PNorm = 35.3131, GNorm = 0.2431, lr_0 = 3.8282e-04
Loss = 1.0335e-03, PNorm = 35.3450, GNorm = 0.2924, lr_0 = 3.8425e-04
Loss = 2.6896e-04, PNorm = 35.3633, GNorm = 0.0245, lr_0 = 3.8568e-04
Loss = 7.4920e-04, PNorm = 35.3647, GNorm = 0.0528, lr_0 = 3.8710e-04
Loss = 4.9209e-04, PNorm = 35.3797, GNorm = 0.0883, lr_0 = 3.8853e-04
Loss = 8.7447e-04, PNorm = 35.4052, GNorm = 0.0405, lr_0 = 3.8996e-04
Loss = 4.4267e-04, PNorm = 35.4096, GNorm = 0.0751, lr_0 = 3.9139e-04
Loss = 5.4281e-04, PNorm = 35.4292, GNorm = 0.0762, lr_0 = 3.9281e-04
Loss = 2.0559e-04, PNorm = 35.4577, GNorm = 0.0302, lr_0 = 3.9424e-04
Loss = 6.6994e-04, PNorm = 35.4630, GNorm = 0.0743, lr_0 = 3.9567e-04
Loss = 4.3899e-04, PNorm = 35.4778, GNorm = 0.0654, lr_0 = 3.9710e-04
Loss = 1.0654e-03, PNorm = 35.4822, GNorm = 0.1502, lr_0 = 3.9852e-04
Loss = 6.4728e-04, PNorm = 35.5004, GNorm = 0.1076, lr_0 = 3.9995e-04
Loss = 5.7943e-04, PNorm = 35.5233, GNorm = 0.0772, lr_0 = 4.0138e-04
Loss = 4.4944e-04, PNorm = 35.5300, GNorm = 0.0910, lr_0 = 4.0281e-04
Loss = 6.1117e-04, PNorm = 35.5445, GNorm = 0.1740, lr_0 = 4.0424e-04
Loss = 6.1014e-04, PNorm = 35.5737, GNorm = 0.0822, lr_0 = 4.0566e-04
Loss = 7.5107e-04, PNorm = 35.6130, GNorm = 0.2387, lr_0 = 4.0709e-04
Loss = 6.0495e-04, PNorm = 35.6588, GNorm = 0.4644, lr_0 = 4.0852e-04
Loss = 1.4392e-03, PNorm = 35.6273, GNorm = 0.3004, lr_0 = 4.0995e-04
Loss = 3.7380e-04, PNorm = 35.7009, GNorm = 0.0246, lr_0 = 4.1137e-04
Loss = 1.5079e-03, PNorm = 35.6996, GNorm = 0.0313, lr_0 = 4.1280e-04
Loss = 7.6329e-04, PNorm = 35.6780, GNorm = 0.0815, lr_0 = 4.1423e-04
Loss = 7.9014e-04, PNorm = 35.6972, GNorm = 0.0795, lr_0 = 4.1566e-04
Loss = 6.8453e-04, PNorm = 35.7123, GNorm = 0.0569, lr_0 = 4.1708e-04
Loss = 1.3108e-03, PNorm = 35.7152, GNorm = 0.0862, lr_0 = 4.1851e-04
Loss = 7.8609e-04, PNorm = 35.7555, GNorm = 0.2046, lr_0 = 4.1994e-04
Loss = 2.2964e-04, PNorm = 35.7936, GNorm = 0.0248, lr_0 = 4.2137e-04
Loss = 5.6231e-04, PNorm = 35.8000, GNorm = 0.0297, lr_0 = 4.2280e-04
Loss = 7.9640e-04, PNorm = 35.7948, GNorm = 0.1360, lr_0 = 4.2422e-04
Loss = 7.8881e-04, PNorm = 35.8106, GNorm = 0.0991, lr_0 = 4.2565e-04
Loss = 9.6159e-04, PNorm = 35.8355, GNorm = 0.3956, lr_0 = 4.2708e-04
Loss = 6.2447e-04, PNorm = 35.8702, GNorm = 0.0634, lr_0 = 4.2851e-04
Loss = 4.7172e-04, PNorm = 35.9163, GNorm = 0.3205, lr_0 = 4.2993e-04
Loss = 9.1718e-04, PNorm = 35.9085, GNorm = 0.2885, lr_0 = 4.3136e-04
Loss = 5.3640e-04, PNorm = 35.9449, GNorm = 0.3132, lr_0 = 4.3279e-04
Loss = 8.6370e-04, PNorm = 35.9338, GNorm = 0.1063, lr_0 = 4.3422e-04
Loss = 7.0241e-04, PNorm = 35.9409, GNorm = 0.1879, lr_0 = 4.3564e-04
Loss = 7.0077e-04, PNorm = 35.9568, GNorm = 0.1123, lr_0 = 4.3707e-04
Loss = 7.9825e-04, PNorm = 35.9829, GNorm = 0.0606, lr_0 = 4.3850e-04
Loss = 3.7979e-04, PNorm = 36.0074, GNorm = 0.0958, lr_0 = 4.3993e-04
Loss = 8.5810e-04, PNorm = 36.0335, GNorm = 0.0730, lr_0 = 4.4135e-04
Loss = 3.1825e-04, PNorm = 36.0695, GNorm = 0.2499, lr_0 = 4.4278e-04
Loss = 1.1749e-04, PNorm = 36.1131, GNorm = 0.0157, lr_0 = 4.4421e-04
Loss = 4.6836e-04, PNorm = 36.1245, GNorm = 0.0254, lr_0 = 4.4564e-04
Loss = 2.2368e-04, PNorm = 36.1339, GNorm = 0.0321, lr_0 = 4.4707e-04
Loss = 9.3005e-05, PNorm = 36.1600, GNorm = 0.0242, lr_0 = 4.4849e-04
Loss = 2.9383e-04, PNorm = 36.1725, GNorm = 0.0556, lr_0 = 4.4992e-04
Loss = 5.6119e-04, PNorm = 36.1806, GNorm = 0.3420, lr_0 = 4.5135e-04
Loss = 4.5464e-04, PNorm = 36.2080, GNorm = 0.3433, lr_0 = 4.5278e-04
Loss = 2.9014e-04, PNorm = 36.2150, GNorm = 0.0548, lr_0 = 4.5420e-04
Loss = 4.5361e-04, PNorm = 36.2399, GNorm = 0.1261, lr_0 = 4.5563e-04
Loss = 6.6319e-04, PNorm = 36.2635, GNorm = 0.0685, lr_0 = 4.5706e-04
Loss = 5.4994e-04, PNorm = 36.2841, GNorm = 0.0452, lr_0 = 4.5849e-04
Loss = 2.6187e-04, PNorm = 36.3115, GNorm = 0.0956, lr_0 = 4.5991e-04
Loss = 4.0838e-04, PNorm = 36.3363, GNorm = 0.0309, lr_0 = 4.6134e-04
Loss = 4.2802e-04, PNorm = 36.3637, GNorm = 0.2164, lr_0 = 4.6277e-04
Loss = 6.1542e-04, PNorm = 36.3923, GNorm = 0.3975, lr_0 = 4.6420e-04
Loss = 5.9945e-04, PNorm = 36.4183, GNorm = 0.0922, lr_0 = 4.6563e-04
Loss = 5.9077e-04, PNorm = 36.4379, GNorm = 0.1218, lr_0 = 4.6705e-04
Loss = 4.6326e-04, PNorm = 36.4620, GNorm = 0.1365, lr_0 = 4.6848e-04
Loss = 6.6856e-04, PNorm = 36.5059, GNorm = 0.1770, lr_0 = 4.6991e-04
Loss = 5.6364e-04, PNorm = 36.5356, GNorm = 0.1683, lr_0 = 4.7134e-04
Loss = 4.2220e-04, PNorm = 36.5710, GNorm = 0.0156, lr_0 = 4.7276e-04
Loss = 9.5454e-04, PNorm = 36.5647, GNorm = 0.1140, lr_0 = 4.7419e-04
Loss = 7.8349e-04, PNorm = 36.5865, GNorm = 0.1017, lr_0 = 4.7562e-04
Loss = 4.4610e-04, PNorm = 36.6041, GNorm = 0.0545, lr_0 = 4.7705e-04
Loss = 5.2896e-04, PNorm = 36.6025, GNorm = 0.0962, lr_0 = 4.7847e-04
Loss = 2.4238e-04, PNorm = 36.6211, GNorm = 0.0141, lr_0 = 4.7990e-04
Loss = 2.6327e-04, PNorm = 36.6363, GNorm = 0.2946, lr_0 = 4.8133e-04
Loss = 9.4445e-04, PNorm = 36.6725, GNorm = 0.3375, lr_0 = 4.8276e-04
Loss = 6.3121e-04, PNorm = 36.6948, GNorm = 0.0151, lr_0 = 4.8418e-04
Loss = 8.4457e-04, PNorm = 36.6646, GNorm = 0.1561, lr_0 = 4.8561e-04
Loss = 7.5727e-04, PNorm = 36.6810, GNorm = 0.0932, lr_0 = 4.8704e-04
Loss = 4.2599e-04, PNorm = 36.7107, GNorm = 0.0608, lr_0 = 4.8847e-04
Loss = 5.0163e-04, PNorm = 36.7425, GNorm = 0.0233, lr_0 = 4.8990e-04
Loss = 7.0070e-05, PNorm = 36.7592, GNorm = 0.0175, lr_0 = 4.9132e-04
Loss = 6.7271e-04, PNorm = 36.7623, GNorm = 0.0817, lr_0 = 4.9275e-04
Loss = 3.3107e-04, PNorm = 36.7751, GNorm = 0.0925, lr_0 = 4.9418e-04
Loss = 1.2981e-03, PNorm = 36.7977, GNorm = 0.2236, lr_0 = 4.9561e-04
Loss = 6.8005e-04, PNorm = 36.8659, GNorm = 0.0635, lr_0 = 4.9703e-04
Loss = 4.7514e-04, PNorm = 36.9066, GNorm = 0.3933, lr_0 = 4.9846e-04
Loss = 3.8019e-04, PNorm = 36.9328, GNorm = 0.0417, lr_0 = 4.9989e-04
Loss = 1.1026e-03, PNorm = 36.9268, GNorm = 0.0495, lr_0 = 5.0132e-04
Loss = 5.0151e-04, PNorm = 36.9384, GNorm = 0.0314, lr_0 = 5.0274e-04
Loss = 2.2609e-04, PNorm = 36.9593, GNorm = 0.0551, lr_0 = 5.0417e-04
Loss = 4.6954e-04, PNorm = 36.9701, GNorm = 0.0293, lr_0 = 5.0560e-04
Loss = 6.2616e-04, PNorm = 36.9702, GNorm = 0.0752, lr_0 = 5.0703e-04
Loss = 5.6776e-04, PNorm = 36.9907, GNorm = 0.0707, lr_0 = 5.0845e-04
Loss = 2.2349e-04, PNorm = 37.0360, GNorm = 0.0215, lr_0 = 5.0988e-04
Loss = 1.0684e-03, PNorm = 37.0358, GNorm = 0.2872, lr_0 = 5.1131e-04
Loss = 3.2892e-04, PNorm = 37.0333, GNorm = 0.0900, lr_0 = 5.1274e-04
Loss = 8.7892e-04, PNorm = 37.0465, GNorm = 0.0585, lr_0 = 5.1417e-04
Loss = 1.2755e-04, PNorm = 37.0711, GNorm = 0.0366, lr_0 = 5.1559e-04
Loss = 8.2981e-04, PNorm = 37.0682, GNorm = 0.2182, lr_0 = 5.1702e-04
Loss = 7.6616e-04, PNorm = 37.0814, GNorm = 0.3025, lr_0 = 5.1845e-04
Loss = 2.6400e-04, PNorm = 37.1423, GNorm = 0.0064, lr_0 = 5.1988e-04
Loss = 6.8348e-04, PNorm = 37.1425, GNorm = 0.0167, lr_0 = 5.2130e-04
Loss = 1.3979e-03, PNorm = 37.1115, GNorm = 0.2384, lr_0 = 5.2273e-04
Loss = 6.1641e-04, PNorm = 37.1902, GNorm = 0.0712, lr_0 = 5.2416e-04
Loss = 7.4370e-04, PNorm = 37.2296, GNorm = 0.2460, lr_0 = 5.2559e-04
Loss = 6.6218e-04, PNorm = 37.2322, GNorm = 0.1632, lr_0 = 5.2701e-04
Loss = 2.0657e-04, PNorm = 37.2935, GNorm = 0.0565, lr_0 = 5.2844e-04
Loss = 3.7277e-04, PNorm = 37.3368, GNorm = 0.3675, lr_0 = 5.2987e-04
Loss = 3.2853e-04, PNorm = 37.3202, GNorm = 0.0360, lr_0 = 5.3130e-04
Loss = 7.9823e-04, PNorm = 37.3290, GNorm = 0.0920, lr_0 = 5.3273e-04
