Fold 0
{'activation': 'ReLU',
 'atom_messages': False,
 'batch_size': 50,
 'bias': False,
 'checkpoint_dir': None,
 'checkpoint_path': None,
 'checkpoint_paths': None,
 'config_path': None,
 'crossval_index_dir': None,
 'crossval_index_file': None,
 'cuda': True,
 'data_path': 'dataset/splitted_csv_files_mpnn_models/endosome_tr.csv',
 'dataset_type': 'classification',
 'depth': 3,
 'dropout': 0.0,
 'ensemble_size': 1,
 'epochs': 50,
 'features_generator': None,
 'features_only': False,
 'features_path': None,
 'features_scaling': True,
 'ffn_hidden_size': 300,
 'ffn_num_layers': 2,
 'final_lr': 0.0001,
 'folds_file': None,
 'gpu': None,
 'hidden_size': 300,
 'init_lr': 0.0001,
 'log_frequency': 10,
 'max_data_size': None,
 'max_lr': 0.001,
 'metric': 'cohen_k',
 'minimize_score': False,
 'multiclass_num_classes': 3,
 'no_cache': False,
 'num_folds': 1,
 'num_lrs': 1,
 'quiet': False,
 'save_dir': 'saved_models/endosome/fold_0',
 'save_smiles_splits': False,
 'seed': 0,
 'separate_test_features_path': None,
 'separate_test_path': 'dataset/splitted_csv_files_mpnn_models/endosome_te.csv',
 'separate_val_features_path': None,
 'separate_val_path': 'dataset/splitted_csv_files_mpnn_models/endosome_va.csv',
 'show_individual_scores': False,
 'split_sizes': [0.8, 0.1, 0.1],
 'split_type': 'random',
 'test': False,
 'test_fold_index': None,
 'undirected': False,
 'use_compound_names': False,
 'use_input_features': None,
 'val_fold_index': None,
 'warmup_epochs': 2.0}
Loading data
Number of tasks = 1
Splitting data with seed 0
Class sizes
Label 0: 99.21%, 1: 0.79%
Total size = 157,623 | train size = 157,623 | val size = 33,668 | test size = 33,758
Building model 0
MoleculeModel(
  (sigmoid): Sigmoid()
  (encoder): MPN(
    (encoder): MPNEncoder(
      (dropout_layer): Dropout(p=0.0, inplace=False)
      (act_func): ReLU()
      (W_i): Linear(in_features=147, out_features=300, bias=False)
      (W_h): Linear(in_features=300, out_features=300, bias=False)
      (W_o): Linear(in_features=433, out_features=300, bias=True)
    )
  )
  (ffn): Sequential(
    (0): Dropout(p=0.0, inplace=False)
    (1): Linear(in_features=300, out_features=300, bias=True)
    (2): ReLU()
    (3): Dropout(p=0.0, inplace=False)
    (4): Linear(in_features=300, out_features=1, bias=True)
  )
)
Number of parameters = 354,901
Moving model to cuda
Epoch 0
Loss = 7.6189e-03, PNorm = 33.9678, GNorm = 1.8364, lr_0 = 1.0157e-04
Loss = 1.7816e-03, PNorm = 33.9737, GNorm = 0.4786, lr_0 = 1.0300e-04
Loss = 7.6376e-04, PNorm = 33.9783, GNorm = 0.1496, lr_0 = 1.0443e-04
Loss = 3.3708e-04, PNorm = 33.9812, GNorm = 0.0699, lr_0 = 1.0585e-04
Loss = 1.9703e-03, PNorm = 33.9808, GNorm = 0.0746, lr_0 = 1.0728e-04
Loss = 5.6762e-04, PNorm = 33.9800, GNorm = 0.1031, lr_0 = 1.0871e-04
Loss = 1.5439e-03, PNorm = 33.9791, GNorm = 0.2548, lr_0 = 1.1014e-04
Loss = 7.8179e-04, PNorm = 33.9793, GNorm = 0.1853, lr_0 = 1.1156e-04
Loss = 1.3667e-03, PNorm = 33.9790, GNorm = 0.1827, lr_0 = 1.1299e-04
Loss = 8.0080e-04, PNorm = 33.9792, GNorm = 0.1946, lr_0 = 1.1442e-04
Loss = 7.3887e-04, PNorm = 33.9803, GNorm = 0.1657, lr_0 = 1.1585e-04
Loss = 9.8240e-04, PNorm = 33.9817, GNorm = 0.2933, lr_0 = 1.1727e-04
Loss = 5.4823e-04, PNorm = 33.9829, GNorm = 0.1180, lr_0 = 1.1870e-04
Loss = 5.3839e-04, PNorm = 33.9843, GNorm = 0.0953, lr_0 = 1.2013e-04
Loss = 2.4382e-03, PNorm = 33.9817, GNorm = 0.5658, lr_0 = 1.2156e-04
Loss = 1.1883e-03, PNorm = 33.9810, GNorm = 0.3261, lr_0 = 1.2299e-04
Loss = 8.7454e-04, PNorm = 33.9843, GNorm = 0.5708, lr_0 = 1.2441e-04
Loss = 1.1657e-03, PNorm = 33.9860, GNorm = 0.2489, lr_0 = 1.2584e-04
Loss = 1.3532e-03, PNorm = 33.9869, GNorm = 0.6853, lr_0 = 1.2727e-04
Loss = 1.4797e-03, PNorm = 33.9867, GNorm = 0.1619, lr_0 = 1.2870e-04
Loss = 6.3829e-04, PNorm = 33.9886, GNorm = 0.2098, lr_0 = 1.3012e-04
Loss = 7.2179e-04, PNorm = 33.9911, GNorm = 0.1470, lr_0 = 1.3155e-04
Loss = 7.5762e-04, PNorm = 33.9935, GNorm = 0.0992, lr_0 = 1.3298e-04
Loss = 1.3807e-03, PNorm = 33.9924, GNorm = 0.2548, lr_0 = 1.3441e-04
Loss = 3.5823e-04, PNorm = 33.9939, GNorm = 0.2459, lr_0 = 1.3583e-04
Loss = 7.3460e-04, PNorm = 33.9963, GNorm = 0.1143, lr_0 = 1.3726e-04
Loss = 9.6843e-04, PNorm = 33.9970, GNorm = 0.2801, lr_0 = 1.3869e-04
Loss = 3.2725e-04, PNorm = 34.0007, GNorm = 0.0822, lr_0 = 1.4012e-04
Loss = 7.6700e-04, PNorm = 34.0028, GNorm = 0.0771, lr_0 = 1.4155e-04
Loss = 1.3304e-03, PNorm = 34.0033, GNorm = 0.6545, lr_0 = 1.4297e-04
Loss = 9.7326e-04, PNorm = 34.0021, GNorm = 0.2548, lr_0 = 1.4440e-04
Loss = 1.2539e-03, PNorm = 34.0061, GNorm = 0.2306, lr_0 = 1.4583e-04
Loss = 9.3439e-04, PNorm = 34.0110, GNorm = 0.1671, lr_0 = 1.4726e-04
Loss = 1.1689e-03, PNorm = 34.0134, GNorm = 0.1348, lr_0 = 1.4868e-04
Loss = 1.4664e-03, PNorm = 34.0134, GNorm = 0.1232, lr_0 = 1.5011e-04
Loss = 9.4455e-04, PNorm = 34.0181, GNorm = 0.1849, lr_0 = 1.5154e-04
Loss = 9.3671e-04, PNorm = 34.0218, GNorm = 0.1580, lr_0 = 1.5297e-04
Loss = 1.1094e-03, PNorm = 34.0248, GNorm = 0.1959, lr_0 = 1.5439e-04
Loss = 7.0083e-04, PNorm = 34.0319, GNorm = 0.1203, lr_0 = 1.5582e-04
Loss = 1.1075e-03, PNorm = 34.0351, GNorm = 0.1249, lr_0 = 1.5725e-04
Loss = 1.4791e-03, PNorm = 34.0340, GNorm = 0.3889, lr_0 = 1.5868e-04
Loss = 1.1469e-03, PNorm = 34.0379, GNorm = 0.2616, lr_0 = 1.6010e-04
Loss = 7.5483e-04, PNorm = 34.0476, GNorm = 0.3684, lr_0 = 1.6153e-04
Loss = 9.8906e-04, PNorm = 34.0457, GNorm = 0.1521, lr_0 = 1.6296e-04
Loss = 3.3892e-04, PNorm = 34.0495, GNorm = 0.1112, lr_0 = 1.6439e-04
Loss = 4.8882e-04, PNorm = 34.0545, GNorm = 0.0653, lr_0 = 1.6582e-04
Loss = 1.8768e-03, PNorm = 34.0530, GNorm = 0.9746, lr_0 = 1.6724e-04
Loss = 1.1734e-03, PNorm = 34.0546, GNorm = 0.3609, lr_0 = 1.6867e-04
Loss = 1.0919e-03, PNorm = 34.0675, GNorm = 0.2246, lr_0 = 1.7010e-04
Loss = 5.3578e-04, PNorm = 34.0765, GNorm = 0.0781, lr_0 = 1.7153e-04
Loss = 1.6960e-03, PNorm = 34.0730, GNorm = 0.1619, lr_0 = 1.7295e-04
Loss = 1.7477e-03, PNorm = 34.0739, GNorm = 0.1343, lr_0 = 1.7438e-04
Loss = 1.3947e-03, PNorm = 34.0880, GNorm = 0.1492, lr_0 = 1.7581e-04
Loss = 5.0837e-04, PNorm = 34.1027, GNorm = 0.3663, lr_0 = 1.7724e-04
Loss = 7.2238e-04, PNorm = 34.1059, GNorm = 0.0902, lr_0 = 1.7866e-04
Loss = 7.3693e-04, PNorm = 34.1055, GNorm = 0.1671, lr_0 = 1.8009e-04
Loss = 1.1280e-03, PNorm = 34.1061, GNorm = 0.1751, lr_0 = 1.8152e-04
Loss = 1.2171e-03, PNorm = 34.1090, GNorm = 0.2222, lr_0 = 1.8295e-04
Loss = 1.7130e-04, PNorm = 34.1211, GNorm = 0.0753, lr_0 = 1.8438e-04
Loss = 1.3756e-03, PNorm = 34.1219, GNorm = 0.1425, lr_0 = 1.8580e-04
Loss = 1.0277e-03, PNorm = 34.1247, GNorm = 0.1887, lr_0 = 1.8723e-04
Loss = 1.0244e-03, PNorm = 34.1304, GNorm = 0.1913, lr_0 = 1.8866e-04
Loss = 8.2283e-04, PNorm = 34.1393, GNorm = 0.1433, lr_0 = 1.9009e-04
Loss = 9.0183e-04, PNorm = 34.1479, GNorm = 0.2991, lr_0 = 1.9151e-04
Loss = 1.0783e-03, PNorm = 34.1516, GNorm = 0.1630, lr_0 = 1.9294e-04
Loss = 5.3450e-04, PNorm = 34.1612, GNorm = 0.1297, lr_0 = 1.9437e-04
Loss = 1.2762e-03, PNorm = 34.1678, GNorm = 0.2967, lr_0 = 1.9580e-04
Loss = 1.0484e-03, PNorm = 34.1733, GNorm = 0.2702, lr_0 = 1.9722e-04
Loss = 9.4361e-04, PNorm = 34.1861, GNorm = 0.1320, lr_0 = 1.9865e-04
Loss = 9.8465e-04, PNorm = 34.1938, GNorm = 0.2426, lr_0 = 2.0008e-04
Loss = 1.1058e-03, PNorm = 34.2004, GNorm = 0.1903, lr_0 = 2.0151e-04
Loss = 1.0089e-03, PNorm = 34.2097, GNorm = 0.1897, lr_0 = 2.0293e-04
Loss = 8.1586e-04, PNorm = 34.2278, GNorm = 0.2855, lr_0 = 2.0436e-04
Loss = 6.1655e-04, PNorm = 34.2416, GNorm = 0.0513, lr_0 = 2.0579e-04
Loss = 5.9233e-04, PNorm = 34.2370, GNorm = 0.1890, lr_0 = 2.0722e-04
Loss = 9.0039e-04, PNorm = 34.2439, GNorm = 0.3587, lr_0 = 2.0865e-04
Loss = 3.4755e-04, PNorm = 34.2505, GNorm = 0.1301, lr_0 = 2.1007e-04
Loss = 4.9458e-04, PNorm = 34.2577, GNorm = 0.0656, lr_0 = 2.1150e-04
Loss = 1.0953e-03, PNorm = 34.2565, GNorm = 0.1835, lr_0 = 2.1293e-04
Loss = 7.2017e-04, PNorm = 34.2652, GNorm = 0.1320, lr_0 = 2.1436e-04
Loss = 6.5400e-04, PNorm = 34.2758, GNorm = 0.1086, lr_0 = 2.1578e-04
Loss = 8.6385e-04, PNorm = 34.2856, GNorm = 0.3677, lr_0 = 2.1721e-04
Loss = 8.6621e-04, PNorm = 34.2910, GNorm = 0.2399, lr_0 = 2.1864e-04
Loss = 1.5729e-04, PNorm = 34.3106, GNorm = 0.0603, lr_0 = 2.2007e-04
Loss = 1.1576e-03, PNorm = 34.3144, GNorm = 0.8343, lr_0 = 2.2149e-04
Loss = 2.9354e-04, PNorm = 34.3148, GNorm = 0.1342, lr_0 = 2.2292e-04
Loss = 2.6632e-04, PNorm = 34.3276, GNorm = 0.0543, lr_0 = 2.2435e-04
Loss = 5.2634e-04, PNorm = 34.3339, GNorm = 0.0594, lr_0 = 2.2578e-04
Loss = 8.9710e-04, PNorm = 34.3362, GNorm = 0.1043, lr_0 = 2.2720e-04
Loss = 7.5767e-04, PNorm = 34.3490, GNorm = 0.1378, lr_0 = 2.2863e-04
Loss = 8.4458e-04, PNorm = 34.3670, GNorm = 0.1077, lr_0 = 2.3006e-04
Loss = 7.8911e-04, PNorm = 34.3778, GNorm = 0.1758, lr_0 = 2.3149e-04
Loss = 1.5463e-03, PNorm = 34.3982, GNorm = 0.0862, lr_0 = 2.3292e-04
Loss = 7.6338e-04, PNorm = 34.4344, GNorm = 0.5396, lr_0 = 2.3434e-04
Loss = 7.0377e-04, PNorm = 34.4396, GNorm = 0.1492, lr_0 = 2.3577e-04
Loss = 7.4573e-04, PNorm = 34.4574, GNorm = 0.1670, lr_0 = 2.3720e-04
Loss = 4.4452e-04, PNorm = 34.4831, GNorm = 0.0457, lr_0 = 2.3863e-04
Loss = 1.6548e-03, PNorm = 34.4832, GNorm = 0.7453, lr_0 = 2.4005e-04
Loss = 3.0203e-04, PNorm = 34.5166, GNorm = 0.0286, lr_0 = 2.4148e-04
Loss = 2.5222e-03, PNorm = 34.5097, GNorm = 0.7959, lr_0 = 2.4291e-04
Loss = 1.2148e-03, PNorm = 34.5272, GNorm = 0.3394, lr_0 = 2.4434e-04
Loss = 5.0150e-04, PNorm = 34.5592, GNorm = 0.0410, lr_0 = 2.4576e-04
Loss = 1.3938e-03, PNorm = 34.5521, GNorm = 0.1396, lr_0 = 2.4719e-04
Loss = 1.0961e-03, PNorm = 34.5575, GNorm = 0.2310, lr_0 = 2.4862e-04
Loss = 3.6781e-04, PNorm = 34.5816, GNorm = 0.0649, lr_0 = 2.5005e-04
Loss = 1.3446e-03, PNorm = 34.5891, GNorm = 0.2772, lr_0 = 2.5148e-04
Loss = 1.0607e-03, PNorm = 34.5922, GNorm = 0.2471, lr_0 = 2.5290e-04
Loss = 1.3551e-03, PNorm = 34.6044, GNorm = 0.0825, lr_0 = 2.5433e-04
Loss = 1.1274e-03, PNorm = 34.6152, GNorm = 0.1819, lr_0 = 2.5576e-04
Loss = 4.4492e-04, PNorm = 34.6317, GNorm = 0.0728, lr_0 = 2.5719e-04
Loss = 8.5657e-04, PNorm = 34.6401, GNorm = 0.3245, lr_0 = 2.5861e-04
Loss = 5.0449e-04, PNorm = 34.6444, GNorm = 0.0909, lr_0 = 2.6004e-04
Loss = 1.0817e-04, PNorm = 34.6580, GNorm = 0.0711, lr_0 = 2.6147e-04
Loss = 7.2147e-04, PNorm = 34.6581, GNorm = 0.0621, lr_0 = 2.6290e-04
Loss = 2.5293e-04, PNorm = 34.6651, GNorm = 0.0533, lr_0 = 2.6432e-04
Loss = 6.2569e-04, PNorm = 34.6699, GNorm = 0.0755, lr_0 = 2.6575e-04
Loss = 7.5721e-04, PNorm = 34.6793, GNorm = 0.2311, lr_0 = 2.6718e-04
Loss = 2.0045e-03, PNorm = 34.6812, GNorm = 0.1658, lr_0 = 2.6861e-04
Loss = 1.3410e-03, PNorm = 34.7108, GNorm = 0.1696, lr_0 = 2.7003e-04
Loss = 4.6075e-04, PNorm = 34.7363, GNorm = 0.0989, lr_0 = 2.7146e-04
Loss = 1.1714e-03, PNorm = 34.7351, GNorm = 0.1836, lr_0 = 2.7289e-04
Loss = 6.7024e-04, PNorm = 34.7461, GNorm = 0.2066, lr_0 = 2.7432e-04
Loss = 7.2911e-04, PNorm = 34.7514, GNorm = 0.1129, lr_0 = 2.7575e-04
Loss = 7.7083e-04, PNorm = 34.7634, GNorm = 0.1328, lr_0 = 2.7717e-04
Loss = 6.8211e-04, PNorm = 34.7795, GNorm = 0.3640, lr_0 = 2.7860e-04
Loss = 1.3024e-03, PNorm = 34.7676, GNorm = 0.2084, lr_0 = 2.8003e-04
Loss = 1.3201e-03, PNorm = 34.7692, GNorm = 0.1194, lr_0 = 2.8146e-04
Loss = 1.0368e-03, PNorm = 34.7770, GNorm = 0.2458, lr_0 = 2.8288e-04
Loss = 1.3668e-03, PNorm = 34.7919, GNorm = 0.3905, lr_0 = 2.8431e-04
Loss = 4.4694e-04, PNorm = 34.8026, GNorm = 0.1308, lr_0 = 2.8574e-04
Loss = 1.0084e-03, PNorm = 34.8147, GNorm = 0.1881, lr_0 = 2.8717e-04
Loss = 3.6319e-04, PNorm = 34.8344, GNorm = 0.0881, lr_0 = 2.8859e-04
Loss = 9.7275e-04, PNorm = 34.8407, GNorm = 0.7334, lr_0 = 2.9002e-04
Loss = 7.7618e-04, PNorm = 34.8426, GNorm = 0.4265, lr_0 = 2.9145e-04
Loss = 1.0721e-03, PNorm = 34.8617, GNorm = 0.1677, lr_0 = 2.9288e-04
Loss = 9.8602e-04, PNorm = 34.8736, GNorm = 0.1716, lr_0 = 2.9431e-04
Loss = 1.3510e-03, PNorm = 34.8780, GNorm = 0.5787, lr_0 = 2.9573e-04
Loss = 3.5347e-04, PNorm = 34.9036, GNorm = 0.0209, lr_0 = 2.9716e-04
Loss = 5.2800e-04, PNorm = 34.9122, GNorm = 0.4003, lr_0 = 2.9859e-04
Loss = 4.4339e-04, PNorm = 34.9099, GNorm = 0.2998, lr_0 = 3.0002e-04
Loss = 1.2316e-03, PNorm = 34.9126, GNorm = 0.1722, lr_0 = 3.0144e-04
Loss = 7.3416e-04, PNorm = 34.9373, GNorm = 0.1521, lr_0 = 3.0287e-04
Loss = 6.8173e-04, PNorm = 34.9645, GNorm = 0.3201, lr_0 = 3.0430e-04
Loss = 7.5652e-04, PNorm = 34.9646, GNorm = 0.1685, lr_0 = 3.0573e-04
Loss = 5.1459e-04, PNorm = 34.9759, GNorm = 0.1795, lr_0 = 3.0715e-04
Loss = 7.0099e-04, PNorm = 34.9965, GNorm = 0.3262, lr_0 = 3.0858e-04
Loss = 7.7922e-04, PNorm = 35.0124, GNorm = 0.2581, lr_0 = 3.1001e-04
Loss = 2.5916e-04, PNorm = 35.0377, GNorm = 0.0882, lr_0 = 3.1144e-04
Loss = 2.2537e-04, PNorm = 35.0544, GNorm = 0.5128, lr_0 = 3.1286e-04
Loss = 3.4404e-04, PNorm = 35.0544, GNorm = 0.0465, lr_0 = 3.1429e-04
Loss = 7.3767e-04, PNorm = 35.0702, GNorm = 0.0681, lr_0 = 3.1572e-04
Loss = 7.2457e-04, PNorm = 35.0875, GNorm = 0.0278, lr_0 = 3.1715e-04
Loss = 7.6159e-04, PNorm = 35.0830, GNorm = 0.1563, lr_0 = 3.1858e-04
Loss = 8.2902e-04, PNorm = 35.1010, GNorm = 0.1439, lr_0 = 3.2000e-04
Loss = 3.0379e-04, PNorm = 35.1274, GNorm = 0.0535, lr_0 = 3.2143e-04
Loss = 3.8387e-04, PNorm = 35.1413, GNorm = 0.0644, lr_0 = 3.2286e-04
Loss = 1.1382e-03, PNorm = 35.1353, GNorm = 0.4170, lr_0 = 3.2429e-04
Loss = 7.7786e-04, PNorm = 35.1670, GNorm = 0.0742, lr_0 = 3.2571e-04
Loss = 3.9101e-04, PNorm = 35.1828, GNorm = 0.3227, lr_0 = 3.2714e-04
Loss = 1.1843e-03, PNorm = 35.1720, GNorm = 0.1458, lr_0 = 3.2857e-04
Loss = 9.5667e-04, PNorm = 35.1938, GNorm = 0.1436, lr_0 = 3.3000e-04
Loss = 5.5940e-04, PNorm = 35.2147, GNorm = 0.0699, lr_0 = 3.3142e-04
Loss = 5.7119e-04, PNorm = 35.2289, GNorm = 0.1261, lr_0 = 3.3285e-04
Loss = 3.1281e-04, PNorm = 35.2482, GNorm = 0.0838, lr_0 = 3.3428e-04
Loss = 1.0563e-03, PNorm = 35.2557, GNorm = 0.1607, lr_0 = 3.3571e-04
Loss = 8.3805e-04, PNorm = 35.2727, GNorm = 0.2846, lr_0 = 3.3714e-04
Loss = 6.6042e-04, PNorm = 35.2770, GNorm = 0.1206, lr_0 = 3.3856e-04
Loss = 4.5820e-04, PNorm = 35.2901, GNorm = 0.0751, lr_0 = 3.3999e-04
Loss = 1.2030e-03, PNorm = 35.2871, GNorm = 0.5437, lr_0 = 3.4142e-04
Loss = 4.0799e-04, PNorm = 35.2874, GNorm = 0.0791, lr_0 = 3.4285e-04
Loss = 8.2401e-04, PNorm = 35.3000, GNorm = 0.5272, lr_0 = 3.4427e-04
Loss = 6.5940e-04, PNorm = 35.3233, GNorm = 0.1747, lr_0 = 3.4570e-04
Loss = 5.0023e-04, PNorm = 35.3510, GNorm = 0.0571, lr_0 = 3.4713e-04
Loss = 1.9757e-04, PNorm = 35.3680, GNorm = 0.0921, lr_0 = 3.4856e-04
Loss = 1.2487e-03, PNorm = 35.3801, GNorm = 0.3820, lr_0 = 3.4998e-04
Loss = 9.1987e-04, PNorm = 35.4082, GNorm = 0.4406, lr_0 = 3.5141e-04
Loss = 1.0938e-03, PNorm = 35.4186, GNorm = 0.2486, lr_0 = 3.5284e-04
Loss = 5.1249e-04, PNorm = 35.4489, GNorm = 0.0557, lr_0 = 3.5427e-04
Loss = 7.3801e-04, PNorm = 35.4672, GNorm = 0.2714, lr_0 = 3.5569e-04
Loss = 7.9976e-04, PNorm = 35.4968, GNorm = 0.3095, lr_0 = 3.5712e-04
Loss = 1.7741e-03, PNorm = 35.4879, GNorm = 0.1846, lr_0 = 3.5855e-04
Loss = 6.6634e-04, PNorm = 35.5183, GNorm = 0.0681, lr_0 = 3.5998e-04
Loss = 3.7195e-04, PNorm = 35.5445, GNorm = 0.0105, lr_0 = 3.6141e-04
Loss = 6.1605e-04, PNorm = 35.5426, GNorm = 0.0796, lr_0 = 3.6283e-04
Loss = 2.5006e-04, PNorm = 35.5566, GNorm = 0.0752, lr_0 = 3.6426e-04
Loss = 3.6767e-05, PNorm = 35.5746, GNorm = 0.0179, lr_0 = 3.6569e-04
Loss = 8.1773e-04, PNorm = 35.5788, GNorm = 0.0243, lr_0 = 3.6712e-04
Loss = 8.5932e-04, PNorm = 35.5803, GNorm = 0.2827, lr_0 = 3.6854e-04
Loss = 3.3404e-04, PNorm = 35.6095, GNorm = 0.0284, lr_0 = 3.6997e-04
Loss = 9.6712e-04, PNorm = 35.6187, GNorm = 0.3165, lr_0 = 3.7140e-04
Loss = 7.4793e-04, PNorm = 35.6509, GNorm = 0.3479, lr_0 = 3.7283e-04
Loss = 8.6186e-04, PNorm = 35.6832, GNorm = 0.2671, lr_0 = 3.7425e-04
Loss = 3.8170e-04, PNorm = 35.7052, GNorm = 0.0457, lr_0 = 3.7568e-04
Loss = 2.4824e-04, PNorm = 35.7400, GNorm = 0.1281, lr_0 = 3.7711e-04
Loss = 6.4788e-04, PNorm = 35.7491, GNorm = 0.1695, lr_0 = 3.7854e-04
Loss = 2.5952e-04, PNorm = 35.7727, GNorm = 0.0911, lr_0 = 3.7997e-04
Loss = 4.4259e-04, PNorm = 35.7892, GNorm = 0.0822, lr_0 = 3.8139e-04
Loss = 4.7178e-04, PNorm = 35.8191, GNorm = 0.0576, lr_0 = 3.8282e-04
Loss = 9.1001e-04, PNorm = 35.8222, GNorm = 0.2328, lr_0 = 3.8425e-04
Loss = 4.4146e-04, PNorm = 35.8615, GNorm = 0.0366, lr_0 = 3.8568e-04
Loss = 1.8980e-04, PNorm = 35.8899, GNorm = 0.0035, lr_0 = 3.8710e-04
Loss = 5.5567e-04, PNorm = 35.8851, GNorm = 0.0348, lr_0 = 3.8853e-04
Loss = 6.9026e-04, PNorm = 35.8953, GNorm = 0.3242, lr_0 = 3.8996e-04
Loss = 5.4925e-04, PNorm = 35.9067, GNorm = 0.1699, lr_0 = 3.9139e-04
Loss = 5.2270e-04, PNorm = 35.9387, GNorm = 0.0716, lr_0 = 3.9281e-04
Loss = 2.6057e-05, PNorm = 35.9682, GNorm = 0.0096, lr_0 = 3.9424e-04
Loss = 6.7519e-04, PNorm = 35.9565, GNorm = 0.0214, lr_0 = 3.9567e-04
Loss = 5.8073e-04, PNorm = 35.9511, GNorm = 0.2626, lr_0 = 3.9710e-04
Loss = 3.6899e-04, PNorm = 35.9721, GNorm = 0.3176, lr_0 = 3.9852e-04
Loss = 2.7383e-04, PNorm = 35.9768, GNorm = 0.0389, lr_0 = 3.9995e-04
Loss = 1.0407e-03, PNorm = 35.9666, GNorm = 0.4477, lr_0 = 4.0138e-04
Loss = 7.0602e-04, PNorm = 35.9881, GNorm = 0.1453, lr_0 = 4.0281e-04
Loss = 1.4837e-03, PNorm = 36.0049, GNorm = 0.8058, lr_0 = 4.0424e-04
Loss = 5.4806e-04, PNorm = 36.0068, GNorm = 0.1592, lr_0 = 4.0566e-04
Loss = 8.4003e-04, PNorm = 36.0271, GNorm = 0.0870, lr_0 = 4.0709e-04
Loss = 7.5055e-04, PNorm = 36.0582, GNorm = 0.2443, lr_0 = 4.0852e-04
Loss = 2.9225e-04, PNorm = 36.0964, GNorm = 0.0815, lr_0 = 4.0995e-04
Loss = 5.4972e-04, PNorm = 36.1182, GNorm = 0.0841, lr_0 = 4.1137e-04
Loss = 1.2515e-03, PNorm = 36.1014, GNorm = 0.2193, lr_0 = 4.1280e-04
Loss = 5.1849e-04, PNorm = 36.1293, GNorm = 0.0598, lr_0 = 4.1423e-04
Loss = 8.9179e-04, PNorm = 36.1445, GNorm = 0.6598, lr_0 = 4.1566e-04
Loss = 8.6060e-04, PNorm = 36.1834, GNorm = 0.1107, lr_0 = 4.1708e-04
Loss = 1.0870e-03, PNorm = 36.2037, GNorm = 0.5226, lr_0 = 4.1851e-04
Loss = 1.8220e-04, PNorm = 36.1799, GNorm = 0.0621, lr_0 = 4.1994e-04
Loss = 5.9182e-04, PNorm = 36.1818, GNorm = 0.0880, lr_0 = 4.2137e-04
Loss = 3.1727e-04, PNorm = 36.1977, GNorm = 0.2082, lr_0 = 4.2280e-04
Loss = 1.4228e-04, PNorm = 36.2212, GNorm = 0.0152, lr_0 = 4.2422e-04
Loss = 6.5356e-04, PNorm = 36.2203, GNorm = 0.0288, lr_0 = 4.2565e-04
Loss = 8.9728e-04, PNorm = 36.2158, GNorm = 0.2361, lr_0 = 4.2708e-04
Loss = 9.3816e-04, PNorm = 36.2309, GNorm = 0.1112, lr_0 = 4.2851e-04
Loss = 3.7495e-04, PNorm = 36.2504, GNorm = 0.0636, lr_0 = 4.2993e-04
Loss = 5.3446e-04, PNorm = 36.2602, GNorm = 0.4299, lr_0 = 4.3136e-04
Loss = 5.4283e-04, PNorm = 36.2660, GNorm = 0.0723, lr_0 = 4.3279e-04
Loss = 6.6439e-04, PNorm = 36.2812, GNorm = 0.1781, lr_0 = 4.3422e-04
Loss = 2.4685e-04, PNorm = 36.3144, GNorm = 0.0269, lr_0 = 4.3564e-04
Loss = 6.6353e-04, PNorm = 36.3342, GNorm = 0.4421, lr_0 = 4.3707e-04
Loss = 9.6495e-04, PNorm = 36.3662, GNorm = 0.5506, lr_0 = 4.3850e-04
Loss = 7.7789e-04, PNorm = 36.3843, GNorm = 0.2118, lr_0 = 4.3993e-04
Loss = 5.6232e-04, PNorm = 36.4211, GNorm = 0.3987, lr_0 = 4.4135e-04
Loss = 2.2673e-04, PNorm = 36.4411, GNorm = 0.0847, lr_0 = 4.4278e-04
Loss = 1.3991e-04, PNorm = 36.4736, GNorm = 0.0249, lr_0 = 4.4421e-04
Loss = 8.9552e-04, PNorm = 36.4803, GNorm = 0.2209, lr_0 = 4.4564e-04
Loss = 1.8921e-04, PNorm = 36.5090, GNorm = 0.0355, lr_0 = 4.4707e-04
Loss = 7.8422e-05, PNorm = 36.5292, GNorm = 0.0766, lr_0 = 4.4849e-04
Loss = 4.5950e-04, PNorm = 36.5297, GNorm = 0.0190, lr_0 = 4.4992e-04
Loss = 2.2947e-04, PNorm = 36.5283, GNorm = 0.1428, lr_0 = 4.5135e-04
Loss = 5.6672e-04, PNorm = 36.5422, GNorm = 0.5048, lr_0 = 4.5278e-04
Loss = 6.8357e-04, PNorm = 36.5579, GNorm = 0.3292, lr_0 = 4.5420e-04
Loss = 5.1250e-04, PNorm = 36.5978, GNorm = 0.5714, lr_0 = 4.5563e-04
Loss = 4.8204e-04, PNorm = 36.6151, GNorm = 0.2618, lr_0 = 4.5706e-04
Loss = 4.6358e-04, PNorm = 36.6697, GNorm = 0.2017, lr_0 = 4.5849e-04
Loss = 1.0723e-03, PNorm = 36.6830, GNorm = 0.4188, lr_0 = 4.5991e-04
Loss = 7.0815e-04, PNorm = 36.7174, GNorm = 0.2153, lr_0 = 4.6134e-04
Loss = 1.0427e-03, PNorm = 36.7543, GNorm = 0.2548, lr_0 = 4.6277e-04
Loss = 4.7688e-04, PNorm = 36.8104, GNorm = 0.0969, lr_0 = 4.6420e-04
Loss = 5.9285e-04, PNorm = 36.8574, GNorm = 0.0064, lr_0 = 4.6563e-04
Loss = 8.7896e-04, PNorm = 36.8383, GNorm = 0.0850, lr_0 = 4.6705e-04
Loss = 3.7718e-04, PNorm = 36.8582, GNorm = 0.2685, lr_0 = 4.6848e-04
Loss = 3.3923e-04, PNorm = 36.8819, GNorm = 0.0252, lr_0 = 4.6991e-04
Loss = 1.2209e-03, PNorm = 36.8795, GNorm = 1.1359, lr_0 = 4.7134e-04
Loss = 1.9281e-04, PNorm = 36.8669, GNorm = 0.1015, lr_0 = 4.7276e-04
Loss = 2.0613e-04, PNorm = 36.8891, GNorm = 0.0123, lr_0 = 4.7419e-04
Loss = 9.7886e-04, PNorm = 36.8911, GNorm = 0.2049, lr_0 = 4.7562e-04
Loss = 4.4448e-04, PNorm = 36.9393, GNorm = 0.1574, lr_0 = 4.7705e-04
Loss = 2.6632e-04, PNorm = 36.9717, GNorm = 0.0091, lr_0 = 4.7847e-04
Loss = 6.1435e-04, PNorm = 36.9752, GNorm = 0.3755, lr_0 = 4.7990e-04
Loss = 2.8645e-04, PNorm = 36.9936, GNorm = 0.0671, lr_0 = 4.8133e-04
Loss = 6.6591e-04, PNorm = 37.0099, GNorm = 0.0689, lr_0 = 4.8276e-04
Loss = 9.9120e-04, PNorm = 37.0008, GNorm = 0.0771, lr_0 = 4.8418e-04
Loss = 5.6035e-04, PNorm = 37.0189, GNorm = 0.1047, lr_0 = 4.8561e-04
Loss = 6.8200e-04, PNorm = 37.0435, GNorm = 0.0984, lr_0 = 4.8704e-04
Loss = 4.2044e-04, PNorm = 37.0682, GNorm = 0.0444, lr_0 = 4.8847e-04
Loss = 3.1561e-04, PNorm = 37.0902, GNorm = 0.4899, lr_0 = 4.8990e-04
Loss = 4.0502e-04, PNorm = 37.1282, GNorm = 0.0717, lr_0 = 4.9132e-04
Loss = 6.5155e-04, PNorm = 37.1635, GNorm = 0.1343, lr_0 = 4.9275e-04
Loss = 6.6232e-04, PNorm = 37.1798, GNorm = 0.4618, lr_0 = 4.9418e-04
Loss = 6.8725e-04, PNorm = 37.2051, GNorm = 0.0535, lr_0 = 4.9561e-04
Loss = 5.8901e-04, PNorm = 37.1936, GNorm = 0.0759, lr_0 = 4.9703e-04
Loss = 6.4347e-04, PNorm = 37.2046, GNorm = 0.0731, lr_0 = 4.9846e-04
Loss = 4.9521e-04, PNorm = 37.2189, GNorm = 0.0598, lr_0 = 4.9989e-04
Loss = 7.2101e-04, PNorm = 37.2373, GNorm = 0.3975, lr_0 = 5.0132e-04
Loss = 4.9141e-04, PNorm = 37.2679, GNorm = 0.0751, lr_0 = 5.0274e-04
Loss = 1.5481e-04, PNorm = 37.3067, GNorm = 0.0276, lr_0 = 5.0417e-04
Loss = 1.8661e-05, PNorm = 37.3295, GNorm = 0.0053, lr_0 = 5.0560e-04
Loss = 2.0689e-04, PNorm = 37.3397, GNorm = 0.0706, lr_0 = 5.0703e-04
Loss = 3.0389e-04, PNorm = 37.3485, GNorm = 0.0537, lr_0 = 5.0845e-04
Loss = 6.5693e-04, PNorm = 37.3608, GNorm = 0.5071, lr_0 = 5.0988e-04
Loss = 4.6646e-04, PNorm = 37.3970, GNorm = 0.0245, lr_0 = 5.1131e-04
Loss = 4.9106e-04, PNorm = 37.4077, GNorm = 0.0351, lr_0 = 5.1274e-04
Loss = 6.8206e-04, PNorm = 37.4020, GNorm = 0.6781, lr_0 = 5.1417e-04
Loss = 5.4975e-04, PNorm = 37.3941, GNorm = 0.0756, lr_0 = 5.1559e-04
Loss = 3.0315e-04, PNorm = 37.4058, GNorm = 0.0361, lr_0 = 5.1702e-04
Loss = 4.4754e-04, PNorm = 37.4248, GNorm = 0.3102, lr_0 = 5.1845e-04
