Fold 0
{'activation': 'ReLU',
 'atom_messages': False,
 'batch_size': 50,
 'bias': False,
 'checkpoint_dir': None,
 'checkpoint_path': None,
 'checkpoint_paths': None,
 'config_path': None,
 'crossval_index_dir': None,
 'crossval_index_file': None,
 'cuda': True,
 'data_path': 'dataset/splitted_csv_files_mpnn_models/secreted_tr.csv',
 'dataset_type': 'classification',
 'depth': 3,
 'dropout': 0.0,
 'ensemble_size': 1,
 'epochs': 50,
 'features_generator': None,
 'features_only': False,
 'features_path': None,
 'features_scaling': True,
 'ffn_hidden_size': 300,
 'ffn_num_layers': 2,
 'final_lr': 0.0001,
 'folds_file': None,
 'gpu': None,
 'hidden_size': 300,
 'init_lr': 0.0001,
 'log_frequency': 10,
 'max_data_size': None,
 'max_lr': 0.001,
 'metric': 'cohen_k',
 'minimize_score': False,
 'multiclass_num_classes': 3,
 'no_cache': False,
 'num_folds': 1,
 'num_lrs': 1,
 'quiet': False,
 'save_dir': 'saved_models/secreted/fold_0',
 'save_smiles_splits': False,
 'seed': 0,
 'separate_test_features_path': None,
 'separate_test_path': 'dataset/splitted_csv_files_mpnn_models/secreted_te.csv',
 'separate_val_features_path': None,
 'separate_val_path': 'dataset/splitted_csv_files_mpnn_models/secreted_va.csv',
 'show_individual_scores': False,
 'split_sizes': [0.8, 0.1, 0.1],
 'split_type': 'random',
 'test': False,
 'test_fold_index': None,
 'undirected': False,
 'use_compound_names': False,
 'use_input_features': None,
 'val_fold_index': None,
 'warmup_epochs': 2.0}
Loading data
Number of tasks = 1
Splitting data with seed 0
Class sizes
Label 0: 95.70%, 1: 4.30%
Total size = 157,623 | train size = 157,623 | val size = 33,668 | test size = 33,758
Building model 0
MoleculeModel(
  (sigmoid): Sigmoid()
  (encoder): MPN(
    (encoder): MPNEncoder(
      (dropout_layer): Dropout(p=0.0, inplace=False)
      (act_func): ReLU()
      (W_i): Linear(in_features=147, out_features=300, bias=False)
      (W_h): Linear(in_features=300, out_features=300, bias=False)
      (W_o): Linear(in_features=433, out_features=300, bias=True)
    )
  )
  (ffn): Sequential(
    (0): Dropout(p=0.0, inplace=False)
    (1): Linear(in_features=300, out_features=300, bias=True)
    (2): ReLU()
    (3): Dropout(p=0.0, inplace=False)
    (4): Linear(in_features=300, out_features=1, bias=True)
  )
)
Number of parameters = 354,901
Moving model to cuda
Epoch 0
Loss = 1.0225e-02, PNorm = 33.9044, GNorm = 1.5464, lr_0 = 1.0157e-04
Loss = 4.6624e-03, PNorm = 33.9093, GNorm = 0.1979, lr_0 = 1.0300e-04
Loss = 3.4306e-03, PNorm = 33.9123, GNorm = 0.2258, lr_0 = 1.0443e-04
Loss = 4.7305e-03, PNorm = 33.9114, GNorm = 0.0752, lr_0 = 1.0585e-04
Loss = 2.7567e-03, PNorm = 33.9113, GNorm = 0.5819, lr_0 = 1.0728e-04
Loss = 4.0817e-03, PNorm = 33.9115, GNorm = 0.0917, lr_0 = 1.0871e-04
Loss = 3.4347e-03, PNorm = 33.9118, GNorm = 0.5923, lr_0 = 1.1014e-04
Loss = 3.6719e-03, PNorm = 33.9127, GNorm = 0.5175, lr_0 = 1.1156e-04
Loss = 4.6523e-03, PNorm = 33.9121, GNorm = 0.3807, lr_0 = 1.1299e-04
Loss = 3.6888e-03, PNorm = 33.9125, GNorm = 0.4757, lr_0 = 1.1442e-04
Loss = 2.8806e-03, PNorm = 33.9151, GNorm = 0.3734, lr_0 = 1.1585e-04
Loss = 3.7819e-03, PNorm = 33.9155, GNorm = 0.1950, lr_0 = 1.1727e-04
Loss = 3.2587e-03, PNorm = 33.9164, GNorm = 0.2717, lr_0 = 1.1870e-04
Loss = 2.7944e-03, PNorm = 33.9179, GNorm = 0.0473, lr_0 = 1.2013e-04
Loss = 2.9482e-03, PNorm = 33.9197, GNorm = 0.4452, lr_0 = 1.2156e-04
Loss = 2.8220e-03, PNorm = 33.9213, GNorm = 0.4711, lr_0 = 1.2299e-04
Loss = 3.5813e-03, PNorm = 33.9217, GNorm = 0.1170, lr_0 = 1.2441e-04
Loss = 4.0447e-03, PNorm = 33.9213, GNorm = 0.3938, lr_0 = 1.2584e-04
Loss = 4.6851e-03, PNorm = 33.9231, GNorm = 0.2063, lr_0 = 1.2727e-04
Loss = 3.9190e-03, PNorm = 33.9251, GNorm = 0.4585, lr_0 = 1.2870e-04
Loss = 3.7598e-03, PNorm = 33.9280, GNorm = 0.0459, lr_0 = 1.3012e-04
Loss = 2.9878e-03, PNorm = 33.9316, GNorm = 0.3489, lr_0 = 1.3155e-04
Loss = 3.6353e-03, PNorm = 33.9329, GNorm = 0.3138, lr_0 = 1.3298e-04
Loss = 3.1529e-03, PNorm = 33.9363, GNorm = 0.3858, lr_0 = 1.3441e-04
Loss = 3.4188e-03, PNorm = 33.9391, GNorm = 0.1102, lr_0 = 1.3583e-04
Loss = 3.3273e-03, PNorm = 33.9397, GNorm = 0.3337, lr_0 = 1.3726e-04
Loss = 3.3825e-03, PNorm = 33.9409, GNorm = 0.2164, lr_0 = 1.3869e-04
Loss = 3.3431e-03, PNorm = 33.9417, GNorm = 0.2771, lr_0 = 1.4012e-04
Loss = 2.7749e-03, PNorm = 33.9440, GNorm = 0.4156, lr_0 = 1.4155e-04
Loss = 3.9924e-03, PNorm = 33.9451, GNorm = 0.0932, lr_0 = 1.4297e-04
Loss = 2.6171e-03, PNorm = 33.9498, GNorm = 0.2128, lr_0 = 1.4440e-04
Loss = 3.8495e-03, PNorm = 33.9513, GNorm = 0.1536, lr_0 = 1.4583e-04
Loss = 2.9124e-03, PNorm = 33.9529, GNorm = 0.0985, lr_0 = 1.4726e-04
Loss = 3.0703e-03, PNorm = 33.9565, GNorm = 0.0780, lr_0 = 1.4868e-04
Loss = 3.0416e-03, PNorm = 33.9604, GNorm = 0.4777, lr_0 = 1.5011e-04
Loss = 3.8914e-03, PNorm = 33.9631, GNorm = 0.2191, lr_0 = 1.5154e-04
Loss = 3.7553e-03, PNorm = 33.9683, GNorm = 0.2643, lr_0 = 1.5297e-04
Loss = 3.6421e-03, PNorm = 33.9736, GNorm = 0.4997, lr_0 = 1.5439e-04
Loss = 4.4282e-03, PNorm = 33.9786, GNorm = 0.2499, lr_0 = 1.5582e-04
Loss = 3.4046e-03, PNorm = 33.9842, GNorm = 0.2045, lr_0 = 1.5725e-04
Loss = 2.9541e-03, PNorm = 33.9906, GNorm = 0.2286, lr_0 = 1.5868e-04
Loss = 2.8255e-03, PNorm = 33.9973, GNorm = 0.1174, lr_0 = 1.6010e-04
Loss = 3.6260e-03, PNorm = 34.0027, GNorm = 0.4499, lr_0 = 1.6153e-04
Loss = 3.2951e-03, PNorm = 34.0108, GNorm = 0.3266, lr_0 = 1.6296e-04
Loss = 3.3592e-03, PNorm = 34.0171, GNorm = 0.1792, lr_0 = 1.6439e-04
Loss = 3.2873e-03, PNorm = 34.0258, GNorm = 0.2051, lr_0 = 1.6582e-04
Loss = 3.1988e-03, PNorm = 34.0337, GNorm = 0.1988, lr_0 = 1.6724e-04
Loss = 2.9011e-03, PNorm = 34.0419, GNorm = 0.1395, lr_0 = 1.6867e-04
Loss = 3.1056e-03, PNorm = 34.0515, GNorm = 0.6850, lr_0 = 1.7010e-04
Loss = 3.1859e-03, PNorm = 34.0603, GNorm = 0.3536, lr_0 = 1.7153e-04
Loss = 2.2965e-03, PNorm = 34.0685, GNorm = 0.6134, lr_0 = 1.7295e-04
Loss = 3.8570e-03, PNorm = 34.0716, GNorm = 0.4029, lr_0 = 1.7438e-04
Loss = 3.4205e-03, PNorm = 34.0783, GNorm = 0.8061, lr_0 = 1.7581e-04
Loss = 3.8145e-03, PNorm = 34.0846, GNorm = 0.3835, lr_0 = 1.7724e-04
Loss = 3.4291e-03, PNorm = 34.0848, GNorm = 0.3296, lr_0 = 1.7866e-04
Loss = 3.4870e-03, PNorm = 34.0945, GNorm = 0.5728, lr_0 = 1.8009e-04
Loss = 3.4604e-03, PNorm = 34.1031, GNorm = 0.3230, lr_0 = 1.8152e-04
Loss = 2.5690e-03, PNorm = 34.1142, GNorm = 0.1288, lr_0 = 1.8295e-04
Loss = 3.4890e-03, PNorm = 34.1177, GNorm = 0.3463, lr_0 = 1.8438e-04
Loss = 4.1440e-03, PNorm = 34.1207, GNorm = 0.2787, lr_0 = 1.8580e-04
Loss = 3.6583e-03, PNorm = 34.1264, GNorm = 0.6589, lr_0 = 1.8723e-04
Loss = 2.6140e-03, PNorm = 34.1323, GNorm = 0.2333, lr_0 = 1.8866e-04
Loss = 3.0406e-03, PNorm = 34.1374, GNorm = 0.7628, lr_0 = 1.9009e-04
Loss = 3.5563e-03, PNorm = 34.1431, GNorm = 0.5201, lr_0 = 1.9151e-04
Loss = 2.7667e-03, PNorm = 34.1540, GNorm = 0.2908, lr_0 = 1.9294e-04
Loss = 3.3294e-03, PNorm = 34.1632, GNorm = 0.4144, lr_0 = 1.9437e-04
Loss = 3.1004e-03, PNorm = 34.1747, GNorm = 0.2582, lr_0 = 1.9580e-04
Loss = 2.7406e-03, PNorm = 34.1834, GNorm = 0.4885, lr_0 = 1.9722e-04
Loss = 3.2600e-03, PNorm = 34.1915, GNorm = 0.3271, lr_0 = 1.9865e-04
Loss = 3.7613e-03, PNorm = 34.2011, GNorm = 0.3287, lr_0 = 2.0008e-04
Loss = 3.8272e-03, PNorm = 34.2084, GNorm = 0.5634, lr_0 = 2.0151e-04
Loss = 3.1473e-03, PNorm = 34.2179, GNorm = 0.3206, lr_0 = 2.0293e-04
Loss = 4.1527e-03, PNorm = 34.2228, GNorm = 0.6492, lr_0 = 2.0436e-04
Loss = 2.5918e-03, PNorm = 34.2348, GNorm = 0.1711, lr_0 = 2.0579e-04
Loss = 5.0678e-03, PNorm = 34.2384, GNorm = 0.5864, lr_0 = 2.0722e-04
Loss = 3.3338e-03, PNorm = 34.2490, GNorm = 0.2383, lr_0 = 2.0865e-04
Loss = 3.5639e-03, PNorm = 34.2514, GNorm = 0.7400, lr_0 = 2.1007e-04
Loss = 3.3886e-03, PNorm = 34.2530, GNorm = 0.5284, lr_0 = 2.1150e-04
Loss = 3.8426e-03, PNorm = 34.2656, GNorm = 0.4824, lr_0 = 2.1293e-04
Loss = 3.5335e-03, PNorm = 34.2754, GNorm = 0.2073, lr_0 = 2.1436e-04
Loss = 3.7397e-03, PNorm = 34.2852, GNorm = 0.8769, lr_0 = 2.1578e-04
Loss = 3.5102e-03, PNorm = 34.2961, GNorm = 0.3734, lr_0 = 2.1721e-04
Loss = 3.8177e-03, PNorm = 34.3076, GNorm = 0.6326, lr_0 = 2.1864e-04
Loss = 3.4828e-03, PNorm = 34.3221, GNorm = 1.0450, lr_0 = 2.2007e-04
Loss = 3.4239e-03, PNorm = 34.3327, GNorm = 0.3517, lr_0 = 2.2149e-04
Loss = 3.3022e-03, PNorm = 34.3427, GNorm = 0.8507, lr_0 = 2.2292e-04
Loss = 3.0305e-03, PNorm = 34.3530, GNorm = 0.1877, lr_0 = 2.2435e-04
Loss = 3.2443e-03, PNorm = 34.3652, GNorm = 0.2429, lr_0 = 2.2578e-04
Loss = 3.8171e-03, PNorm = 34.3669, GNorm = 0.2134, lr_0 = 2.2720e-04
Loss = 3.5340e-03, PNorm = 34.3826, GNorm = 0.2019, lr_0 = 2.2863e-04
Loss = 3.2470e-03, PNorm = 34.3933, GNorm = 0.4567, lr_0 = 2.3006e-04
Loss = 2.9809e-03, PNorm = 34.4040, GNorm = 0.3191, lr_0 = 2.3149e-04
Loss = 3.3813e-03, PNorm = 34.4195, GNorm = 0.2135, lr_0 = 2.3292e-04
Loss = 2.8887e-03, PNorm = 34.4379, GNorm = 0.1460, lr_0 = 2.3434e-04
Loss = 2.9792e-03, PNorm = 34.4573, GNorm = 0.4836, lr_0 = 2.3577e-04
Loss = 3.4013e-03, PNorm = 34.4613, GNorm = 0.1746, lr_0 = 2.3720e-04
Loss = 3.0432e-03, PNorm = 34.4734, GNorm = 0.2922, lr_0 = 2.3863e-04
Loss = 3.1939e-03, PNorm = 34.4771, GNorm = 0.1626, lr_0 = 2.4005e-04
Loss = 2.8386e-03, PNorm = 34.4909, GNorm = 0.5082, lr_0 = 2.4148e-04
Loss = 3.1614e-03, PNorm = 34.5020, GNorm = 0.2492, lr_0 = 2.4291e-04
Loss = 3.1115e-03, PNorm = 34.5189, GNorm = 0.4978, lr_0 = 2.4434e-04
Loss = 3.3430e-03, PNorm = 34.5310, GNorm = 0.5736, lr_0 = 2.4576e-04
Loss = 2.8261e-03, PNorm = 34.5482, GNorm = 0.1881, lr_0 = 2.4719e-04
Loss = 3.5334e-03, PNorm = 34.5571, GNorm = 0.4026, lr_0 = 2.4862e-04
Loss = 3.5408e-03, PNorm = 34.5724, GNorm = 0.1989, lr_0 = 2.5005e-04
Loss = 2.6267e-03, PNorm = 34.5961, GNorm = 0.5311, lr_0 = 2.5148e-04
Loss = 3.3267e-03, PNorm = 34.6032, GNorm = 0.8399, lr_0 = 2.5290e-04
Loss = 2.5936e-03, PNorm = 34.6171, GNorm = 0.4687, lr_0 = 2.5433e-04
Loss = 2.2218e-03, PNorm = 34.6267, GNorm = 0.3820, lr_0 = 2.5576e-04
Loss = 3.1457e-03, PNorm = 34.6385, GNorm = 0.7356, lr_0 = 2.5719e-04
Loss = 2.3237e-03, PNorm = 34.6535, GNorm = 0.1882, lr_0 = 2.5861e-04
Loss = 3.0153e-03, PNorm = 34.6625, GNorm = 0.4541, lr_0 = 2.6004e-04
Loss = 2.6574e-03, PNorm = 34.6834, GNorm = 0.2142, lr_0 = 2.6147e-04
Loss = 3.5941e-03, PNorm = 34.6938, GNorm = 0.7458, lr_0 = 2.6290e-04
Loss = 2.4480e-03, PNorm = 34.7190, GNorm = 0.2191, lr_0 = 2.6432e-04
Loss = 3.9141e-03, PNorm = 34.7225, GNorm = 0.2964, lr_0 = 2.6575e-04
Loss = 3.2590e-03, PNorm = 34.7396, GNorm = 0.2640, lr_0 = 2.6718e-04
Loss = 2.7064e-03, PNorm = 34.7538, GNorm = 0.1950, lr_0 = 2.6861e-04
Loss = 3.2800e-03, PNorm = 34.7711, GNorm = 0.5094, lr_0 = 2.7003e-04
Loss = 2.7344e-03, PNorm = 34.7971, GNorm = 1.0855, lr_0 = 2.7146e-04
Loss = 3.7476e-03, PNorm = 34.7969, GNorm = 0.2530, lr_0 = 2.7289e-04
Loss = 3.0767e-03, PNorm = 34.8106, GNorm = 0.4343, lr_0 = 2.7432e-04
Loss = 3.3127e-03, PNorm = 34.8267, GNorm = 0.4921, lr_0 = 2.7575e-04
Loss = 2.7277e-03, PNorm = 34.8443, GNorm = 0.1762, lr_0 = 2.7717e-04
Loss = 3.0229e-03, PNorm = 34.8524, GNorm = 0.4438, lr_0 = 2.7860e-04
Loss = 4.1898e-03, PNorm = 34.8652, GNorm = 0.9171, lr_0 = 2.8003e-04
Loss = 2.2879e-03, PNorm = 34.8864, GNorm = 0.7348, lr_0 = 2.8146e-04
Loss = 2.8587e-03, PNorm = 34.9032, GNorm = 0.4521, lr_0 = 2.8288e-04
Loss = 2.8112e-03, PNorm = 34.9265, GNorm = 0.2153, lr_0 = 2.8431e-04
Loss = 2.9361e-03, PNorm = 34.9437, GNorm = 0.2915, lr_0 = 2.8574e-04
Loss = 2.2258e-03, PNorm = 34.9682, GNorm = 0.2151, lr_0 = 2.8717e-04
Loss = 3.2718e-03, PNorm = 34.9864, GNorm = 0.4240, lr_0 = 2.8859e-04
Loss = 2.2229e-03, PNorm = 35.0161, GNorm = 0.1480, lr_0 = 2.9002e-04
Loss = 3.0475e-03, PNorm = 35.0425, GNorm = 1.0476, lr_0 = 2.9145e-04
Loss = 3.9040e-03, PNorm = 35.0603, GNorm = 0.3048, lr_0 = 2.9288e-04
Loss = 4.5570e-03, PNorm = 35.0655, GNorm = 0.6290, lr_0 = 2.9431e-04
Loss = 3.6375e-03, PNorm = 35.0901, GNorm = 0.5005, lr_0 = 2.9573e-04
Loss = 3.1137e-03, PNorm = 35.1123, GNorm = 0.4682, lr_0 = 2.9716e-04
Loss = 3.0922e-03, PNorm = 35.1397, GNorm = 0.3412, lr_0 = 2.9859e-04
Loss = 2.4430e-03, PNorm = 35.1570, GNorm = 0.1186, lr_0 = 3.0002e-04
Loss = 2.5813e-03, PNorm = 35.1656, GNorm = 0.2875, lr_0 = 3.0144e-04
Loss = 3.6761e-03, PNorm = 35.1788, GNorm = 0.1622, lr_0 = 3.0287e-04
Loss = 3.5381e-03, PNorm = 35.1861, GNorm = 0.2810, lr_0 = 3.0430e-04
Loss = 3.8155e-03, PNorm = 35.2037, GNorm = 0.5748, lr_0 = 3.0573e-04
Loss = 2.8696e-03, PNorm = 35.2262, GNorm = 0.2642, lr_0 = 3.0715e-04
Loss = 2.9697e-03, PNorm = 35.2390, GNorm = 0.4661, lr_0 = 3.0858e-04
Loss = 2.8034e-03, PNorm = 35.2688, GNorm = 0.4972, lr_0 = 3.1001e-04
Loss = 2.7709e-03, PNorm = 35.2984, GNorm = 0.4055, lr_0 = 3.1144e-04
Loss = 2.5434e-03, PNorm = 35.3194, GNorm = 1.1920, lr_0 = 3.1286e-04
Loss = 2.6726e-03, PNorm = 35.3206, GNorm = 0.3958, lr_0 = 3.1429e-04
Loss = 2.1202e-03, PNorm = 35.3370, GNorm = 0.2823, lr_0 = 3.1572e-04
Loss = 2.9432e-03, PNorm = 35.3451, GNorm = 0.3822, lr_0 = 3.1715e-04
Loss = 2.0714e-03, PNorm = 35.3650, GNorm = 0.2721, lr_0 = 3.1858e-04
Loss = 2.1272e-03, PNorm = 35.3866, GNorm = 0.1985, lr_0 = 3.2000e-04
Loss = 3.1765e-03, PNorm = 35.3907, GNorm = 0.2461, lr_0 = 3.2143e-04
Loss = 3.8635e-03, PNorm = 35.3871, GNorm = 0.4031, lr_0 = 3.2286e-04
Loss = 2.5735e-03, PNorm = 35.4031, GNorm = 0.2670, lr_0 = 3.2429e-04
Loss = 3.8924e-03, PNorm = 35.4157, GNorm = 0.7974, lr_0 = 3.2571e-04
Loss = 2.9104e-03, PNorm = 35.4435, GNorm = 0.1589, lr_0 = 3.2714e-04
Loss = 1.5150e-03, PNorm = 35.4554, GNorm = 0.4011, lr_0 = 3.2857e-04
Loss = 3.2623e-03, PNorm = 35.4727, GNorm = 0.2546, lr_0 = 3.3000e-04
Loss = 2.2264e-03, PNorm = 35.4962, GNorm = 0.2973, lr_0 = 3.3142e-04
Loss = 1.7408e-03, PNorm = 35.5111, GNorm = 0.2035, lr_0 = 3.3285e-04
Loss = 2.7778e-03, PNorm = 35.5125, GNorm = 0.6749, lr_0 = 3.3428e-04
Loss = 2.9411e-03, PNorm = 35.5220, GNorm = 0.2893, lr_0 = 3.3571e-04
Loss = 2.7576e-03, PNorm = 35.5440, GNorm = 0.9773, lr_0 = 3.3714e-04
Loss = 2.1721e-03, PNorm = 35.5599, GNorm = 0.2412, lr_0 = 3.3856e-04
Loss = 2.9539e-03, PNorm = 35.5801, GNorm = 0.8503, lr_0 = 3.3999e-04
Loss = 2.8577e-03, PNorm = 35.6075, GNorm = 0.4485, lr_0 = 3.4142e-04
Loss = 2.5390e-03, PNorm = 35.6406, GNorm = 0.4656, lr_0 = 3.4285e-04
Loss = 3.1967e-03, PNorm = 35.6533, GNorm = 0.4533, lr_0 = 3.4427e-04
Loss = 3.0645e-03, PNorm = 35.6604, GNorm = 0.2313, lr_0 = 3.4570e-04
Loss = 2.6445e-03, PNorm = 35.6749, GNorm = 0.8019, lr_0 = 3.4713e-04
Loss = 1.7807e-03, PNorm = 35.6964, GNorm = 0.2411, lr_0 = 3.4856e-04
Loss = 2.8838e-03, PNorm = 35.7080, GNorm = 0.2256, lr_0 = 3.4998e-04
Loss = 2.4537e-03, PNorm = 35.7395, GNorm = 0.3305, lr_0 = 3.5141e-04
Loss = 3.0365e-03, PNorm = 35.7505, GNorm = 0.2839, lr_0 = 3.5284e-04
Loss = 1.9401e-03, PNorm = 35.7779, GNorm = 0.5118, lr_0 = 3.5427e-04
Loss = 2.8722e-03, PNorm = 35.7882, GNorm = 0.6072, lr_0 = 3.5569e-04
Loss = 2.3082e-03, PNorm = 35.7995, GNorm = 0.2350, lr_0 = 3.5712e-04
Loss = 2.5518e-03, PNorm = 35.8079, GNorm = 0.6352, lr_0 = 3.5855e-04
Loss = 2.4722e-03, PNorm = 35.8381, GNorm = 0.3948, lr_0 = 3.5998e-04
Loss = 3.1573e-03, PNorm = 35.8466, GNorm = 0.2689, lr_0 = 3.6141e-04
Loss = 2.5146e-03, PNorm = 35.8565, GNorm = 0.1763, lr_0 = 3.6283e-04
Loss = 2.0393e-03, PNorm = 35.8793, GNorm = 0.5146, lr_0 = 3.6426e-04
Loss = 3.9774e-03, PNorm = 35.8893, GNorm = 0.2609, lr_0 = 3.6569e-04
Loss = 2.2965e-03, PNorm = 35.9232, GNorm = 0.2844, lr_0 = 3.6712e-04
Loss = 2.7911e-03, PNorm = 35.9327, GNorm = 0.2850, lr_0 = 3.6854e-04
Loss = 2.0901e-03, PNorm = 35.9405, GNorm = 0.3455, lr_0 = 3.6997e-04
Loss = 2.5370e-03, PNorm = 35.9615, GNorm = 0.4932, lr_0 = 3.7140e-04
Loss = 3.8004e-03, PNorm = 35.9672, GNorm = 0.5462, lr_0 = 3.7283e-04
Loss = 2.6533e-03, PNorm = 35.9944, GNorm = 0.2859, lr_0 = 3.7425e-04
Loss = 2.9510e-03, PNorm = 36.0031, GNorm = 0.2920, lr_0 = 3.7568e-04
Loss = 3.4158e-03, PNorm = 36.0267, GNorm = 0.4813, lr_0 = 3.7711e-04
Loss = 2.5427e-03, PNorm = 36.0364, GNorm = 0.8458, lr_0 = 3.7854e-04
Loss = 3.1383e-03, PNorm = 36.0404, GNorm = 0.4342, lr_0 = 3.7997e-04
Loss = 2.9053e-03, PNorm = 36.0631, GNorm = 0.2836, lr_0 = 3.8139e-04
Loss = 2.1655e-03, PNorm = 36.0830, GNorm = 0.2323, lr_0 = 3.8282e-04
Loss = 3.0636e-03, PNorm = 36.0835, GNorm = 0.3502, lr_0 = 3.8425e-04
Loss = 1.9305e-03, PNorm = 36.1093, GNorm = 0.1635, lr_0 = 3.8568e-04
Loss = 4.3734e-03, PNorm = 36.1001, GNorm = 0.7330, lr_0 = 3.8710e-04
Loss = 2.7901e-03, PNorm = 36.1133, GNorm = 0.3281, lr_0 = 3.8853e-04
Loss = 3.5005e-03, PNorm = 36.1246, GNorm = 0.4340, lr_0 = 3.8996e-04
Loss = 2.8882e-03, PNorm = 36.1413, GNorm = 0.3473, lr_0 = 3.9139e-04
Loss = 2.5127e-03, PNorm = 36.1641, GNorm = 0.3237, lr_0 = 3.9281e-04
Loss = 2.7017e-03, PNorm = 36.1855, GNorm = 0.3850, lr_0 = 3.9424e-04
Loss = 2.5438e-03, PNorm = 36.2201, GNorm = 0.1764, lr_0 = 3.9567e-04
Loss = 3.0797e-03, PNorm = 36.2496, GNorm = 0.4400, lr_0 = 3.9710e-04
Loss = 2.3175e-03, PNorm = 36.2776, GNorm = 0.2867, lr_0 = 3.9852e-04
Loss = 2.6985e-03, PNorm = 36.3019, GNorm = 0.3339, lr_0 = 3.9995e-04
Loss = 2.4004e-03, PNorm = 36.3260, GNorm = 0.4142, lr_0 = 4.0138e-04
Loss = 4.0686e-03, PNorm = 36.3198, GNorm = 0.6363, lr_0 = 4.0281e-04
Loss = 2.3572e-03, PNorm = 36.3520, GNorm = 0.5453, lr_0 = 4.0424e-04
Loss = 2.9557e-03, PNorm = 36.3779, GNorm = 0.7036, lr_0 = 4.0566e-04
Loss = 2.7298e-03, PNorm = 36.3960, GNorm = 0.4896, lr_0 = 4.0709e-04
Loss = 2.7597e-03, PNorm = 36.4137, GNorm = 0.2290, lr_0 = 4.0852e-04
Loss = 1.6415e-03, PNorm = 36.4272, GNorm = 0.1252, lr_0 = 4.0995e-04
Loss = 2.2210e-03, PNorm = 36.4452, GNorm = 0.2595, lr_0 = 4.1137e-04
Loss = 3.5111e-03, PNorm = 36.4603, GNorm = 0.2841, lr_0 = 4.1280e-04
Loss = 2.2937e-03, PNorm = 36.4831, GNorm = 0.3588, lr_0 = 4.1423e-04
Loss = 3.0990e-03, PNorm = 36.4892, GNorm = 0.3224, lr_0 = 4.1566e-04
Loss = 2.8297e-03, PNorm = 36.5108, GNorm = 0.3889, lr_0 = 4.1708e-04
Loss = 2.6755e-03, PNorm = 36.5209, GNorm = 0.5672, lr_0 = 4.1851e-04
Loss = 2.4187e-03, PNorm = 36.5371, GNorm = 0.2437, lr_0 = 4.1994e-04
Loss = 2.5304e-03, PNorm = 36.5444, GNorm = 0.1441, lr_0 = 4.2137e-04
Loss = 2.7929e-03, PNorm = 36.5593, GNorm = 0.2738, lr_0 = 4.2280e-04
Loss = 2.5266e-03, PNorm = 36.5817, GNorm = 0.2908, lr_0 = 4.2422e-04
Loss = 2.3015e-03, PNorm = 36.5991, GNorm = 0.3861, lr_0 = 4.2565e-04
Loss = 3.1108e-03, PNorm = 36.6141, GNorm = 0.3256, lr_0 = 4.2708e-04
Loss = 2.2433e-03, PNorm = 36.6449, GNorm = 0.3135, lr_0 = 4.2851e-04
Loss = 2.3838e-03, PNorm = 36.6551, GNorm = 0.3090, lr_0 = 4.2993e-04
Loss = 3.4850e-03, PNorm = 36.6651, GNorm = 0.3691, lr_0 = 4.3136e-04
Loss = 3.0948e-03, PNorm = 36.6838, GNorm = 0.3561, lr_0 = 4.3279e-04
Loss = 3.5513e-03, PNorm = 36.7048, GNorm = 0.3784, lr_0 = 4.3422e-04
Loss = 2.5438e-03, PNorm = 36.7407, GNorm = 0.1468, lr_0 = 4.3564e-04
Loss = 2.5754e-03, PNorm = 36.7571, GNorm = 0.2065, lr_0 = 4.3707e-04
Loss = 3.2763e-03, PNorm = 36.7752, GNorm = 0.2545, lr_0 = 4.3850e-04
Loss = 3.1637e-03, PNorm = 36.7983, GNorm = 0.2227, lr_0 = 4.3993e-04
Loss = 3.0055e-03, PNorm = 36.8225, GNorm = 0.4290, lr_0 = 4.4135e-04
Loss = 3.3339e-03, PNorm = 36.8318, GNorm = 0.4673, lr_0 = 4.4278e-04
Loss = 2.3525e-03, PNorm = 36.8581, GNorm = 0.1827, lr_0 = 4.4421e-04
Loss = 2.9159e-03, PNorm = 36.8733, GNorm = 0.4516, lr_0 = 4.4564e-04
Loss = 3.0784e-03, PNorm = 36.8920, GNorm = 0.3799, lr_0 = 4.4707e-04
Loss = 3.1691e-03, PNorm = 36.9088, GNorm = 0.3547, lr_0 = 4.4849e-04
Loss = 2.7852e-03, PNorm = 36.9420, GNorm = 0.7521, lr_0 = 4.4992e-04
Loss = 2.2971e-03, PNorm = 36.9472, GNorm = 0.1795, lr_0 = 4.5135e-04
Loss = 2.1226e-03, PNorm = 36.9683, GNorm = 0.2059, lr_0 = 4.5278e-04
Loss = 2.7327e-03, PNorm = 36.9903, GNorm = 0.8410, lr_0 = 4.5420e-04
Loss = 2.8053e-03, PNorm = 37.0186, GNorm = 0.2626, lr_0 = 4.5563e-04
Loss = 3.2040e-03, PNorm = 37.0436, GNorm = 0.3329, lr_0 = 4.5706e-04
Loss = 2.0070e-03, PNorm = 37.0739, GNorm = 0.4311, lr_0 = 4.5849e-04
Loss = 2.6819e-03, PNorm = 37.0905, GNorm = 0.2897, lr_0 = 4.5991e-04
Loss = 3.0210e-03, PNorm = 37.1047, GNorm = 0.6775, lr_0 = 4.6134e-04
Loss = 2.7347e-03, PNorm = 37.1543, GNorm = 0.3111, lr_0 = 4.6277e-04
Loss = 2.7317e-03, PNorm = 37.1674, GNorm = 0.3676, lr_0 = 4.6420e-04
Loss = 3.0993e-03, PNorm = 37.2064, GNorm = 0.3352, lr_0 = 4.6563e-04
Loss = 2.6358e-03, PNorm = 37.2231, GNorm = 0.2159, lr_0 = 4.6705e-04
Loss = 2.5278e-03, PNorm = 37.2443, GNorm = 0.2355, lr_0 = 4.6848e-04
Loss = 1.8356e-03, PNorm = 37.2661, GNorm = 0.1938, lr_0 = 4.6991e-04
Loss = 2.8470e-03, PNorm = 37.2749, GNorm = 0.4265, lr_0 = 4.7134e-04
Loss = 2.5520e-03, PNorm = 37.2950, GNorm = 0.3162, lr_0 = 4.7276e-04
Loss = 2.0414e-03, PNorm = 37.3207, GNorm = 0.2303, lr_0 = 4.7419e-04
Loss = 1.8059e-03, PNorm = 37.3505, GNorm = 0.5471, lr_0 = 4.7562e-04
Loss = 2.0655e-03, PNorm = 37.3847, GNorm = 0.1925, lr_0 = 4.7705e-04
Loss = 2.4438e-03, PNorm = 37.4065, GNorm = 0.6027, lr_0 = 4.7847e-04
Loss = 2.5361e-03, PNorm = 37.4362, GNorm = 1.0274, lr_0 = 4.7990e-04
Loss = 2.4095e-03, PNorm = 37.4491, GNorm = 0.4251, lr_0 = 4.8133e-04
Loss = 2.3836e-03, PNorm = 37.4494, GNorm = 0.2227, lr_0 = 4.8276e-04
Loss = 2.1318e-03, PNorm = 37.4812, GNorm = 0.1659, lr_0 = 4.8418e-04
Loss = 2.6943e-03, PNorm = 37.4961, GNorm = 0.3315, lr_0 = 4.8561e-04
Loss = 2.1770e-03, PNorm = 37.5375, GNorm = 0.7202, lr_0 = 4.8704e-04
Loss = 2.6634e-03, PNorm = 37.5581, GNorm = 0.4248, lr_0 = 4.8847e-04
Loss = 2.1301e-03, PNorm = 37.6027, GNorm = 0.5292, lr_0 = 4.8990e-04
Loss = 2.2969e-03, PNorm = 37.6212, GNorm = 0.4532, lr_0 = 4.9132e-04
Loss = 3.5309e-03, PNorm = 37.6358, GNorm = 0.6327, lr_0 = 4.9275e-04
Loss = 2.8398e-03, PNorm = 37.6656, GNorm = 0.3866, lr_0 = 4.9418e-04
Loss = 2.6332e-03, PNorm = 37.6921, GNorm = 0.5920, lr_0 = 4.9561e-04
Loss = 2.9412e-03, PNorm = 37.7147, GNorm = 0.2632, lr_0 = 4.9703e-04
Loss = 1.9418e-03, PNorm = 37.7310, GNorm = 0.2342, lr_0 = 4.9846e-04
Loss = 2.3595e-03, PNorm = 37.7539, GNorm = 0.4261, lr_0 = 4.9989e-04
Loss = 2.1940e-03, PNorm = 37.7942, GNorm = 0.4118, lr_0 = 5.0132e-04
Loss = 2.0710e-03, PNorm = 37.8278, GNorm = 0.3298, lr_0 = 5.0274e-04
Loss = 3.1305e-03, PNorm = 37.8443, GNorm = 0.3310, lr_0 = 5.0417e-04
Loss = 2.5359e-03, PNorm = 37.8666, GNorm = 0.6864, lr_0 = 5.0560e-04
Loss = 2.6432e-03, PNorm = 37.8799, GNorm = 0.3706, lr_0 = 5.0703e-04
Loss = 2.7088e-03, PNorm = 37.8977, GNorm = 0.2963, lr_0 = 5.0845e-04
Loss = 2.1187e-03, PNorm = 37.9215, GNorm = 1.4265, lr_0 = 5.0988e-04
Loss = 2.5614e-03, PNorm = 37.9342, GNorm = 0.4038, lr_0 = 5.1131e-04
Loss = 2.8084e-03, PNorm = 37.9506, GNorm = 0.3067, lr_0 = 5.1274e-04
Loss = 2.7050e-03, PNorm = 37.9785, GNorm = 0.2221, lr_0 = 5.1417e-04
Loss = 2.4245e-03, PNorm = 38.0086, GNorm = 0.3924, lr_0 = 5.1559e-04
Loss = 2.5322e-03, PNorm = 38.0457, GNorm = 0.2945, lr_0 = 5.1702e-04
Loss = 2.8821e-03, PNorm = 38.0740, GNorm = 0.5148, lr_0 = 5.1845e-04
Loss = 2.2691e-03, PNorm = 38.0889, GNorm = 0.6780, lr_0 = 5.1988e-04
Loss = 2.6464e-03, PNorm = 38.1020, GNorm = 0.2974, lr_0 = 5.2130e-04
Loss = 2.6573e-03, PNorm = 38.1186, GNorm = 0.2924, lr_0 = 5.2273e-04
Loss = 2.7419e-03, PNorm = 38.1520, GNorm = 0.2352, lr_0 = 5.2416e-04
Loss = 1.8913e-03, PNorm = 38.1928, GNorm = 0.2498, lr_0 = 5.2559e-04
Loss = 2.3366e-03, PNorm = 38.2161, GNorm = 0.3597, lr_0 = 5.2701e-04
