Fold 0
{'activation': 'ReLU',
 'atom_messages': False,
 'batch_size': 50,
 'bias': False,
 'checkpoint_dir': None,
 'checkpoint_path': None,
 'checkpoint_paths': None,
 'config_path': None,
 'crossval_index_dir': None,
 'crossval_index_file': None,
 'cuda': True,
 'data_path': 'dataset/splitted_csv_files_mpnn_models/vesicles_tr.csv',
 'dataset_type': 'classification',
 'depth': 3,
 'dropout': 0.0,
 'ensemble_size': 1,
 'epochs': 50,
 'features_generator': None,
 'features_only': False,
 'features_path': None,
 'features_scaling': True,
 'ffn_hidden_size': 300,
 'ffn_num_layers': 2,
 'final_lr': 0.0001,
 'folds_file': None,
 'gpu': None,
 'hidden_size': 300,
 'init_lr': 0.0001,
 'log_frequency': 10,
 'max_data_size': None,
 'max_lr': 0.001,
 'metric': 'cohen_k',
 'minimize_score': False,
 'multiclass_num_classes': 3,
 'no_cache': False,
 'num_folds': 1,
 'num_lrs': 1,
 'quiet': False,
 'save_dir': 'saved_models/vesicles/fold_0',
 'save_smiles_splits': False,
 'seed': 0,
 'separate_test_features_path': None,
 'separate_test_path': 'dataset/splitted_csv_files_mpnn_models/vesicles_te.csv',
 'separate_val_features_path': None,
 'separate_val_path': 'dataset/splitted_csv_files_mpnn_models/vesicles_va.csv',
 'show_individual_scores': False,
 'split_sizes': [0.8, 0.1, 0.1],
 'split_type': 'random',
 'test': False,
 'test_fold_index': None,
 'undirected': False,
 'use_compound_names': False,
 'use_input_features': None,
 'val_fold_index': None,
 'warmup_epochs': 2.0}
Loading data
Number of tasks = 1
Splitting data with seed 0
Class sizes
Label 0: 79.02%, 1: 20.98%
Total size = 157,623 | train size = 157,623 | val size = 33,668 | test size = 33,758
Building model 0
MoleculeModel(
  (sigmoid): Sigmoid()
  (encoder): MPN(
    (encoder): MPNEncoder(
      (dropout_layer): Dropout(p=0.0, inplace=False)
      (act_func): ReLU()
      (W_i): Linear(in_features=147, out_features=300, bias=False)
      (W_h): Linear(in_features=300, out_features=300, bias=False)
      (W_o): Linear(in_features=433, out_features=300, bias=True)
    )
  )
  (ffn): Sequential(
    (0): Dropout(p=0.0, inplace=False)
    (1): Linear(in_features=300, out_features=300, bias=True)
    (2): ReLU()
    (3): Dropout(p=0.0, inplace=False)
    (4): Linear(in_features=300, out_features=1, bias=True)
  )
)
Number of parameters = 354,901
Moving model to cuda
Epoch 0
Loss = 1.2514e-02, PNorm = 33.9657, GNorm = 0.2790, lr_0 = 1.0157e-04
Loss = 1.1158e-02, PNorm = 33.9669, GNorm = 1.2054, lr_0 = 1.0300e-04
Loss = 9.9083e-03, PNorm = 33.9660, GNorm = 0.8299, lr_0 = 1.0443e-04
Loss = 9.3653e-03, PNorm = 33.9665, GNorm = 0.8043, lr_0 = 1.0585e-04
Loss = 1.0639e-02, PNorm = 33.9665, GNorm = 1.2289, lr_0 = 1.0728e-04
Loss = 9.6992e-03, PNorm = 33.9665, GNorm = 0.1948, lr_0 = 1.0871e-04
Loss = 1.0279e-02, PNorm = 33.9669, GNorm = 0.9204, lr_0 = 1.1014e-04
Loss = 1.0932e-02, PNorm = 33.9664, GNorm = 0.4509, lr_0 = 1.1156e-04
Loss = 1.0535e-02, PNorm = 33.9672, GNorm = 1.2644, lr_0 = 1.1299e-04
Loss = 1.0058e-02, PNorm = 33.9691, GNorm = 0.9852, lr_0 = 1.1442e-04
Loss = 1.0388e-02, PNorm = 33.9692, GNorm = 0.1596, lr_0 = 1.1585e-04
Loss = 1.0919e-02, PNorm = 33.9691, GNorm = 0.5427, lr_0 = 1.1727e-04
Loss = 1.0211e-02, PNorm = 33.9709, GNorm = 0.4639, lr_0 = 1.1870e-04
Loss = 9.4172e-03, PNorm = 33.9723, GNorm = 0.4935, lr_0 = 1.2013e-04
Loss = 9.6287e-03, PNorm = 33.9732, GNorm = 0.1437, lr_0 = 1.2156e-04
Loss = 1.1059e-02, PNorm = 33.9736, GNorm = 0.3041, lr_0 = 1.2299e-04
Loss = 1.0683e-02, PNorm = 33.9754, GNorm = 0.2288, lr_0 = 1.2441e-04
Loss = 1.0154e-02, PNorm = 33.9777, GNorm = 0.3096, lr_0 = 1.2584e-04
Loss = 9.8940e-03, PNorm = 33.9803, GNorm = 0.8158, lr_0 = 1.2727e-04
Loss = 1.0666e-02, PNorm = 33.9811, GNorm = 0.3375, lr_0 = 1.2870e-04
Loss = 1.0262e-02, PNorm = 33.9828, GNorm = 0.3553, lr_0 = 1.3012e-04
Loss = 9.9163e-03, PNorm = 33.9841, GNorm = 0.2469, lr_0 = 1.3155e-04
Loss = 9.7656e-03, PNorm = 33.9862, GNorm = 1.0639, lr_0 = 1.3298e-04
Loss = 9.6949e-03, PNorm = 33.9891, GNorm = 0.2438, lr_0 = 1.3441e-04
Loss = 1.0159e-02, PNorm = 33.9918, GNorm = 0.2729, lr_0 = 1.3583e-04
Loss = 1.0223e-02, PNorm = 33.9949, GNorm = 0.3400, lr_0 = 1.3726e-04
Loss = 9.9641e-03, PNorm = 33.9994, GNorm = 0.2063, lr_0 = 1.3869e-04
Loss = 9.6276e-03, PNorm = 34.0029, GNorm = 0.2995, lr_0 = 1.4012e-04
Loss = 1.0507e-02, PNorm = 34.0057, GNorm = 0.2368, lr_0 = 1.4155e-04
Loss = 1.0532e-02, PNorm = 34.0074, GNorm = 0.1895, lr_0 = 1.4297e-04
Loss = 9.1382e-03, PNorm = 34.0102, GNorm = 0.8559, lr_0 = 1.4440e-04
Loss = 9.8086e-03, PNorm = 34.0121, GNorm = 0.1410, lr_0 = 1.4583e-04
Loss = 1.0223e-02, PNorm = 34.0148, GNorm = 0.4835, lr_0 = 1.4726e-04
Loss = 9.5082e-03, PNorm = 34.0192, GNorm = 0.1878, lr_0 = 1.4868e-04
Loss = 9.1909e-03, PNorm = 34.0236, GNorm = 0.4628, lr_0 = 1.5011e-04
Loss = 9.7127e-03, PNorm = 34.0281, GNorm = 0.1183, lr_0 = 1.5154e-04
Loss = 9.2622e-03, PNorm = 34.0320, GNorm = 1.0746, lr_0 = 1.5297e-04
Loss = 9.5689e-03, PNorm = 34.0370, GNorm = 0.2539, lr_0 = 1.5439e-04
Loss = 1.0966e-02, PNorm = 34.0400, GNorm = 1.6268, lr_0 = 1.5582e-04
Loss = 1.0320e-02, PNorm = 34.0420, GNorm = 0.1648, lr_0 = 1.5725e-04
Loss = 9.8026e-03, PNorm = 34.0451, GNorm = 0.1121, lr_0 = 1.5868e-04
Loss = 9.6124e-03, PNorm = 34.0490, GNorm = 0.3678, lr_0 = 1.6010e-04
Loss = 9.9455e-03, PNorm = 34.0527, GNorm = 0.4189, lr_0 = 1.6153e-04
Loss = 9.9903e-03, PNorm = 34.0600, GNorm = 0.6495, lr_0 = 1.6296e-04
Loss = 9.7166e-03, PNorm = 34.0680, GNorm = 0.6039, lr_0 = 1.6439e-04
Loss = 1.0199e-02, PNorm = 34.0717, GNorm = 0.1669, lr_0 = 1.6582e-04
Loss = 1.0543e-02, PNorm = 34.0747, GNorm = 0.1861, lr_0 = 1.6724e-04
Loss = 9.4360e-03, PNorm = 34.0804, GNorm = 0.4713, lr_0 = 1.6867e-04
Loss = 1.0097e-02, PNorm = 34.0866, GNorm = 0.3578, lr_0 = 1.7010e-04
Loss = 1.0355e-02, PNorm = 34.0908, GNorm = 0.3040, lr_0 = 1.7153e-04
Loss = 1.0298e-02, PNorm = 34.0962, GNorm = 0.3059, lr_0 = 1.7295e-04
Loss = 1.0313e-02, PNorm = 34.0997, GNorm = 0.3172, lr_0 = 1.7438e-04
Loss = 9.8101e-03, PNorm = 34.1054, GNorm = 0.2128, lr_0 = 1.7581e-04
Loss = 9.3319e-03, PNorm = 34.1118, GNorm = 0.2411, lr_0 = 1.7724e-04
Loss = 9.5772e-03, PNorm = 34.1195, GNorm = 0.7968, lr_0 = 1.7866e-04
Loss = 9.9968e-03, PNorm = 34.1228, GNorm = 0.2368, lr_0 = 1.8009e-04
Loss = 1.0651e-02, PNorm = 34.1272, GNorm = 0.5781, lr_0 = 1.8152e-04
Loss = 9.8668e-03, PNorm = 34.1343, GNorm = 0.2290, lr_0 = 1.8295e-04
Loss = 1.0248e-02, PNorm = 34.1433, GNorm = 1.4190, lr_0 = 1.8438e-04
Loss = 9.6947e-03, PNorm = 34.1499, GNorm = 0.2185, lr_0 = 1.8580e-04
Loss = 9.2896e-03, PNorm = 34.1588, GNorm = 0.2014, lr_0 = 1.8723e-04
Loss = 1.0609e-02, PNorm = 34.1643, GNorm = 0.2615, lr_0 = 1.8866e-04
Loss = 1.0115e-02, PNorm = 34.1699, GNorm = 1.4611, lr_0 = 1.9009e-04
Loss = 9.4592e-03, PNorm = 34.1777, GNorm = 0.4114, lr_0 = 1.9151e-04
Loss = 9.3583e-03, PNorm = 34.1895, GNorm = 0.8578, lr_0 = 1.9294e-04
Loss = 1.0023e-02, PNorm = 34.1999, GNorm = 0.3876, lr_0 = 1.9437e-04
Loss = 1.0110e-02, PNorm = 34.2069, GNorm = 0.3734, lr_0 = 1.9580e-04
Loss = 9.7363e-03, PNorm = 34.2151, GNorm = 0.2787, lr_0 = 1.9722e-04
Loss = 9.4418e-03, PNorm = 34.2250, GNorm = 0.2983, lr_0 = 1.9865e-04
Loss = 1.0265e-02, PNorm = 34.2369, GNorm = 0.4517, lr_0 = 2.0008e-04
Loss = 1.0150e-02, PNorm = 34.2445, GNorm = 0.2454, lr_0 = 2.0151e-04
Loss = 1.0271e-02, PNorm = 34.2567, GNorm = 0.2461, lr_0 = 2.0293e-04
Loss = 1.0293e-02, PNorm = 34.2679, GNorm = 0.4535, lr_0 = 2.0436e-04
Loss = 9.5526e-03, PNorm = 34.2788, GNorm = 0.4060, lr_0 = 2.0579e-04
Loss = 1.0292e-02, PNorm = 34.2900, GNorm = 0.4598, lr_0 = 2.0722e-04
Loss = 1.0731e-02, PNorm = 34.3048, GNorm = 0.5369, lr_0 = 2.0865e-04
Loss = 9.3032e-03, PNorm = 34.3178, GNorm = 0.7913, lr_0 = 2.1007e-04
Loss = 9.7977e-03, PNorm = 34.3272, GNorm = 0.3466, lr_0 = 2.1150e-04
Loss = 8.2532e-03, PNorm = 34.3354, GNorm = 0.4375, lr_0 = 2.1293e-04
Loss = 9.0221e-03, PNorm = 34.3443, GNorm = 0.2961, lr_0 = 2.1436e-04
Loss = 8.9582e-03, PNorm = 34.3539, GNorm = 0.7269, lr_0 = 2.1578e-04
Loss = 9.8458e-03, PNorm = 34.3699, GNorm = 0.2706, lr_0 = 2.1721e-04
Loss = 9.4430e-03, PNorm = 34.3831, GNorm = 0.8577, lr_0 = 2.1864e-04
Loss = 8.9718e-03, PNorm = 34.3946, GNorm = 0.4631, lr_0 = 2.2007e-04
Loss = 9.8971e-03, PNorm = 34.4056, GNorm = 1.1709, lr_0 = 2.2149e-04
Loss = 9.8116e-03, PNorm = 34.4112, GNorm = 0.6205, lr_0 = 2.2292e-04
Loss = 1.0527e-02, PNorm = 34.4211, GNorm = 0.7418, lr_0 = 2.2435e-04
Loss = 9.8848e-03, PNorm = 34.4342, GNorm = 0.4696, lr_0 = 2.2578e-04
Loss = 1.0007e-02, PNorm = 34.4466, GNorm = 0.6457, lr_0 = 2.2720e-04
Loss = 9.6387e-03, PNorm = 34.4643, GNorm = 0.3669, lr_0 = 2.2863e-04
Loss = 9.6366e-03, PNorm = 34.4801, GNorm = 0.2197, lr_0 = 2.3006e-04
Loss = 9.5081e-03, PNorm = 34.4896, GNorm = 0.2968, lr_0 = 2.3149e-04
Loss = 9.3551e-03, PNorm = 34.5021, GNorm = 0.4351, lr_0 = 2.3292e-04
Loss = 1.0141e-02, PNorm = 34.5086, GNorm = 0.4679, lr_0 = 2.3434e-04
Loss = 9.7356e-03, PNorm = 34.5158, GNorm = 1.0112, lr_0 = 2.3577e-04
Loss = 9.5688e-03, PNorm = 34.5311, GNorm = 0.3007, lr_0 = 2.3720e-04
Loss = 9.3221e-03, PNorm = 34.5453, GNorm = 0.2001, lr_0 = 2.3863e-04
Loss = 9.3896e-03, PNorm = 34.5598, GNorm = 0.5145, lr_0 = 2.4005e-04
Loss = 9.1778e-03, PNorm = 34.5724, GNorm = 0.2401, lr_0 = 2.4148e-04
Loss = 9.4306e-03, PNorm = 34.5864, GNorm = 0.3079, lr_0 = 2.4291e-04
Loss = 9.7220e-03, PNorm = 34.5960, GNorm = 0.2767, lr_0 = 2.4434e-04
Loss = 9.5646e-03, PNorm = 34.6086, GNorm = 0.5366, lr_0 = 2.4576e-04
Loss = 8.8817e-03, PNorm = 34.6209, GNorm = 0.5349, lr_0 = 2.4719e-04
Loss = 8.9953e-03, PNorm = 34.6402, GNorm = 0.3095, lr_0 = 2.4862e-04
Loss = 9.4756e-03, PNorm = 34.6592, GNorm = 1.6469, lr_0 = 2.5005e-04
Loss = 9.4365e-03, PNorm = 34.6657, GNorm = 0.2568, lr_0 = 2.5148e-04
Loss = 9.4728e-03, PNorm = 34.6758, GNorm = 0.3769, lr_0 = 2.5290e-04
Loss = 9.6667e-03, PNorm = 34.6872, GNorm = 0.6441, lr_0 = 2.5433e-04
Loss = 9.5365e-03, PNorm = 34.7018, GNorm = 0.2361, lr_0 = 2.5576e-04
Loss = 9.0858e-03, PNorm = 34.7089, GNorm = 0.7606, lr_0 = 2.5719e-04
Loss = 9.7491e-03, PNorm = 34.7289, GNorm = 0.5128, lr_0 = 2.5861e-04
Loss = 1.0490e-02, PNorm = 34.7379, GNorm = 1.3619, lr_0 = 2.6004e-04
Loss = 9.8019e-03, PNorm = 34.7465, GNorm = 0.2894, lr_0 = 2.6147e-04
Loss = 8.8065e-03, PNorm = 34.7648, GNorm = 0.5638, lr_0 = 2.6290e-04
Loss = 9.6141e-03, PNorm = 34.7896, GNorm = 0.6949, lr_0 = 2.6432e-04
Loss = 9.6633e-03, PNorm = 34.8039, GNorm = 1.1516, lr_0 = 2.6575e-04
Loss = 9.4250e-03, PNorm = 34.8155, GNorm = 0.6576, lr_0 = 2.6718e-04
Loss = 8.7190e-03, PNorm = 34.8229, GNorm = 0.3814, lr_0 = 2.6861e-04
Loss = 9.9005e-03, PNorm = 34.8347, GNorm = 0.7539, lr_0 = 2.7003e-04
Loss = 9.1964e-03, PNorm = 34.8480, GNorm = 0.3862, lr_0 = 2.7146e-04
Loss = 1.0054e-02, PNorm = 34.8591, GNorm = 0.7955, lr_0 = 2.7289e-04
Loss = 1.0207e-02, PNorm = 34.8675, GNorm = 0.5346, lr_0 = 2.7432e-04
Loss = 9.4186e-03, PNorm = 34.8793, GNorm = 0.9560, lr_0 = 2.7575e-04
Loss = 1.0400e-02, PNorm = 34.8901, GNorm = 0.9218, lr_0 = 2.7717e-04
Loss = 9.6739e-03, PNorm = 34.9027, GNorm = 0.8598, lr_0 = 2.7860e-04
Loss = 1.0067e-02, PNorm = 34.9199, GNorm = 0.5623, lr_0 = 2.8003e-04
Loss = 9.0677e-03, PNorm = 34.9401, GNorm = 0.4132, lr_0 = 2.8146e-04
Loss = 9.0285e-03, PNorm = 34.9586, GNorm = 0.5913, lr_0 = 2.8288e-04
Loss = 9.5227e-03, PNorm = 34.9721, GNorm = 0.5291, lr_0 = 2.8431e-04
Loss = 9.5003e-03, PNorm = 34.9896, GNorm = 0.9368, lr_0 = 2.8574e-04
Loss = 9.8809e-03, PNorm = 35.0119, GNorm = 1.4763, lr_0 = 2.8717e-04
Loss = 9.3316e-03, PNorm = 35.0306, GNorm = 0.6607, lr_0 = 2.8859e-04
Loss = 9.3835e-03, PNorm = 35.0472, GNorm = 0.7803, lr_0 = 2.9002e-04
Loss = 8.9739e-03, PNorm = 35.0620, GNorm = 0.3844, lr_0 = 2.9145e-04
Loss = 8.5892e-03, PNorm = 35.0803, GNorm = 0.7171, lr_0 = 2.9288e-04
Loss = 9.8072e-03, PNorm = 35.0955, GNorm = 1.3267, lr_0 = 2.9431e-04
Loss = 9.9171e-03, PNorm = 35.1044, GNorm = 0.7006, lr_0 = 2.9573e-04
Loss = 9.5812e-03, PNorm = 35.1216, GNorm = 0.3182, lr_0 = 2.9716e-04
Loss = 9.7368e-03, PNorm = 35.1373, GNorm = 1.3315, lr_0 = 2.9859e-04
Loss = 8.6054e-03, PNorm = 35.1576, GNorm = 0.4405, lr_0 = 3.0002e-04
Loss = 8.8476e-03, PNorm = 35.1777, GNorm = 0.4300, lr_0 = 3.0144e-04
Loss = 9.1898e-03, PNorm = 35.1947, GNorm = 0.4508, lr_0 = 3.0287e-04
Loss = 9.0182e-03, PNorm = 35.2133, GNorm = 0.7328, lr_0 = 3.0430e-04
Loss = 9.3011e-03, PNorm = 35.2391, GNorm = 0.3594, lr_0 = 3.0573e-04
Loss = 8.4042e-03, PNorm = 35.2609, GNorm = 0.4026, lr_0 = 3.0715e-04
Loss = 8.8297e-03, PNorm = 35.2785, GNorm = 0.4364, lr_0 = 3.0858e-04
Loss = 8.9565e-03, PNorm = 35.2970, GNorm = 1.7307, lr_0 = 3.1001e-04
Loss = 9.5334e-03, PNorm = 35.3158, GNorm = 0.5278, lr_0 = 3.1144e-04
Loss = 9.5166e-03, PNorm = 35.3394, GNorm = 0.4227, lr_0 = 3.1286e-04
Loss = 9.3155e-03, PNorm = 35.3648, GNorm = 0.6209, lr_0 = 3.1429e-04
Loss = 9.0441e-03, PNorm = 35.3817, GNorm = 1.2958, lr_0 = 3.1572e-04
Loss = 9.2836e-03, PNorm = 35.4075, GNorm = 0.5829, lr_0 = 3.1715e-04
Loss = 9.5653e-03, PNorm = 35.4363, GNorm = 0.3504, lr_0 = 3.1858e-04
Loss = 9.3632e-03, PNorm = 35.4596, GNorm = 0.2989, lr_0 = 3.2000e-04
Loss = 9.1463e-03, PNorm = 35.4821, GNorm = 0.6797, lr_0 = 3.2143e-04
Loss = 9.4521e-03, PNorm = 35.5038, GNorm = 0.3835, lr_0 = 3.2286e-04
Loss = 8.9331e-03, PNorm = 35.5184, GNorm = 0.9849, lr_0 = 3.2429e-04
Loss = 9.1985e-03, PNorm = 35.5327, GNorm = 0.8416, lr_0 = 3.2571e-04
Loss = 9.1669e-03, PNorm = 35.5544, GNorm = 0.6165, lr_0 = 3.2714e-04
Loss = 9.7446e-03, PNorm = 35.5784, GNorm = 0.5474, lr_0 = 3.2857e-04
Loss = 9.4178e-03, PNorm = 35.5994, GNorm = 0.3132, lr_0 = 3.3000e-04
Loss = 9.5675e-03, PNorm = 35.6235, GNorm = 0.7683, lr_0 = 3.3142e-04
Loss = 9.8277e-03, PNorm = 35.6468, GNorm = 0.9726, lr_0 = 3.3285e-04
Loss = 9.4307e-03, PNorm = 35.6632, GNorm = 0.4116, lr_0 = 3.3428e-04
Loss = 8.7709e-03, PNorm = 35.6842, GNorm = 0.4327, lr_0 = 3.3571e-04
Loss = 8.9104e-03, PNorm = 35.6996, GNorm = 0.3521, lr_0 = 3.3714e-04
Loss = 8.6427e-03, PNorm = 35.7197, GNorm = 0.3786, lr_0 = 3.3856e-04
Loss = 8.6013e-03, PNorm = 35.7489, GNorm = 0.5655, lr_0 = 3.3999e-04
Loss = 8.5299e-03, PNorm = 35.7654, GNorm = 0.3732, lr_0 = 3.4142e-04
Loss = 9.3678e-03, PNorm = 35.7850, GNorm = 1.4949, lr_0 = 3.4285e-04
Loss = 1.0106e-02, PNorm = 35.7959, GNorm = 0.3690, lr_0 = 3.4427e-04
Loss = 9.0717e-03, PNorm = 35.8203, GNorm = 0.5412, lr_0 = 3.4570e-04
Loss = 8.8392e-03, PNorm = 35.8507, GNorm = 0.8758, lr_0 = 3.4713e-04
Loss = 9.2304e-03, PNorm = 35.8718, GNorm = 0.2785, lr_0 = 3.4856e-04
Loss = 9.0539e-03, PNorm = 35.8919, GNorm = 0.4068, lr_0 = 3.4998e-04
Loss = 9.2287e-03, PNorm = 35.9232, GNorm = 0.5786, lr_0 = 3.5141e-04
Loss = 9.1523e-03, PNorm = 35.9504, GNorm = 0.5328, lr_0 = 3.5284e-04
Loss = 9.4429e-03, PNorm = 35.9678, GNorm = 0.6225, lr_0 = 3.5427e-04
Loss = 8.9212e-03, PNorm = 35.9925, GNorm = 0.4854, lr_0 = 3.5569e-04
Loss = 7.9605e-03, PNorm = 36.0225, GNorm = 0.5113, lr_0 = 3.5712e-04
Loss = 9.3509e-03, PNorm = 36.0318, GNorm = 0.9798, lr_0 = 3.5855e-04
Loss = 8.8691e-03, PNorm = 36.0347, GNorm = 0.7876, lr_0 = 3.5998e-04
Loss = 9.2810e-03, PNorm = 36.0544, GNorm = 1.1814, lr_0 = 3.6141e-04
Loss = 9.2658e-03, PNorm = 36.0787, GNorm = 0.4764, lr_0 = 3.6283e-04
Loss = 8.3011e-03, PNorm = 36.1114, GNorm = 0.3765, lr_0 = 3.6426e-04
Loss = 9.2766e-03, PNorm = 36.1329, GNorm = 0.8215, lr_0 = 3.6569e-04
Loss = 8.9096e-03, PNorm = 36.1541, GNorm = 0.4781, lr_0 = 3.6712e-04
Loss = 9.2324e-03, PNorm = 36.1813, GNorm = 0.6803, lr_0 = 3.6854e-04
Loss = 8.8076e-03, PNorm = 36.2166, GNorm = 0.4613, lr_0 = 3.6997e-04
Loss = 8.2573e-03, PNorm = 36.2485, GNorm = 0.4444, lr_0 = 3.7140e-04
Loss = 1.0116e-02, PNorm = 36.2658, GNorm = 1.1050, lr_0 = 3.7283e-04
Loss = 9.1808e-03, PNorm = 36.2894, GNorm = 0.8172, lr_0 = 3.7425e-04
Loss = 9.6073e-03, PNorm = 36.3191, GNorm = 0.5775, lr_0 = 3.7568e-04
Loss = 9.1362e-03, PNorm = 36.3525, GNorm = 0.3587, lr_0 = 3.7711e-04
Loss = 8.5805e-03, PNorm = 36.3895, GNorm = 0.5387, lr_0 = 3.7854e-04
Loss = 9.1761e-03, PNorm = 36.4257, GNorm = 0.8554, lr_0 = 3.7997e-04
Loss = 8.0631e-03, PNorm = 36.4567, GNorm = 0.8723, lr_0 = 3.8139e-04
Loss = 9.5075e-03, PNorm = 36.4864, GNorm = 0.6583, lr_0 = 3.8282e-04
Loss = 8.2768e-03, PNorm = 36.5135, GNorm = 0.5678, lr_0 = 3.8425e-04
Loss = 8.8575e-03, PNorm = 36.5412, GNorm = 0.4518, lr_0 = 3.8568e-04
Loss = 9.4576e-03, PNorm = 36.5671, GNorm = 0.6749, lr_0 = 3.8710e-04
Loss = 8.9877e-03, PNorm = 36.6033, GNorm = 0.7012, lr_0 = 3.8853e-04
Loss = 8.0434e-03, PNorm = 36.6371, GNorm = 0.8743, lr_0 = 3.8996e-04
Loss = 8.9665e-03, PNorm = 36.6587, GNorm = 0.3755, lr_0 = 3.9139e-04
Loss = 8.3161e-03, PNorm = 36.6918, GNorm = 1.3141, lr_0 = 3.9281e-04
Loss = 8.2571e-03, PNorm = 36.7235, GNorm = 0.7311, lr_0 = 3.9424e-04
Loss = 9.6620e-03, PNorm = 36.7401, GNorm = 0.5238, lr_0 = 3.9567e-04
Loss = 9.0993e-03, PNorm = 36.7715, GNorm = 0.7174, lr_0 = 3.9710e-04
Loss = 7.7645e-03, PNorm = 36.8065, GNorm = 0.6066, lr_0 = 3.9852e-04
Loss = 9.1216e-03, PNorm = 36.8338, GNorm = 1.7246, lr_0 = 3.9995e-04
Loss = 8.2473e-03, PNorm = 36.8529, GNorm = 0.8172, lr_0 = 4.0138e-04
Loss = 8.1950e-03, PNorm = 36.8813, GNorm = 0.5912, lr_0 = 4.0281e-04
Loss = 8.3695e-03, PNorm = 36.8939, GNorm = 0.6710, lr_0 = 4.0424e-04
Loss = 9.3831e-03, PNorm = 36.9146, GNorm = 1.0253, lr_0 = 4.0566e-04
Loss = 8.9386e-03, PNorm = 36.9475, GNorm = 1.1970, lr_0 = 4.0709e-04
Loss = 8.8188e-03, PNorm = 36.9719, GNorm = 0.6887, lr_0 = 4.0852e-04
Loss = 8.6375e-03, PNorm = 36.9982, GNorm = 1.1403, lr_0 = 4.0995e-04
Loss = 8.3451e-03, PNorm = 37.0336, GNorm = 0.7627, lr_0 = 4.1137e-04
Loss = 8.6413e-03, PNorm = 37.0611, GNorm = 1.0490, lr_0 = 4.1280e-04
Loss = 8.8268e-03, PNorm = 37.0877, GNorm = 0.3267, lr_0 = 4.1423e-04
Loss = 8.9746e-03, PNorm = 37.1224, GNorm = 0.9776, lr_0 = 4.1566e-04
Loss = 8.7731e-03, PNorm = 37.1647, GNorm = 1.1207, lr_0 = 4.1708e-04
Loss = 8.3599e-03, PNorm = 37.1944, GNorm = 0.4911, lr_0 = 4.1851e-04
Loss = 8.7042e-03, PNorm = 37.2214, GNorm = 0.6753, lr_0 = 4.1994e-04
Loss = 9.1480e-03, PNorm = 37.2407, GNorm = 1.4994, lr_0 = 4.2137e-04
Loss = 9.1530e-03, PNorm = 37.2714, GNorm = 0.5715, lr_0 = 4.2280e-04
Loss = 8.3912e-03, PNorm = 37.3111, GNorm = 0.5570, lr_0 = 4.2422e-04
Loss = 9.0759e-03, PNorm = 37.3386, GNorm = 0.4325, lr_0 = 4.2565e-04
Loss = 8.7171e-03, PNorm = 37.3685, GNorm = 0.6027, lr_0 = 4.2708e-04
Loss = 8.9781e-03, PNorm = 37.4009, GNorm = 1.0906, lr_0 = 4.2851e-04
Loss = 9.1615e-03, PNorm = 37.4263, GNorm = 1.0085, lr_0 = 4.2993e-04
Loss = 8.4829e-03, PNorm = 37.4548, GNorm = 0.5484, lr_0 = 4.3136e-04
Loss = 8.0506e-03, PNorm = 37.5054, GNorm = 0.7705, lr_0 = 4.3279e-04
Loss = 8.8712e-03, PNorm = 37.5364, GNorm = 0.5606, lr_0 = 4.3422e-04
Loss = 7.9352e-03, PNorm = 37.5724, GNorm = 0.3842, lr_0 = 4.3564e-04
Loss = 9.2578e-03, PNorm = 37.6012, GNorm = 1.0556, lr_0 = 4.3707e-04
Loss = 8.1069e-03, PNorm = 37.6271, GNorm = 0.5626, lr_0 = 4.3850e-04
Loss = 8.1693e-03, PNorm = 37.6613, GNorm = 0.8815, lr_0 = 4.3993e-04
Loss = 8.7553e-03, PNorm = 37.6956, GNorm = 0.7395, lr_0 = 4.4135e-04
Loss = 8.1608e-03, PNorm = 37.7382, GNorm = 1.3560, lr_0 = 4.4278e-04
Loss = 7.7960e-03, PNorm = 37.7809, GNorm = 0.7330, lr_0 = 4.4421e-04
Loss = 8.4593e-03, PNorm = 37.8053, GNorm = 0.8615, lr_0 = 4.4564e-04
Loss = 9.0971e-03, PNorm = 37.8304, GNorm = 0.3267, lr_0 = 4.4707e-04
