Fold 0
{'activation': 'ReLU',
 'atom_messages': False,
 'batch_size': 50,
 'bias': False,
 'checkpoint_dir': None,
 'checkpoint_path': None,
 'checkpoint_paths': None,
 'config_path': None,
 'crossval_index_dir': None,
 'crossval_index_file': None,
 'cuda': True,
 'data_path': 'dataset/splitted_csv_files_mpnn_models/intermediate_filaments_tr.csv',
 'dataset_type': 'classification',
 'depth': 3,
 'dropout': 0.0,
 'ensemble_size': 1,
 'epochs': 50,
 'features_generator': None,
 'features_only': False,
 'features_path': None,
 'features_scaling': True,
 'ffn_hidden_size': 300,
 'ffn_num_layers': 2,
 'final_lr': 0.0001,
 'folds_file': None,
 'gpu': None,
 'hidden_size': 300,
 'init_lr': 0.0001,
 'log_frequency': 10,
 'max_data_size': None,
 'max_lr': 0.001,
 'metric': 'cohen_k',
 'minimize_score': False,
 'multiclass_num_classes': 3,
 'no_cache': False,
 'num_folds': 1,
 'num_lrs': 1,
 'quiet': False,
 'save_dir': 'saved_models/intermediate_filaments/fold_0',
 'save_smiles_splits': False,
 'seed': 0,
 'separate_test_features_path': None,
 'separate_test_path': 'dataset/splitted_csv_files_mpnn_models/intermediate_filaments_te.csv',
 'separate_val_features_path': None,
 'separate_val_path': 'dataset/splitted_csv_files_mpnn_models/intermediate_filaments_va.csv',
 'show_individual_scores': False,
 'split_sizes': [0.8, 0.1, 0.1],
 'split_type': 'random',
 'test': False,
 'test_fold_index': None,
 'undirected': False,
 'use_compound_names': False,
 'use_input_features': None,
 'val_fold_index': None,
 'warmup_epochs': 2.0}
Loading data
Number of tasks = 1
Splitting data with seed 0
Class sizes
Label 0: 99.78%, 1: 0.22%
Total size = 157,623 | train size = 157,623 | val size = 33,668 | test size = 33,758
Building model 0
MoleculeModel(
  (sigmoid): Sigmoid()
  (encoder): MPN(
    (encoder): MPNEncoder(
      (dropout_layer): Dropout(p=0.0, inplace=False)
      (act_func): ReLU()
      (W_i): Linear(in_features=147, out_features=300, bias=False)
      (W_h): Linear(in_features=300, out_features=300, bias=False)
      (W_o): Linear(in_features=433, out_features=300, bias=True)
    )
  )
  (ffn): Sequential(
    (0): Dropout(p=0.0, inplace=False)
    (1): Linear(in_features=300, out_features=300, bias=True)
    (2): ReLU()
    (3): Dropout(p=0.0, inplace=False)
    (4): Linear(in_features=300, out_features=1, bias=True)
  )
)
Number of parameters = 354,901
Moving model to cuda
Epoch 0
Loss = 8.3755e-03, PNorm = 33.9391, GNorm = 1.8404, lr_0 = 1.0157e-04
Loss = 2.1177e-03, PNorm = 33.9454, GNorm = 0.5166, lr_0 = 1.0300e-04
Loss = 3.6413e-04, PNorm = 33.9509, GNorm = 0.1526, lr_0 = 1.0443e-04
Loss = 9.7398e-05, PNorm = 33.9548, GNorm = 0.0552, lr_0 = 1.0585e-04
Loss = 3.1484e-04, PNorm = 33.9567, GNorm = 0.0327, lr_0 = 1.0728e-04
Loss = 2.7714e-04, PNorm = 33.9572, GNorm = 0.0294, lr_0 = 1.0871e-04
Loss = 5.3987e-04, PNorm = 33.9572, GNorm = 0.0287, lr_0 = 1.1014e-04
Loss = 3.0485e-05, PNorm = 33.9570, GNorm = 0.0335, lr_0 = 1.1156e-04
Loss = 4.8165e-04, PNorm = 33.9562, GNorm = 0.0371, lr_0 = 1.1299e-04
Loss = 5.6906e-04, PNorm = 33.9559, GNorm = 0.0427, lr_0 = 1.1442e-04
Loss = 3.0094e-04, PNorm = 33.9552, GNorm = 0.0507, lr_0 = 1.1585e-04
Loss = 3.2651e-04, PNorm = 33.9558, GNorm = 0.4346, lr_0 = 1.1727e-04
Loss = 2.9032e-04, PNorm = 33.9562, GNorm = 0.3928, lr_0 = 1.1870e-04
Loss = 5.0041e-04, PNorm = 33.9554, GNorm = 0.0590, lr_0 = 1.2013e-04
Loss = 5.7591e-05, PNorm = 33.9560, GNorm = 0.0501, lr_0 = 1.2156e-04
Loss = 2.6476e-04, PNorm = 33.9566, GNorm = 0.0439, lr_0 = 1.2299e-04
Loss = 2.7684e-04, PNorm = 33.9575, GNorm = 0.0380, lr_0 = 1.2441e-04
Loss = 2.9817e-04, PNorm = 33.9576, GNorm = 0.0357, lr_0 = 1.2584e-04
Loss = 3.5256e-05, PNorm = 33.9580, GNorm = 0.0333, lr_0 = 1.2727e-04
Loss = 2.7695e-04, PNorm = 33.9583, GNorm = 0.0315, lr_0 = 1.2870e-04
Loss = 5.4639e-04, PNorm = 33.9578, GNorm = 0.0371, lr_0 = 1.3012e-04
Loss = 3.0105e-04, PNorm = 33.9571, GNorm = 0.0594, lr_0 = 1.3155e-04
Loss = 2.7443e-04, PNorm = 33.9577, GNorm = 0.0499, lr_0 = 1.3298e-04
Loss = 2.7864e-04, PNorm = 33.9589, GNorm = 0.3698, lr_0 = 1.3441e-04
Loss = 2.8768e-04, PNorm = 33.9587, GNorm = 0.0455, lr_0 = 1.3583e-04
Loss = 4.2906e-05, PNorm = 33.9600, GNorm = 0.0369, lr_0 = 1.3726e-04
Loss = 2.9193e-05, PNorm = 33.9620, GNorm = 0.0232, lr_0 = 1.3869e-04
Loss = 3.0072e-04, PNorm = 33.9624, GNorm = 0.0236, lr_0 = 1.4012e-04
Loss = 8.5096e-04, PNorm = 33.9604, GNorm = 0.3683, lr_0 = 1.4155e-04
Loss = 2.9583e-04, PNorm = 33.9593, GNorm = 0.0707, lr_0 = 1.4297e-04
Loss = 4.9992e-04, PNorm = 33.9603, GNorm = 0.3210, lr_0 = 1.4440e-04
Loss = 7.1928e-05, PNorm = 33.9620, GNorm = 0.0586, lr_0 = 1.4583e-04
Loss = 2.5233e-04, PNorm = 33.9641, GNorm = 0.0385, lr_0 = 1.4726e-04
Loss = 5.2391e-04, PNorm = 33.9642, GNorm = 0.0437, lr_0 = 1.4868e-04
Loss = 4.8324e-04, PNorm = 33.9640, GNorm = 0.0555, lr_0 = 1.5011e-04
Loss = 6.2135e-05, PNorm = 33.9655, GNorm = 0.0554, lr_0 = 1.5154e-04
Loss = 2.7733e-04, PNorm = 33.9672, GNorm = 0.0394, lr_0 = 1.5297e-04
Loss = 3.1745e-05, PNorm = 33.9699, GNorm = 0.0256, lr_0 = 1.5439e-04
Loss = 1.8286e-05, PNorm = 33.9728, GNorm = 0.0124, lr_0 = 1.5582e-04
Loss = 3.0428e-04, PNorm = 33.9734, GNorm = 0.0145, lr_0 = 1.5725e-04
Loss = 3.1931e-04, PNorm = 33.9722, GNorm = 0.0142, lr_0 = 1.5868e-04
Loss = 2.6650e-05, PNorm = 33.9712, GNorm = 0.0262, lr_0 = 1.6010e-04
Loss = 2.1587e-05, PNorm = 33.9726, GNorm = 0.0198, lr_0 = 1.6153e-04
Loss = 1.3217e-05, PNorm = 33.9751, GNorm = 0.0120, lr_0 = 1.6296e-04
Loss = 3.0210e-04, PNorm = 33.9758, GNorm = 0.0108, lr_0 = 1.6439e-04
Loss = 5.8593e-04, PNorm = 33.9723, GNorm = 0.0340, lr_0 = 1.6582e-04
Loss = 3.0532e-04, PNorm = 33.9711, GNorm = 0.0715, lr_0 = 1.6724e-04
Loss = 2.7897e-04, PNorm = 33.9738, GNorm = 0.0512, lr_0 = 1.6867e-04
Loss = 2.7925e-04, PNorm = 33.9758, GNorm = 0.0485, lr_0 = 1.7010e-04
Loss = 1.1680e-03, PNorm = 33.9742, GNorm = 0.0882, lr_0 = 1.7153e-04
Loss = 9.2037e-04, PNorm = 33.9732, GNorm = 0.2325, lr_0 = 1.7295e-04
Loss = 3.5747e-04, PNorm = 33.9819, GNorm = 0.0699, lr_0 = 1.7438e-04
Loss = 3.3096e-05, PNorm = 33.9927, GNorm = 0.0102, lr_0 = 1.7581e-04
Loss = 7.4183e-04, PNorm = 33.9966, GNorm = 0.6428, lr_0 = 1.7724e-04
Loss = 4.9394e-04, PNorm = 33.9897, GNorm = 0.3253, lr_0 = 1.7866e-04
Loss = 5.5298e-04, PNorm = 33.9869, GNorm = 0.1262, lr_0 = 1.8009e-04
Loss = 4.6198e-04, PNorm = 33.9906, GNorm = 0.1044, lr_0 = 1.8152e-04
Loss = 7.1087e-04, PNorm = 33.9934, GNorm = 0.2887, lr_0 = 1.8295e-04
Loss = 3.3266e-04, PNorm = 33.9955, GNorm = 0.0788, lr_0 = 1.8438e-04
Loss = 2.7999e-04, PNorm = 33.9991, GNorm = 0.0520, lr_0 = 1.8580e-04
Loss = 3.3122e-04, PNorm = 34.0022, GNorm = 0.4574, lr_0 = 1.8723e-04
Loss = 2.7806e-04, PNorm = 34.0009, GNorm = 0.0409, lr_0 = 1.8866e-04
Loss = 7.3292e-04, PNorm = 34.0009, GNorm = 0.0531, lr_0 = 1.9009e-04
Loss = 5.4846e-04, PNorm = 34.0002, GNorm = 0.1391, lr_0 = 1.9151e-04
Loss = 1.0233e-04, PNorm = 34.0072, GNorm = 0.0550, lr_0 = 1.9294e-04
Loss = 5.7251e-04, PNorm = 34.0107, GNorm = 0.0257, lr_0 = 1.9437e-04
Loss = 7.5554e-04, PNorm = 34.0089, GNorm = 0.0915, lr_0 = 1.9580e-04
Loss = 5.2376e-04, PNorm = 34.0121, GNorm = 0.1219, lr_0 = 1.9722e-04
Loss = 3.1322e-04, PNorm = 34.0193, GNorm = 0.0450, lr_0 = 1.9865e-04
Loss = 2.7464e-04, PNorm = 34.0234, GNorm = 0.0261, lr_0 = 2.0008e-04
Loss = 2.4609e-04, PNorm = 34.0250, GNorm = 0.0347, lr_0 = 2.0151e-04
Loss = 2.8968e-05, PNorm = 34.0280, GNorm = 0.0249, lr_0 = 2.0293e-04
Loss = 2.7141e-04, PNorm = 34.0298, GNorm = 0.0241, lr_0 = 2.0436e-04
Loss = 2.0682e-05, PNorm = 34.0337, GNorm = 0.0159, lr_0 = 2.0579e-04
Loss = 1.2432e-05, PNorm = 34.0387, GNorm = 0.0092, lr_0 = 2.0722e-04
Loss = 2.9117e-04, PNorm = 34.0371, GNorm = 0.0145, lr_0 = 2.0865e-04
Loss = 3.2280e-04, PNorm = 34.0341, GNorm = 0.0323, lr_0 = 2.1007e-04
Loss = 3.2019e-05, PNorm = 34.0357, GNorm = 0.0264, lr_0 = 2.1150e-04
Loss = 2.0598e-05, PNorm = 34.0393, GNorm = 0.0184, lr_0 = 2.1293e-04
Loss = 3.2271e-04, PNorm = 34.0394, GNorm = 0.0186, lr_0 = 2.1436e-04
Loss = 5.9903e-04, PNorm = 34.0354, GNorm = 0.0657, lr_0 = 2.1578e-04
Loss = 4.8120e-04, PNorm = 34.0373, GNorm = 0.0749, lr_0 = 2.1721e-04
Loss = 8.1459e-05, PNorm = 34.0434, GNorm = 0.0416, lr_0 = 2.1864e-04
Loss = 2.8148e-05, PNorm = 34.0518, GNorm = 0.0126, lr_0 = 2.2007e-04
Loss = 3.8349e-04, PNorm = 34.0572, GNorm = 0.5782, lr_0 = 2.2149e-04
Loss = 1.1608e-03, PNorm = 34.0475, GNorm = 0.1072, lr_0 = 2.2292e-04
Loss = 1.7832e-04, PNorm = 34.0574, GNorm = 0.0874, lr_0 = 2.2435e-04
Loss = 3.9661e-05, PNorm = 34.0745, GNorm = 0.0119, lr_0 = 2.2578e-04
Loss = 3.4086e-04, PNorm = 34.0853, GNorm = 0.5515, lr_0 = 2.2720e-04
Loss = 7.2719e-06, PNorm = 34.0843, GNorm = 0.0093, lr_0 = 2.2863e-04
Loss = 3.1452e-04, PNorm = 34.0847, GNorm = 0.0101, lr_0 = 2.3006e-04
Loss = 2.9084e-04, PNorm = 34.0818, GNorm = 0.4118, lr_0 = 2.3149e-04
Loss = 3.9444e-05, PNorm = 34.0831, GNorm = 0.0360, lr_0 = 2.3292e-04
Loss = 7.0731e-04, PNorm = 34.0847, GNorm = 0.3255, lr_0 = 2.3434e-04
Loss = 4.3829e-04, PNorm = 34.0837, GNorm = 0.0788, lr_0 = 2.3577e-04
Loss = 9.8073e-05, PNorm = 34.0922, GNorm = 0.0554, lr_0 = 2.3720e-04
Loss = 5.0163e-04, PNorm = 34.1003, GNorm = 0.0396, lr_0 = 2.3863e-04
Loss = 3.9068e-05, PNorm = 34.1072, GNorm = 0.0325, lr_0 = 2.4005e-04
Loss = 2.0197e-05, PNorm = 34.1197, GNorm = 0.0134, lr_0 = 2.4148e-04
Loss = 5.9235e-04, PNorm = 34.1179, GNorm = 0.0285, lr_0 = 2.4291e-04
Loss = 4.1208e-05, PNorm = 34.1206, GNorm = 0.0376, lr_0 = 2.4434e-04
Loss = 7.9100e-04, PNorm = 34.1209, GNorm = 0.3590, lr_0 = 2.4576e-04
Loss = 9.4501e-04, PNorm = 34.1229, GNorm = 0.2002, lr_0 = 2.4719e-04
Loss = 3.1303e-04, PNorm = 34.1438, GNorm = 0.0326, lr_0 = 2.4862e-04
Loss = 1.8447e-05, PNorm = 34.1573, GNorm = 0.0091, lr_0 = 2.5005e-04
Loss = 3.4394e-04, PNorm = 34.1582, GNorm = 0.0065, lr_0 = 2.5148e-04
Loss = 6.3115e-04, PNorm = 34.1497, GNorm = 0.0288, lr_0 = 2.5290e-04
Loss = 2.7901e-04, PNorm = 34.1473, GNorm = 0.0753, lr_0 = 2.5433e-04
Loss = 5.3570e-04, PNorm = 34.1527, GNorm = 0.0716, lr_0 = 2.5576e-04
Loss = 4.8586e-04, PNorm = 34.1599, GNorm = 0.0625, lr_0 = 2.5719e-04
Loss = 2.7623e-04, PNorm = 34.1680, GNorm = 0.0394, lr_0 = 2.5861e-04
Loss = 2.7726e-04, PNorm = 34.1739, GNorm = 0.0341, lr_0 = 2.6004e-04
Loss = 4.8608e-04, PNorm = 34.1751, GNorm = 0.0396, lr_0 = 2.6147e-04
Loss = 2.2839e-04, PNorm = 34.1831, GNorm = 0.0544, lr_0 = 2.6290e-04
Loss = 4.7126e-04, PNorm = 34.1928, GNorm = 0.0328, lr_0 = 2.6432e-04
Loss = 5.3435e-04, PNorm = 34.1975, GNorm = 0.3255, lr_0 = 2.6575e-04
Loss = 8.6891e-05, PNorm = 34.2044, GNorm = 0.0607, lr_0 = 2.6718e-04
Loss = 3.2039e-04, PNorm = 34.2159, GNorm = 0.4415, lr_0 = 2.6861e-04
Loss = 1.9452e-05, PNorm = 34.2199, GNorm = 0.0208, lr_0 = 2.7003e-04
Loss = 2.6808e-04, PNorm = 34.2237, GNorm = 0.0123, lr_0 = 2.7146e-04
Loss = 3.0931e-04, PNorm = 34.2221, GNorm = 0.0222, lr_0 = 2.7289e-04
Loss = 7.8672e-04, PNorm = 34.2138, GNorm = 0.1349, lr_0 = 2.7432e-04
Loss = 3.1647e-04, PNorm = 34.2242, GNorm = 0.0680, lr_0 = 2.7575e-04
Loss = 3.9085e-05, PNorm = 34.2392, GNorm = 0.0154, lr_0 = 2.7717e-04
Loss = 2.6677e-04, PNorm = 34.2404, GNorm = 0.0153, lr_0 = 2.7860e-04
Loss = 9.8088e-06, PNorm = 34.2429, GNorm = 0.0071, lr_0 = 2.8003e-04
Loss = 3.0349e-04, PNorm = 34.2438, GNorm = 0.0070, lr_0 = 2.8146e-04
Loss = 1.3282e-05, PNorm = 34.2412, GNorm = 0.0175, lr_0 = 2.8288e-04
Loss = 1.8003e-05, PNorm = 34.2437, GNorm = 0.0173, lr_0 = 2.8431e-04
Loss = 1.0479e-05, PNorm = 34.2474, GNorm = 0.0080, lr_0 = 2.8574e-04
Loss = 6.1719e-06, PNorm = 34.2506, GNorm = 0.0057, lr_0 = 2.8717e-04
Loss = 3.3594e-04, PNorm = 34.2504, GNorm = 0.0068, lr_0 = 2.8859e-04
Loss = 1.0861e-05, PNorm = 34.2490, GNorm = 0.0130, lr_0 = 2.9002e-04
Loss = 1.5775e-05, PNorm = 34.2522, GNorm = 0.0154, lr_0 = 2.9145e-04
Loss = 3.0495e-04, PNorm = 34.2539, GNorm = 0.0109, lr_0 = 2.9288e-04
Loss = 2.5170e-04, PNorm = 34.2547, GNorm = 0.0285, lr_0 = 2.9431e-04
Loss = 6.7724e-04, PNorm = 34.2560, GNorm = 0.0898, lr_0 = 2.9573e-04
Loss = 3.0929e-04, PNorm = 34.2732, GNorm = 0.0654, lr_0 = 2.9716e-04
Loss = 9.6407e-04, PNorm = 34.2844, GNorm = 0.2691, lr_0 = 2.9859e-04
Loss = 1.4157e-04, PNorm = 34.2959, GNorm = 0.0788, lr_0 = 3.0002e-04
Loss = 4.0522e-05, PNorm = 34.3268, GNorm = 0.0124, lr_0 = 3.0144e-04
Loss = 6.4910e-04, PNorm = 34.3384, GNorm = 0.4465, lr_0 = 3.0287e-04
Loss = 2.3962e-05, PNorm = 34.3339, GNorm = 0.0351, lr_0 = 3.0430e-04
Loss = 4.2134e-05, PNorm = 34.3415, GNorm = 0.0278, lr_0 = 3.0573e-04
Loss = 1.7440e-05, PNorm = 34.3540, GNorm = 0.0087, lr_0 = 3.0715e-04
Loss = 8.1339e-04, PNorm = 34.3633, GNorm = 1.0891, lr_0 = 3.0858e-04
Loss = 2.6186e-05, PNorm = 34.3518, GNorm = 0.0412, lr_0 = 3.1001e-04
Loss = 6.5348e-04, PNorm = 34.3514, GNorm = 0.1023, lr_0 = 3.1144e-04
Loss = 9.7518e-05, PNorm = 34.3705, GNorm = 0.0304, lr_0 = 3.1286e-04
Loss = 5.6011e-04, PNorm = 34.3841, GNorm = 0.3879, lr_0 = 3.1429e-04
Loss = 2.8034e-04, PNorm = 34.3840, GNorm = 0.3430, lr_0 = 3.1572e-04
Loss = 4.8995e-05, PNorm = 34.3894, GNorm = 0.0371, lr_0 = 3.1715e-04
Loss = 3.7085e-05, PNorm = 34.4033, GNorm = 0.0152, lr_0 = 3.1858e-04
Loss = 1.0670e-05, PNorm = 34.4166, GNorm = 0.0055, lr_0 = 3.2000e-04
Loss = 3.9442e-04, PNorm = 34.4145, GNorm = 0.0091, lr_0 = 3.2143e-04
Loss = 3.1595e-04, PNorm = 34.4085, GNorm = 0.0322, lr_0 = 3.2286e-04
Loss = 3.9934e-05, PNorm = 34.4202, GNorm = 0.0215, lr_0 = 3.2429e-04
Loss = 2.7665e-04, PNorm = 34.4281, GNorm = 0.0168, lr_0 = 3.2571e-04
Loss = 1.9788e-05, PNorm = 34.4342, GNorm = 0.0144, lr_0 = 3.2714e-04
Loss = 1.2086e-05, PNorm = 34.4442, GNorm = 0.0090, lr_0 = 3.2857e-04
Loss = 3.6728e-04, PNorm = 34.4367, GNorm = 0.0177, lr_0 = 3.3000e-04
Loss = 2.3149e-05, PNorm = 34.4433, GNorm = 0.0162, lr_0 = 3.3142e-04
Loss = 1.4101e-05, PNorm = 34.4544, GNorm = 0.0091, lr_0 = 3.3285e-04
Loss = 3.0279e-04, PNorm = 34.4629, GNorm = 0.3667, lr_0 = 3.3428e-04
Loss = 2.8860e-04, PNorm = 34.4496, GNorm = 0.0255, lr_0 = 3.3571e-04
Loss = 1.0479e-03, PNorm = 34.4388, GNorm = 0.1937, lr_0 = 3.3714e-04
Loss = 5.1142e-04, PNorm = 34.4442, GNorm = 0.0635, lr_0 = 3.3856e-04
Loss = 4.2127e-05, PNorm = 34.4657, GNorm = 0.0154, lr_0 = 3.3999e-04
Loss = 6.1286e-06, PNorm = 34.4841, GNorm = 0.0016, lr_0 = 3.4142e-04
Loss = 3.7362e-04, PNorm = 34.4915, GNorm = 0.5578, lr_0 = 3.4285e-04
Loss = 3.2276e-04, PNorm = 34.4747, GNorm = 0.0113, lr_0 = 3.4427e-04
Loss = 4.7271e-04, PNorm = 34.4712, GNorm = 0.0688, lr_0 = 3.4570e-04
Loss = 2.8400e-04, PNorm = 34.4827, GNorm = 0.0651, lr_0 = 3.4713e-04
Loss = 3.2004e-05, PNorm = 34.5004, GNorm = 0.0083, lr_0 = 3.4856e-04
Loss = 8.3152e-04, PNorm = 34.4987, GNorm = 0.0345, lr_0 = 3.4998e-04
Loss = 4.1354e-04, PNorm = 34.5067, GNorm = 0.1423, lr_0 = 3.5141e-04
Loss = 4.3846e-04, PNorm = 34.5223, GNorm = 0.0697, lr_0 = 3.5284e-04
Loss = 4.4418e-05, PNorm = 34.5437, GNorm = 0.0157, lr_0 = 3.5427e-04
Loss = 8.1266e-06, PNorm = 34.5603, GNorm = 0.0033, lr_0 = 3.5569e-04
Loss = 1.6018e-06, PNorm = 34.5726, GNorm = 0.0007, lr_0 = 3.5712e-04
Loss = 9.5499e-04, PNorm = 34.5619, GNorm = 0.0073, lr_0 = 3.5855e-04
Loss = 6.5005e-05, PNorm = 34.5630, GNorm = 0.0766, lr_0 = 3.5998e-04
Loss = 6.8704e-05, PNorm = 34.5878, GNorm = 0.0258, lr_0 = 3.6141e-04
Loss = 2.7131e-04, PNorm = 34.5999, GNorm = 0.0147, lr_0 = 3.6283e-04
Loss = 4.6958e-04, PNorm = 34.6030, GNorm = 0.0266, lr_0 = 3.6426e-04
Loss = 5.0769e-05, PNorm = 34.6107, GNorm = 0.0360, lr_0 = 3.6569e-04
Loss = 3.0402e-05, PNorm = 34.6314, GNorm = 0.0146, lr_0 = 3.6712e-04
Loss = 5.8800e-06, PNorm = 34.6555, GNorm = 0.0027, lr_0 = 3.6854e-04
Loss = 5.8463e-04, PNorm = 34.6464, GNorm = 0.0176, lr_0 = 3.6997e-04
Loss = 3.2973e-04, PNorm = 34.6433, GNorm = 0.0593, lr_0 = 3.7140e-04
Loss = 5.4894e-05, PNorm = 34.6634, GNorm = 0.0235, lr_0 = 3.7283e-04
Loss = 1.5137e-05, PNorm = 34.6822, GNorm = 0.0057, lr_0 = 3.7425e-04
Loss = 5.3779e-04, PNorm = 34.6794, GNorm = 0.0140, lr_0 = 3.7568e-04
Loss = 6.7034e-04, PNorm = 34.6788, GNorm = 0.1784, lr_0 = 3.7711e-04
Loss = 1.2379e-04, PNorm = 34.7039, GNorm = 0.0364, lr_0 = 3.7854e-04
Loss = 1.7927e-05, PNorm = 34.7305, GNorm = 0.0045, lr_0 = 3.7997e-04
Loss = 8.3928e-04, PNorm = 34.7215, GNorm = 0.0397, lr_0 = 3.8139e-04
Loss = 2.4383e-04, PNorm = 34.7298, GNorm = 0.0529, lr_0 = 3.8282e-04
Loss = 2.3593e-04, PNorm = 34.7478, GNorm = 0.0279, lr_0 = 3.8425e-04
Loss = 4.2948e-04, PNorm = 34.7618, GNorm = 0.0291, lr_0 = 3.8568e-04
Loss = 4.5411e-05, PNorm = 34.7764, GNorm = 0.0268, lr_0 = 3.8710e-04
Loss = 1.6711e-05, PNorm = 34.7946, GNorm = 0.0060, lr_0 = 3.8853e-04
Loss = 7.1159e-04, PNorm = 34.7952, GNorm = 0.1849, lr_0 = 3.8996e-04
Loss = 6.7032e-05, PNorm = 34.7989, GNorm = 0.0582, lr_0 = 3.9139e-04
Loss = 3.2949e-04, PNorm = 34.8135, GNorm = 0.0336, lr_0 = 3.9281e-04
Loss = 2.0498e-04, PNorm = 34.8353, GNorm = 0.0258, lr_0 = 3.9424e-04
Loss = 4.2189e-04, PNorm = 34.8501, GNorm = 0.2455, lr_0 = 3.9567e-04
Loss = 2.3415e-04, PNorm = 34.8651, GNorm = 0.0527, lr_0 = 3.9710e-04
Loss = 4.3181e-05, PNorm = 34.8937, GNorm = 0.0167, lr_0 = 3.9852e-04
Loss = 3.6329e-04, PNorm = 34.9066, GNorm = 0.2161, lr_0 = 3.9995e-04
Loss = 3.9609e-04, PNorm = 34.9071, GNorm = 0.1579, lr_0 = 4.0138e-04
Loss = 3.0764e-04, PNorm = 34.9267, GNorm = 0.0467, lr_0 = 4.0281e-04
Loss = 8.0209e-04, PNorm = 34.9298, GNorm = 0.0794, lr_0 = 4.0424e-04
Loss = 8.1380e-04, PNorm = 34.9454, GNorm = 0.1100, lr_0 = 4.0566e-04
Loss = 4.3298e-04, PNorm = 34.9784, GNorm = 0.1919, lr_0 = 4.0709e-04
Loss = 3.9738e-05, PNorm = 35.0028, GNorm = 0.0199, lr_0 = 4.0852e-04
Loss = 1.4592e-05, PNorm = 35.0242, GNorm = 0.0103, lr_0 = 4.0995e-04
Loss = 2.6837e-04, PNorm = 35.0085, GNorm = 0.0145, lr_0 = 4.1137e-04
Loss = 2.0656e-04, PNorm = 35.0052, GNorm = 0.0157, lr_0 = 4.1280e-04
Loss = 2.4210e-04, PNorm = 35.0102, GNorm = 0.0240, lr_0 = 4.1423e-04
Loss = 3.3635e-05, PNorm = 35.0217, GNorm = 0.0201, lr_0 = 4.1566e-04
Loss = 5.8131e-04, PNorm = 35.0188, GNorm = 0.0390, lr_0 = 4.1708e-04
Loss = 6.8544e-05, PNorm = 35.0276, GNorm = 0.0358, lr_0 = 4.1851e-04
Loss = 2.2080e-05, PNorm = 35.0477, GNorm = 0.0082, lr_0 = 4.1994e-04
Loss = 3.1463e-04, PNorm = 35.0522, GNorm = 0.0135, lr_0 = 4.2137e-04
Loss = 2.2927e-04, PNorm = 35.0575, GNorm = 0.0260, lr_0 = 4.2280e-04
Loss = 6.3535e-04, PNorm = 35.0494, GNorm = 0.0680, lr_0 = 4.2422e-04
Loss = 2.0594e-04, PNorm = 35.0633, GNorm = 0.0411, lr_0 = 4.2565e-04
Loss = 4.2035e-04, PNorm = 35.0677, GNorm = 0.0293, lr_0 = 4.2708e-04
Loss = 2.0023e-04, PNorm = 35.0700, GNorm = 0.0237, lr_0 = 4.2851e-04
Loss = 3.3190e-05, PNorm = 35.0793, GNorm = 0.0177, lr_0 = 4.2993e-04
Loss = 1.6719e-05, PNorm = 35.0885, GNorm = 0.0089, lr_0 = 4.3136e-04
Loss = 3.6237e-04, PNorm = 35.0880, GNorm = 0.0075, lr_0 = 4.3279e-04
Loss = 2.9370e-04, PNorm = 35.0773, GNorm = 0.0283, lr_0 = 4.3422e-04
Loss = 6.6882e-04, PNorm = 35.0816, GNorm = 0.1591, lr_0 = 4.3564e-04
Loss = 2.5869e-04, PNorm = 35.1009, GNorm = 0.0735, lr_0 = 4.3707e-04
Loss = 2.1766e-04, PNorm = 35.1228, GNorm = 0.0161, lr_0 = 4.3850e-04
Loss = 2.4948e-04, PNorm = 35.1357, GNorm = 0.0065, lr_0 = 4.3993e-04
Loss = 2.1774e-04, PNorm = 35.1449, GNorm = 0.0134, lr_0 = 4.4135e-04
Loss = 2.7090e-04, PNorm = 35.1571, GNorm = 0.0366, lr_0 = 4.4278e-04
Loss = 3.7969e-04, PNorm = 35.1719, GNorm = 0.0840, lr_0 = 4.4421e-04
Loss = 3.2790e-04, PNorm = 35.1953, GNorm = 0.0244, lr_0 = 4.4564e-04
Loss = 3.0318e-04, PNorm = 35.2117, GNorm = 0.0264, lr_0 = 4.4707e-04
Loss = 4.5170e-04, PNorm = 35.2221, GNorm = 0.3908, lr_0 = 4.4849e-04
Loss = 3.8380e-04, PNorm = 35.2337, GNorm = 0.0313, lr_0 = 4.4992e-04
Loss = 2.5516e-04, PNorm = 35.2517, GNorm = 0.3184, lr_0 = 4.5135e-04
Loss = 2.5630e-04, PNorm = 35.2580, GNorm = 0.0483, lr_0 = 4.5278e-04
Loss = 4.1377e-05, PNorm = 35.2868, GNorm = 0.0176, lr_0 = 4.5420e-04
Loss = 2.7113e-04, PNorm = 35.3033, GNorm = 0.0060, lr_0 = 4.5563e-04
Loss = 1.9924e-04, PNorm = 35.3081, GNorm = 0.0205, lr_0 = 4.5706e-04
Loss = 3.9204e-04, PNorm = 35.3135, GNorm = 0.0691, lr_0 = 4.5849e-04
Loss = 7.0832e-05, PNorm = 35.3421, GNorm = 0.0219, lr_0 = 4.5991e-04
Loss = 1.0715e-03, PNorm = 35.3405, GNorm = 0.1116, lr_0 = 4.6134e-04
Loss = 5.3067e-04, PNorm = 35.3750, GNorm = 0.1142, lr_0 = 4.6277e-04
Loss = 3.6449e-04, PNorm = 35.4089, GNorm = 0.0363, lr_0 = 4.6420e-04
Loss = 2.3101e-04, PNorm = 35.4329, GNorm = 0.0298, lr_0 = 4.6563e-04
Loss = 2.8019e-05, PNorm = 35.4566, GNorm = 0.0096, lr_0 = 4.6705e-04
Loss = 8.4472e-06, PNorm = 35.4734, GNorm = 0.0034, lr_0 = 4.6848e-04
Loss = 5.0437e-04, PNorm = 35.4497, GNorm = 0.0234, lr_0 = 4.6991e-04
Loss = 4.8773e-04, PNorm = 35.4352, GNorm = 0.0636, lr_0 = 4.7134e-04
Loss = 9.4297e-05, PNorm = 35.4599, GNorm = 0.0316, lr_0 = 4.7276e-04
Loss = 2.5847e-05, PNorm = 35.4858, GNorm = 0.0074, lr_0 = 4.7419e-04
Loss = 3.1983e-04, PNorm = 35.4915, GNorm = 0.0056, lr_0 = 4.7562e-04
Loss = 9.2061e-06, PNorm = 35.4904, GNorm = 0.0084, lr_0 = 4.7705e-04
Loss = 2.0830e-04, PNorm = 35.4922, GNorm = 0.0199, lr_0 = 4.7847e-04
Loss = 5.5980e-04, PNorm = 35.4774, GNorm = 0.0535, lr_0 = 4.7990e-04
Loss = 2.8068e-04, PNorm = 35.4881, GNorm = 0.2880, lr_0 = 4.8133e-04
Loss = 6.8768e-04, PNorm = 35.4886, GNorm = 0.2127, lr_0 = 4.8276e-04
Loss = 3.7540e-04, PNorm = 35.5010, GNorm = 0.1018, lr_0 = 4.8418e-04
Loss = 3.2747e-04, PNorm = 35.5201, GNorm = 0.0202, lr_0 = 4.8561e-04
Loss = 2.5161e-05, PNorm = 35.5374, GNorm = 0.0064, lr_0 = 4.8704e-04
Loss = 5.7301e-04, PNorm = 35.5443, GNorm = 0.8842, lr_0 = 4.8847e-04
Loss = 4.0743e-04, PNorm = 35.5407, GNorm = 0.0499, lr_0 = 4.8990e-04
Loss = 2.7763e-04, PNorm = 35.5676, GNorm = 0.0700, lr_0 = 4.9132e-04
Loss = 4.9865e-04, PNorm = 35.5974, GNorm = 0.0180, lr_0 = 4.9275e-04
Loss = 1.9911e-04, PNorm = 35.6115, GNorm = 0.0279, lr_0 = 4.9418e-04
Loss = 3.2053e-04, PNorm = 35.6333, GNorm = 0.0552, lr_0 = 4.9561e-04
Loss = 5.7525e-04, PNorm = 35.6526, GNorm = 0.4337, lr_0 = 4.9703e-04
Loss = 4.8506e-04, PNorm = 35.6656, GNorm = 0.1564, lr_0 = 4.9846e-04
Loss = 4.2254e-04, PNorm = 35.6943, GNorm = 0.0701, lr_0 = 4.9989e-04
Loss = 5.8946e-05, PNorm = 35.7393, GNorm = 0.0194, lr_0 = 5.0132e-04
Loss = 4.2760e-04, PNorm = 35.7487, GNorm = 0.0112, lr_0 = 5.0274e-04
Loss = 5.3924e-04, PNorm = 35.7425, GNorm = 0.0573, lr_0 = 5.0417e-04
Loss = 7.9952e-05, PNorm = 35.7653, GNorm = 0.0291, lr_0 = 5.0560e-04
Loss = 3.7800e-04, PNorm = 35.7933, GNorm = 0.0213, lr_0 = 5.0703e-04
Loss = 5.0301e-04, PNorm = 35.8065, GNorm = 0.0625, lr_0 = 5.0845e-04
Loss = 5.0463e-05, PNorm = 35.8435, GNorm = 0.0204, lr_0 = 5.0988e-04
Loss = 1.1565e-05, PNorm = 35.8711, GNorm = 0.0032, lr_0 = 5.1131e-04
Loss = 3.6725e-04, PNorm = 35.8558, GNorm = 0.0100, lr_0 = 5.1274e-04
