Fold 0
{'activation': 'ReLU',
 'atom_messages': False,
 'batch_size': 50,
 'bias': False,
 'checkpoint_dir': None,
 'checkpoint_path': None,
 'checkpoint_paths': None,
 'config_path': None,
 'crossval_index_dir': None,
 'crossval_index_file': None,
 'cuda': True,
 'data_path': 'dataset/splitted_csv_files_mpnn_models/cytoskeleton_tr.csv',
 'dataset_type': 'classification',
 'depth': 3,
 'dropout': 0.0,
 'ensemble_size': 1,
 'epochs': 50,
 'features_generator': None,
 'features_only': False,
 'features_path': None,
 'features_scaling': True,
 'ffn_hidden_size': 300,
 'ffn_num_layers': 2,
 'final_lr': 0.0001,
 'folds_file': None,
 'gpu': None,
 'hidden_size': 300,
 'init_lr': 0.0001,
 'log_frequency': 10,
 'max_data_size': None,
 'max_lr': 0.001,
 'metric': 'cohen_k',
 'minimize_score': False,
 'multiclass_num_classes': 3,
 'no_cache': False,
 'num_folds': 1,
 'num_lrs': 1,
 'quiet': False,
 'save_dir': 'saved_models/cytoskeleton/fold_0',
 'save_smiles_splits': False,
 'seed': 0,
 'separate_test_features_path': None,
 'separate_test_path': 'dataset/splitted_csv_files_mpnn_models/cytoskeleton_te.csv',
 'separate_val_features_path': None,
 'separate_val_path': 'dataset/splitted_csv_files_mpnn_models/cytoskeleton_va.csv',
 'show_individual_scores': False,
 'split_sizes': [0.8, 0.1, 0.1],
 'split_type': 'random',
 'test': False,
 'test_fold_index': None,
 'undirected': False,
 'use_compound_names': False,
 'use_input_features': None,
 'val_fold_index': None,
 'warmup_epochs': 2.0}
Loading data
Number of tasks = 1
Splitting data with seed 0
Class sizes
Label 0: 98.61%, 1: 1.39%
Total size = 157,623 | train size = 157,623 | val size = 33,668 | test size = 33,758
Building model 0
MoleculeModel(
  (sigmoid): Sigmoid()
  (encoder): MPN(
    (encoder): MPNEncoder(
      (dropout_layer): Dropout(p=0.0, inplace=False)
      (act_func): ReLU()
      (W_i): Linear(in_features=147, out_features=300, bias=False)
      (W_h): Linear(in_features=300, out_features=300, bias=False)
      (W_o): Linear(in_features=433, out_features=300, bias=True)
    )
  )
  (ffn): Sequential(
    (0): Dropout(p=0.0, inplace=False)
    (1): Linear(in_features=300, out_features=300, bias=True)
    (2): ReLU()
    (3): Dropout(p=0.0, inplace=False)
    (4): Linear(in_features=300, out_features=1, bias=True)
  )
)
Number of parameters = 354,901
Moving model to cuda
Epoch 0
Loss = 6.2100e-03, PNorm = 33.9436, GNorm = 1.1647, lr_0 = 1.0157e-04
Loss = 1.9545e-03, PNorm = 33.9503, GNorm = 0.2358, lr_0 = 1.0300e-04
Loss = 1.4419e-03, PNorm = 33.9544, GNorm = 0.2302, lr_0 = 1.0443e-04
Loss = 1.4114e-03, PNorm = 33.9550, GNorm = 0.1432, lr_0 = 1.0585e-04
Loss = 1.9542e-03, PNorm = 33.9543, GNorm = 0.1503, lr_0 = 1.0728e-04
Loss = 1.2303e-03, PNorm = 33.9535, GNorm = 0.1732, lr_0 = 1.0871e-04
Loss = 1.2090e-03, PNorm = 33.9534, GNorm = 0.2265, lr_0 = 1.1014e-04
Loss = 2.3538e-03, PNorm = 33.9531, GNorm = 0.4474, lr_0 = 1.1156e-04
Loss = 1.0215e-03, PNorm = 33.9531, GNorm = 0.2638, lr_0 = 1.1299e-04
Loss = 1.3065e-03, PNorm = 33.9549, GNorm = 0.2123, lr_0 = 1.1442e-04
Loss = 2.0046e-03, PNorm = 33.9551, GNorm = 0.2230, lr_0 = 1.1585e-04
Loss = 1.8463e-03, PNorm = 33.9545, GNorm = 0.0329, lr_0 = 1.1727e-04
Loss = 1.4581e-03, PNorm = 33.9563, GNorm = 0.2725, lr_0 = 1.1870e-04
Loss = 1.6728e-03, PNorm = 33.9581, GNorm = 0.2239, lr_0 = 1.2013e-04
Loss = 9.9217e-04, PNorm = 33.9605, GNorm = 0.1731, lr_0 = 1.2156e-04
Loss = 1.0802e-03, PNorm = 33.9623, GNorm = 0.1438, lr_0 = 1.2299e-04
Loss = 7.5420e-04, PNorm = 33.9636, GNorm = 0.1310, lr_0 = 1.2441e-04
Loss = 1.3483e-03, PNorm = 33.9631, GNorm = 0.1670, lr_0 = 1.2584e-04
Loss = 5.7244e-04, PNorm = 33.9644, GNorm = 0.1415, lr_0 = 1.2727e-04
Loss = 2.0967e-03, PNorm = 33.9635, GNorm = 0.1044, lr_0 = 1.2870e-04
Loss = 8.8754e-04, PNorm = 33.9647, GNorm = 0.2578, lr_0 = 1.3012e-04
Loss = 9.6036e-04, PNorm = 33.9684, GNorm = 0.1580, lr_0 = 1.3155e-04
Loss = 1.6737e-03, PNorm = 33.9683, GNorm = 0.2039, lr_0 = 1.3298e-04
Loss = 1.7809e-03, PNorm = 33.9678, GNorm = 0.3882, lr_0 = 1.3441e-04
Loss = 1.6619e-03, PNorm = 33.9698, GNorm = 0.7947, lr_0 = 1.3583e-04
Loss = 1.6268e-03, PNorm = 33.9707, GNorm = 0.4086, lr_0 = 1.3726e-04
Loss = 9.5095e-04, PNorm = 33.9730, GNorm = 0.2323, lr_0 = 1.3869e-04
Loss = 1.4983e-03, PNorm = 33.9743, GNorm = 0.2215, lr_0 = 1.4012e-04
Loss = 1.6119e-03, PNorm = 33.9759, GNorm = 0.5144, lr_0 = 1.4155e-04
Loss = 1.2856e-03, PNorm = 33.9777, GNorm = 0.1456, lr_0 = 1.4297e-04
Loss = 1.9133e-03, PNorm = 33.9792, GNorm = 0.0867, lr_0 = 1.4440e-04
Loss = 2.2661e-03, PNorm = 33.9807, GNorm = 0.1622, lr_0 = 1.4583e-04
Loss = 1.1888e-03, PNorm = 33.9882, GNorm = 0.2089, lr_0 = 1.4726e-04
Loss = 2.0116e-03, PNorm = 33.9888, GNorm = 0.2671, lr_0 = 1.4868e-04
Loss = 1.3468e-03, PNorm = 33.9913, GNorm = 0.3298, lr_0 = 1.5011e-04
Loss = 1.0625e-03, PNorm = 33.9978, GNorm = 0.1465, lr_0 = 1.5154e-04
Loss = 2.2019e-03, PNorm = 33.9967, GNorm = 0.0857, lr_0 = 1.5297e-04
Loss = 1.8005e-03, PNorm = 33.9987, GNorm = 0.1287, lr_0 = 1.5439e-04
Loss = 1.4420e-03, PNorm = 34.0060, GNorm = 0.1616, lr_0 = 1.5582e-04
Loss = 1.9599e-03, PNorm = 34.0071, GNorm = 0.0663, lr_0 = 1.5725e-04
Loss = 9.5102e-04, PNorm = 34.0133, GNorm = 0.2190, lr_0 = 1.5868e-04
Loss = 9.3961e-04, PNorm = 34.0200, GNorm = 0.1084, lr_0 = 1.6010e-04
Loss = 1.1390e-03, PNorm = 34.0193, GNorm = 0.1822, lr_0 = 1.6153e-04
Loss = 1.2993e-03, PNorm = 34.0200, GNorm = 0.2714, lr_0 = 1.6296e-04
Loss = 1.5751e-03, PNorm = 34.0238, GNorm = 0.0766, lr_0 = 1.6439e-04
Loss = 9.1094e-04, PNorm = 34.0299, GNorm = 0.6418, lr_0 = 1.6582e-04
Loss = 9.2482e-04, PNorm = 34.0331, GNorm = 0.1743, lr_0 = 1.6724e-04
Loss = 1.7455e-03, PNorm = 34.0346, GNorm = 0.1157, lr_0 = 1.6867e-04
Loss = 7.9436e-04, PNorm = 34.0398, GNorm = 0.2216, lr_0 = 1.7010e-04
Loss = 1.5572e-03, PNorm = 34.0449, GNorm = 0.5902, lr_0 = 1.7153e-04
Loss = 2.2269e-03, PNorm = 34.0447, GNorm = 0.2239, lr_0 = 1.7295e-04
Loss = 1.6655e-03, PNorm = 34.0544, GNorm = 0.1144, lr_0 = 1.7438e-04
Loss = 1.9061e-03, PNorm = 34.0573, GNorm = 0.1895, lr_0 = 1.7581e-04
Loss = 1.0716e-03, PNorm = 34.0605, GNorm = 0.1178, lr_0 = 1.7724e-04
Loss = 1.1203e-03, PNorm = 34.0653, GNorm = 0.1736, lr_0 = 1.7866e-04
Loss = 1.0277e-03, PNorm = 34.0687, GNorm = 0.6123, lr_0 = 1.8009e-04
Loss = 1.2200e-03, PNorm = 34.0705, GNorm = 0.5413, lr_0 = 1.8152e-04
Loss = 1.8075e-03, PNorm = 34.0740, GNorm = 0.2068, lr_0 = 1.8295e-04
Loss = 1.3608e-03, PNorm = 34.0855, GNorm = 0.5476, lr_0 = 1.8438e-04
Loss = 1.2199e-03, PNorm = 34.0906, GNorm = 0.2133, lr_0 = 1.8580e-04
Loss = 1.7526e-03, PNorm = 34.0918, GNorm = 0.3578, lr_0 = 1.8723e-04
Loss = 1.8600e-03, PNorm = 34.1003, GNorm = 0.8002, lr_0 = 1.8866e-04
Loss = 1.5630e-03, PNorm = 34.1103, GNorm = 0.2504, lr_0 = 1.9009e-04
Loss = 1.2758e-03, PNorm = 34.1165, GNorm = 0.1746, lr_0 = 1.9151e-04
Loss = 1.4674e-03, PNorm = 34.1199, GNorm = 0.0844, lr_0 = 1.9294e-04
Loss = 2.1667e-03, PNorm = 34.1268, GNorm = 0.3123, lr_0 = 1.9437e-04
Loss = 1.7525e-03, PNorm = 34.1342, GNorm = 0.0689, lr_0 = 1.9580e-04
Loss = 7.7311e-04, PNorm = 34.1454, GNorm = 0.2783, lr_0 = 1.9722e-04
Loss = 1.1084e-03, PNorm = 34.1499, GNorm = 0.2409, lr_0 = 1.9865e-04
Loss = 1.0111e-03, PNorm = 34.1558, GNorm = 0.1914, lr_0 = 2.0008e-04
Loss = 1.1367e-03, PNorm = 34.1621, GNorm = 0.1723, lr_0 = 2.0151e-04
Loss = 1.8224e-03, PNorm = 34.1679, GNorm = 0.1286, lr_0 = 2.0293e-04
Loss = 1.8988e-03, PNorm = 34.1757, GNorm = 0.2022, lr_0 = 2.0436e-04
Loss = 1.2501e-03, PNorm = 34.1781, GNorm = 0.4271, lr_0 = 2.0579e-04
Loss = 2.0067e-03, PNorm = 34.1868, GNorm = 0.7218, lr_0 = 2.0722e-04
Loss = 1.0856e-03, PNorm = 34.1999, GNorm = 0.2442, lr_0 = 2.0865e-04
Loss = 1.5035e-03, PNorm = 34.2086, GNorm = 0.6796, lr_0 = 2.1007e-04
Loss = 1.7364e-03, PNorm = 34.2203, GNorm = 0.1764, lr_0 = 2.1150e-04
Loss = 1.9886e-03, PNorm = 34.2348, GNorm = 0.3060, lr_0 = 2.1293e-04
Loss = 8.5735e-04, PNorm = 34.2446, GNorm = 0.2246, lr_0 = 2.1436e-04
Loss = 8.0395e-04, PNorm = 34.2576, GNorm = 0.0551, lr_0 = 2.1578e-04
Loss = 1.9351e-03, PNorm = 34.2513, GNorm = 0.1851, lr_0 = 2.1721e-04
Loss = 1.2720e-03, PNorm = 34.2604, GNorm = 0.2413, lr_0 = 2.1864e-04
Loss = 1.4268e-03, PNorm = 34.2708, GNorm = 0.1812, lr_0 = 2.2007e-04
Loss = 1.3769e-03, PNorm = 34.2762, GNorm = 0.1591, lr_0 = 2.2149e-04
Loss = 1.7940e-03, PNorm = 34.2808, GNorm = 0.3807, lr_0 = 2.2292e-04
Loss = 1.3120e-03, PNorm = 34.2972, GNorm = 0.1440, lr_0 = 2.2435e-04
Loss = 7.8210e-04, PNorm = 34.3071, GNorm = 0.0912, lr_0 = 2.2578e-04
Loss = 2.0374e-03, PNorm = 34.3048, GNorm = 0.5953, lr_0 = 2.2720e-04
Loss = 1.4555e-03, PNorm = 34.3200, GNorm = 0.3112, lr_0 = 2.2863e-04
Loss = 1.0606e-03, PNorm = 34.3279, GNorm = 0.1500, lr_0 = 2.3006e-04
Loss = 1.7682e-03, PNorm = 34.3376, GNorm = 0.6021, lr_0 = 2.3149e-04
Loss = 1.5250e-03, PNorm = 34.3517, GNorm = 0.2130, lr_0 = 2.3292e-04
Loss = 1.1375e-03, PNorm = 34.3643, GNorm = 0.4049, lr_0 = 2.3434e-04
Loss = 9.3623e-04, PNorm = 34.3701, GNorm = 0.3238, lr_0 = 2.3577e-04
Loss = 1.9949e-03, PNorm = 34.3818, GNorm = 0.1163, lr_0 = 2.3720e-04
Loss = 1.3446e-03, PNorm = 34.3999, GNorm = 0.6524, lr_0 = 2.3863e-04
Loss = 8.8322e-04, PNorm = 34.4093, GNorm = 0.1436, lr_0 = 2.4005e-04
Loss = 1.0426e-03, PNorm = 34.4150, GNorm = 0.3084, lr_0 = 2.4148e-04
Loss = 1.0893e-03, PNorm = 34.4252, GNorm = 0.3808, lr_0 = 2.4291e-04
Loss = 1.9531e-03, PNorm = 34.4309, GNorm = 0.8770, lr_0 = 2.4434e-04
Loss = 1.2169e-03, PNorm = 34.4515, GNorm = 0.0861, lr_0 = 2.4576e-04
Loss = 9.5455e-04, PNorm = 34.4568, GNorm = 0.1681, lr_0 = 2.4719e-04
Loss = 1.0240e-03, PNorm = 34.4629, GNorm = 0.1793, lr_0 = 2.4862e-04
Loss = 9.9590e-04, PNorm = 34.4698, GNorm = 0.1774, lr_0 = 2.5005e-04
Loss = 1.1789e-03, PNorm = 34.4786, GNorm = 0.2273, lr_0 = 2.5148e-04
Loss = 1.6566e-03, PNorm = 34.4941, GNorm = 0.3409, lr_0 = 2.5290e-04
Loss = 1.3765e-03, PNorm = 34.5150, GNorm = 0.2101, lr_0 = 2.5433e-04
Loss = 1.1038e-03, PNorm = 34.5361, GNorm = 0.2897, lr_0 = 2.5576e-04
Loss = 9.5081e-04, PNorm = 34.5487, GNorm = 0.1997, lr_0 = 2.5719e-04
Loss = 1.7048e-03, PNorm = 34.5511, GNorm = 0.1550, lr_0 = 2.5861e-04
Loss = 1.2817e-03, PNorm = 34.5627, GNorm = 0.1136, lr_0 = 2.6004e-04
Loss = 8.8473e-04, PNorm = 34.5797, GNorm = 0.2604, lr_0 = 2.6147e-04
Loss = 1.1795e-03, PNorm = 34.5926, GNorm = 0.6973, lr_0 = 2.6290e-04
Loss = 1.4783e-03, PNorm = 34.6054, GNorm = 0.6527, lr_0 = 2.6432e-04
Loss = 1.2807e-03, PNorm = 34.6209, GNorm = 0.1293, lr_0 = 2.6575e-04
Loss = 1.3568e-03, PNorm = 34.6270, GNorm = 0.3995, lr_0 = 2.6718e-04
Loss = 1.3943e-03, PNorm = 34.6394, GNorm = 0.2796, lr_0 = 2.6861e-04
Loss = 8.2378e-04, PNorm = 34.6562, GNorm = 0.3257, lr_0 = 2.7003e-04
Loss = 1.2067e-03, PNorm = 34.6591, GNorm = 0.2375, lr_0 = 2.7146e-04
Loss = 9.4166e-04, PNorm = 34.6774, GNorm = 0.1588, lr_0 = 2.7289e-04
Loss = 1.5126e-03, PNorm = 34.6862, GNorm = 1.0339, lr_0 = 2.7432e-04
Loss = 9.1531e-04, PNorm = 34.7017, GNorm = 0.3054, lr_0 = 2.7575e-04
Loss = 9.3700e-04, PNorm = 34.7219, GNorm = 0.1701, lr_0 = 2.7717e-04
Loss = 1.3153e-03, PNorm = 34.7335, GNorm = 0.3713, lr_0 = 2.7860e-04
Loss = 1.3861e-03, PNorm = 34.7429, GNorm = 0.2497, lr_0 = 2.8003e-04
Loss = 1.3377e-03, PNorm = 34.7515, GNorm = 0.1717, lr_0 = 2.8146e-04
Loss = 1.2334e-03, PNorm = 34.7700, GNorm = 0.1085, lr_0 = 2.8288e-04
Loss = 1.2015e-03, PNorm = 34.7860, GNorm = 0.2679, lr_0 = 2.8431e-04
Loss = 9.3652e-04, PNorm = 34.8026, GNorm = 0.2036, lr_0 = 2.8574e-04
Loss = 1.2860e-03, PNorm = 34.8097, GNorm = 0.3425, lr_0 = 2.8717e-04
Loss = 1.5050e-03, PNorm = 34.8189, GNorm = 0.2800, lr_0 = 2.8859e-04
Loss = 1.2573e-03, PNorm = 34.8470, GNorm = 0.1690, lr_0 = 2.9002e-04
Loss = 1.7374e-03, PNorm = 34.8643, GNorm = 0.1564, lr_0 = 2.9145e-04
Loss = 7.0149e-04, PNorm = 34.8947, GNorm = 0.1345, lr_0 = 2.9288e-04
Loss = 9.5396e-04, PNorm = 34.9120, GNorm = 0.1812, lr_0 = 2.9431e-04
Loss = 1.0997e-03, PNorm = 34.9359, GNorm = 0.3338, lr_0 = 2.9573e-04
Loss = 1.1936e-03, PNorm = 34.9634, GNorm = 0.4203, lr_0 = 2.9716e-04
Loss = 1.5068e-03, PNorm = 34.9717, GNorm = 0.5093, lr_0 = 2.9859e-04
Loss = 1.4817e-03, PNorm = 34.9965, GNorm = 0.5485, lr_0 = 3.0002e-04
Loss = 1.9819e-03, PNorm = 35.0286, GNorm = 0.6081, lr_0 = 3.0144e-04
Loss = 7.2717e-04, PNorm = 35.0574, GNorm = 0.5092, lr_0 = 3.0287e-04
Loss = 5.9651e-04, PNorm = 35.0599, GNorm = 0.1189, lr_0 = 3.0430e-04
Loss = 9.9899e-04, PNorm = 35.0666, GNorm = 0.1424, lr_0 = 3.0573e-04
Loss = 7.0481e-04, PNorm = 35.0846, GNorm = 0.3309, lr_0 = 3.0715e-04
Loss = 1.0818e-03, PNorm = 35.0922, GNorm = 0.2547, lr_0 = 3.0858e-04
Loss = 1.2931e-03, PNorm = 35.1151, GNorm = 0.3571, lr_0 = 3.1001e-04
Loss = 1.9739e-03, PNorm = 35.1323, GNorm = 0.2876, lr_0 = 3.1144e-04
Loss = 9.5830e-04, PNorm = 35.1546, GNorm = 0.1284, lr_0 = 3.1286e-04
Loss = 1.4390e-03, PNorm = 35.1629, GNorm = 0.2619, lr_0 = 3.1429e-04
Loss = 1.1456e-03, PNorm = 35.1943, GNorm = 0.2392, lr_0 = 3.1572e-04
Loss = 1.4481e-03, PNorm = 35.2205, GNorm = 0.2208, lr_0 = 3.1715e-04
Loss = 9.3059e-04, PNorm = 35.2429, GNorm = 0.3032, lr_0 = 3.1858e-04
Loss = 1.4803e-03, PNorm = 35.2655, GNorm = 0.9396, lr_0 = 3.2000e-04
Loss = 5.9090e-04, PNorm = 35.2803, GNorm = 0.1566, lr_0 = 3.2143e-04
Loss = 1.3200e-03, PNorm = 35.3017, GNorm = 0.5235, lr_0 = 3.2286e-04
Loss = 1.3762e-03, PNorm = 35.3175, GNorm = 0.4115, lr_0 = 3.2429e-04
Loss = 6.1512e-04, PNorm = 35.3375, GNorm = 0.0355, lr_0 = 3.2571e-04
Loss = 1.5290e-03, PNorm = 35.3502, GNorm = 0.2791, lr_0 = 3.2714e-04
Loss = 1.5267e-03, PNorm = 35.3945, GNorm = 0.0816, lr_0 = 3.2857e-04
Loss = 1.7708e-03, PNorm = 35.3980, GNorm = 0.3608, lr_0 = 3.3000e-04
Loss = 1.0286e-03, PNorm = 35.4288, GNorm = 0.1750, lr_0 = 3.3142e-04
Loss = 8.1857e-04, PNorm = 35.4527, GNorm = 0.0449, lr_0 = 3.3285e-04
Loss = 6.6032e-04, PNorm = 35.4700, GNorm = 0.2005, lr_0 = 3.3428e-04
Loss = 9.7520e-04, PNorm = 35.4899, GNorm = 0.5155, lr_0 = 3.3571e-04
Loss = 8.8501e-04, PNorm = 35.5179, GNorm = 0.1506, lr_0 = 3.3714e-04
Loss = 1.2171e-03, PNorm = 35.5325, GNorm = 0.3474, lr_0 = 3.3856e-04
Loss = 1.2167e-03, PNorm = 35.5432, GNorm = 0.2898, lr_0 = 3.3999e-04
Loss = 6.7632e-04, PNorm = 35.5700, GNorm = 0.1493, lr_0 = 3.4142e-04
Loss = 9.8718e-04, PNorm = 35.5941, GNorm = 0.3489, lr_0 = 3.4285e-04
Loss = 9.7819e-04, PNorm = 35.6029, GNorm = 0.1422, lr_0 = 3.4427e-04
Loss = 4.4670e-04, PNorm = 35.6329, GNorm = 0.0753, lr_0 = 3.4570e-04
Loss = 9.0222e-04, PNorm = 35.6558, GNorm = 0.0405, lr_0 = 3.4713e-04
Loss = 1.7516e-03, PNorm = 35.6847, GNorm = 0.3326, lr_0 = 3.4856e-04
Loss = 9.5852e-04, PNorm = 35.7287, GNorm = 0.6906, lr_0 = 3.4998e-04
Loss = 8.1992e-04, PNorm = 35.7483, GNorm = 0.2100, lr_0 = 3.5141e-04
Loss = 1.2350e-03, PNorm = 35.7857, GNorm = 0.1694, lr_0 = 3.5284e-04
Loss = 1.4852e-03, PNorm = 35.8092, GNorm = 0.4142, lr_0 = 3.5427e-04
Loss = 6.1864e-04, PNorm = 35.8273, GNorm = 0.0561, lr_0 = 3.5569e-04
Loss = 8.5328e-04, PNorm = 35.8422, GNorm = 0.1910, lr_0 = 3.5712e-04
Loss = 9.2588e-04, PNorm = 35.8695, GNorm = 0.3366, lr_0 = 3.5855e-04
Loss = 5.3914e-04, PNorm = 35.8920, GNorm = 0.1158, lr_0 = 3.5998e-04
Loss = 1.3776e-03, PNorm = 35.9051, GNorm = 0.1318, lr_0 = 3.6141e-04
Loss = 9.0306e-04, PNorm = 35.9246, GNorm = 0.1287, lr_0 = 3.6283e-04
Loss = 1.5620e-03, PNorm = 35.9375, GNorm = 0.4335, lr_0 = 3.6426e-04
Loss = 8.0854e-04, PNorm = 35.9652, GNorm = 0.3271, lr_0 = 3.6569e-04
Loss = 1.0565e-03, PNorm = 35.9753, GNorm = 0.1410, lr_0 = 3.6712e-04
Loss = 1.3054e-03, PNorm = 35.9878, GNorm = 0.8089, lr_0 = 3.6854e-04
Loss = 8.7060e-04, PNorm = 36.0209, GNorm = 0.8789, lr_0 = 3.6997e-04
Loss = 1.6499e-03, PNorm = 36.0244, GNorm = 0.7347, lr_0 = 3.7140e-04
Loss = 5.9502e-04, PNorm = 36.0288, GNorm = 0.0890, lr_0 = 3.7283e-04
Loss = 1.5038e-03, PNorm = 36.0411, GNorm = 0.2014, lr_0 = 3.7425e-04
Loss = 1.0465e-03, PNorm = 36.0674, GNorm = 0.1881, lr_0 = 3.7568e-04
Loss = 8.4891e-04, PNorm = 36.0893, GNorm = 0.2634, lr_0 = 3.7711e-04
Loss = 6.5785e-04, PNorm = 36.1148, GNorm = 0.1671, lr_0 = 3.7854e-04
Loss = 7.1587e-04, PNorm = 36.1403, GNorm = 0.2365, lr_0 = 3.7997e-04
Loss = 7.2843e-04, PNorm = 36.1666, GNorm = 0.1360, lr_0 = 3.8139e-04
Loss = 5.3676e-04, PNorm = 36.2074, GNorm = 0.2520, lr_0 = 3.8282e-04
Loss = 9.4811e-04, PNorm = 36.2333, GNorm = 0.8724, lr_0 = 3.8425e-04
Loss = 7.3690e-04, PNorm = 36.2679, GNorm = 0.1788, lr_0 = 3.8568e-04
Loss = 1.2262e-03, PNorm = 36.2895, GNorm = 0.2039, lr_0 = 3.8710e-04
Loss = 7.6202e-04, PNorm = 36.3102, GNorm = 0.2367, lr_0 = 3.8853e-04
Loss = 1.1074e-03, PNorm = 36.3291, GNorm = 0.2949, lr_0 = 3.8996e-04
Loss = 5.5879e-04, PNorm = 36.3626, GNorm = 0.0439, lr_0 = 3.9139e-04
Loss = 1.5691e-03, PNorm = 36.3591, GNorm = 0.3457, lr_0 = 3.9281e-04
Loss = 9.2853e-04, PNorm = 36.3718, GNorm = 0.1168, lr_0 = 3.9424e-04
Loss = 9.3030e-04, PNorm = 36.3892, GNorm = 0.1309, lr_0 = 3.9567e-04
Loss = 7.3950e-04, PNorm = 36.4029, GNorm = 0.0833, lr_0 = 3.9710e-04
Loss = 1.0914e-03, PNorm = 36.4240, GNorm = 0.1955, lr_0 = 3.9852e-04
Loss = 6.7158e-04, PNorm = 36.4582, GNorm = 0.2387, lr_0 = 3.9995e-04
Loss = 8.9875e-04, PNorm = 36.4864, GNorm = 0.2801, lr_0 = 4.0138e-04
Loss = 1.2736e-03, PNorm = 36.4967, GNorm = 0.2782, lr_0 = 4.0281e-04
Loss = 9.2366e-04, PNorm = 36.5179, GNorm = 0.0645, lr_0 = 4.0424e-04
Loss = 6.8094e-04, PNorm = 36.5410, GNorm = 0.1038, lr_0 = 4.0566e-04
Loss = 3.1832e-04, PNorm = 36.5656, GNorm = 0.0716, lr_0 = 4.0709e-04
Loss = 7.9332e-04, PNorm = 36.5849, GNorm = 0.3859, lr_0 = 4.0852e-04
Loss = 5.5711e-04, PNorm = 36.6060, GNorm = 0.0765, lr_0 = 4.0995e-04
Loss = 1.4623e-03, PNorm = 36.6163, GNorm = 0.2415, lr_0 = 4.1137e-04
Loss = 9.2772e-04, PNorm = 36.6307, GNorm = 0.2290, lr_0 = 4.1280e-04
Loss = 1.3673e-03, PNorm = 36.6471, GNorm = 0.3055, lr_0 = 4.1423e-04
Loss = 9.6946e-04, PNorm = 36.6775, GNorm = 0.6877, lr_0 = 4.1566e-04
Loss = 1.3167e-03, PNorm = 36.6990, GNorm = 0.4071, lr_0 = 4.1708e-04
Loss = 1.2357e-03, PNorm = 36.7288, GNorm = 0.4302, lr_0 = 4.1851e-04
Loss = 1.0337e-03, PNorm = 36.7539, GNorm = 0.2071, lr_0 = 4.1994e-04
Loss = 1.1699e-03, PNorm = 36.7852, GNorm = 0.1207, lr_0 = 4.2137e-04
Loss = 8.1514e-04, PNorm = 36.8086, GNorm = 0.0922, lr_0 = 4.2280e-04
Loss = 7.7236e-04, PNorm = 36.8386, GNorm = 0.4958, lr_0 = 4.2422e-04
Loss = 1.1477e-03, PNorm = 36.8646, GNorm = 0.3258, lr_0 = 4.2565e-04
Loss = 1.4843e-03, PNorm = 36.8844, GNorm = 0.2649, lr_0 = 4.2708e-04
Loss = 1.2588e-03, PNorm = 36.8900, GNorm = 0.1274, lr_0 = 4.2851e-04
Loss = 1.1136e-03, PNorm = 36.9125, GNorm = 0.2431, lr_0 = 4.2993e-04
Loss = 9.0722e-04, PNorm = 36.9625, GNorm = 0.1824, lr_0 = 4.3136e-04
Loss = 2.1656e-04, PNorm = 37.0167, GNorm = 0.0335, lr_0 = 4.3279e-04
Loss = 8.7686e-04, PNorm = 37.0428, GNorm = 0.1667, lr_0 = 4.3422e-04
Loss = 1.2572e-03, PNorm = 37.0624, GNorm = 0.1187, lr_0 = 4.3564e-04
Loss = 8.2142e-04, PNorm = 37.0774, GNorm = 0.1466, lr_0 = 4.3707e-04
Loss = 5.4019e-04, PNorm = 37.1138, GNorm = 0.1083, lr_0 = 4.3850e-04
Loss = 9.3945e-04, PNorm = 37.1548, GNorm = 0.1546, lr_0 = 4.3993e-04
Loss = 1.0722e-03, PNorm = 37.1907, GNorm = 0.2710, lr_0 = 4.4135e-04
Loss = 6.4752e-04, PNorm = 37.2214, GNorm = 0.1388, lr_0 = 4.4278e-04
Loss = 5.5600e-04, PNorm = 37.2475, GNorm = 0.1014, lr_0 = 4.4421e-04
Loss = 8.4327e-04, PNorm = 37.2726, GNorm = 0.4835, lr_0 = 4.4564e-04
Loss = 5.2811e-04, PNorm = 37.3064, GNorm = 0.0904, lr_0 = 4.4707e-04
Loss = 1.3883e-03, PNorm = 37.3231, GNorm = 0.2089, lr_0 = 4.4849e-04
Loss = 1.2495e-03, PNorm = 37.3400, GNorm = 0.4156, lr_0 = 4.4992e-04
Loss = 8.8212e-04, PNorm = 37.3582, GNorm = 0.0641, lr_0 = 4.5135e-04
Loss = 8.2188e-04, PNorm = 37.3838, GNorm = 0.3337, lr_0 = 4.5278e-04
Loss = 4.2617e-04, PNorm = 37.4211, GNorm = 0.0997, lr_0 = 4.5420e-04
Loss = 5.5570e-04, PNorm = 37.4398, GNorm = 0.3404, lr_0 = 4.5563e-04
Loss = 1.2285e-03, PNorm = 37.4335, GNorm = 0.1811, lr_0 = 4.5706e-04
Loss = 9.0728e-04, PNorm = 37.4614, GNorm = 0.0848, lr_0 = 4.5849e-04
Loss = 7.3926e-04, PNorm = 37.4857, GNorm = 0.2765, lr_0 = 4.5991e-04
Loss = 7.9366e-04, PNorm = 37.5159, GNorm = 1.0048, lr_0 = 4.6134e-04
Loss = 6.3214e-04, PNorm = 37.5416, GNorm = 0.1518, lr_0 = 4.6277e-04
Loss = 9.9810e-04, PNorm = 37.5735, GNorm = 0.4073, lr_0 = 4.6420e-04
Loss = 9.2892e-04, PNorm = 37.5726, GNorm = 0.2542, lr_0 = 4.6563e-04
Loss = 2.5775e-04, PNorm = 37.6011, GNorm = 0.0484, lr_0 = 4.6705e-04
Loss = 1.4741e-03, PNorm = 37.6280, GNorm = 1.2282, lr_0 = 4.6848e-04
Loss = 1.4297e-03, PNorm = 37.6774, GNorm = 0.5271, lr_0 = 4.6991e-04
Loss = 7.7477e-04, PNorm = 37.6856, GNorm = 0.0760, lr_0 = 4.7134e-04
Loss = 8.5820e-04, PNorm = 37.7143, GNorm = 0.2856, lr_0 = 4.7276e-04
Loss = 9.9657e-04, PNorm = 37.7525, GNorm = 0.3605, lr_0 = 4.7419e-04
Loss = 6.4455e-04, PNorm = 37.7947, GNorm = 0.3875, lr_0 = 4.7562e-04
Loss = 7.8327e-04, PNorm = 37.8037, GNorm = 0.3191, lr_0 = 4.7705e-04
Loss = 1.4974e-03, PNorm = 37.8138, GNorm = 0.4885, lr_0 = 4.7847e-04
Loss = 7.4887e-04, PNorm = 37.8316, GNorm = 0.6033, lr_0 = 4.7990e-04
Loss = 6.2006e-04, PNorm = 37.8540, GNorm = 0.1647, lr_0 = 4.8133e-04
Loss = 1.0354e-03, PNorm = 37.8911, GNorm = 0.1016, lr_0 = 4.8276e-04
Loss = 7.3115e-04, PNorm = 37.9168, GNorm = 0.2653, lr_0 = 4.8418e-04
Loss = 5.1824e-04, PNorm = 37.9424, GNorm = 0.7135, lr_0 = 4.8561e-04
Loss = 9.8217e-04, PNorm = 37.9769, GNorm = 0.2072, lr_0 = 4.8704e-04
Loss = 7.7018e-04, PNorm = 38.0062, GNorm = 0.0789, lr_0 = 4.8847e-04
Loss = 4.8337e-04, PNorm = 38.0285, GNorm = 0.0569, lr_0 = 4.8990e-04
Loss = 1.0210e-03, PNorm = 38.0543, GNorm = 0.4006, lr_0 = 4.9132e-04
Loss = 6.4718e-04, PNorm = 38.0737, GNorm = 0.1724, lr_0 = 4.9275e-04
Loss = 6.6553e-04, PNorm = 38.1008, GNorm = 0.0998, lr_0 = 4.9418e-04
Loss = 7.6071e-04, PNorm = 38.1099, GNorm = 0.0633, lr_0 = 4.9561e-04
Loss = 8.4473e-04, PNorm = 38.1299, GNorm = 0.2755, lr_0 = 4.9703e-04
Loss = 1.2076e-03, PNorm = 38.1701, GNorm = 0.7171, lr_0 = 4.9846e-04
Loss = 7.0500e-04, PNorm = 38.2337, GNorm = 0.5585, lr_0 = 4.9989e-04
Loss = 1.0803e-03, PNorm = 38.2761, GNorm = 0.2643, lr_0 = 5.0132e-04
Loss = 1.8999e-03, PNorm = 38.3118, GNorm = 0.4610, lr_0 = 5.0274e-04
Loss = 6.4972e-04, PNorm = 38.3728, GNorm = 0.0855, lr_0 = 5.0417e-04
Loss = 2.1394e-03, PNorm = 38.3706, GNorm = 0.2433, lr_0 = 5.0560e-04
Loss = 6.3927e-04, PNorm = 38.3955, GNorm = 0.0460, lr_0 = 5.0703e-04
Loss = 1.3024e-03, PNorm = 38.4333, GNorm = 0.2109, lr_0 = 5.0845e-04
Loss = 9.3972e-04, PNorm = 38.4723, GNorm = 0.1033, lr_0 = 5.0988e-04
Loss = 7.7399e-04, PNorm = 38.4976, GNorm = 0.2982, lr_0 = 5.1131e-04
Loss = 4.4876e-04, PNorm = 38.5352, GNorm = 0.3920, lr_0 = 5.1274e-04
Loss = 7.3108e-04, PNorm = 38.5722, GNorm = 0.0946, lr_0 = 5.1417e-04
Loss = 8.8692e-04, PNorm = 38.5847, GNorm = 0.2113, lr_0 = 5.1559e-04
Loss = 6.2836e-04, PNorm = 38.5954, GNorm = 0.0810, lr_0 = 5.1702e-04
Loss = 4.1018e-04, PNorm = 38.6125, GNorm = 0.0596, lr_0 = 5.1845e-04
Loss = 9.4591e-04, PNorm = 38.6269, GNorm = 0.5542, lr_0 = 5.1988e-04
Loss = 3.7952e-04, PNorm = 38.6315, GNorm = 0.1101, lr_0 = 5.2130e-04
Loss = 7.9982e-04, PNorm = 38.6562, GNorm = 0.2167, lr_0 = 5.2273e-04
Loss = 1.2556e-03, PNorm = 38.6919, GNorm = 0.1752, lr_0 = 5.2416e-04
Loss = 7.3330e-04, PNorm = 38.7365, GNorm = 0.0275, lr_0 = 5.2559e-04
Loss = 9.8322e-04, PNorm = 38.7644, GNorm = 0.1396, lr_0 = 5.2701e-04
Loss = 7.3332e-04, PNorm = 38.8191, GNorm = 0.1507, lr_0 = 5.2844e-04
Loss = 4.2866e-04, PNorm = 38.8569, GNorm = 0.2034, lr_0 = 5.2987e-04
Loss = 9.8537e-04, PNorm = 38.8686, GNorm = 0.1160, lr_0 = 5.3130e-04
Loss = 5.4202e-04, PNorm = 38.9039, GNorm = 0.0559, lr_0 = 5.3273e-04
Loss = 4.3356e-04, PNorm = 38.9278, GNorm = 0.0574, lr_0 = 5.3415e-04
Loss = 9.7032e-04, PNorm = 38.9366, GNorm = 0.2024, lr_0 = 5.3558e-04
Loss = 7.1898e-04, PNorm = 38.9563, GNorm = 0.0792, lr_0 = 5.3701e-04
Loss = 1.8042e-04, PNorm = 38.9792, GNorm = 0.0565, lr_0 = 5.3844e-04
Loss = 1.5581e-04, PNorm = 39.0064, GNorm = 0.0155, lr_0 = 5.3986e-04
Loss = 5.2858e-04, PNorm = 39.0139, GNorm = 0.0148, lr_0 = 5.4129e-04
Loss = 4.0530e-04, PNorm = 39.0250, GNorm = 0.0717, lr_0 = 5.4272e-04
Loss = 6.1217e-04, PNorm = 39.0392, GNorm = 0.3469, lr_0 = 5.4415e-04
Loss = 1.0800e-03, PNorm = 39.0347, GNorm = 0.1402, lr_0 = 5.4557e-04
Loss = 2.8068e-04, PNorm = 39.0593, GNorm = 0.0493, lr_0 = 5.4700e-04
Loss = 1.0050e-03, PNorm = 39.0853, GNorm = 0.0780, lr_0 = 5.4843e-04
Loss = 1.1107e-03, PNorm = 39.1032, GNorm = 0.0810, lr_0 = 5.4986e-04
Validation cohen_k = 0.618045
Epoch 1
Loss = 8.6653e-04, PNorm = 39.1187, GNorm = 0.5269, lr_0 = 5.5128e-04
Loss = 6.1519e-04, PNorm = 39.1276, GNorm = 0.4017, lr_0 = 5.5271e-04
Loss = 1.7611e-04, PNorm = 39.1547, GNorm = 0.2572, lr_0 = 5.5414e-04
Loss = 1.2088e-03, PNorm = 39.1762, GNorm = 0.3596, lr_0 = 5.5557e-04
Loss = 8.2406e-04, PNorm = 39.2079, GNorm = 0.0294, lr_0 = 5.5700e-04
Loss = 8.2055e-04, PNorm = 39.2281, GNorm = 0.4558, lr_0 = 5.5842e-04
Loss = 7.0928e-04, PNorm = 39.2757, GNorm = 0.1721, lr_0 = 5.5985e-04
Loss = 8.5752e-04, PNorm = 39.3253, GNorm = 0.3477, lr_0 = 5.6128e-04
Loss = 7.1378e-04, PNorm = 39.3456, GNorm = 0.1230, lr_0 = 5.6271e-04
Loss = 2.5156e-04, PNorm = 39.3799, GNorm = 0.0843, lr_0 = 5.6413e-04
Loss = 1.2595e-03, PNorm = 39.3902, GNorm = 0.2706, lr_0 = 5.6556e-04
Loss = 7.0381e-04, PNorm = 39.4257, GNorm = 0.7826, lr_0 = 5.6699e-04
Loss = 1.3331e-03, PNorm = 39.4445, GNorm = 0.0871, lr_0 = 5.6842e-04
Loss = 8.4054e-04, PNorm = 39.4722, GNorm = 0.2342, lr_0 = 5.6984e-04
Loss = 6.5435e-04, PNorm = 39.5314, GNorm = 0.1312, lr_0 = 5.7127e-04
Loss = 5.5019e-04, PNorm = 39.5799, GNorm = 0.0311, lr_0 = 5.7270e-04
Loss = 6.3584e-04, PNorm = 39.6075, GNorm = 0.3516, lr_0 = 5.7413e-04
Loss = 6.4610e-04, PNorm = 39.6301, GNorm = 0.8411, lr_0 = 5.7556e-04
Loss = 6.0884e-04, PNorm = 39.6360, GNorm = 0.5412, lr_0 = 5.7698e-04
Loss = 5.9866e-04, PNorm = 39.6948, GNorm = 0.2097, lr_0 = 5.7841e-04
Loss = 6.8808e-04, PNorm = 39.7260, GNorm = 0.0550, lr_0 = 5.7984e-04
Loss = 4.6812e-04, PNorm = 39.7322, GNorm = 0.0814, lr_0 = 5.8127e-04
Loss = 1.1413e-03, PNorm = 39.7471, GNorm = 0.6839, lr_0 = 5.8269e-04
Loss = 7.5477e-04, PNorm = 39.7823, GNorm = 0.1470, lr_0 = 5.8412e-04
Loss = 9.6775e-04, PNorm = 39.8081, GNorm = 0.6668, lr_0 = 5.8555e-04
Loss = 8.2541e-04, PNorm = 39.8049, GNorm = 0.0443, lr_0 = 5.8698e-04
Loss = 7.9718e-04, PNorm = 39.8129, GNorm = 0.2988, lr_0 = 5.8840e-04
Loss = 2.1125e-04, PNorm = 39.8309, GNorm = 0.0528, lr_0 = 5.8983e-04
Loss = 1.6824e-03, PNorm = 39.8425, GNorm = 0.4527, lr_0 = 5.9126e-04
Loss = 4.5920e-04, PNorm = 39.8602, GNorm = 0.3499, lr_0 = 5.9269e-04
Loss = 1.1288e-03, PNorm = 39.8937, GNorm = 0.2319, lr_0 = 5.9411e-04
Loss = 1.2359e-03, PNorm = 39.9301, GNorm = 0.1517, lr_0 = 5.9554e-04
Loss = 4.3592e-04, PNorm = 39.9755, GNorm = 0.0238, lr_0 = 5.9697e-04
Loss = 1.4886e-03, PNorm = 39.9706, GNorm = 0.4255, lr_0 = 5.9840e-04
Loss = 7.1794e-04, PNorm = 40.0045, GNorm = 0.5574, lr_0 = 5.9983e-04
Loss = 1.1618e-03, PNorm = 40.0445, GNorm = 0.1733, lr_0 = 6.0125e-04
Loss = 5.9089e-04, PNorm = 40.0603, GNorm = 0.1130, lr_0 = 6.0268e-04
Loss = 1.1658e-03, PNorm = 40.0679, GNorm = 0.1306, lr_0 = 6.0411e-04
Loss = 6.3947e-04, PNorm = 40.0912, GNorm = 0.0408, lr_0 = 6.0554e-04
Loss = 9.7934e-04, PNorm = 40.1216, GNorm = 0.1973, lr_0 = 6.0696e-04
Loss = 8.8257e-04, PNorm = 40.1560, GNorm = 0.3608, lr_0 = 6.0839e-04
Loss = 5.0706e-04, PNorm = 40.1909, GNorm = 0.3486, lr_0 = 6.0982e-04
Loss = 4.6382e-04, PNorm = 40.2131, GNorm = 0.1313, lr_0 = 6.1125e-04
Loss = 1.2627e-03, PNorm = 40.2304, GNorm = 0.3117, lr_0 = 6.1267e-04
Loss = 9.6131e-04, PNorm = 40.2480, GNorm = 0.0404, lr_0 = 6.1410e-04
Loss = 9.2775e-04, PNorm = 40.2546, GNorm = 0.1293, lr_0 = 6.1553e-04
Loss = 9.6459e-04, PNorm = 40.2739, GNorm = 0.2010, lr_0 = 6.1696e-04
Loss = 7.0074e-04, PNorm = 40.2933, GNorm = 0.1395, lr_0 = 6.1839e-04
Loss = 3.5385e-04, PNorm = 40.3430, GNorm = 0.0251, lr_0 = 6.1981e-04
Loss = 4.3073e-04, PNorm = 40.3680, GNorm = 0.0967, lr_0 = 6.2124e-04
Loss = 3.9736e-04, PNorm = 40.3998, GNorm = 0.4231, lr_0 = 6.2267e-04
Loss = 2.2555e-04, PNorm = 40.4209, GNorm = 0.0251, lr_0 = 6.2410e-04
Loss = 1.2989e-03, PNorm = 40.4496, GNorm = 0.2728, lr_0 = 6.2552e-04
Loss = 6.0444e-04, PNorm = 40.4865, GNorm = 0.0899, lr_0 = 6.2695e-04
Loss = 1.2493e-04, PNorm = 40.5214, GNorm = 0.4263, lr_0 = 6.2838e-04
Loss = 1.1479e-03, PNorm = 40.5307, GNorm = 1.0503, lr_0 = 6.2981e-04
Loss = 8.1937e-04, PNorm = 40.5621, GNorm = 0.0168, lr_0 = 6.3123e-04
Loss = 1.0094e-03, PNorm = 40.5696, GNorm = 0.2154, lr_0 = 6.3266e-04
Loss = 6.9886e-04, PNorm = 40.5927, GNorm = 0.2484, lr_0 = 6.3409e-04
Loss = 2.6476e-04, PNorm = 40.6249, GNorm = 0.0238, lr_0 = 6.3552e-04
Loss = 6.5046e-04, PNorm = 40.6582, GNorm = 0.1333, lr_0 = 6.3694e-04
Loss = 9.3598e-04, PNorm = 40.6806, GNorm = 0.3288, lr_0 = 6.3837e-04
Loss = 7.8689e-04, PNorm = 40.6855, GNorm = 0.0466, lr_0 = 6.3980e-04
Loss = 6.6047e-04, PNorm = 40.7084, GNorm = 0.2128, lr_0 = 6.4123e-04
Loss = 1.1147e-03, PNorm = 40.7311, GNorm = 0.2674, lr_0 = 6.4266e-04
Loss = 9.5976e-04, PNorm = 40.7470, GNorm = 0.2899, lr_0 = 6.4408e-04
Loss = 8.3427e-04, PNorm = 40.7824, GNorm = 0.1308, lr_0 = 6.4551e-04
Loss = 3.1338e-04, PNorm = 40.8202, GNorm = 0.0251, lr_0 = 6.4694e-04
Loss = 3.1152e-04, PNorm = 40.8591, GNorm = 0.4004, lr_0 = 6.4837e-04
Loss = 1.0721e-03, PNorm = 40.8757, GNorm = 0.1502, lr_0 = 6.4979e-04
Loss = 6.1489e-04, PNorm = 40.9110, GNorm = 0.3950, lr_0 = 6.5122e-04
Loss = 7.5617e-04, PNorm = 40.9165, GNorm = 0.0969, lr_0 = 6.5265e-04
Loss = 7.4437e-04, PNorm = 40.9480, GNorm = 0.1991, lr_0 = 6.5408e-04
Loss = 1.6878e-03, PNorm = 40.9538, GNorm = 0.1822, lr_0 = 6.5550e-04
Loss = 1.2594e-03, PNorm = 40.9904, GNorm = 0.3500, lr_0 = 6.5693e-04
Loss = 3.0308e-04, PNorm = 41.0290, GNorm = 0.3661, lr_0 = 6.5836e-04
Loss = 3.9344e-04, PNorm = 41.0664, GNorm = 0.0524, lr_0 = 6.5979e-04
Loss = 1.1198e-03, PNorm = 41.0834, GNorm = 0.2833, lr_0 = 6.6122e-04
Loss = 7.8561e-04, PNorm = 41.1154, GNorm = 0.4677, lr_0 = 6.6264e-04
Loss = 7.1218e-04, PNorm = 41.1213, GNorm = 0.1057, lr_0 = 6.6407e-04
Loss = 7.8453e-04, PNorm = 41.1498, GNorm = 0.0898, lr_0 = 6.6550e-04
Loss = 5.4441e-04, PNorm = 41.1890, GNorm = 0.4345, lr_0 = 6.6693e-04
Loss = 9.7741e-04, PNorm = 41.2324, GNorm = 0.1228, lr_0 = 6.6835e-04
Loss = 6.8554e-04, PNorm = 41.2723, GNorm = 0.0463, lr_0 = 6.6978e-04
Loss = 5.1676e-04, PNorm = 41.2917, GNorm = 0.0896, lr_0 = 6.7121e-04
Loss = 7.0086e-04, PNorm = 41.2979, GNorm = 0.1187, lr_0 = 6.7264e-04
Loss = 7.5674e-04, PNorm = 41.3143, GNorm = 0.0710, lr_0 = 6.7406e-04
Loss = 1.7061e-04, PNorm = 41.3539, GNorm = 0.0374, lr_0 = 6.7549e-04
Loss = 1.1018e-04, PNorm = 41.3874, GNorm = 0.0150, lr_0 = 6.7692e-04
Loss = 9.3294e-04, PNorm = 41.3909, GNorm = 0.8701, lr_0 = 6.7835e-04
Loss = 8.5184e-04, PNorm = 41.3904, GNorm = 0.1958, lr_0 = 6.7977e-04
Loss = 6.6839e-04, PNorm = 41.4251, GNorm = 0.0333, lr_0 = 6.8120e-04
Loss = 8.1305e-04, PNorm = 41.4421, GNorm = 0.1256, lr_0 = 6.8263e-04
Loss = 1.0919e-03, PNorm = 41.4745, GNorm = 0.1761, lr_0 = 6.8406e-04
Loss = 1.0706e-03, PNorm = 41.5140, GNorm = 0.2368, lr_0 = 6.8549e-04
Loss = 9.0689e-04, PNorm = 41.5352, GNorm = 0.3589, lr_0 = 6.8691e-04
Loss = 6.9104e-04, PNorm = 41.5644, GNorm = 0.3826, lr_0 = 6.8834e-04
Loss = 8.7449e-04, PNorm = 41.5754, GNorm = 0.0620, lr_0 = 6.8977e-04
Loss = 2.1761e-04, PNorm = 41.6080, GNorm = 0.0299, lr_0 = 6.9120e-04
Loss = 9.3243e-04, PNorm = 41.6429, GNorm = 0.1339, lr_0 = 6.9262e-04
Loss = 6.8003e-04, PNorm = 41.6937, GNorm = 0.3799, lr_0 = 6.9405e-04
Loss = 6.4994e-04, PNorm = 41.7055, GNorm = 0.0399, lr_0 = 6.9548e-04
Loss = 6.9097e-04, PNorm = 41.7358, GNorm = 0.1152, lr_0 = 6.9691e-04
Loss = 5.0889e-04, PNorm = 41.7695, GNorm = 0.1653, lr_0 = 6.9833e-04
Loss = 6.5345e-04, PNorm = 41.8083, GNorm = 0.3738, lr_0 = 6.9976e-04
Loss = 8.6588e-04, PNorm = 41.8357, GNorm = 0.2967, lr_0 = 7.0119e-04
Loss = 5.2221e-04, PNorm = 41.8829, GNorm = 0.0205, lr_0 = 7.0262e-04
Loss = 8.6846e-04, PNorm = 41.9111, GNorm = 0.1375, lr_0 = 7.0405e-04
Loss = 5.5688e-04, PNorm = 41.9351, GNorm = 0.2948, lr_0 = 7.0547e-04
Loss = 1.0366e-03, PNorm = 41.9620, GNorm = 0.4822, lr_0 = 7.0690e-04
Loss = 5.7773e-04, PNorm = 41.9970, GNorm = 0.0474, lr_0 = 7.0833e-04
Loss = 1.8548e-04, PNorm = 42.0275, GNorm = 0.0171, lr_0 = 7.0976e-04
Loss = 8.1845e-04, PNorm = 42.0622, GNorm = 0.2890, lr_0 = 7.1118e-04
Loss = 7.1441e-04, PNorm = 42.0966, GNorm = 0.1281, lr_0 = 7.1261e-04
Loss = 8.0952e-04, PNorm = 42.1118, GNorm = 0.2414, lr_0 = 7.1404e-04
Loss = 9.3637e-04, PNorm = 42.1308, GNorm = 0.3022, lr_0 = 7.1547e-04
Loss = 2.2990e-04, PNorm = 42.1737, GNorm = 0.1293, lr_0 = 7.1689e-04
Loss = 6.9941e-04, PNorm = 42.2161, GNorm = 0.1473, lr_0 = 7.1832e-04
Loss = 7.9913e-04, PNorm = 42.2648, GNorm = 0.1180, lr_0 = 7.1975e-04
Loss = 1.5109e-03, PNorm = 42.2844, GNorm = 0.1172, lr_0 = 7.2118e-04
Loss = 2.5288e-04, PNorm = 42.3254, GNorm = 0.0743, lr_0 = 7.2260e-04
Loss = 7.7901e-04, PNorm = 42.3617, GNorm = 0.3037, lr_0 = 7.2403e-04
Loss = 2.6586e-04, PNorm = 42.3856, GNorm = 0.2030, lr_0 = 7.2546e-04
Loss = 4.5250e-04, PNorm = 42.4120, GNorm = 0.3786, lr_0 = 7.2689e-04
Loss = 1.0766e-03, PNorm = 42.4141, GNorm = 0.2407, lr_0 = 7.2832e-04
Loss = 6.4553e-04, PNorm = 42.4619, GNorm = 0.0382, lr_0 = 7.2974e-04
Loss = 7.3287e-04, PNorm = 42.4833, GNorm = 0.7074, lr_0 = 7.3117e-04
Loss = 4.0261e-04, PNorm = 42.5104, GNorm = 0.3876, lr_0 = 7.3260e-04
Loss = 5.7848e-04, PNorm = 42.5377, GNorm = 0.1531, lr_0 = 7.3403e-04
Loss = 3.2778e-04, PNorm = 42.5715, GNorm = 0.0222, lr_0 = 7.3545e-04
Loss = 1.4114e-03, PNorm = 42.5770, GNorm = 0.5332, lr_0 = 7.3688e-04
Loss = 6.6554e-04, PNorm = 42.6041, GNorm = 0.4300, lr_0 = 7.3831e-04
Loss = 5.9555e-04, PNorm = 42.6419, GNorm = 0.3289, lr_0 = 7.3974e-04
Loss = 2.7835e-04, PNorm = 42.6930, GNorm = 0.0387, lr_0 = 7.4116e-04
Loss = 1.2278e-03, PNorm = 42.7236, GNorm = 0.2653, lr_0 = 7.4259e-04
Loss = 2.5554e-04, PNorm = 42.7634, GNorm = 0.5566, lr_0 = 7.4402e-04
Loss = 7.1473e-04, PNorm = 42.7749, GNorm = 0.0137, lr_0 = 7.4545e-04
Loss = 2.2123e-04, PNorm = 42.7804, GNorm = 0.1867, lr_0 = 7.4688e-04
Loss = 4.8629e-04, PNorm = 42.8068, GNorm = 0.0525, lr_0 = 7.4830e-04
Loss = 2.2504e-04, PNorm = 42.8339, GNorm = 0.7615, lr_0 = 7.4973e-04
Loss = 8.2687e-04, PNorm = 42.8643, GNorm = 0.1095, lr_0 = 7.5116e-04
Loss = 6.9838e-04, PNorm = 42.8952, GNorm = 0.2157, lr_0 = 7.5259e-04
Loss = 2.5965e-04, PNorm = 42.9377, GNorm = 0.1271, lr_0 = 7.5401e-04
Loss = 4.8165e-04, PNorm = 42.9709, GNorm = 0.0176, lr_0 = 7.5544e-04
Loss = 6.0280e-04, PNorm = 42.9926, GNorm = 0.3063, lr_0 = 7.5687e-04
Loss = 6.7953e-04, PNorm = 43.0241, GNorm = 0.0512, lr_0 = 7.5830e-04
Loss = 4.4687e-04, PNorm = 43.0491, GNorm = 0.0444, lr_0 = 7.5972e-04
Loss = 4.0055e-04, PNorm = 43.0867, GNorm = 0.3532, lr_0 = 7.6115e-04
Loss = 2.5422e-04, PNorm = 43.1208, GNorm = 0.0780, lr_0 = 7.6258e-04
Loss = 8.8701e-04, PNorm = 43.1469, GNorm = 0.2791, lr_0 = 7.6401e-04
Loss = 2.4962e-04, PNorm = 43.1728, GNorm = 0.0234, lr_0 = 7.6543e-04
Loss = 7.3667e-04, PNorm = 43.1869, GNorm = 0.4672, lr_0 = 7.6686e-04
Loss = 3.4054e-04, PNorm = 43.2186, GNorm = 0.4141, lr_0 = 7.6829e-04
Loss = 6.4983e-04, PNorm = 43.2432, GNorm = 0.1349, lr_0 = 7.6972e-04
Loss = 6.2363e-04, PNorm = 43.2758, GNorm = 0.0353, lr_0 = 7.7115e-04
Loss = 4.2505e-04, PNorm = 43.3017, GNorm = 0.0312, lr_0 = 7.7257e-04
Loss = 1.8512e-04, PNorm = 43.3325, GNorm = 0.4647, lr_0 = 7.7400e-04
Loss = 3.7666e-04, PNorm = 43.3563, GNorm = 0.0457, lr_0 = 7.7543e-04
Loss = 1.2420e-04, PNorm = 43.3853, GNorm = 0.0233, lr_0 = 7.7686e-04
Loss = 6.1664e-04, PNorm = 43.3962, GNorm = 0.8140, lr_0 = 7.7828e-04
Loss = 1.0017e-03, PNorm = 43.3582, GNorm = 0.1267, lr_0 = 7.7971e-04
Loss = 5.2185e-04, PNorm = 43.3918, GNorm = 0.0967, lr_0 = 7.8114e-04
Loss = 4.9518e-04, PNorm = 43.4358, GNorm = 0.0434, lr_0 = 7.8257e-04
Loss = 5.8835e-04, PNorm = 43.4629, GNorm = 0.0627, lr_0 = 7.8399e-04
Loss = 7.5645e-04, PNorm = 43.4854, GNorm = 0.1117, lr_0 = 7.8542e-04
Loss = 7.6211e-04, PNorm = 43.5143, GNorm = 0.0571, lr_0 = 7.8685e-04
Loss = 1.0340e-03, PNorm = 43.5373, GNorm = 0.0435, lr_0 = 7.8828e-04
Loss = 4.8568e-04, PNorm = 43.5592, GNorm = 0.1232, lr_0 = 7.8970e-04
Loss = 6.6464e-04, PNorm = 43.5995, GNorm = 0.2849, lr_0 = 7.9113e-04
Loss = 6.0842e-04, PNorm = 43.6251, GNorm = 0.0524, lr_0 = 7.9256e-04
Loss = 9.9745e-05, PNorm = 43.6579, GNorm = 0.0179, lr_0 = 7.9399e-04
Loss = 2.4705e-04, PNorm = 43.6905, GNorm = 0.0314, lr_0 = 7.9542e-04
Loss = 2.3499e-04, PNorm = 43.7256, GNorm = 0.3938, lr_0 = 7.9684e-04
Loss = 5.0456e-04, PNorm = 43.7744, GNorm = 0.5114, lr_0 = 7.9827e-04
Loss = 1.4386e-04, PNorm = 43.7983, GNorm = 0.6081, lr_0 = 7.9970e-04
Loss = 9.8632e-04, PNorm = 43.7921, GNorm = 0.0498, lr_0 = 8.0113e-04
Loss = 4.2274e-04, PNorm = 43.8172, GNorm = 0.0638, lr_0 = 8.0255e-04
Loss = 5.4130e-04, PNorm = 43.8483, GNorm = 0.5272, lr_0 = 8.0398e-04
Loss = 1.0149e-03, PNorm = 43.8428, GNorm = 0.1677, lr_0 = 8.0541e-04
Loss = 1.0149e-03, PNorm = 43.8644, GNorm = 0.2454, lr_0 = 8.0684e-04
Loss = 4.6546e-04, PNorm = 43.9127, GNorm = 0.3187, lr_0 = 8.0826e-04
Loss = 4.6182e-04, PNorm = 43.9430, GNorm = 0.2295, lr_0 = 8.0969e-04
Loss = 4.7729e-04, PNorm = 43.9556, GNorm = 0.0526, lr_0 = 8.1112e-04
Loss = 8.1287e-04, PNorm = 43.9355, GNorm = 0.5436, lr_0 = 8.1255e-04
Loss = 5.6430e-04, PNorm = 43.9363, GNorm = 0.0436, lr_0 = 8.1398e-04
Loss = 4.9343e-04, PNorm = 43.9670, GNorm = 0.2638, lr_0 = 8.1540e-04
Loss = 3.3341e-04, PNorm = 44.0192, GNorm = 0.0089, lr_0 = 8.1683e-04
Loss = 8.6794e-04, PNorm = 44.0314, GNorm = 0.3250, lr_0 = 8.1826e-04
Loss = 6.7249e-04, PNorm = 44.0574, GNorm = 0.2436, lr_0 = 8.1969e-04
Loss = 1.1108e-03, PNorm = 44.1080, GNorm = 0.0347, lr_0 = 8.2111e-04
Loss = 7.0652e-04, PNorm = 44.1278, GNorm = 0.0678, lr_0 = 8.2254e-04
Loss = 3.5422e-04, PNorm = 44.1580, GNorm = 0.3432, lr_0 = 8.2397e-04
Loss = 3.5549e-04, PNorm = 44.1944, GNorm = 0.0240, lr_0 = 8.2540e-04
Loss = 3.5999e-04, PNorm = 44.2334, GNorm = 0.0438, lr_0 = 8.2682e-04
Loss = 1.4738e-03, PNorm = 44.2270, GNorm = 0.1323, lr_0 = 8.2825e-04
Loss = 3.1810e-04, PNorm = 44.2623, GNorm = 0.0767, lr_0 = 8.2968e-04
Loss = 4.5204e-04, PNorm = 44.3143, GNorm = 0.0962, lr_0 = 8.3111e-04
Loss = 1.9146e-04, PNorm = 44.3644, GNorm = 0.1789, lr_0 = 8.3253e-04
Loss = 2.9544e-04, PNorm = 44.4129, GNorm = 0.0325, lr_0 = 8.3396e-04
Loss = 5.1301e-04, PNorm = 44.4413, GNorm = 0.0250, lr_0 = 8.3539e-04
Loss = 4.9582e-04, PNorm = 44.4515, GNorm = 0.3699, lr_0 = 8.3682e-04
Loss = 4.4460e-04, PNorm = 44.4822, GNorm = 0.0493, lr_0 = 8.3825e-04
Loss = 4.5934e-04, PNorm = 44.5059, GNorm = 0.4010, lr_0 = 8.3967e-04
Loss = 6.9810e-05, PNorm = 44.5376, GNorm = 0.0256, lr_0 = 8.4110e-04
Loss = 1.0218e-03, PNorm = 44.5589, GNorm = 0.2710, lr_0 = 8.4253e-04
Loss = 8.6595e-04, PNorm = 44.6071, GNorm = 0.4651, lr_0 = 8.4396e-04
Loss = 2.3743e-04, PNorm = 44.6584, GNorm = 0.1051, lr_0 = 8.4538e-04
Loss = 1.4336e-03, PNorm = 44.6801, GNorm = 0.5403, lr_0 = 8.4681e-04
Loss = 5.5575e-04, PNorm = 44.7027, GNorm = 0.0906, lr_0 = 8.4824e-04
Loss = 3.2596e-04, PNorm = 44.7530, GNorm = 0.0307, lr_0 = 8.4967e-04
Loss = 6.6186e-04, PNorm = 44.7822, GNorm = 0.0715, lr_0 = 8.5109e-04
Loss = 4.1068e-04, PNorm = 44.8174, GNorm = 0.0656, lr_0 = 8.5252e-04
Loss = 9.9608e-04, PNorm = 44.8504, GNorm = 0.4457, lr_0 = 8.5395e-04
Loss = 5.7143e-04, PNorm = 44.8493, GNorm = 0.1392, lr_0 = 8.5538e-04
Loss = 8.3527e-04, PNorm = 44.8887, GNorm = 0.1791, lr_0 = 8.5681e-04
Loss = 6.9991e-04, PNorm = 44.9126, GNorm = 0.0701, lr_0 = 8.5823e-04
Loss = 5.3547e-04, PNorm = 44.9547, GNorm = 0.2397, lr_0 = 8.5966e-04
Loss = 3.0677e-04, PNorm = 44.9973, GNorm = 0.1155, lr_0 = 8.6109e-04
Loss = 4.2142e-04, PNorm = 45.0342, GNorm = 0.1421, lr_0 = 8.6252e-04
Loss = 4.7567e-04, PNorm = 45.0609, GNorm = 0.2133, lr_0 = 8.6394e-04
Loss = 3.1690e-04, PNorm = 45.1125, GNorm = 0.0136, lr_0 = 8.6537e-04
Loss = 7.1803e-04, PNorm = 45.1420, GNorm = 0.2659, lr_0 = 8.6680e-04
Loss = 4.2466e-04, PNorm = 45.1743, GNorm = 0.3557, lr_0 = 8.6823e-04
Loss = 5.5076e-04, PNorm = 45.1857, GNorm = 0.1514, lr_0 = 8.6965e-04
Loss = 2.1662e-04, PNorm = 45.2201, GNorm = 0.1201, lr_0 = 8.7108e-04
Loss = 5.8201e-04, PNorm = 45.2460, GNorm = 0.3762, lr_0 = 8.7251e-04
Loss = 9.3695e-04, PNorm = 45.2763, GNorm = 0.0061, lr_0 = 8.7394e-04
Loss = 3.3392e-04, PNorm = 45.2928, GNorm = 0.2484, lr_0 = 8.7536e-04
Loss = 3.4646e-04, PNorm = 45.3239, GNorm = 0.2653, lr_0 = 8.7679e-04
Loss = 1.8080e-04, PNorm = 45.3680, GNorm = 0.0533, lr_0 = 8.7822e-04
Loss = 1.3069e-04, PNorm = 45.3980, GNorm = 0.5725, lr_0 = 8.7965e-04
Loss = 5.5241e-04, PNorm = 45.3977, GNorm = 0.0503, lr_0 = 8.8108e-04
Loss = 5.8369e-04, PNorm = 45.4194, GNorm = 0.0222, lr_0 = 8.8250e-04
Loss = 3.6460e-04, PNorm = 45.4278, GNorm = 0.2856, lr_0 = 8.8393e-04
Loss = 6.0921e-04, PNorm = 45.4223, GNorm = 0.0684, lr_0 = 8.8536e-04
Loss = 5.7787e-04, PNorm = 45.4404, GNorm = 0.3630, lr_0 = 8.8679e-04
Loss = 6.8651e-04, PNorm = 45.4844, GNorm = 0.1645, lr_0 = 8.8821e-04
Loss = 4.2734e-04, PNorm = 45.5184, GNorm = 0.0120, lr_0 = 8.8964e-04
Loss = 4.0255e-04, PNorm = 45.5448, GNorm = 0.4280, lr_0 = 8.9107e-04
Loss = 1.6688e-04, PNorm = 45.5988, GNorm = 0.0341, lr_0 = 8.9250e-04
Loss = 2.3097e-04, PNorm = 45.6348, GNorm = 0.0127, lr_0 = 8.9392e-04
Loss = 4.8139e-04, PNorm = 45.6585, GNorm = 0.0259, lr_0 = 8.9535e-04
Loss = 2.1527e-04, PNorm = 45.6900, GNorm = 0.0094, lr_0 = 8.9678e-04
Loss = 4.8081e-04, PNorm = 45.7040, GNorm = 0.0294, lr_0 = 8.9821e-04
Loss = 1.2661e-03, PNorm = 45.7099, GNorm = 0.2232, lr_0 = 8.9964e-04
Loss = 4.9243e-04, PNorm = 45.7328, GNorm = 0.0272, lr_0 = 9.0106e-04
Loss = 3.8154e-04, PNorm = 45.7725, GNorm = 0.2034, lr_0 = 9.0249e-04
Loss = 6.7670e-04, PNorm = 45.8076, GNorm = 0.3877, lr_0 = 9.0392e-04
Loss = 4.3957e-04, PNorm = 45.8498, GNorm = 0.0688, lr_0 = 9.0535e-04
Loss = 7.0091e-04, PNorm = 45.8929, GNorm = 0.3873, lr_0 = 9.0677e-04
Loss = 8.4521e-04, PNorm = 45.9564, GNorm = 0.0917, lr_0 = 9.0820e-04
Loss = 6.1018e-04, PNorm = 46.0047, GNorm = 0.0191, lr_0 = 9.0963e-04
Loss = 3.5602e-04, PNorm = 46.0363, GNorm = 0.0293, lr_0 = 9.1106e-04
Loss = 7.4189e-04, PNorm = 46.0606, GNorm = 0.0422, lr_0 = 9.1248e-04
Loss = 9.7371e-04, PNorm = 46.0662, GNorm = 0.4416, lr_0 = 9.1391e-04
Loss = 6.0364e-04, PNorm = 46.1110, GNorm = 0.0454, lr_0 = 9.1534e-04
Loss = 7.7904e-04, PNorm = 46.1462, GNorm = 0.0715, lr_0 = 9.1677e-04
Loss = 4.8298e-04, PNorm = 46.1888, GNorm = 0.1234, lr_0 = 9.1819e-04
Loss = 2.9888e-04, PNorm = 46.2276, GNorm = 0.0224, lr_0 = 9.1962e-04
Loss = 8.5613e-04, PNorm = 46.2503, GNorm = 0.1488, lr_0 = 9.2105e-04
Loss = 5.6067e-04, PNorm = 46.2873, GNorm = 0.0708, lr_0 = 9.2248e-04
Loss = 5.2535e-04, PNorm = 46.3164, GNorm = 0.0228, lr_0 = 9.2391e-04
Loss = 4.2678e-04, PNorm = 46.3434, GNorm = 0.2224, lr_0 = 9.2533e-04
Loss = 2.5823e-04, PNorm = 46.3731, GNorm = 0.0178, lr_0 = 9.2676e-04
Loss = 9.1783e-05, PNorm = 46.4058, GNorm = 0.0651, lr_0 = 9.2819e-04
Loss = 3.7180e-04, PNorm = 46.4499, GNorm = 0.4560, lr_0 = 9.2962e-04
Loss = 5.0664e-04, PNorm = 46.4785, GNorm = 0.4659, lr_0 = 9.3104e-04
Loss = 1.8286e-04, PNorm = 46.5007, GNorm = 0.5275, lr_0 = 9.3247e-04
Loss = 9.1498e-04, PNorm = 46.4908, GNorm = 0.0609, lr_0 = 9.3390e-04
Loss = 5.3205e-04, PNorm = 46.5148, GNorm = 0.3094, lr_0 = 9.3533e-04
Loss = 8.8138e-04, PNorm = 46.5211, GNorm = 0.0653, lr_0 = 9.3675e-04
Loss = 4.1184e-04, PNorm = 46.5464, GNorm = 0.3511, lr_0 = 9.3818e-04
Loss = 6.2079e-04, PNorm = 46.5781, GNorm = 0.3284, lr_0 = 9.3961e-04
Loss = 7.3995e-04, PNorm = 46.6177, GNorm = 0.0908, lr_0 = 9.4104e-04
Loss = 5.6133e-04, PNorm = 46.6610, GNorm = 0.2028, lr_0 = 9.4247e-04
Loss = 3.5745e-04, PNorm = 46.7102, GNorm = 0.0441, lr_0 = 9.4389e-04
Loss = 4.2005e-04, PNorm = 46.7488, GNorm = 0.7070, lr_0 = 9.4532e-04
Loss = 5.0793e-04, PNorm = 46.7865, GNorm = 0.4092, lr_0 = 9.4675e-04
Loss = 4.3014e-04, PNorm = 46.8251, GNorm = 0.0587, lr_0 = 9.4818e-04
Loss = 5.2782e-04, PNorm = 46.8657, GNorm = 0.0893, lr_0 = 9.4960e-04
Loss = 3.9381e-04, PNorm = 46.9165, GNorm = 0.4630, lr_0 = 9.5103e-04
Loss = 1.7861e-04, PNorm = 46.9556, GNorm = 0.0146, lr_0 = 9.5246e-04
Loss = 4.3502e-04, PNorm = 46.9783, GNorm = 0.0158, lr_0 = 9.5389e-04
Loss = 1.4227e-03, PNorm = 46.9689, GNorm = 0.4547, lr_0 = 9.5531e-04
Loss = 4.9399e-04, PNorm = 46.9924, GNorm = 0.0379, lr_0 = 9.5674e-04
Loss = 1.4323e-03, PNorm = 47.0141, GNorm = 0.1868, lr_0 = 9.5817e-04
Loss = 7.3389e-04, PNorm = 47.0829, GNorm = 0.2797, lr_0 = 9.5960e-04
Loss = 4.6243e-04, PNorm = 47.1317, GNorm = 0.0909, lr_0 = 9.6102e-04
Loss = 7.6636e-04, PNorm = 47.1888, GNorm = 0.0461, lr_0 = 9.6245e-04
Loss = 5.3364e-04, PNorm = 47.2464, GNorm = 0.3052, lr_0 = 9.6388e-04
Loss = 5.4318e-04, PNorm = 47.2763, GNorm = 0.1139, lr_0 = 9.6531e-04
Loss = 2.1445e-04, PNorm = 47.3322, GNorm = 0.2139, lr_0 = 9.6674e-04
Loss = 1.4816e-03, PNorm = 47.3335, GNorm = 0.3977, lr_0 = 9.6816e-04
Loss = 6.6022e-04, PNorm = 47.4000, GNorm = 0.1639, lr_0 = 9.6959e-04
Loss = 7.0250e-04, PNorm = 47.4581, GNorm = 0.0737, lr_0 = 9.7102e-04
Loss = 6.9809e-04, PNorm = 47.4999, GNorm = 0.4375, lr_0 = 9.7245e-04
Loss = 4.0033e-04, PNorm = 47.5203, GNorm = 0.8212, lr_0 = 9.7387e-04
Loss = 4.1316e-04, PNorm = 47.5288, GNorm = 0.0801, lr_0 = 9.7530e-04
Loss = 2.2834e-04, PNorm = 47.5704, GNorm = 0.0322, lr_0 = 9.7673e-04
Loss = 1.1112e-03, PNorm = 47.5819, GNorm = 0.2627, lr_0 = 9.7816e-04
Loss = 7.9193e-04, PNorm = 47.5776, GNorm = 0.2330, lr_0 = 9.7958e-04
Loss = 2.7096e-04, PNorm = 47.6071, GNorm = 0.0397, lr_0 = 9.8101e-04
Loss = 6.4482e-04, PNorm = 47.6177, GNorm = 0.0358, lr_0 = 9.8244e-04
Loss = 7.7208e-04, PNorm = 47.6423, GNorm = 0.2890, lr_0 = 9.8387e-04
Loss = 1.9907e-04, PNorm = 47.6934, GNorm = 0.0177, lr_0 = 9.8530e-04
Loss = 3.4454e-04, PNorm = 47.7509, GNorm = 0.0282, lr_0 = 9.8672e-04
Loss = 1.3318e-04, PNorm = 47.8166, GNorm = 0.0401, lr_0 = 9.8815e-04
Loss = 3.9185e-04, PNorm = 47.8504, GNorm = 0.0032, lr_0 = 9.8958e-04
Loss = 7.8736e-04, PNorm = 47.8671, GNorm = 0.1749, lr_0 = 9.9101e-04
Loss = 1.6573e-04, PNorm = 47.9094, GNorm = 0.0424, lr_0 = 9.9243e-04
Loss = 1.7611e-04, PNorm = 47.9477, GNorm = 0.0048, lr_0 = 9.9386e-04
Loss = 3.3666e-04, PNorm = 47.9673, GNorm = 0.0694, lr_0 = 9.9529e-04
Loss = 3.1720e-04, PNorm = 47.9908, GNorm = 0.0174, lr_0 = 9.9672e-04
Loss = 6.4522e-04, PNorm = 47.9912, GNorm = 0.0307, lr_0 = 9.9814e-04
Loss = 2.8498e-04, PNorm = 48.0030, GNorm = 0.0126, lr_0 = 9.9957e-04
