Fold 0
{'activation': 'ReLU',
 'atom_messages': False,
 'batch_size': 50,
 'bias': False,
 'checkpoint_dir': None,
 'checkpoint_path': None,
 'checkpoint_paths': None,
 'config_path': None,
 'crossval_index_dir': None,
 'crossval_index_file': None,
 'cuda': True,
 'data_path': 'dataset/splitted_csv_files_mpnn_models/mitochondria_tr.csv',
 'dataset_type': 'classification',
 'depth': 3,
 'dropout': 0.0,
 'ensemble_size': 1,
 'epochs': 50,
 'features_generator': None,
 'features_only': False,
 'features_path': None,
 'features_scaling': True,
 'ffn_hidden_size': 300,
 'ffn_num_layers': 2,
 'final_lr': 0.0001,
 'folds_file': None,
 'gpu': None,
 'hidden_size': 300,
 'init_lr': 0.0001,
 'log_frequency': 10,
 'max_data_size': None,
 'max_lr': 0.001,
 'metric': 'cohen_k',
 'minimize_score': False,
 'multiclass_num_classes': 3,
 'no_cache': False,
 'num_folds': 1,
 'num_lrs': 1,
 'quiet': False,
 'save_dir': 'saved_models/mitochondria/fold_0',
 'save_smiles_splits': False,
 'seed': 0,
 'separate_test_features_path': None,
 'separate_test_path': 'dataset/splitted_csv_files_mpnn_models/mitochondria_te.csv',
 'separate_val_features_path': None,
 'separate_val_path': 'dataset/splitted_csv_files_mpnn_models/mitochondria_va.csv',
 'show_individual_scores': False,
 'split_sizes': [0.8, 0.1, 0.1],
 'split_type': 'random',
 'test': False,
 'test_fold_index': None,
 'undirected': False,
 'use_compound_names': False,
 'use_input_features': None,
 'val_fold_index': None,
 'warmup_epochs': 2.0}
Loading data
Number of tasks = 1
Splitting data with seed 0
Class sizes
Label 0: 93.61%, 1: 6.39%
Total size = 157,623 | train size = 157,623 | val size = 33,668 | test size = 33,758
Building model 0
MoleculeModel(
  (sigmoid): Sigmoid()
  (encoder): MPN(
    (encoder): MPNEncoder(
      (dropout_layer): Dropout(p=0.0, inplace=False)
      (act_func): ReLU()
      (W_i): Linear(in_features=147, out_features=300, bias=False)
      (W_h): Linear(in_features=300, out_features=300, bias=False)
      (W_o): Linear(in_features=433, out_features=300, bias=True)
    )
  )
  (ffn): Sequential(
    (0): Dropout(p=0.0, inplace=False)
    (1): Linear(in_features=300, out_features=300, bias=True)
    (2): ReLU()
    (3): Dropout(p=0.0, inplace=False)
    (4): Linear(in_features=300, out_features=1, bias=True)
  )
)
Number of parameters = 354,901
Moving model to cuda
Epoch 0
Loss = 1.0393e-02, PNorm = 34.0568, GNorm = 1.0499, lr_0 = 1.0157e-04
Loss = 5.6229e-03, PNorm = 34.0616, GNorm = 0.3656, lr_0 = 1.0300e-04
Loss = 4.8012e-03, PNorm = 34.0639, GNorm = 0.3263, lr_0 = 1.0443e-04
Loss = 5.9726e-03, PNorm = 34.0630, GNorm = 0.6559, lr_0 = 1.0585e-04
Loss = 5.8781e-03, PNorm = 34.0615, GNorm = 0.5714, lr_0 = 1.0728e-04
Loss = 4.7203e-03, PNorm = 34.0622, GNorm = 0.0910, lr_0 = 1.0871e-04
Loss = 5.2032e-03, PNorm = 34.0637, GNorm = 0.3655, lr_0 = 1.1014e-04
Loss = 5.6833e-03, PNorm = 34.0646, GNorm = 0.2611, lr_0 = 1.1156e-04
Loss = 4.9231e-03, PNorm = 34.0653, GNorm = 0.6507, lr_0 = 1.1299e-04
Loss = 5.2216e-03, PNorm = 34.0669, GNorm = 0.1376, lr_0 = 1.1442e-04
Loss = 5.4869e-03, PNorm = 34.0669, GNorm = 0.3586, lr_0 = 1.1585e-04
Loss = 3.7383e-03, PNorm = 34.0697, GNorm = 0.6593, lr_0 = 1.1727e-04
Loss = 5.7272e-03, PNorm = 34.0699, GNorm = 0.1275, lr_0 = 1.1870e-04
Loss = 5.0874e-03, PNorm = 34.0699, GNorm = 0.1112, lr_0 = 1.2013e-04
Loss = 4.2936e-03, PNorm = 34.0726, GNorm = 0.2296, lr_0 = 1.2156e-04
Loss = 5.6676e-03, PNorm = 34.0734, GNorm = 0.5610, lr_0 = 1.2299e-04
Loss = 6.1515e-03, PNorm = 34.0741, GNorm = 0.5620, lr_0 = 1.2441e-04
Loss = 4.9946e-03, PNorm = 34.0768, GNorm = 0.4542, lr_0 = 1.2584e-04
Loss = 5.1381e-03, PNorm = 34.0807, GNorm = 1.0017, lr_0 = 1.2727e-04
Loss = 4.9003e-03, PNorm = 34.0816, GNorm = 0.1656, lr_0 = 1.2870e-04
Loss = 3.4389e-03, PNorm = 34.0863, GNorm = 0.1773, lr_0 = 1.3012e-04
Loss = 4.5846e-03, PNorm = 34.0886, GNorm = 0.0919, lr_0 = 1.3155e-04
Loss = 5.1479e-03, PNorm = 34.0889, GNorm = 0.1939, lr_0 = 1.3298e-04
Loss = 4.2308e-03, PNorm = 34.0926, GNorm = 0.2300, lr_0 = 1.3441e-04
Loss = 4.3059e-03, PNorm = 34.0963, GNorm = 0.5726, lr_0 = 1.3583e-04
Loss = 5.1242e-03, PNorm = 34.0960, GNorm = 0.4813, lr_0 = 1.3726e-04
Loss = 4.8820e-03, PNorm = 34.0991, GNorm = 0.9784, lr_0 = 1.3869e-04
Loss = 4.7709e-03, PNorm = 34.1049, GNorm = 0.2210, lr_0 = 1.4012e-04
Loss = 4.5087e-03, PNorm = 34.1055, GNorm = 0.3419, lr_0 = 1.4155e-04
Loss = 4.2235e-03, PNorm = 34.1100, GNorm = 0.6222, lr_0 = 1.4297e-04
Loss = 5.0337e-03, PNorm = 34.1122, GNorm = 0.2535, lr_0 = 1.4440e-04
Loss = 5.3456e-03, PNorm = 34.1151, GNorm = 0.2580, lr_0 = 1.4583e-04
Loss = 4.7322e-03, PNorm = 34.1193, GNorm = 0.4741, lr_0 = 1.4726e-04
Loss = 4.0734e-03, PNorm = 34.1252, GNorm = 0.2963, lr_0 = 1.4868e-04
Loss = 5.3225e-03, PNorm = 34.1238, GNorm = 0.5227, lr_0 = 1.5011e-04
Loss = 3.9816e-03, PNorm = 34.1264, GNorm = 0.0927, lr_0 = 1.5154e-04
Loss = 4.4295e-03, PNorm = 34.1302, GNorm = 0.3136, lr_0 = 1.5297e-04
Loss = 4.7119e-03, PNorm = 34.1321, GNorm = 0.2149, lr_0 = 1.5439e-04
Loss = 4.5123e-03, PNorm = 34.1383, GNorm = 0.1483, lr_0 = 1.5582e-04
Loss = 3.1857e-03, PNorm = 34.1461, GNorm = 0.2821, lr_0 = 1.5725e-04
Loss = 5.4151e-03, PNorm = 34.1457, GNorm = 0.1886, lr_0 = 1.5868e-04
Loss = 4.7114e-03, PNorm = 34.1525, GNorm = 0.3682, lr_0 = 1.6010e-04
Loss = 4.3058e-03, PNorm = 34.1590, GNorm = 0.1672, lr_0 = 1.6153e-04
Loss = 4.1767e-03, PNorm = 34.1641, GNorm = 0.1467, lr_0 = 1.6296e-04
Loss = 5.4727e-03, PNorm = 34.1661, GNorm = 0.4719, lr_0 = 1.6439e-04
Loss = 4.9038e-03, PNorm = 34.1732, GNorm = 0.4634, lr_0 = 1.6582e-04
Loss = 5.5614e-03, PNorm = 34.1789, GNorm = 0.3663, lr_0 = 1.6724e-04
Loss = 3.9820e-03, PNorm = 34.1877, GNorm = 0.2024, lr_0 = 1.6867e-04
Loss = 5.3953e-03, PNorm = 34.1905, GNorm = 0.3644, lr_0 = 1.7010e-04
Loss = 3.6887e-03, PNorm = 34.2016, GNorm = 0.3165, lr_0 = 1.7153e-04
Loss = 4.8411e-03, PNorm = 34.2024, GNorm = 0.5298, lr_0 = 1.7295e-04
Loss = 4.6292e-03, PNorm = 34.2057, GNorm = 0.2717, lr_0 = 1.7438e-04
Loss = 4.3521e-03, PNorm = 34.2107, GNorm = 0.2200, lr_0 = 1.7581e-04
Loss = 4.6334e-03, PNorm = 34.2164, GNorm = 0.3151, lr_0 = 1.7724e-04
Loss = 4.6537e-03, PNorm = 34.2221, GNorm = 0.3329, lr_0 = 1.7866e-04
Loss = 4.6344e-03, PNorm = 34.2245, GNorm = 0.1986, lr_0 = 1.8009e-04
Loss = 4.0167e-03, PNorm = 34.2316, GNorm = 0.3710, lr_0 = 1.8152e-04
Loss = 5.4872e-03, PNorm = 34.2346, GNorm = 0.5336, lr_0 = 1.8295e-04
Loss = 4.8520e-03, PNorm = 34.2447, GNorm = 0.2557, lr_0 = 1.8438e-04
Loss = 5.3694e-03, PNorm = 34.2490, GNorm = 0.4996, lr_0 = 1.8580e-04
Loss = 4.5121e-03, PNorm = 34.2569, GNorm = 0.1615, lr_0 = 1.8723e-04
Loss = 4.1088e-03, PNorm = 34.2632, GNorm = 0.2661, lr_0 = 1.8866e-04
Loss = 4.2666e-03, PNorm = 34.2684, GNorm = 0.6191, lr_0 = 1.9009e-04
Loss = 4.8220e-03, PNorm = 34.2770, GNorm = 0.4709, lr_0 = 1.9151e-04
Loss = 4.2831e-03, PNorm = 34.2859, GNorm = 0.6378, lr_0 = 1.9294e-04
Loss = 3.6015e-03, PNorm = 34.2944, GNorm = 0.8316, lr_0 = 1.9437e-04
Loss = 4.6525e-03, PNorm = 34.3055, GNorm = 0.7234, lr_0 = 1.9580e-04
Loss = 4.7735e-03, PNorm = 34.3130, GNorm = 0.1260, lr_0 = 1.9722e-04
Loss = 4.5290e-03, PNorm = 34.3236, GNorm = 0.4680, lr_0 = 1.9865e-04
Loss = 3.8113e-03, PNorm = 34.3334, GNorm = 0.2027, lr_0 = 2.0008e-04
Loss = 4.7472e-03, PNorm = 34.3425, GNorm = 0.4239, lr_0 = 2.0151e-04
Loss = 4.8383e-03, PNorm = 34.3509, GNorm = 0.2471, lr_0 = 2.0293e-04
Loss = 4.7909e-03, PNorm = 34.3554, GNorm = 0.2129, lr_0 = 2.0436e-04
Loss = 5.1021e-03, PNorm = 34.3620, GNorm = 0.1787, lr_0 = 2.0579e-04
Loss = 5.0384e-03, PNorm = 34.3699, GNorm = 0.2605, lr_0 = 2.0722e-04
Loss = 5.1370e-03, PNorm = 34.3796, GNorm = 0.2347, lr_0 = 2.0865e-04
Loss = 4.0064e-03, PNorm = 34.3932, GNorm = 0.2960, lr_0 = 2.1007e-04
Loss = 4.0424e-03, PNorm = 34.3998, GNorm = 0.3002, lr_0 = 2.1150e-04
Loss = 4.4399e-03, PNorm = 34.4092, GNorm = 0.1596, lr_0 = 2.1293e-04
Loss = 4.4250e-03, PNorm = 34.4132, GNorm = 0.2512, lr_0 = 2.1436e-04
Loss = 4.6912e-03, PNorm = 34.4223, GNorm = 0.2682, lr_0 = 2.1578e-04
Loss = 4.5631e-03, PNorm = 34.4332, GNorm = 0.8375, lr_0 = 2.1721e-04
Loss = 4.8508e-03, PNorm = 34.4406, GNorm = 0.4696, lr_0 = 2.1864e-04
Loss = 3.9458e-03, PNorm = 34.4531, GNorm = 0.5594, lr_0 = 2.2007e-04
Loss = 5.0661e-03, PNorm = 34.4594, GNorm = 0.3555, lr_0 = 2.2149e-04
Loss = 4.4688e-03, PNorm = 34.4740, GNorm = 0.7713, lr_0 = 2.2292e-04
Loss = 3.8868e-03, PNorm = 34.4811, GNorm = 0.4378, lr_0 = 2.2435e-04
Loss = 3.0534e-03, PNorm = 34.4968, GNorm = 0.4858, lr_0 = 2.2578e-04
Loss = 3.8017e-03, PNorm = 34.4979, GNorm = 0.4110, lr_0 = 2.2720e-04
Loss = 5.5841e-03, PNorm = 34.5049, GNorm = 0.3807, lr_0 = 2.2863e-04
Loss = 5.3967e-03, PNorm = 34.5147, GNorm = 0.2789, lr_0 = 2.3006e-04
Loss = 4.4010e-03, PNorm = 34.5276, GNorm = 0.1480, lr_0 = 2.3149e-04
Loss = 4.4043e-03, PNorm = 34.5347, GNorm = 0.8769, lr_0 = 2.3292e-04
Loss = 4.0764e-03, PNorm = 34.5469, GNorm = 0.5265, lr_0 = 2.3434e-04
Loss = 4.6610e-03, PNorm = 34.5593, GNorm = 0.4582, lr_0 = 2.3577e-04
Loss = 4.4317e-03, PNorm = 34.5765, GNorm = 0.3350, lr_0 = 2.3720e-04
Loss = 3.6759e-03, PNorm = 34.5899, GNorm = 1.0087, lr_0 = 2.3863e-04
Loss = 4.9136e-03, PNorm = 34.5914, GNorm = 0.2455, lr_0 = 2.4005e-04
Loss = 4.4394e-03, PNorm = 34.6126, GNorm = 0.9172, lr_0 = 2.4148e-04
Loss = 4.8170e-03, PNorm = 34.6189, GNorm = 0.1477, lr_0 = 2.4291e-04
Loss = 4.3614e-03, PNorm = 34.6350, GNorm = 0.4553, lr_0 = 2.4434e-04
Loss = 4.4799e-03, PNorm = 34.6454, GNorm = 0.2047, lr_0 = 2.4576e-04
Loss = 3.8018e-03, PNorm = 34.6573, GNorm = 0.5882, lr_0 = 2.4719e-04
Loss = 4.2219e-03, PNorm = 34.6597, GNorm = 0.2139, lr_0 = 2.4862e-04
Loss = 4.5037e-03, PNorm = 34.6698, GNorm = 0.2764, lr_0 = 2.5005e-04
Loss = 5.2110e-03, PNorm = 34.6798, GNorm = 0.7548, lr_0 = 2.5148e-04
Loss = 4.2593e-03, PNorm = 34.6934, GNorm = 0.1849, lr_0 = 2.5290e-04
Loss = 3.8888e-03, PNorm = 34.7073, GNorm = 0.3520, lr_0 = 2.5433e-04
Loss = 4.7108e-03, PNorm = 34.7221, GNorm = 0.5568, lr_0 = 2.5576e-04
Loss = 4.2507e-03, PNorm = 34.7410, GNorm = 0.3316, lr_0 = 2.5719e-04
Loss = 4.5585e-03, PNorm = 34.7538, GNorm = 0.5375, lr_0 = 2.5861e-04
Loss = 4.8431e-03, PNorm = 34.7641, GNorm = 0.1794, lr_0 = 2.6004e-04
Loss = 4.6638e-03, PNorm = 34.7760, GNorm = 0.6688, lr_0 = 2.6147e-04
Loss = 3.9265e-03, PNorm = 34.7911, GNorm = 0.1816, lr_0 = 2.6290e-04
Loss = 4.1575e-03, PNorm = 34.7960, GNorm = 0.1906, lr_0 = 2.6432e-04
Loss = 4.7172e-03, PNorm = 34.8049, GNorm = 0.6250, lr_0 = 2.6575e-04
Loss = 5.3192e-03, PNorm = 34.8215, GNorm = 0.4543, lr_0 = 2.6718e-04
Loss = 5.3379e-03, PNorm = 34.8368, GNorm = 0.2897, lr_0 = 2.6861e-04
Loss = 5.0281e-03, PNorm = 34.8557, GNorm = 0.3611, lr_0 = 2.7003e-04
Loss = 4.5558e-03, PNorm = 34.8756, GNorm = 0.2504, lr_0 = 2.7146e-04
Loss = 3.9641e-03, PNorm = 34.8896, GNorm = 0.4302, lr_0 = 2.7289e-04
Loss = 4.8482e-03, PNorm = 34.9056, GNorm = 0.8559, lr_0 = 2.7432e-04
Loss = 4.8595e-03, PNorm = 34.9247, GNorm = 0.8292, lr_0 = 2.7575e-04
Loss = 4.9285e-03, PNorm = 34.9452, GNorm = 0.8894, lr_0 = 2.7717e-04
Loss = 4.6896e-03, PNorm = 34.9665, GNorm = 0.3971, lr_0 = 2.7860e-04
Loss = 4.0185e-03, PNorm = 34.9852, GNorm = 0.4675, lr_0 = 2.8003e-04
Loss = 4.1245e-03, PNorm = 35.0059, GNorm = 0.9631, lr_0 = 2.8146e-04
Loss = 4.1836e-03, PNorm = 35.0202, GNorm = 0.4868, lr_0 = 2.8288e-04
Loss = 4.2805e-03, PNorm = 35.0429, GNorm = 0.7113, lr_0 = 2.8431e-04
Loss = 5.0316e-03, PNorm = 35.0547, GNorm = 0.4179, lr_0 = 2.8574e-04
Loss = 4.3278e-03, PNorm = 35.0738, GNorm = 0.3010, lr_0 = 2.8717e-04
Loss = 3.8947e-03, PNorm = 35.0853, GNorm = 0.7204, lr_0 = 2.8859e-04
Loss = 4.6606e-03, PNorm = 35.0981, GNorm = 0.7772, lr_0 = 2.9002e-04
Loss = 4.1030e-03, PNorm = 35.1188, GNorm = 0.4427, lr_0 = 2.9145e-04
Loss = 3.6226e-03, PNorm = 35.1401, GNorm = 0.2957, lr_0 = 2.9288e-04
Loss = 2.8283e-03, PNorm = 35.1608, GNorm = 0.2330, lr_0 = 2.9431e-04
Loss = 3.2713e-03, PNorm = 35.1715, GNorm = 0.7846, lr_0 = 2.9573e-04
Loss = 4.7260e-03, PNorm = 35.1860, GNorm = 0.5400, lr_0 = 2.9716e-04
Loss = 2.9345e-03, PNorm = 35.2162, GNorm = 0.7384, lr_0 = 2.9859e-04
Loss = 4.1613e-03, PNorm = 35.2287, GNorm = 0.8788, lr_0 = 3.0002e-04
Loss = 3.6659e-03, PNorm = 35.2535, GNorm = 0.9212, lr_0 = 3.0144e-04
Loss = 3.2516e-03, PNorm = 35.2664, GNorm = 0.3805, lr_0 = 3.0287e-04
Loss = 3.9222e-03, PNorm = 35.2862, GNorm = 0.2500, lr_0 = 3.0430e-04
Loss = 4.4740e-03, PNorm = 35.3054, GNorm = 0.9926, lr_0 = 3.0573e-04
Loss = 3.4794e-03, PNorm = 35.3330, GNorm = 1.2121, lr_0 = 3.0715e-04
Loss = 4.0315e-03, PNorm = 35.3534, GNorm = 0.7482, lr_0 = 3.0858e-04
Loss = 3.1999e-03, PNorm = 35.3831, GNorm = 0.2974, lr_0 = 3.1001e-04
Loss = 4.7576e-03, PNorm = 35.3946, GNorm = 0.4890, lr_0 = 3.1144e-04
Loss = 3.4987e-03, PNorm = 35.4203, GNorm = 0.2771, lr_0 = 3.1286e-04
Loss = 4.4165e-03, PNorm = 35.4340, GNorm = 0.3971, lr_0 = 3.1429e-04
Loss = 3.7226e-03, PNorm = 35.4610, GNorm = 0.1932, lr_0 = 3.1572e-04
Loss = 3.0565e-03, PNorm = 35.4881, GNorm = 0.3890, lr_0 = 3.1715e-04
Loss = 3.9514e-03, PNorm = 35.5050, GNorm = 0.2600, lr_0 = 3.1858e-04
Loss = 3.7384e-03, PNorm = 35.5201, GNorm = 0.4031, lr_0 = 3.2000e-04
Loss = 4.7355e-03, PNorm = 35.5320, GNorm = 0.3881, lr_0 = 3.2143e-04
Loss = 4.3789e-03, PNorm = 35.5604, GNorm = 0.3161, lr_0 = 3.2286e-04
Loss = 3.9001e-03, PNorm = 35.5885, GNorm = 0.3437, lr_0 = 3.2429e-04
Loss = 3.7514e-03, PNorm = 35.6096, GNorm = 0.8508, lr_0 = 3.2571e-04
Loss = 4.4770e-03, PNorm = 35.6419, GNorm = 0.4547, lr_0 = 3.2714e-04
Loss = 4.7563e-03, PNorm = 35.6624, GNorm = 0.7178, lr_0 = 3.2857e-04
