Fold 0
{'activation': 'ReLU',
 'atom_messages': False,
 'batch_size': 50,
 'bias': False,
 'checkpoint_dir': None,
 'checkpoint_path': None,
 'checkpoint_paths': None,
 'config_path': None,
 'crossval_index_dir': None,
 'crossval_index_file': None,
 'cuda': True,
 'data_path': 'dataset/splitted_csv_files_mpnn_models/cell_junctions_tr.csv',
 'dataset_type': 'classification',
 'depth': 3,
 'dropout': 0.0,
 'ensemble_size': 1,
 'epochs': 50,
 'features_generator': None,
 'features_only': False,
 'features_path': None,
 'features_scaling': True,
 'ffn_hidden_size': 300,
 'ffn_num_layers': 2,
 'final_lr': 0.0001,
 'folds_file': None,
 'gpu': None,
 'hidden_size': 300,
 'init_lr': 0.0001,
 'log_frequency': 10,
 'max_data_size': None,
 'max_lr': 0.001,
 'metric': 'cohen_k',
 'minimize_score': False,
 'multiclass_num_classes': 3,
 'no_cache': False,
 'num_folds': 1,
 'num_lrs': 1,
 'quiet': False,
 'save_dir': 'saved_models/cell_junctions/fold_0',
 'save_smiles_splits': False,
 'seed': 0,
 'separate_test_features_path': None,
 'separate_test_path': 'dataset/splitted_csv_files_mpnn_models/cell_junctions_te.csv',
 'separate_val_features_path': None,
 'separate_val_path': 'dataset/splitted_csv_files_mpnn_models/cell_junctions_va.csv',
 'show_individual_scores': False,
 'split_sizes': [0.8, 0.1, 0.1],
 'split_type': 'random',
 'test': False,
 'test_fold_index': None,
 'undirected': False,
 'use_compound_names': False,
 'use_input_features': None,
 'val_fold_index': None,
 'warmup_epochs': 2.0}
Loading data
Number of tasks = 1
Splitting data with seed 0
Class sizes
Label 0: 97.25%, 1: 2.75%
Total size = 157,623 | train size = 157,623 | val size = 33,668 | test size = 33,758
Building model 0
MoleculeModel(
  (sigmoid): Sigmoid()
  (encoder): MPN(
    (encoder): MPNEncoder(
      (dropout_layer): Dropout(p=0.0, inplace=False)
      (act_func): ReLU()
      (W_i): Linear(in_features=147, out_features=300, bias=False)
      (W_h): Linear(in_features=300, out_features=300, bias=False)
      (W_o): Linear(in_features=433, out_features=300, bias=True)
    )
  )
  (ffn): Sequential(
    (0): Dropout(p=0.0, inplace=False)
    (1): Linear(in_features=300, out_features=300, bias=True)
    (2): ReLU()
    (3): Dropout(p=0.0, inplace=False)
    (4): Linear(in_features=300, out_features=1, bias=True)
  )
)
Number of parameters = 354,901
Moving model to cuda
Epoch 0
Loss = 8.4758e-03, PNorm = 33.9957, GNorm = 1.4102, lr_0 = 1.0157e-04
Loss = 2.8258e-03, PNorm = 34.0009, GNorm = 0.5362, lr_0 = 1.0300e-04
Loss = 3.0693e-03, PNorm = 34.0042, GNorm = 1.2921, lr_0 = 1.0443e-04
Loss = 2.8487e-03, PNorm = 34.0033, GNorm = 0.3215, lr_0 = 1.0585e-04
Loss = 1.6700e-03, PNorm = 34.0035, GNorm = 0.6539, lr_0 = 1.0728e-04
Loss = 2.8090e-03, PNorm = 34.0032, GNorm = 1.2842, lr_0 = 1.0871e-04
Loss = 3.5295e-03, PNorm = 34.0015, GNorm = 0.2584, lr_0 = 1.1014e-04
Loss = 2.4762e-03, PNorm = 34.0019, GNorm = 0.3111, lr_0 = 1.1156e-04
Loss = 1.9576e-03, PNorm = 34.0036, GNorm = 0.1517, lr_0 = 1.1299e-04
Loss = 2.1294e-03, PNorm = 34.0052, GNorm = 0.1188, lr_0 = 1.1442e-04
Loss = 2.2013e-03, PNorm = 34.0053, GNorm = 0.3768, lr_0 = 1.1585e-04
Loss = 2.3487e-03, PNorm = 34.0062, GNorm = 0.4278, lr_0 = 1.1727e-04
Loss = 2.2418e-03, PNorm = 34.0067, GNorm = 0.2762, lr_0 = 1.1870e-04
Loss = 2.0623e-03, PNorm = 34.0076, GNorm = 0.1760, lr_0 = 1.2013e-04
Loss = 3.2469e-03, PNorm = 34.0072, GNorm = 0.4701, lr_0 = 1.2156e-04
Loss = 2.7273e-03, PNorm = 34.0082, GNorm = 0.5254, lr_0 = 1.2299e-04
Loss = 2.4069e-03, PNorm = 34.0112, GNorm = 0.1077, lr_0 = 1.2441e-04
Loss = 1.9743e-03, PNorm = 34.0141, GNorm = 0.4229, lr_0 = 1.2584e-04
Loss = 2.8206e-03, PNorm = 34.0135, GNorm = 0.1624, lr_0 = 1.2727e-04
Loss = 1.8386e-03, PNorm = 34.0162, GNorm = 0.7215, lr_0 = 1.2870e-04
Loss = 8.5940e-04, PNorm = 34.0208, GNorm = 0.1173, lr_0 = 1.3012e-04
Loss = 2.8100e-03, PNorm = 34.0204, GNorm = 0.7355, lr_0 = 1.3155e-04
Loss = 2.9811e-03, PNorm = 34.0195, GNorm = 0.3192, lr_0 = 1.3298e-04
Loss = 2.1671e-03, PNorm = 34.0243, GNorm = 0.1363, lr_0 = 1.3441e-04
Loss = 1.8916e-03, PNorm = 34.0297, GNorm = 0.0677, lr_0 = 1.3583e-04
Loss = 3.5955e-03, PNorm = 34.0288, GNorm = 0.7912, lr_0 = 1.3726e-04
Loss = 3.0057e-03, PNorm = 34.0280, GNorm = 0.4851, lr_0 = 1.3869e-04
Loss = 2.2459e-03, PNorm = 34.0350, GNorm = 0.5778, lr_0 = 1.4012e-04
Loss = 1.7555e-03, PNorm = 34.0390, GNorm = 0.2548, lr_0 = 1.4155e-04
Loss = 2.2713e-03, PNorm = 34.0394, GNorm = 0.0577, lr_0 = 1.4297e-04
Loss = 2.7311e-03, PNorm = 34.0391, GNorm = 0.1329, lr_0 = 1.4440e-04
Loss = 3.6160e-03, PNorm = 34.0410, GNorm = 0.4467, lr_0 = 1.4583e-04
Loss = 2.5006e-03, PNorm = 34.0454, GNorm = 0.0964, lr_0 = 1.4726e-04
Loss = 3.4133e-03, PNorm = 34.0423, GNorm = 0.1439, lr_0 = 1.4868e-04
Loss = 2.7919e-03, PNorm = 34.0427, GNorm = 0.2840, lr_0 = 1.5011e-04
Loss = 2.0081e-03, PNorm = 34.0469, GNorm = 0.4217, lr_0 = 1.5154e-04
Loss = 2.7129e-03, PNorm = 34.0470, GNorm = 0.1980, lr_0 = 1.5297e-04
Loss = 2.4031e-03, PNorm = 34.0486, GNorm = 0.4590, lr_0 = 1.5439e-04
Loss = 2.7797e-03, PNorm = 34.0529, GNorm = 0.2579, lr_0 = 1.5582e-04
Loss = 1.8794e-03, PNorm = 34.0551, GNorm = 0.4455, lr_0 = 1.5725e-04
Loss = 2.1211e-03, PNorm = 34.0604, GNorm = 0.3595, lr_0 = 1.5868e-04
Loss = 2.7751e-03, PNorm = 34.0604, GNorm = 0.5536, lr_0 = 1.6010e-04
Loss = 2.1129e-03, PNorm = 34.0650, GNorm = 0.1683, lr_0 = 1.6153e-04
Loss = 2.4514e-03, PNorm = 34.0688, GNorm = 0.0719, lr_0 = 1.6296e-04
Loss = 3.1431e-03, PNorm = 34.0694, GNorm = 0.3763, lr_0 = 1.6439e-04
Loss = 2.2995e-03, PNorm = 34.0774, GNorm = 0.4454, lr_0 = 1.6582e-04
Loss = 2.8826e-03, PNorm = 34.0811, GNorm = 0.5117, lr_0 = 1.6724e-04
Loss = 2.5718e-03, PNorm = 34.0858, GNorm = 0.2956, lr_0 = 1.6867e-04
Loss = 2.9725e-03, PNorm = 34.0859, GNorm = 0.5583, lr_0 = 1.7010e-04
Loss = 1.8195e-03, PNorm = 34.0911, GNorm = 0.2773, lr_0 = 1.7153e-04
Loss = 2.8095e-03, PNorm = 34.0909, GNorm = 0.2180, lr_0 = 1.7295e-04
Loss = 1.9994e-03, PNorm = 34.0953, GNorm = 0.7029, lr_0 = 1.7438e-04
Loss = 2.3706e-03, PNorm = 34.0962, GNorm = 0.2383, lr_0 = 1.7581e-04
Loss = 3.2018e-03, PNorm = 34.0981, GNorm = 0.3960, lr_0 = 1.7724e-04
Loss = 2.0300e-03, PNorm = 34.1032, GNorm = 0.1061, lr_0 = 1.7866e-04
Loss = 2.8481e-03, PNorm = 34.1074, GNorm = 1.2579, lr_0 = 1.8009e-04
Loss = 2.6819e-03, PNorm = 34.1075, GNorm = 0.3652, lr_0 = 1.8152e-04
Loss = 2.3275e-03, PNorm = 34.1161, GNorm = 0.3595, lr_0 = 1.8295e-04
Loss = 1.3603e-03, PNorm = 34.1237, GNorm = 0.1814, lr_0 = 1.8438e-04
Loss = 2.7116e-03, PNorm = 34.1190, GNorm = 0.5378, lr_0 = 1.8580e-04
Loss = 1.5855e-03, PNorm = 34.1257, GNorm = 0.2681, lr_0 = 1.8723e-04
Loss = 2.1890e-03, PNorm = 34.1288, GNorm = 0.3168, lr_0 = 1.8866e-04
Loss = 2.7993e-03, PNorm = 34.1295, GNorm = 0.1877, lr_0 = 1.9009e-04
Loss = 2.1974e-03, PNorm = 34.1339, GNorm = 0.4975, lr_0 = 1.9151e-04
Loss = 2.2365e-03, PNorm = 34.1411, GNorm = 0.4015, lr_0 = 1.9294e-04
Loss = 1.7360e-03, PNorm = 34.1439, GNorm = 0.7065, lr_0 = 1.9437e-04
Loss = 1.2045e-03, PNorm = 34.1463, GNorm = 0.2815, lr_0 = 1.9580e-04
Loss = 2.4555e-03, PNorm = 34.1463, GNorm = 0.0710, lr_0 = 1.9722e-04
Loss = 1.1427e-03, PNorm = 34.1503, GNorm = 0.0763, lr_0 = 1.9865e-04
Loss = 2.6854e-03, PNorm = 34.1528, GNorm = 0.3690, lr_0 = 2.0008e-04
Loss = 3.2652e-03, PNorm = 34.1538, GNorm = 0.1385, lr_0 = 2.0151e-04
Loss = 2.8558e-03, PNorm = 34.1610, GNorm = 0.5501, lr_0 = 2.0293e-04
Loss = 2.1794e-03, PNorm = 34.1707, GNorm = 0.2329, lr_0 = 2.0436e-04
Loss = 2.8775e-03, PNorm = 34.1693, GNorm = 0.1933, lr_0 = 2.0579e-04
Loss = 2.2154e-03, PNorm = 34.1733, GNorm = 0.1544, lr_0 = 2.0722e-04
Loss = 2.5863e-03, PNorm = 34.1770, GNorm = 0.3598, lr_0 = 2.0865e-04
Loss = 2.0054e-03, PNorm = 34.1820, GNorm = 0.0460, lr_0 = 2.1007e-04
Loss = 2.1594e-03, PNorm = 34.1844, GNorm = 0.3202, lr_0 = 2.1150e-04
Loss = 2.9130e-03, PNorm = 34.1806, GNorm = 0.3156, lr_0 = 2.1293e-04
Loss = 2.6897e-03, PNorm = 34.1864, GNorm = 0.1321, lr_0 = 2.1436e-04
Loss = 2.0724e-03, PNorm = 34.1927, GNorm = 0.2664, lr_0 = 2.1578e-04
Loss = 2.0484e-03, PNorm = 34.1964, GNorm = 0.4030, lr_0 = 2.1721e-04
Loss = 1.1165e-03, PNorm = 34.2058, GNorm = 0.2057, lr_0 = 2.1864e-04
Loss = 2.0785e-03, PNorm = 34.2058, GNorm = 0.4012, lr_0 = 2.2007e-04
Loss = 2.5447e-03, PNorm = 34.2074, GNorm = 0.6124, lr_0 = 2.2149e-04
Loss = 2.5336e-03, PNorm = 34.2138, GNorm = 0.5838, lr_0 = 2.2292e-04
Loss = 2.5180e-03, PNorm = 34.2263, GNorm = 0.4576, lr_0 = 2.2435e-04
Loss = 2.1898e-03, PNorm = 34.2289, GNorm = 0.1764, lr_0 = 2.2578e-04
Loss = 2.4998e-03, PNorm = 34.2365, GNorm = 0.0941, lr_0 = 2.2720e-04
Loss = 1.4975e-03, PNorm = 34.2480, GNorm = 0.9458, lr_0 = 2.2863e-04
Loss = 2.2073e-03, PNorm = 34.2469, GNorm = 0.2514, lr_0 = 2.3006e-04
Loss = 2.5247e-03, PNorm = 34.2473, GNorm = 0.1824, lr_0 = 2.3149e-04
Loss = 3.1952e-03, PNorm = 34.2498, GNorm = 0.1490, lr_0 = 2.3292e-04
Loss = 2.5454e-03, PNorm = 34.2601, GNorm = 0.2394, lr_0 = 2.3434e-04
Loss = 2.8086e-03, PNorm = 34.2653, GNorm = 0.1720, lr_0 = 2.3577e-04
Loss = 2.4072e-03, PNorm = 34.2748, GNorm = 0.1399, lr_0 = 2.3720e-04
Loss = 2.2147e-03, PNorm = 34.2839, GNorm = 0.2863, lr_0 = 2.3863e-04
Loss = 2.6086e-03, PNorm = 34.2902, GNorm = 0.3871, lr_0 = 2.4005e-04
Loss = 2.3761e-03, PNorm = 34.2999, GNorm = 0.0770, lr_0 = 2.4148e-04
Loss = 1.1515e-03, PNorm = 34.3093, GNorm = 0.1620, lr_0 = 2.4291e-04
Loss = 2.2414e-03, PNorm = 34.3077, GNorm = 0.4184, lr_0 = 2.4434e-04
Loss = 1.7025e-03, PNorm = 34.3189, GNorm = 0.2938, lr_0 = 2.4576e-04
Loss = 2.4107e-03, PNorm = 34.3287, GNorm = 0.6141, lr_0 = 2.4719e-04
Loss = 2.5366e-03, PNorm = 34.3392, GNorm = 0.5439, lr_0 = 2.4862e-04
Loss = 2.2330e-03, PNorm = 34.3418, GNorm = 0.1602, lr_0 = 2.5005e-04
Loss = 2.5150e-03, PNorm = 34.3515, GNorm = 0.5115, lr_0 = 2.5148e-04
Loss = 2.4999e-03, PNorm = 34.3619, GNorm = 0.2233, lr_0 = 2.5290e-04
Loss = 2.7270e-03, PNorm = 34.3698, GNorm = 0.2753, lr_0 = 2.5433e-04
Loss = 1.7797e-03, PNorm = 34.3793, GNorm = 0.8038, lr_0 = 2.5576e-04
Loss = 2.8197e-03, PNorm = 34.3803, GNorm = 0.5100, lr_0 = 2.5719e-04
Loss = 2.7660e-03, PNorm = 34.3964, GNorm = 0.5205, lr_0 = 2.5861e-04
Loss = 1.7349e-03, PNorm = 34.4200, GNorm = 0.2836, lr_0 = 2.6004e-04
Loss = 2.6799e-03, PNorm = 34.4264, GNorm = 0.3034, lr_0 = 2.6147e-04
Loss = 1.6153e-03, PNorm = 34.4492, GNorm = 0.6566, lr_0 = 2.6290e-04
Loss = 3.9047e-03, PNorm = 34.4350, GNorm = 0.2971, lr_0 = 2.6432e-04
Loss = 2.5369e-03, PNorm = 34.4497, GNorm = 0.2622, lr_0 = 2.6575e-04
Loss = 2.3546e-03, PNorm = 34.4587, GNorm = 0.1128, lr_0 = 2.6718e-04
Loss = 1.6764e-03, PNorm = 34.4649, GNorm = 0.1850, lr_0 = 2.6861e-04
Loss = 2.4941e-03, PNorm = 34.4696, GNorm = 0.4445, lr_0 = 2.7003e-04
Loss = 2.1160e-03, PNorm = 34.4787, GNorm = 0.2977, lr_0 = 2.7146e-04
Loss = 2.4677e-03, PNorm = 34.4864, GNorm = 0.3857, lr_0 = 2.7289e-04
Loss = 2.4838e-03, PNorm = 34.5008, GNorm = 0.3589, lr_0 = 2.7432e-04
Loss = 3.5622e-03, PNorm = 34.5083, GNorm = 0.4302, lr_0 = 2.7575e-04
Loss = 2.4510e-03, PNorm = 34.5317, GNorm = 0.3271, lr_0 = 2.7717e-04
Loss = 2.2720e-03, PNorm = 34.5422, GNorm = 0.0880, lr_0 = 2.7860e-04
Loss = 2.5896e-03, PNorm = 34.5534, GNorm = 0.3140, lr_0 = 2.8003e-04
Loss = 3.0111e-03, PNorm = 34.5663, GNorm = 0.2376, lr_0 = 2.8146e-04
Loss = 2.3683e-03, PNorm = 34.5871, GNorm = 0.4701, lr_0 = 2.8288e-04
Loss = 3.6163e-03, PNorm = 34.5909, GNorm = 0.4879, lr_0 = 2.8431e-04
Loss = 2.1819e-03, PNorm = 34.6209, GNorm = 0.5176, lr_0 = 2.8574e-04
Loss = 2.8982e-03, PNorm = 34.6243, GNorm = 0.2701, lr_0 = 2.8717e-04
Loss = 2.2348e-03, PNorm = 34.6450, GNorm = 0.9819, lr_0 = 2.8859e-04
Loss = 2.3397e-03, PNorm = 34.6496, GNorm = 0.7279, lr_0 = 2.9002e-04
Loss = 1.8134e-03, PNorm = 34.6651, GNorm = 0.1026, lr_0 = 2.9145e-04
Loss = 1.7567e-03, PNorm = 34.6785, GNorm = 0.2262, lr_0 = 2.9288e-04
Loss = 2.7499e-03, PNorm = 34.6851, GNorm = 0.4350, lr_0 = 2.9431e-04
Loss = 2.0726e-03, PNorm = 34.6990, GNorm = 0.1025, lr_0 = 2.9573e-04
Loss = 1.1635e-03, PNorm = 34.7120, GNorm = 0.2485, lr_0 = 2.9716e-04
Loss = 3.0201e-03, PNorm = 34.7058, GNorm = 0.3927, lr_0 = 2.9859e-04
Loss = 2.1657e-03, PNorm = 34.7313, GNorm = 0.1073, lr_0 = 3.0002e-04
Loss = 2.2428e-03, PNorm = 34.7510, GNorm = 0.1418, lr_0 = 3.0144e-04
Loss = 1.7441e-03, PNorm = 34.7781, GNorm = 0.3549, lr_0 = 3.0287e-04
Loss = 2.5629e-03, PNorm = 34.7899, GNorm = 0.1516, lr_0 = 3.0430e-04
Loss = 3.1919e-03, PNorm = 34.7984, GNorm = 0.6813, lr_0 = 3.0573e-04
Loss = 2.6897e-03, PNorm = 34.8237, GNorm = 0.1018, lr_0 = 3.0715e-04
Loss = 2.1688e-03, PNorm = 34.8456, GNorm = 0.2197, lr_0 = 3.0858e-04
Loss = 2.6487e-03, PNorm = 34.8656, GNorm = 0.5667, lr_0 = 3.1001e-04
Loss = 2.8248e-03, PNorm = 34.8912, GNorm = 0.1466, lr_0 = 3.1144e-04
Loss = 3.0816e-03, PNorm = 34.9099, GNorm = 0.4486, lr_0 = 3.1286e-04
Loss = 1.8225e-03, PNorm = 34.9415, GNorm = 0.3230, lr_0 = 3.1429e-04
Loss = 1.3371e-03, PNorm = 34.9669, GNorm = 0.4436, lr_0 = 3.1572e-04
Loss = 2.5688e-03, PNorm = 34.9719, GNorm = 0.5244, lr_0 = 3.1715e-04
Loss = 2.5400e-03, PNorm = 34.9831, GNorm = 0.1177, lr_0 = 3.1858e-04
Loss = 2.0681e-03, PNorm = 34.9961, GNorm = 0.3394, lr_0 = 3.2000e-04
Loss = 3.2108e-03, PNorm = 34.9998, GNorm = 0.2097, lr_0 = 3.2143e-04
Loss = 1.9789e-03, PNorm = 35.0245, GNorm = 0.2390, lr_0 = 3.2286e-04
Loss = 2.4087e-03, PNorm = 35.0385, GNorm = 0.0874, lr_0 = 3.2429e-04
Loss = 2.2447e-03, PNorm = 35.0598, GNorm = 0.3481, lr_0 = 3.2571e-04
Loss = 2.2873e-03, PNorm = 35.0772, GNorm = 0.2386, lr_0 = 3.2714e-04
Loss = 3.4900e-03, PNorm = 35.0785, GNorm = 0.6125, lr_0 = 3.2857e-04
Loss = 2.1890e-03, PNorm = 35.1118, GNorm = 0.5216, lr_0 = 3.3000e-04
Loss = 2.5342e-03, PNorm = 35.1217, GNorm = 0.2649, lr_0 = 3.3142e-04
Loss = 1.5299e-03, PNorm = 35.1469, GNorm = 0.0992, lr_0 = 3.3285e-04
Loss = 3.1388e-03, PNorm = 35.1564, GNorm = 0.1063, lr_0 = 3.3428e-04
Loss = 1.6281e-03, PNorm = 35.1674, GNorm = 0.1163, lr_0 = 3.3571e-04
Loss = 1.5094e-03, PNorm = 35.1919, GNorm = 0.2672, lr_0 = 3.3714e-04
Loss = 2.3119e-03, PNorm = 35.2001, GNorm = 0.3731, lr_0 = 3.3856e-04
Loss = 2.2993e-03, PNorm = 35.2076, GNorm = 0.1139, lr_0 = 3.3999e-04
Loss = 2.2016e-03, PNorm = 35.2050, GNorm = 0.1989, lr_0 = 3.4142e-04
Loss = 1.6480e-03, PNorm = 35.2175, GNorm = 0.2466, lr_0 = 3.4285e-04
Loss = 1.5106e-03, PNorm = 35.2340, GNorm = 0.1533, lr_0 = 3.4427e-04
Loss = 2.2372e-03, PNorm = 35.2561, GNorm = 0.3385, lr_0 = 3.4570e-04
Loss = 2.7547e-03, PNorm = 35.2790, GNorm = 0.1042, lr_0 = 3.4713e-04
Loss = 2.6483e-03, PNorm = 35.3010, GNorm = 0.4570, lr_0 = 3.4856e-04
Loss = 2.9287e-03, PNorm = 35.3158, GNorm = 0.0824, lr_0 = 3.4998e-04
Loss = 2.4844e-03, PNorm = 35.3313, GNorm = 0.3945, lr_0 = 3.5141e-04
Loss = 2.4179e-03, PNorm = 35.3483, GNorm = 0.0970, lr_0 = 3.5284e-04
Loss = 2.3178e-03, PNorm = 35.3627, GNorm = 0.3664, lr_0 = 3.5427e-04
Loss = 1.5833e-03, PNorm = 35.3912, GNorm = 0.1868, lr_0 = 3.5569e-04
Loss = 2.2130e-03, PNorm = 35.4009, GNorm = 0.1839, lr_0 = 3.5712e-04
Loss = 2.2458e-03, PNorm = 35.4319, GNorm = 0.1534, lr_0 = 3.5855e-04
Loss = 2.6842e-03, PNorm = 35.4587, GNorm = 0.3452, lr_0 = 3.5998e-04
Loss = 2.1617e-03, PNorm = 35.4830, GNorm = 0.5075, lr_0 = 3.6141e-04
Loss = 1.9561e-03, PNorm = 35.5007, GNorm = 0.1247, lr_0 = 3.6283e-04
Loss = 2.5393e-03, PNorm = 35.5134, GNorm = 0.3534, lr_0 = 3.6426e-04
Loss = 3.1099e-03, PNorm = 35.5358, GNorm = 0.2878, lr_0 = 3.6569e-04
Loss = 1.8800e-03, PNorm = 35.5696, GNorm = 0.1880, lr_0 = 3.6712e-04
Loss = 1.2021e-03, PNorm = 35.5915, GNorm = 0.3130, lr_0 = 3.6854e-04
Loss = 3.7054e-03, PNorm = 35.5856, GNorm = 0.1481, lr_0 = 3.6997e-04
Loss = 2.6830e-03, PNorm = 35.6297, GNorm = 1.3141, lr_0 = 3.7140e-04
Loss = 2.2624e-03, PNorm = 35.6457, GNorm = 0.1891, lr_0 = 3.7283e-04
Loss = 2.4721e-03, PNorm = 35.6785, GNorm = 0.1134, lr_0 = 3.7425e-04
Loss = 1.9145e-03, PNorm = 35.7023, GNorm = 0.0809, lr_0 = 3.7568e-04
Loss = 2.0617e-03, PNorm = 35.7150, GNorm = 0.3429, lr_0 = 3.7711e-04
Loss = 2.2893e-03, PNorm = 35.7433, GNorm = 0.2464, lr_0 = 3.7854e-04
Loss = 2.1794e-03, PNorm = 35.7700, GNorm = 0.4336, lr_0 = 3.7997e-04
Loss = 1.5667e-03, PNorm = 35.7964, GNorm = 0.4288, lr_0 = 3.8139e-04
Loss = 2.9318e-03, PNorm = 35.7802, GNorm = 0.2236, lr_0 = 3.8282e-04
Loss = 2.5797e-03, PNorm = 35.7968, GNorm = 0.1449, lr_0 = 3.8425e-04
Loss = 2.2586e-03, PNorm = 35.8202, GNorm = 0.0916, lr_0 = 3.8568e-04
Loss = 2.4795e-03, PNorm = 35.8500, GNorm = 0.2706, lr_0 = 3.8710e-04
Loss = 2.4464e-03, PNorm = 35.8794, GNorm = 0.2953, lr_0 = 3.8853e-04
Loss = 2.6957e-03, PNorm = 35.9034, GNorm = 0.4154, lr_0 = 3.8996e-04
Loss = 1.7083e-03, PNorm = 35.9403, GNorm = 0.2821, lr_0 = 3.9139e-04
Loss = 2.5959e-03, PNorm = 35.9569, GNorm = 0.4425, lr_0 = 3.9281e-04
Loss = 2.0561e-03, PNorm = 35.9856, GNorm = 0.2463, lr_0 = 3.9424e-04
Loss = 2.0244e-03, PNorm = 36.0148, GNorm = 0.0958, lr_0 = 3.9567e-04
Loss = 2.3938e-03, PNorm = 36.0357, GNorm = 0.4380, lr_0 = 3.9710e-04
Loss = 2.0793e-03, PNorm = 36.0690, GNorm = 0.1882, lr_0 = 3.9852e-04
Loss = 1.6008e-03, PNorm = 36.0901, GNorm = 0.3512, lr_0 = 3.9995e-04
Loss = 1.8126e-03, PNorm = 36.1020, GNorm = 0.2429, lr_0 = 4.0138e-04
Loss = 2.3982e-03, PNorm = 36.1136, GNorm = 0.4829, lr_0 = 4.0281e-04
Loss = 2.1608e-03, PNorm = 36.1277, GNorm = 0.3573, lr_0 = 4.0424e-04
Loss = 2.4444e-03, PNorm = 36.1433, GNorm = 0.5363, lr_0 = 4.0566e-04
Loss = 1.7479e-03, PNorm = 36.1678, GNorm = 0.2724, lr_0 = 4.0709e-04
Loss = 3.4875e-03, PNorm = 36.1782, GNorm = 0.1740, lr_0 = 4.0852e-04
Loss = 1.8504e-03, PNorm = 36.2097, GNorm = 0.2166, lr_0 = 4.0995e-04
Loss = 1.6965e-03, PNorm = 36.2384, GNorm = 0.1505, lr_0 = 4.1137e-04
Loss = 1.6962e-03, PNorm = 36.2525, GNorm = 0.2672, lr_0 = 4.1280e-04
Loss = 1.8629e-03, PNorm = 36.2710, GNorm = 0.1789, lr_0 = 4.1423e-04
Loss = 2.5953e-03, PNorm = 36.3069, GNorm = 0.4392, lr_0 = 4.1566e-04
Loss = 1.7916e-03, PNorm = 36.3376, GNorm = 0.2658, lr_0 = 4.1708e-04
Loss = 2.2601e-03, PNorm = 36.3564, GNorm = 0.4026, lr_0 = 4.1851e-04
Loss = 2.0574e-03, PNorm = 36.4151, GNorm = 0.2972, lr_0 = 4.1994e-04
Loss = 1.4920e-03, PNorm = 36.4668, GNorm = 0.3430, lr_0 = 4.2137e-04
Loss = 2.1750e-03, PNorm = 36.4916, GNorm = 0.1850, lr_0 = 4.2280e-04
Loss = 1.4448e-03, PNorm = 36.5239, GNorm = 0.1198, lr_0 = 4.2422e-04
Loss = 3.1231e-03, PNorm = 36.5243, GNorm = 0.3693, lr_0 = 4.2565e-04
Loss = 1.2231e-03, PNorm = 36.5672, GNorm = 0.1191, lr_0 = 4.2708e-04
Loss = 3.2477e-03, PNorm = 36.5521, GNorm = 0.3817, lr_0 = 4.2851e-04
Loss = 3.1990e-03, PNorm = 36.5872, GNorm = 0.2207, lr_0 = 4.2993e-04
Loss = 3.3775e-03, PNorm = 36.6097, GNorm = 0.2034, lr_0 = 4.3136e-04
Loss = 2.6666e-03, PNorm = 36.6420, GNorm = 0.3248, lr_0 = 4.3279e-04
Loss = 1.5973e-03, PNorm = 36.6843, GNorm = 0.1527, lr_0 = 4.3422e-04
Loss = 3.5110e-03, PNorm = 36.6899, GNorm = 0.3860, lr_0 = 4.3564e-04
Loss = 2.3315e-03, PNorm = 36.7238, GNorm = 0.1312, lr_0 = 4.3707e-04
Loss = 2.0136e-03, PNorm = 36.7475, GNorm = 0.1079, lr_0 = 4.3850e-04
Loss = 2.1940e-03, PNorm = 36.7721, GNorm = 0.2700, lr_0 = 4.3993e-04
Loss = 2.4210e-03, PNorm = 36.8077, GNorm = 0.1910, lr_0 = 4.4135e-04
Loss = 2.3596e-03, PNorm = 36.8392, GNorm = 0.2977, lr_0 = 4.4278e-04
Loss = 2.5559e-03, PNorm = 36.8798, GNorm = 1.0220, lr_0 = 4.4421e-04
Loss = 1.9402e-03, PNorm = 36.9248, GNorm = 0.2960, lr_0 = 4.4564e-04
Loss = 1.6767e-03, PNorm = 36.9595, GNorm = 0.3415, lr_0 = 4.4707e-04
Loss = 1.6751e-03, PNorm = 36.9851, GNorm = 0.4042, lr_0 = 4.4849e-04
Loss = 2.1387e-03, PNorm = 36.9983, GNorm = 0.6009, lr_0 = 4.4992e-04
Loss = 1.9858e-03, PNorm = 37.0368, GNorm = 0.4677, lr_0 = 4.5135e-04
Loss = 1.4059e-03, PNorm = 37.0643, GNorm = 0.1574, lr_0 = 4.5278e-04
Loss = 1.5189e-03, PNorm = 37.0893, GNorm = 0.2662, lr_0 = 4.5420e-04
Loss = 1.8433e-03, PNorm = 37.1302, GNorm = 0.5909, lr_0 = 4.5563e-04
Loss = 1.9237e-03, PNorm = 37.1737, GNorm = 0.4899, lr_0 = 4.5706e-04
Loss = 2.3024e-03, PNorm = 37.2013, GNorm = 0.2152, lr_0 = 4.5849e-04
Loss = 2.9211e-03, PNorm = 37.2148, GNorm = 0.9855, lr_0 = 4.5991e-04
Loss = 2.6757e-03, PNorm = 37.2664, GNorm = 0.1093, lr_0 = 4.6134e-04
Loss = 1.6749e-03, PNorm = 37.2998, GNorm = 0.4575, lr_0 = 4.6277e-04
Loss = 3.2020e-03, PNorm = 37.3159, GNorm = 0.3410, lr_0 = 4.6420e-04
Loss = 2.3193e-03, PNorm = 37.3590, GNorm = 0.3361, lr_0 = 4.6563e-04
Loss = 2.3051e-03, PNorm = 37.4010, GNorm = 0.3352, lr_0 = 4.6705e-04
Loss = 2.3321e-03, PNorm = 37.4277, GNorm = 0.3842, lr_0 = 4.6848e-04
Loss = 1.4999e-03, PNorm = 37.4747, GNorm = 0.1845, lr_0 = 4.6991e-04
Loss = 7.2115e-04, PNorm = 37.5135, GNorm = 0.0682, lr_0 = 4.7134e-04
Loss = 1.7545e-03, PNorm = 37.5298, GNorm = 0.1708, lr_0 = 4.7276e-04
Loss = 1.6076e-03, PNorm = 37.5680, GNorm = 0.1363, lr_0 = 4.7419e-04
Loss = 1.5466e-03, PNorm = 37.5960, GNorm = 0.9758, lr_0 = 4.7562e-04
Loss = 2.2097e-03, PNorm = 37.6180, GNorm = 0.1637, lr_0 = 4.7705e-04
Loss = 2.0565e-03, PNorm = 37.6596, GNorm = 0.3548, lr_0 = 4.7847e-04
Loss = 2.3132e-03, PNorm = 37.6778, GNorm = 0.3209, lr_0 = 4.7990e-04
Loss = 1.5705e-03, PNorm = 37.6924, GNorm = 0.2036, lr_0 = 4.8133e-04
Loss = 2.0620e-03, PNorm = 37.7025, GNorm = 0.2484, lr_0 = 4.8276e-04
Loss = 1.9618e-03, PNorm = 37.7408, GNorm = 0.3320, lr_0 = 4.8418e-04
Loss = 2.4246e-03, PNorm = 37.7972, GNorm = 0.2353, lr_0 = 4.8561e-04
Loss = 2.2991e-03, PNorm = 37.8321, GNorm = 0.2194, lr_0 = 4.8704e-04
Loss = 1.8420e-03, PNorm = 37.8653, GNorm = 0.2603, lr_0 = 4.8847e-04
Loss = 2.0948e-03, PNorm = 37.8993, GNorm = 0.3634, lr_0 = 4.8990e-04
Loss = 1.6978e-03, PNorm = 37.9268, GNorm = 0.5568, lr_0 = 4.9132e-04
Loss = 1.8343e-03, PNorm = 37.9531, GNorm = 0.5385, lr_0 = 4.9275e-04
Loss = 2.3322e-03, PNorm = 37.9636, GNorm = 0.5900, lr_0 = 4.9418e-04
Loss = 2.2926e-03, PNorm = 37.9952, GNorm = 0.1741, lr_0 = 4.9561e-04
Loss = 2.3169e-03, PNorm = 37.9924, GNorm = 0.3054, lr_0 = 4.9703e-04
Loss = 1.6431e-03, PNorm = 38.0160, GNorm = 0.2043, lr_0 = 4.9846e-04
Loss = 1.2546e-03, PNorm = 38.0450, GNorm = 0.1689, lr_0 = 4.9989e-04
Loss = 1.6608e-03, PNorm = 38.0583, GNorm = 0.3055, lr_0 = 5.0132e-04
Loss = 2.4057e-03, PNorm = 38.0980, GNorm = 0.8386, lr_0 = 5.0274e-04
Loss = 1.8301e-03, PNorm = 38.1451, GNorm = 0.1482, lr_0 = 5.0417e-04
Loss = 1.9209e-03, PNorm = 38.1673, GNorm = 0.4501, lr_0 = 5.0560e-04
Loss = 1.5152e-03, PNorm = 38.2223, GNorm = 0.2835, lr_0 = 5.0703e-04
Loss = 1.0617e-03, PNorm = 38.2461, GNorm = 0.1079, lr_0 = 5.0845e-04
Loss = 2.2250e-03, PNorm = 38.2638, GNorm = 0.2893, lr_0 = 5.0988e-04
Loss = 1.7518e-03, PNorm = 38.2990, GNorm = 0.5844, lr_0 = 5.1131e-04
Loss = 1.6285e-03, PNorm = 38.3058, GNorm = 0.3475, lr_0 = 5.1274e-04
Loss = 1.9347e-03, PNorm = 38.3145, GNorm = 0.1355, lr_0 = 5.1417e-04
Loss = 2.2558e-03, PNorm = 38.3372, GNorm = 0.2356, lr_0 = 5.1559e-04
Loss = 2.1024e-03, PNorm = 38.3912, GNorm = 0.5042, lr_0 = 5.1702e-04
Loss = 2.6298e-03, PNorm = 38.4573, GNorm = 0.2554, lr_0 = 5.1845e-04
Loss = 1.8560e-03, PNorm = 38.5198, GNorm = 0.3722, lr_0 = 5.1988e-04
Loss = 1.6517e-03, PNorm = 38.5714, GNorm = 0.2826, lr_0 = 5.2130e-04
Loss = 1.3376e-03, PNorm = 38.6152, GNorm = 0.1134, lr_0 = 5.2273e-04
Loss = 1.7125e-03, PNorm = 38.6386, GNorm = 0.3583, lr_0 = 5.2416e-04
Loss = 1.9046e-03, PNorm = 38.6707, GNorm = 0.2785, lr_0 = 5.2559e-04
Loss = 1.6152e-03, PNorm = 38.6926, GNorm = 1.4676, lr_0 = 5.2701e-04
Loss = 1.9056e-03, PNorm = 38.6923, GNorm = 0.6797, lr_0 = 5.2844e-04
Loss = 2.4736e-03, PNorm = 38.6931, GNorm = 0.1899, lr_0 = 5.2987e-04
Loss = 1.9792e-03, PNorm = 38.7360, GNorm = 0.3107, lr_0 = 5.3130e-04
