Fold 0
{'activation': 'ReLU',
 'atom_messages': False,
 'batch_size': 50,
 'bias': False,
 'checkpoint_dir': None,
 'checkpoint_path': None,
 'checkpoint_paths': None,
 'config_path': None,
 'crossval_index_dir': None,
 'crossval_index_file': None,
 'cuda': True,
 'data_path': 'dataset/splitted_csv_files_mpnn_models/cytokinetic_bridge_tr.csv',
 'dataset_type': 'classification',
 'depth': 3,
 'dropout': 0.0,
 'ensemble_size': 1,
 'epochs': 50,
 'features_generator': None,
 'features_only': False,
 'features_path': None,
 'features_scaling': True,
 'ffn_hidden_size': 300,
 'ffn_num_layers': 2,
 'final_lr': 0.0001,
 'folds_file': None,
 'gpu': None,
 'hidden_size': 300,
 'init_lr': 0.0001,
 'log_frequency': 10,
 'max_data_size': None,
 'max_lr': 0.001,
 'metric': 'cohen_k',
 'minimize_score': False,
 'multiclass_num_classes': 3,
 'no_cache': False,
 'num_folds': 1,
 'num_lrs': 1,
 'quiet': False,
 'save_dir': 'saved_models/cytokinetic_bridge/fold_0',
 'save_smiles_splits': False,
 'seed': 0,
 'separate_test_features_path': None,
 'separate_test_path': 'dataset/splitted_csv_files_mpnn_models/cytokinetic_bridge_te.csv',
 'separate_val_features_path': None,
 'separate_val_path': 'dataset/splitted_csv_files_mpnn_models/cytokinetic_bridge_va.csv',
 'show_individual_scores': False,
 'split_sizes': [0.8, 0.1, 0.1],
 'split_type': 'random',
 'test': False,
 'test_fold_index': None,
 'undirected': False,
 'use_compound_names': False,
 'use_input_features': None,
 'val_fold_index': None,
 'warmup_epochs': 2.0}
Loading data
Number of tasks = 1
Splitting data with seed 0
Class sizes
Label 0: 99.63%, 1: 0.37%
Total size = 157,623 | train size = 157,623 | val size = 33,668 | test size = 33,758
Building model 0
MoleculeModel(
  (sigmoid): Sigmoid()
  (encoder): MPN(
    (encoder): MPNEncoder(
      (dropout_layer): Dropout(p=0.0, inplace=False)
      (act_func): ReLU()
      (W_i): Linear(in_features=147, out_features=300, bias=False)
      (W_h): Linear(in_features=300, out_features=300, bias=False)
      (W_o): Linear(in_features=433, out_features=300, bias=True)
    )
  )
  (ffn): Sequential(
    (0): Dropout(p=0.0, inplace=False)
    (1): Linear(in_features=300, out_features=300, bias=True)
    (2): ReLU()
    (3): Dropout(p=0.0, inplace=False)
    (4): Linear(in_features=300, out_features=1, bias=True)
  )
)
Number of parameters = 354,901
Moving model to cuda
Epoch 0
Loss = 9.7058e-03, PNorm = 33.9445, GNorm = 2.1143, lr_0 = 1.0157e-04
Loss = 2.4535e-03, PNorm = 33.9498, GNorm = 0.3298, lr_0 = 1.0300e-04
Loss = 4.6296e-04, PNorm = 33.9547, GNorm = 0.2053, lr_0 = 1.0443e-04
Loss = 1.3403e-04, PNorm = 33.9583, GNorm = 0.0782, lr_0 = 1.0585e-04
Loss = 1.1367e-03, PNorm = 33.9596, GNorm = 0.0503, lr_0 = 1.0728e-04
Loss = 1.0384e-03, PNorm = 33.9589, GNorm = 0.0665, lr_0 = 1.0871e-04
Loss = 3.2525e-04, PNorm = 33.9586, GNorm = 0.0755, lr_0 = 1.1014e-04
Loss = 8.1019e-05, PNorm = 33.9592, GNorm = 0.0737, lr_0 = 1.1156e-04
Loss = 5.9824e-05, PNorm = 33.9603, GNorm = 0.0620, lr_0 = 1.1299e-04
Loss = 4.2495e-05, PNorm = 33.9617, GNorm = 0.0362, lr_0 = 1.1442e-04
Loss = 3.1300e-05, PNorm = 33.9631, GNorm = 0.0287, lr_0 = 1.1585e-04
Loss = 3.1917e-04, PNorm = 33.9635, GNorm = 0.0184, lr_0 = 1.1727e-04
Loss = 2.1505e-05, PNorm = 33.9639, GNorm = 0.0212, lr_0 = 1.1870e-04
Loss = 9.8866e-04, PNorm = 33.9637, GNorm = 1.1296, lr_0 = 1.2013e-04
Loss = 1.1932e-03, PNorm = 33.9604, GNorm = 0.3563, lr_0 = 1.2156e-04
Loss = 3.3500e-04, PNorm = 33.9601, GNorm = 0.3340, lr_0 = 1.2299e-04
Loss = 1.0796e-04, PNorm = 33.9615, GNorm = 0.0894, lr_0 = 1.2441e-04
Loss = 3.2154e-04, PNorm = 33.9637, GNorm = 0.0502, lr_0 = 1.2584e-04
Loss = 8.4119e-04, PNorm = 33.9635, GNorm = 0.0703, lr_0 = 1.2727e-04
Loss = 8.0238e-04, PNorm = 33.9639, GNorm = 0.3802, lr_0 = 1.2870e-04
Loss = 3.3401e-04, PNorm = 33.9643, GNorm = 0.0999, lr_0 = 1.3012e-04
Loss = 5.6845e-04, PNorm = 33.9657, GNorm = 0.0884, lr_0 = 1.3155e-04
Loss = 8.4502e-05, PNorm = 33.9685, GNorm = 0.0641, lr_0 = 1.3298e-04
Loss = 5.4791e-04, PNorm = 33.9701, GNorm = 0.0501, lr_0 = 1.3441e-04
Loss = 5.5292e-04, PNorm = 33.9702, GNorm = 0.0518, lr_0 = 1.3583e-04
Loss = 5.4206e-04, PNorm = 33.9698, GNorm = 0.3815, lr_0 = 1.3726e-04
Loss = 7.8165e-05, PNorm = 33.9709, GNorm = 0.0665, lr_0 = 1.3869e-04
Loss = 1.4673e-03, PNorm = 33.9695, GNorm = 0.1305, lr_0 = 1.4012e-04
Loss = 3.3168e-04, PNorm = 33.9710, GNorm = 0.1248, lr_0 = 1.4155e-04
Loss = 3.2648e-04, PNorm = 33.9753, GNorm = 0.0769, lr_0 = 1.4297e-04
Loss = 1.0787e-03, PNorm = 33.9757, GNorm = 0.0923, lr_0 = 1.4440e-04
Loss = 7.5879e-04, PNorm = 33.9760, GNorm = 0.1511, lr_0 = 1.4583e-04
Loss = 5.4325e-04, PNorm = 33.9801, GNorm = 0.1092, lr_0 = 1.4726e-04
Loss = 7.5809e-05, PNorm = 33.9860, GNorm = 0.0461, lr_0 = 1.4868e-04
Loss = 8.1788e-04, PNorm = 33.9888, GNorm = 1.0100, lr_0 = 1.5011e-04
Loss = 3.3770e-04, PNorm = 33.9872, GNorm = 0.0960, lr_0 = 1.5154e-04
Loss = 5.2191e-04, PNorm = 33.9896, GNorm = 0.0883, lr_0 = 1.5297e-04
Loss = 6.7321e-05, PNorm = 33.9948, GNorm = 0.0518, lr_0 = 1.5439e-04
Loss = 9.8148e-04, PNorm = 33.9957, GNorm = 0.0846, lr_0 = 1.5582e-04
Loss = 8.7299e-05, PNorm = 34.0008, GNorm = 0.0749, lr_0 = 1.5725e-04
Loss = 2.9304e-04, PNorm = 34.0062, GNorm = 0.0425, lr_0 = 1.5868e-04
Loss = 2.3291e-05, PNorm = 34.0119, GNorm = 0.0186, lr_0 = 1.6010e-04
Loss = 6.7223e-04, PNorm = 34.0075, GNorm = 0.0384, lr_0 = 1.6153e-04
Loss = 5.7373e-04, PNorm = 34.0016, GNorm = 0.1255, lr_0 = 1.6296e-04
Loss = 7.3757e-04, PNorm = 34.0028, GNorm = 0.7178, lr_0 = 1.6439e-04
Loss = 5.2529e-04, PNorm = 34.0038, GNorm = 0.3084, lr_0 = 1.6582e-04
Loss = 6.6368e-04, PNorm = 34.0052, GNorm = 0.1057, lr_0 = 1.6724e-04
Loss = 7.5367e-04, PNorm = 34.0068, GNorm = 0.1776, lr_0 = 1.6867e-04
Loss = 7.4754e-04, PNorm = 34.0114, GNorm = 0.1204, lr_0 = 1.7010e-04
Loss = 7.9400e-05, PNorm = 34.0183, GNorm = 0.0491, lr_0 = 1.7153e-04
Loss = 7.7689e-04, PNorm = 34.0194, GNorm = 0.0727, lr_0 = 1.7295e-04
Loss = 2.9223e-04, PNorm = 34.0217, GNorm = 0.0992, lr_0 = 1.7438e-04
Loss = 5.6967e-04, PNorm = 34.0233, GNorm = 0.0756, lr_0 = 1.7581e-04
Loss = 2.8793e-04, PNorm = 34.0238, GNorm = 0.0666, lr_0 = 1.7724e-04
Loss = 9.6930e-04, PNorm = 34.0219, GNorm = 0.3188, lr_0 = 1.7866e-04
Loss = 5.0282e-04, PNorm = 34.0250, GNorm = 0.1408, lr_0 = 1.8009e-04
Loss = 2.6757e-04, PNorm = 34.0322, GNorm = 0.0506, lr_0 = 1.8152e-04
Loss = 7.4886e-04, PNorm = 34.0341, GNorm = 0.0581, lr_0 = 1.8295e-04
Loss = 6.4857e-05, PNorm = 34.0379, GNorm = 0.0602, lr_0 = 1.8438e-04
Loss = 9.2315e-04, PNorm = 34.0377, GNorm = 0.1115, lr_0 = 1.8580e-04
Loss = 4.2385e-04, PNorm = 34.0396, GNorm = 0.1314, lr_0 = 1.8723e-04
Loss = 7.2420e-04, PNorm = 34.0444, GNorm = 0.0614, lr_0 = 1.8866e-04
Loss = 7.4942e-04, PNorm = 34.0432, GNorm = 0.2670, lr_0 = 1.9009e-04
Loss = 8.6736e-04, PNorm = 34.0460, GNorm = 0.3044, lr_0 = 1.9151e-04
Loss = 7.3148e-04, PNorm = 34.0508, GNorm = 0.2206, lr_0 = 1.9294e-04
Loss = 6.4947e-04, PNorm = 34.0619, GNorm = 0.0825, lr_0 = 1.9437e-04
Loss = 5.6409e-04, PNorm = 34.0707, GNorm = 0.0343, lr_0 = 1.9580e-04
Loss = 5.6710e-04, PNorm = 34.0713, GNorm = 0.1421, lr_0 = 1.9722e-04
Loss = 5.3115e-04, PNorm = 34.0753, GNorm = 0.0974, lr_0 = 1.9865e-04
Loss = 4.8658e-05, PNorm = 34.0805, GNorm = 0.0254, lr_0 = 2.0008e-04
Loss = 5.5268e-04, PNorm = 34.0786, GNorm = 0.0683, lr_0 = 2.0151e-04
Loss = 2.7222e-04, PNorm = 34.0808, GNorm = 0.0591, lr_0 = 2.0293e-04
Loss = 6.3425e-04, PNorm = 34.0766, GNorm = 0.1177, lr_0 = 2.0436e-04
Loss = 7.2041e-05, PNorm = 34.0820, GNorm = 0.0393, lr_0 = 2.0579e-04
Loss = 5.8787e-04, PNorm = 34.0849, GNorm = 0.5176, lr_0 = 2.0722e-04
Loss = 6.8631e-04, PNorm = 34.0795, GNorm = 0.1137, lr_0 = 2.0865e-04
Loss = 1.3935e-04, PNorm = 34.0839, GNorm = 0.0960, lr_0 = 2.1007e-04
Loss = 5.1579e-04, PNorm = 34.0888, GNorm = 0.0478, lr_0 = 2.1150e-04
Loss = 2.7504e-04, PNorm = 34.0899, GNorm = 0.0407, lr_0 = 2.1293e-04
Loss = 2.5442e-04, PNorm = 34.0914, GNorm = 0.0632, lr_0 = 2.1436e-04
Loss = 2.8665e-04, PNorm = 34.0943, GNorm = 0.0416, lr_0 = 2.1578e-04
Loss = 5.1322e-04, PNorm = 34.0944, GNorm = 0.4149, lr_0 = 2.1721e-04
Loss = 5.9796e-05, PNorm = 34.0966, GNorm = 0.0607, lr_0 = 2.1864e-04
Loss = 5.2379e-04, PNorm = 34.0961, GNorm = 0.0783, lr_0 = 2.2007e-04
Loss = 2.7409e-04, PNorm = 34.1002, GNorm = 0.0457, lr_0 = 2.2149e-04
Loss = 1.0221e-03, PNorm = 34.0953, GNorm = 0.1976, lr_0 = 2.2292e-04
Loss = 3.3289e-04, PNorm = 34.1085, GNorm = 0.0535, lr_0 = 2.2435e-04
Loss = 5.2102e-04, PNorm = 34.1145, GNorm = 0.0362, lr_0 = 2.2578e-04
Loss = 2.5383e-04, PNorm = 34.1179, GNorm = 0.0558, lr_0 = 2.2720e-04
Loss = 8.0904e-04, PNorm = 34.1151, GNorm = 0.1561, lr_0 = 2.2863e-04
Loss = 5.3167e-04, PNorm = 34.1217, GNorm = 0.0860, lr_0 = 2.3006e-04
Loss = 2.9255e-04, PNorm = 34.1287, GNorm = 0.0245, lr_0 = 2.3149e-04
Loss = 1.1089e-03, PNorm = 34.1253, GNorm = 0.2004, lr_0 = 2.3292e-04
Loss = 1.7932e-04, PNorm = 34.1381, GNorm = 0.0617, lr_0 = 2.3434e-04
Loss = 8.0780e-04, PNorm = 34.1421, GNorm = 0.0313, lr_0 = 2.3577e-04
Loss = 4.5132e-04, PNorm = 34.1412, GNorm = 0.1231, lr_0 = 2.3720e-04
Loss = 7.6582e-04, PNorm = 34.1458, GNorm = 0.1591, lr_0 = 2.3863e-04
Loss = 8.3667e-04, PNorm = 34.1522, GNorm = 0.1083, lr_0 = 2.4005e-04
Loss = 3.6050e-04, PNorm = 34.1607, GNorm = 0.0440, lr_0 = 2.4148e-04
Loss = 3.0257e-04, PNorm = 34.1608, GNorm = 0.0464, lr_0 = 2.4291e-04
Loss = 2.7074e-04, PNorm = 34.1647, GNorm = 0.0474, lr_0 = 2.4434e-04
Loss = 5.9420e-04, PNorm = 34.1632, GNorm = 0.0502, lr_0 = 2.4576e-04
Loss = 7.6453e-04, PNorm = 34.1581, GNorm = 0.3160, lr_0 = 2.4719e-04
Loss = 4.8621e-04, PNorm = 34.1667, GNorm = 0.0875, lr_0 = 2.4862e-04
Loss = 2.8911e-05, PNorm = 34.1818, GNorm = 0.0060, lr_0 = 2.5005e-04
Loss = 1.0015e-03, PNorm = 34.1813, GNorm = 0.5553, lr_0 = 2.5148e-04
Loss = 5.1203e-04, PNorm = 34.1708, GNorm = 0.2413, lr_0 = 2.5290e-04
Loss = 1.4695e-04, PNorm = 34.1858, GNorm = 0.0476, lr_0 = 2.5433e-04
Loss = 9.9050e-04, PNorm = 34.1904, GNorm = 0.5890, lr_0 = 2.5576e-04
Loss = 4.8513e-04, PNorm = 34.1803, GNorm = 0.1580, lr_0 = 2.5719e-04
Loss = 7.1190e-04, PNorm = 34.1857, GNorm = 0.1488, lr_0 = 2.5861e-04
Loss = 2.9712e-04, PNorm = 34.1978, GNorm = 0.0373, lr_0 = 2.6004e-04
Loss = 1.5014e-03, PNorm = 34.1939, GNorm = 0.2227, lr_0 = 2.6147e-04
Loss = 5.6924e-04, PNorm = 34.2029, GNorm = 0.1622, lr_0 = 2.6290e-04
Loss = 6.8750e-04, PNorm = 34.2175, GNorm = 0.0646, lr_0 = 2.6432e-04
Loss = 2.5066e-04, PNorm = 34.2287, GNorm = 0.0406, lr_0 = 2.6575e-04
Loss = 3.1904e-04, PNorm = 34.2277, GNorm = 0.0548, lr_0 = 2.6718e-04
Loss = 2.6471e-04, PNorm = 34.2305, GNorm = 0.0453, lr_0 = 2.6861e-04
Loss = 1.3057e-03, PNorm = 34.2263, GNorm = 0.2074, lr_0 = 2.7003e-04
Loss = 4.0435e-04, PNorm = 34.2357, GNorm = 0.1246, lr_0 = 2.7146e-04
Loss = 4.7973e-04, PNorm = 34.2542, GNorm = 0.0192, lr_0 = 2.7289e-04
Loss = 5.6036e-04, PNorm = 34.2581, GNorm = 0.4321, lr_0 = 2.7432e-04
Loss = 5.4754e-04, PNorm = 34.2505, GNorm = 0.1162, lr_0 = 2.7575e-04
Loss = 4.9303e-04, PNorm = 34.2565, GNorm = 0.0803, lr_0 = 2.7717e-04
Loss = 4.9263e-04, PNorm = 34.2639, GNorm = 0.0436, lr_0 = 2.7860e-04
Loss = 5.8605e-04, PNorm = 34.2628, GNorm = 0.0644, lr_0 = 2.8003e-04
Loss = 2.5722e-04, PNorm = 34.2664, GNorm = 0.0790, lr_0 = 2.8146e-04
Loss = 7.0727e-04, PNorm = 34.2716, GNorm = 0.3645, lr_0 = 2.8288e-04
Loss = 4.6156e-04, PNorm = 34.2694, GNorm = 0.1125, lr_0 = 2.8431e-04
Loss = 6.4878e-04, PNorm = 34.2755, GNorm = 0.0717, lr_0 = 2.8574e-04
Loss = 3.1343e-04, PNorm = 34.2849, GNorm = 0.3799, lr_0 = 2.8717e-04
Loss = 4.5806e-04, PNorm = 34.2838, GNorm = 0.0671, lr_0 = 2.8859e-04
Loss = 4.2175e-04, PNorm = 34.2884, GNorm = 0.1047, lr_0 = 2.9002e-04
Loss = 4.7325e-05, PNorm = 34.3015, GNorm = 0.0222, lr_0 = 2.9145e-04
Loss = 1.1813e-03, PNorm = 34.2986, GNorm = 1.2364, lr_0 = 2.9288e-04
Loss = 6.0480e-04, PNorm = 34.3079, GNorm = 0.1728, lr_0 = 2.9431e-04
Loss = 1.7890e-03, PNorm = 34.3110, GNorm = 0.2771, lr_0 = 2.9573e-04
Loss = 5.8920e-04, PNorm = 34.3321, GNorm = 0.2169, lr_0 = 2.9716e-04
Loss = 2.8291e-04, PNorm = 34.3436, GNorm = 0.0272, lr_0 = 2.9859e-04
Loss = 4.8836e-04, PNorm = 34.3456, GNorm = 0.2769, lr_0 = 3.0002e-04
Loss = 3.1340e-04, PNorm = 34.3441, GNorm = 0.0535, lr_0 = 3.0144e-04
Loss = 9.0420e-04, PNorm = 34.3430, GNorm = 0.2158, lr_0 = 3.0287e-04
Loss = 5.3438e-04, PNorm = 34.3480, GNorm = 0.1023, lr_0 = 3.0430e-04
Loss = 8.0414e-05, PNorm = 34.3613, GNorm = 0.0321, lr_0 = 3.0573e-04
Loss = 4.4419e-04, PNorm = 34.3656, GNorm = 0.0208, lr_0 = 3.0715e-04
Loss = 5.8002e-04, PNorm = 34.3585, GNorm = 0.0370, lr_0 = 3.0858e-04
Loss = 7.0976e-05, PNorm = 34.3583, GNorm = 0.0605, lr_0 = 3.1001e-04
Loss = 2.4303e-04, PNorm = 34.3642, GNorm = 0.0263, lr_0 = 3.1144e-04
Loss = 2.2634e-05, PNorm = 34.3721, GNorm = 0.0134, lr_0 = 3.1286e-04
Loss = 3.8617e-04, PNorm = 34.3751, GNorm = 0.5237, lr_0 = 3.1429e-04
Loss = 1.2796e-03, PNorm = 34.3553, GNorm = 0.1164, lr_0 = 3.1572e-04
Loss = 6.6351e-04, PNorm = 34.3729, GNorm = 0.0976, lr_0 = 3.1715e-04
Loss = 8.3058e-05, PNorm = 34.4102, GNorm = 0.0181, lr_0 = 3.1858e-04
Loss = 5.9584e-04, PNorm = 34.4149, GNorm = 0.0134, lr_0 = 3.2000e-04
Loss = 8.0274e-04, PNorm = 34.4012, GNorm = 0.0731, lr_0 = 3.2143e-04
Loss = 2.9838e-04, PNorm = 34.4048, GNorm = 0.0716, lr_0 = 3.2286e-04
Loss = 6.4627e-05, PNorm = 34.4190, GNorm = 0.0267, lr_0 = 3.2429e-04
Loss = 2.6847e-04, PNorm = 34.4265, GNorm = 0.0111, lr_0 = 3.2571e-04
Loss = 6.1717e-04, PNorm = 34.4243, GNorm = 0.4061, lr_0 = 3.2714e-04
Loss = 3.0036e-04, PNorm = 34.4151, GNorm = 0.0812, lr_0 = 3.2857e-04
Loss = 4.8654e-04, PNorm = 34.4214, GNorm = 0.0567, lr_0 = 3.3000e-04
Loss = 2.7257e-04, PNorm = 34.4305, GNorm = 0.0358, lr_0 = 3.3142e-04
Loss = 4.5343e-04, PNorm = 34.4347, GNorm = 0.2664, lr_0 = 3.3285e-04
Loss = 8.6433e-04, PNorm = 34.4245, GNorm = 0.1075, lr_0 = 3.3428e-04
Loss = 4.8936e-04, PNorm = 34.4337, GNorm = 0.1172, lr_0 = 3.3571e-04
Loss = 4.3897e-04, PNorm = 34.4531, GNorm = 0.0242, lr_0 = 3.3714e-04
Loss = 2.4533e-04, PNorm = 34.4613, GNorm = 0.0308, lr_0 = 3.3856e-04
Loss = 2.5697e-05, PNorm = 34.4658, GNorm = 0.0207, lr_0 = 3.3999e-04
Loss = 8.1486e-04, PNorm = 34.4617, GNorm = 0.0717, lr_0 = 3.4142e-04
Loss = 2.8513e-04, PNorm = 34.4772, GNorm = 0.1041, lr_0 = 3.4285e-04
Loss = 3.6738e-04, PNorm = 34.4979, GNorm = 0.0236, lr_0 = 3.4427e-04
Loss = 1.0247e-03, PNorm = 34.4833, GNorm = 0.1866, lr_0 = 3.4570e-04
Loss = 7.6521e-04, PNorm = 34.5034, GNorm = 0.0930, lr_0 = 3.4713e-04
Loss = 2.3939e-04, PNorm = 34.5242, GNorm = 0.0339, lr_0 = 3.4856e-04
Loss = 7.2454e-04, PNorm = 34.5293, GNorm = 0.0886, lr_0 = 3.4998e-04
Loss = 8.3180e-05, PNorm = 34.5501, GNorm = 0.0415, lr_0 = 3.5141e-04
Loss = 4.5304e-04, PNorm = 34.5560, GNorm = 0.0403, lr_0 = 3.5284e-04
Loss = 6.3094e-04, PNorm = 34.5492, GNorm = 0.0929, lr_0 = 3.5427e-04
Loss = 6.0137e-05, PNorm = 34.5633, GNorm = 0.0172, lr_0 = 3.5569e-04
Loss = 5.3157e-04, PNorm = 34.5656, GNorm = 0.0258, lr_0 = 3.5712e-04
Loss = 4.6415e-05, PNorm = 34.5696, GNorm = 0.0350, lr_0 = 3.5855e-04
Loss = 2.2097e-04, PNorm = 34.5766, GNorm = 0.0249, lr_0 = 3.5998e-04
Loss = 2.0905e-04, PNorm = 34.5823, GNorm = 0.0348, lr_0 = 3.6141e-04
Loss = 8.8277e-04, PNorm = 34.5697, GNorm = 0.1475, lr_0 = 3.6283e-04
Loss = 4.6541e-04, PNorm = 34.5882, GNorm = 0.0986, lr_0 = 3.6426e-04
Loss = 1.0356e-03, PNorm = 34.5922, GNorm = 0.1400, lr_0 = 3.6569e-04
Loss = 4.5290e-04, PNorm = 34.6184, GNorm = 0.0538, lr_0 = 3.6712e-04
Loss = 1.0099e-03, PNorm = 34.6240, GNorm = 0.0902, lr_0 = 3.6854e-04
Loss = 6.3382e-04, PNorm = 34.6406, GNorm = 0.1843, lr_0 = 3.6997e-04
Loss = 4.2790e-04, PNorm = 34.6540, GNorm = 0.0393, lr_0 = 3.7140e-04
Loss = 5.4624e-04, PNorm = 34.6683, GNorm = 0.3587, lr_0 = 3.7283e-04
Loss = 2.1103e-04, PNorm = 34.6604, GNorm = 0.0854, lr_0 = 3.7425e-04
Loss = 5.0563e-04, PNorm = 34.6761, GNorm = 0.7525, lr_0 = 3.7568e-04
Loss = 4.7558e-04, PNorm = 34.6715, GNorm = 0.0945, lr_0 = 3.7711e-04
Loss = 7.9612e-04, PNorm = 34.6822, GNorm = 0.0846, lr_0 = 3.7854e-04
Loss = 7.4592e-05, PNorm = 34.7092, GNorm = 0.0244, lr_0 = 3.7997e-04
Loss = 3.1471e-04, PNorm = 34.7191, GNorm = 0.0126, lr_0 = 3.8139e-04
Loss = 7.6598e-04, PNorm = 34.7039, GNorm = 0.0723, lr_0 = 3.8282e-04
Loss = 4.5589e-04, PNorm = 34.7101, GNorm = 0.1087, lr_0 = 3.8425e-04
Loss = 3.0250e-04, PNorm = 34.7309, GNorm = 0.0296, lr_0 = 3.8568e-04
Loss = 4.9445e-04, PNorm = 34.7327, GNorm = 0.0376, lr_0 = 3.8710e-04
Loss = 4.2986e-04, PNorm = 34.7341, GNorm = 0.0568, lr_0 = 3.8853e-04
Loss = 4.6415e-04, PNorm = 34.7427, GNorm = 0.2401, lr_0 = 3.8996e-04
Loss = 4.1001e-04, PNorm = 34.7503, GNorm = 0.0475, lr_0 = 3.9139e-04
Loss = 4.4268e-04, PNorm = 34.7527, GNorm = 0.0543, lr_0 = 3.9281e-04
Loss = 6.0301e-04, PNorm = 34.7590, GNorm = 0.0816, lr_0 = 3.9424e-04
Loss = 7.3996e-04, PNorm = 34.7700, GNorm = 0.1103, lr_0 = 3.9567e-04
Loss = 3.1491e-04, PNorm = 34.7946, GNorm = 0.0471, lr_0 = 3.9710e-04
Loss = 6.6428e-04, PNorm = 34.8104, GNorm = 0.1878, lr_0 = 3.9852e-04
Loss = 8.4762e-05, PNorm = 34.8316, GNorm = 0.0534, lr_0 = 3.9995e-04
Loss = 4.1635e-04, PNorm = 34.8449, GNorm = 0.0316, lr_0 = 4.0138e-04
Loss = 3.2564e-04, PNorm = 34.8539, GNorm = 0.4687, lr_0 = 4.0281e-04
Loss = 1.0373e-03, PNorm = 34.8382, GNorm = 0.1838, lr_0 = 4.0424e-04
Loss = 4.3637e-04, PNorm = 34.8580, GNorm = 0.0785, lr_0 = 4.0566e-04
Loss = 6.3782e-04, PNorm = 34.8801, GNorm = 0.2329, lr_0 = 4.0709e-04
Loss = 5.3371e-04, PNorm = 34.8841, GNorm = 0.0993, lr_0 = 4.0852e-04
Loss = 4.4960e-04, PNorm = 34.8990, GNorm = 0.0798, lr_0 = 4.0995e-04
Loss = 3.7654e-04, PNorm = 34.9064, GNorm = 0.0443, lr_0 = 4.1137e-04
Loss = 2.3962e-05, PNorm = 34.9174, GNorm = 0.0090, lr_0 = 4.1280e-04
Loss = 4.9967e-04, PNorm = 34.9159, GNorm = 0.0210, lr_0 = 4.1423e-04
Loss = 3.5167e-04, PNorm = 34.9171, GNorm = 0.1980, lr_0 = 4.1566e-04
Loss = 2.8753e-04, PNorm = 34.9245, GNorm = 0.0587, lr_0 = 4.1708e-04
Loss = 4.9481e-04, PNorm = 34.9328, GNorm = 0.0676, lr_0 = 4.1851e-04
Loss = 4.6189e-04, PNorm = 34.9366, GNorm = 0.0731, lr_0 = 4.1994e-04
Loss = 6.1018e-05, PNorm = 34.9547, GNorm = 0.0171, lr_0 = 4.2137e-04
Loss = 1.0560e-05, PNorm = 34.9745, GNorm = 0.0019, lr_0 = 4.2280e-04
Loss = 6.4312e-04, PNorm = 34.9672, GNorm = 0.5321, lr_0 = 4.2422e-04
Loss = 5.1187e-04, PNorm = 34.9476, GNorm = 0.0904, lr_0 = 4.2565e-04
Loss = 3.0878e-04, PNorm = 34.9714, GNorm = 0.3220, lr_0 = 4.2708e-04
Loss = 2.6946e-04, PNorm = 34.9780, GNorm = 0.0298, lr_0 = 4.2851e-04
Loss = 1.9690e-04, PNorm = 34.9896, GNorm = 0.0220, lr_0 = 4.2993e-04
Loss = 8.7793e-04, PNorm = 34.9571, GNorm = 0.0813, lr_0 = 4.3136e-04
Loss = 2.7000e-04, PNorm = 34.9639, GNorm = 0.0525, lr_0 = 4.3279e-04
Loss = 5.0728e-04, PNorm = 34.9678, GNorm = 0.0416, lr_0 = 4.3422e-04
Loss = 3.9502e-05, PNorm = 34.9782, GNorm = 0.0186, lr_0 = 4.3564e-04
Loss = 1.9396e-04, PNorm = 34.9822, GNorm = 0.0191, lr_0 = 4.3707e-04
Loss = 2.9199e-04, PNorm = 34.9828, GNorm = 0.0280, lr_0 = 4.3850e-04
Loss = 4.4552e-04, PNorm = 34.9877, GNorm = 0.0617, lr_0 = 4.3993e-04
Loss = 4.4120e-04, PNorm = 35.0071, GNorm = 0.2980, lr_0 = 4.4135e-04
Loss = 2.6503e-04, PNorm = 35.0157, GNorm = 0.0668, lr_0 = 4.4278e-04
Loss = 5.9055e-04, PNorm = 35.0220, GNorm = 0.0317, lr_0 = 4.4421e-04
Loss = 2.7993e-04, PNorm = 35.0246, GNorm = 0.0517, lr_0 = 4.4564e-04
Loss = 1.0299e-03, PNorm = 35.0282, GNorm = 0.1002, lr_0 = 4.4707e-04
Loss = 5.3649e-04, PNorm = 35.0540, GNorm = 0.0706, lr_0 = 4.4849e-04
Loss = 3.0220e-05, PNorm = 35.0841, GNorm = 0.0106, lr_0 = 4.4992e-04
Loss = 3.0472e-06, PNorm = 35.0982, GNorm = 0.0013, lr_0 = 4.5135e-04
Loss = 2.9295e-04, PNorm = 35.0973, GNorm = 0.0048, lr_0 = 4.5278e-04
Loss = 1.3078e-03, PNorm = 35.0743, GNorm = 0.1535, lr_0 = 4.5420e-04
Loss = 6.3817e-04, PNorm = 35.1333, GNorm = 0.1946, lr_0 = 4.5563e-04
Loss = 4.5227e-04, PNorm = 35.1681, GNorm = 0.0201, lr_0 = 4.5706e-04
Loss = 6.2364e-04, PNorm = 35.1671, GNorm = 0.0606, lr_0 = 4.5849e-04
Loss = 4.9630e-04, PNorm = 35.1797, GNorm = 0.0598, lr_0 = 4.5991e-04
Loss = 8.5987e-05, PNorm = 35.2001, GNorm = 0.0400, lr_0 = 4.6134e-04
Loss = 3.8477e-04, PNorm = 35.2150, GNorm = 0.0125, lr_0 = 4.6277e-04
Loss = 4.3521e-04, PNorm = 35.2024, GNorm = 0.0315, lr_0 = 4.6420e-04
Loss = 1.0228e-03, PNorm = 35.1932, GNorm = 0.1561, lr_0 = 4.6563e-04
Loss = 7.9967e-04, PNorm = 35.2211, GNorm = 0.2108, lr_0 = 4.6705e-04
Loss = 3.7756e-04, PNorm = 35.2378, GNorm = 0.0454, lr_0 = 4.6848e-04
Loss = 6.3919e-04, PNorm = 35.2487, GNorm = 0.0460, lr_0 = 4.6991e-04
Loss = 3.7974e-04, PNorm = 35.2667, GNorm = 0.0393, lr_0 = 4.7134e-04
Loss = 5.2825e-05, PNorm = 35.2897, GNorm = 0.0264, lr_0 = 4.7276e-04
Loss = 2.3335e-04, PNorm = 35.2968, GNorm = 0.0116, lr_0 = 4.7419e-04
Loss = 2.5166e-04, PNorm = 35.2999, GNorm = 0.0157, lr_0 = 4.7562e-04
Loss = 2.3158e-05, PNorm = 35.3038, GNorm = 0.0118, lr_0 = 4.7705e-04
Loss = 1.2929e-05, PNorm = 35.3128, GNorm = 0.0103, lr_0 = 4.7847e-04
Loss = 6.3692e-04, PNorm = 35.2936, GNorm = 0.0585, lr_0 = 4.7990e-04
Loss = 4.0175e-04, PNorm = 35.2968, GNorm = 0.0388, lr_0 = 4.8133e-04
Loss = 2.1096e-04, PNorm = 35.3022, GNorm = 0.0270, lr_0 = 4.8276e-04
Loss = 4.1123e-04, PNorm = 35.3051, GNorm = 0.0273, lr_0 = 4.8418e-04
Loss = 8.7700e-04, PNorm = 35.2945, GNorm = 0.0730, lr_0 = 4.8561e-04
Loss = 3.3266e-04, PNorm = 35.3163, GNorm = 0.0523, lr_0 = 4.8704e-04
Loss = 7.8976e-04, PNorm = 35.3189, GNorm = 0.1511, lr_0 = 4.8847e-04
Loss = 4.8015e-04, PNorm = 35.3147, GNorm = 0.0844, lr_0 = 4.8990e-04
Loss = 1.9287e-04, PNorm = 35.3378, GNorm = 0.0220, lr_0 = 4.9132e-04
Loss = 2.7576e-04, PNorm = 35.3522, GNorm = 0.4131, lr_0 = 4.9275e-04
Loss = 2.4092e-04, PNorm = 35.3513, GNorm = 0.0286, lr_0 = 4.9418e-04
Loss = 2.1367e-04, PNorm = 35.3554, GNorm = 0.0278, lr_0 = 4.9561e-04
Loss = 4.3478e-04, PNorm = 35.3591, GNorm = 0.0438, lr_0 = 4.9703e-04
Loss = 7.3577e-05, PNorm = 35.3756, GNorm = 0.0290, lr_0 = 4.9846e-04
Loss = 1.7002e-05, PNorm = 35.3921, GNorm = 0.0065, lr_0 = 4.9989e-04
Loss = 3.5027e-04, PNorm = 35.3926, GNorm = 0.0195, lr_0 = 5.0132e-04
Loss = 2.8575e-04, PNorm = 35.3925, GNorm = 0.0250, lr_0 = 5.0274e-04
Loss = 3.2328e-05, PNorm = 35.4052, GNorm = 0.0202, lr_0 = 5.0417e-04
Loss = 2.5015e-04, PNorm = 35.4115, GNorm = 0.0162, lr_0 = 5.0560e-04
Loss = 7.6424e-04, PNorm = 35.4001, GNorm = 0.0366, lr_0 = 5.0703e-04
Loss = 5.5839e-04, PNorm = 35.4084, GNorm = 0.0739, lr_0 = 5.0845e-04
Loss = 2.4429e-04, PNorm = 35.4498, GNorm = 0.0378, lr_0 = 5.0988e-04
Loss = 2.5947e-04, PNorm = 35.4703, GNorm = 0.0237, lr_0 = 5.1131e-04
Loss = 1.7624e-05, PNorm = 35.4884, GNorm = 0.0073, lr_0 = 5.1274e-04
Loss = 5.0076e-04, PNorm = 35.4840, GNorm = 0.0202, lr_0 = 5.1417e-04
Loss = 3.3827e-04, PNorm = 35.4850, GNorm = 0.0319, lr_0 = 5.1559e-04
Loss = 4.7990e-04, PNorm = 35.4997, GNorm = 0.0469, lr_0 = 5.1702e-04
